-0.015932	467	399	531	123
0.003599	467	399	508	1
0.023130	460	393	512	8
0.042661	463	396	526	3
0.062193	467	395	532	0
0.081724	466	404	521	9
0.101255	464	398	530	7
0.120786	466	401	517	4
0.140318	461	390	516	12
0.159849	460	398	517	6
0.183131	463	396	529	1
0.202662	457	396	536	3
0.222193	463	395	522	3
0.241724	464	394	514	0
0.261256	466	400	523	5
0.280787	458	391	532	12
0.300318	453	395	521	2
0.319849	459	391	514	0
0.339381	463	397	524	6
0.358912	466	395	539	3
0.421171	462	401	523	6
0.440702	463	394	513	5
0.460233	461	394	531	2
0.479764	458	395	534	0
0.499296	461	393	521	0
0.518827	464	402	522	9
0.538358	460	396	531	8
0.557889	464	399	525	5
0.577421	451	394	512	9
0.596952	459	394	519	3
0.572323	456	388	534	8
0.591854	456	396	529	7
0.611385	467	398	514	7
0.630917	462	398	519	2
0.650448	447	395	538	11
0.669979	469	399	535	13
0.689510	473	403	519	7
0.709042	458	397	505	11
0.728573	445	394	498	9
0.748104	470	407	509	23
0.870467	463	414	522	3
0.889998	426	386	532	43
0.909529	426	384	523	0
0.929060	462	399	523	30
0.948592	455	398	528	4
0.968123	469	406	520	13
0.987654	456	399	503	11
1.007185	436	409	500	2
1.026717	440	405	517	0
1.046248	461	399	515	5
0.871258	463	414	522	13
0.890789	426	386	532	43
0.910320	426	384	523	0
0.929852	462	399	523	30
0.949383	455	398	528	4
0.968914	469	406	520	13
0.988445	456	399	503	11
1.007977	436	409	500	2
1.027508	440	405	517	0
1.047039	461	399	515	5
0.964549	453	398	490	6
0.984080	437	397	483	10
1.003611	460	401	499	17
1.023143	457	406	520	3
1.042674	453	408	520	0
1.062205	443	397	512	14
1.081736	439	404	505	3
1.101268	445	398	499	2
1.120799	448	396	494	0
1.140330	456	410	501	16
1.158162	449	402	507	9
1.177693	445	409	502	3
1.197224	435	403	500	10
1.216755	449	407	511	11
1.236287	487	419	523	25
1.255818	469	390	492	33
1.275349	411	396	466	29
1.294880	428	408	477	22
1.314412	453	408	501	18
1.333943	442	405	502	8
1.548079	447	402	498	0
1.567610	446	410	490	5
1.587141	443	415	487	1
1.606673	434	407	484	12
1.626204	453	415	484	16
1.645735	436	410	476	15
1.665266	450	408	471	4
1.684798	436	412	462	7
1.704329	447	418	466	11
1.723860	460	408	463	2
1.744120	438	419	480	3
1.763651	473	419	486	18
1.783182	457	406	471	22
1.802713	446	420	470	5
1.822245	441	420	459	6
1.841776	453	413	456	0
1.861307	452	410	472	3
1.880838	440	414	483	0
1.900370	449	422	481	10
1.919901	476	418	473	6
1.939169	464	393	459	30
1.958700	437	417	452	3
1.978231	436	447	461	22
1.997762	456	410	465	13
2.017294	424	404	475	18
2.036825	462	428	486	42
2.056356	426	419	474	31
2.075887	431	409	465	6
2.095419	478	396	474	12
2.114950	468	423	469	18
2.134175	440	434	460	10
2.153706	438	400	446	31
2.173237	473	427	446	35
2.192769	441	428	454	9
2.212300	417	404	460	28
2.231831	466	403	475	28
2.251362	510	435	479	40
2.270894	467	422	463	28
2.290425	421	396	438	53
2.309956	412	415	427	1
2.330119	484	428	425	39
2.349650	489	414	445	3
2.369181	439	409	482	8
2.388712	438	392	502	11
2.408244	448	422	478	25
2.427775	456	426	454	2
2.447306	470	404	471	5
2.466837	455	421	481	11
2.486369	430	412	448	32
2.505900	431	427	435	3
2.525139	441	436	475	30
2.544670	469	401	499	9
2.564201	487	414	504	18
2.583733	444	425	477	14
2.603264	423	407	466	29
2.622795	434	410	496	15
2.642326	453	438	493	32
2.661858	447	419	461	27
2.681389	442	383	451	34
2.700920	430	401	467	13
2.720138	433	413	481	14
2.739669	443	433	464	15
2.759200	459	416	449	11
2.778732	462	402	485	2
2.798263	474	403	525	7
2.817794	466	422	509	15
2.837325	448	426	448	23
2.856857	433	385	426	47
2.876388	443	413	454	38
2.895919	454	405	477	7
2.916750	454	399	484	3
2.936281	446	402	481	1
2.955812	442	408	466	1
2.975343	450	410	465	5
2.994875	452	405	482	1
3.014406	461	407	501	9
3.033937	468	405	496	0
3.053468	478	420	477	12
3.073000	469	423	462	6
3.092531	470	403	483	9
3.111172	462	389	511	12
3.130703	439	406	496	3
3.150234	451	417	448	0
3.169765	480	400	430	12
3.189297	454	387	426	19
3.208828	439	420	442	25
3.228359	459	413	464	14
3.247890	478	392	482	6
3.267422	487	411	494	22
3.286953	493	412	481	0
3.306315	453	404	457	28
3.325846	450	409	457	2
3.345377	488	403	473	13
3.364908	479	403	483	0
3.384440	461	415	488	5
3.403971	469	402	487	8
3.423502	485	402	466	1
3.443033	470	403	446	11
3.462565	462	398	448	5
3.482096	473	405	473	19
3.537174	486	418	487	19
3.556705	465	392	482	31
3.576236	462	399	455	3
3.595767	469	420	430	5
3.615299	481	397	434	11
3.634830	456	389	471	1
3.654361	480	410	488	31
3.673892	508	398	484	7
3.693424	495	403	494	5
3.712955	468	397	493	12
3.690226	486	418	487	23
3.709757	465	392	482	31
3.729288	462	399	455	3
3.748820	469	420	430	5
3.768351	481	397	434	11
3.787882	456	389	471	1
3.807413	480	410	488	31
3.826945	508	398	484	7
3.846476	495	403	494	5
3.866007	468	397	493	12
3.701409	473	403	472	2
3.720940	471	403	458	5
3.740471	469	406	453	0
3.760002	467	397	464	3
3.779534	470	401	478	9
3.799065	470	403	472	0
3.818596	479	397	462	6
3.838127	489	400	458	3
3.857659	485	400	471	4
3.877190	486	403	489	7
3.892099	479	404	492	0
3.911630	473	406	472	5
3.931161	478	406	449	8
3.950692	481	392	438	16
3.970224	469	401	451	10
3.989755	469	402	477	10
4.009286	483	406	489	10
4.028817	498	408	481	2
4.048349	500	407	466	5
4.067880	461	389	460	27
4.088222	457	403	474	15
4.107753	480	408	481	14
4.127284	482	403	479	4
4.146816	470	404	474	4
4.166347	481	399	475	0
4.185878	475	405	462	0
4.205409	478	406	462	1
4.224941	476	406	475	4
4.244472	477	403	470	4
4.264003	467	403	456	8
4.283210	477	403	450	0
4.302741	488	406	460	9
4.322272	490	412	476	11
4.341804	464	399	485	17
4.361335	469	400	485	2
4.380866	478	403	479	4
4.400397	470	404	474	3
4.419929	465	403	464	6
4.439460	471	402	454	2
4.458991	472	405	450	0
4.478220	473	406	455	3
4.497751	483	401	466	2
4.517282	490	408	479	12
4.536813	484	414	490	7
4.556345	473	402	485	15
4.575876	478	404	462	3
4.595407	485	409	458	4
4.614938	481	405	470	0
4.634470	476	406	471	0
4.654001	459	401	460	14
4.691217	462	404	451	0
4.710748	488	400	457	6
4.730279	506	405	479	14
4.749810	487	407	488	1
4.769342	471	408	472	8
4.788873	486	406	463	0
4.808404	486	399	468	4
4.827935	474	402	460	3
4.847467	468	406	442	6
4.866998	482	399	450	2
4.693085	462	404	451	1
4.712616	488	400	457	6
4.732147	506	405	479	14
4.751678	487	407	488	1
4.771210	471	408	472	8
4.790741	486	406	463	0
4.810272	486	399	468	4
4.829803	474	402	460	3
4.849335	468	406	442	6
4.868866	482	399	450	2
4.869340	504	408	479	22
4.888871	487	404	488	4
4.908402	475	401	467	11
4.927933	464	399	437	18
4.947465	481	398	444	7
4.966996	492	407	479	24
4.986527	490	403	498	0
5.006058	479	400	481	8
5.025590	467	406	450	9
5.045121	467	401	439	9
5.064224	480	399	460	11
5.083755	496	408	482	19
5.103286	496	411	478	1
5.122818	488	397	458	21
5.142349	472	396	474	0
5.161880	471	406	497	13
5.181411	484	406	486	1
5.200943	489	402	454	13
5.220474	473	397	437	16
5.240005	470	395	454	5
5.259242	469	411	478	22
5.278773	487	409	480	4
5.298304	494	402	459	12
5.317836	468	394	449	17
5.337367	468	404	485	21
5.356898	488	408	513	12
5.376429	496	407	498	0
5.395961	495	412	458	7
5.415492	461	386	440	38
5.435023	466	402	455	21
5.455251	485	407	473	16
5.474782	493	405	478	1
5.494313	469	394	478	16
5.513844	468	398	470	0
5.533376	471	406	459	3
5.552907	481	403	450	3
5.572438	484	402	461	4
5.591969	476	406	476	6
5.611501	469	399	476	8
5.631032	474	401	482	5
5.651381	492	403	489	7
5.670912	489	412	469	1
5.690443	476	397	455	22
5.709975	480	402	478	13
5.729506	493	402	490	5
5.749037	492	408	468	0
5.768568	482	403	445	16
5.788100	480	406	445	1
5.807631	470	398	457	3
5.827162	463	403	464	4
5.845218	480	408	467	11
5.864749	490	399	466	6
5.884280	475	407	463	2
5.903811	476	399	459	8
5.923343	492	404	468	11
5.942874	488	403	494	5
5.962405	493	406	513	5
5.981936	481	405	491	5
6.001468	466	402	448	21
6.020999	495	415	424	3
6.041269	472	390	432	19
6.060800	455	402	464	18
6.080331	474	404	487	15
6.099863	502	412	495	15
6.119394	494	402	469	17
6.138925	482	392	451	18
6.158456	477	402	469	14
6.177988	488	406	482	10
6.197519	503	422	481	17
6.217050	460	391	447	51
6.236185	452	397	426	8
6.255716	468	401	444	18
6.275247	490	406	475	23
6.294779	509	410	493	10
6.314310	504	401	494	8
6.333841	480	400	473	10
6.353372	468	404	455	6
6.372904	466	402	456	1
6.392435	464	410	472	12
6.411966	466	402	479	4
6.431451	469	410	466	3
6.450982	477	399	452	12
6.470513	485	407	448	6
6.490045	481	395	454	8
6.509576	481	403	474	14
6.529107	481	412	495	13
6.548638	492	410	488	0
6.568170	475	404	468	15
6.587701	469	403	472	1
6.607232	482	408	486	12
6.626297	483	408	477	2
6.645828	478	400	462	13
6.665359	482	411	457	8
6.684891	475	403	465	5
6.704422	474	403	471	1
6.723953	475	406	469	2
6.743484	483	398	455	10
6.763016	489	410	446	7
6.782547	492	405	461	3
6.802078	493	403	479	4
6.819288	492	405	483	2
6.838819	493	401	476	5
6.858350	499	417	462	10
6.877882	499	399	459	17
6.897413	480	394	461	6
6.916944	474	400	460	3
6.936475	498	406	473	15
6.956007	512	397	487	3
6.975538	498	397	493	0
6.995069	495	392	485	6
7.014351	495	403	477	8
7.033882	514	400	483	0
7.053413	520	401	474	1
7.072944	517	385	455	21
7.092476	509	393	465	11
7.112007	504	406	484	18
7.131538	503	396	468	14
7.151069	505	388	443	17
7.170601	524	391	460	9
7.190132	514	400	489	17
7.210308	508	391	493	8
7.229839	527	397	465	2
7.249370	535	409	452	3
7.268902	528	398	481	2
7.288433	510	385	507	7
7.307964	513	385	491	1
7.327495	519	407	441	1
7.347027	531	405	433	7
7.366558	496	368	488	12
7.386089	503	383	527	16
7.404283	500	399	514	16
7.423814	546	397	478	10
7.443345	563	408	470	1
7.462877	546	408	493	12
7.482408	524	395	505	6
7.501939	513	395	480	3
7.521470	501	400	450	7
7.541002	519	396	455	0
7.560533	537	396	494	9
7.580064	535	395	513	0
7.602981	527	394	493	1
7.622512	526	408	453	0
7.642043	532	407	441	7
7.661575	533	386	481	3
7.681106	527	390	516	8
7.700637	519	403	507	13
7.720168	528	399	469	12
7.739700	530	395	450	11
7.759231	525	395	466	7
7.778762	520	393	491	5
7.795348	509	390	495	2
7.814879	508	393	476	1
7.834410	509	392	459	6
7.853941	518	396	458	3
7.873473	537	398	482	7
7.893004	549	401	506	3
7.912535	551	405	509	3
7.932066	542	406	490	1
7.951598	525	397	470	10
7.971129	516	401	464	2
7.990339	520	398	471	0
8.009870	529	398	479	1
8.029401	533	399	480	0
8.048933	527	398	475	1
8.068464	528	401	472	1
8.087995	528	400	466	3
8.107526	529	399	471	0
8.127058	520	400	484	5
8.146589	532	398	491	1
8.166120	542	400	484	1
8.186322	528	397	471	3
8.205853	512	394	468	2
8.225384	511	397	475	5
8.244915	522	393	481	2
8.264447	532	399	480	4
8.283978	529	399	474	1
8.303509	529	399	474	0
8.323040	521	400	473	1
8.342572	522	398	470	2
8.362103	535	401	470	1
8.383330	534	398	474	1
8.402861	527	398	487	4
8.422392	522	397	495	0
8.441923	522	399	486	0
8.461455	521	398	465	7
8.480986	519	400	449	5
8.500517	522	399	451	0
8.520048	526	397	465	3
8.539580	530	403	481	10
8.559111	537	401	494	0
8.702940	529	400	494	0
8.722471	515	401	477	1
8.742002	509	399	458	8
8.761533	521	398	461	0
8.781065	527	399	481	7
8.800596	522	400	486	2
8.820127	513	396	469	8
8.839658	506	397	462	1
8.859190	518	402	475	9
8.878721	526	399	485	0
8.822463	523	399	480	0
8.841994	513	401	467	1
8.861525	509	397	461	6
8.881057	515	398	467	3
8.900588	518	401	477	6
8.920119	520	399	482	0
8.939650	519	400	478	0
8.959182	516	400	468	3
8.978713	509	399	464	2
8.998244	511	398	468	0
8.962481	511	400	473	3
8.982012	516	399	477	0
9.001543	518	399	477	0
9.021075	514	398	473	2
9.040606	512	400	470	0
9.060137	511	398	472	1
9.079668	516	400	477	3
9.099200	514	399	476	1
9.118731	512	399	473	0
9.138262	510	398	468	2
9.165320	513	398	469	0
9.184851	514	399	472	1
9.204382	513	398	472	0
9.223913	513	399	473	1
9.243445	516	397	475	1
9.262976	512	400	475	2
9.282507	512	398	472	2
9.302038	511	400	467	0
9.321570	514	399	465	1
9.341101	518	400	472	3
9.361404	518	399	478	0
9.380935	513	400	475	0
9.400466	512	399	468	3
9.419997	513	400	464	0
9.439529	519	401	471	3
9.459060	512	399	475	0
9.478591	509	397	473	2
9.498122	510	401	470	2
9.517654	510	398	471	2
9.537185	515	402	471	3
9.556288	517	399	471	2
9.575819	511	399	471	0
9.595350	507	398	471	1
9.614882	513	400	476	3
9.634413	517	398	475	2
9.653944	513	400	469	0
9.673475	510	398	470	1
9.693007	511	399	477	3
9.712538	514	400	480	1
9.732069	510	397	472	5
9.894376	512	401	463	0
9.913907	514	398	463	2
9.933438	513	400	470	4
9.952970	510	400	473	1
9.972501	508	399	471	1
9.992032	514	402	468	1
10.011563	515	400	466	2
10.031095	515	399	465	1
10.050626	511	397	466	1
10.070157	512	400	474	5
9.897657	512	401	463	3
9.917188	514	398	463	2
9.936719	513	400	470	4
9.956250	510	400	473	1
9.975782	508	399	471	1
9.995313	514	402	468	1
10.014844	515	400	466	2
10.034375	515	399	465	1
10.053907	511	397	466	1
10.073438	512	400	474	5
9.948406	510	400	478	1
9.967937	511	400	472	1
9.987468	513	400	465	2
10.006999	513	398	466	1
10.026531	514	401	473	5
10.046062	512	400	479	0
10.065593	504	398	475	3
10.085124	504	399	466	2
10.104656	512	400	464	0
10.124187	514	401	466	1
10.143696	511	401	469	1
10.163227	508	400	471	0
10.182758	514	402	470	1
10.202290	514	403	465	0
10.221821	514	399	471	1
10.241352	509	401	483	5
10.260883	530	411	483	8
10.280415	532	400	467	15
10.299946	502	389	456	13
10.319477	491	395	465	7
10.338425	503	401	479	11
10.357956	519	402	479	1
10.377487	526	400	469	5
10.397018	526	401	467	0
10.416550	523	404	473	5
10.436081	525	403	469	2
10.455612	522	407	448	5
10.475143	513	404	436	8
10.494675	525	400	461	8
10.514206	520	400	484	8
10.533488	516	403	483	2
10.553019	523	398	468	9
10.572550	529	408	461	5
10.592082	527	397	471	5
10.611613	528	402	479	7
10.631144	526	406	470	1
10.650675	525	405	460	4
10.670207	521	399	459	5
10.689738	534	402	464	3
10.709269	520	399	463	1
10.773800	510	398	478	4
10.793331	534	409	485	10
10.812862	546	405	467	12
10.832393	531	401	466	0
10.851925	527	400	482	4
10.871456	525	402	487	3
10.890987	527	400	468	7
10.910518	536	404	452	4
10.930050	541	401	462	0
10.949581	533	408	475	12
10.925598	522	402	475	4
10.945129	531	401	466	5
10.964660	534	410	449	0
10.984191	534	400	450	8
11.003723	531	404	480	15
11.023254	529	405	490	3
11.042785	550	401	483	10
11.062316	542	406	465	1
11.081848	531	405	460	0
11.101379	529	401	471	0
11.151454	541	405	477	3
11.170985	541	404	468	3
11.190516	534	406	462	0
11.210047	536	406	470	2
11.229579	541	408	462	2
11.249110	534	399	458	8
11.268641	527	403	454	2
11.288172	542	415	456	8
11.307704	558	401	481	8
11.327235	542	396	507	4
11.345462	531	397	503	3
11.364993	534	405	461	3
11.384524	527	410	438	6
11.404056	537	397	462	0
11.423587	532	405	476	13
11.443118	544	412	471	1
11.462649	542	404	468	7
11.482181	542	403	480	2
11.501712	529	404	474	1
11.521243	535	403	456	8
11.583848	544	409	455	2
11.603379	552	403	480	1
11.622910	538	409	484	10
11.642442	533	406	463	8
11.661973	543	405	451	8
11.681504	549	404	465	3
11.701035	542	408	481	10
11.720567	533	403	462	9
11.740098	540	402	457	4
11.759629	542	407	466	7
11.746382	542	411	476	7
11.765913	538	401	474	8
11.785444	532	396	472	4
11.804976	544	406	474	7
11.824507	546	408	474	1
11.844038	541	407	480	2
11.863569	535	405	474	2
11.883101	528	398	447	16
11.902632	527	403	438	0
11.922163	541	405	463	11
11.903513	547	409	491	10
11.923044	543	406	493	1
11.942575	542	400	476	9
11.962106	539	410	463	5
11.981638	539	404	461	6
12.001169	540	402	469	1
12.020700	535	404	468	2
12.040231	528	402	462	3
12.059763	533	405	466	3
12.079294	536	400	479	0
12.128474	541	406	476	3
12.148005	540	407	464	3
12.167536	544	403	468	3
12.187068	537	404	479	6
12.206599	526	402	474	1
12.226130	535	404	462	3
12.245661	539	403	457	3
12.265193	533	401	470	4
12.284724	529	401	480	3
12.304255	543	408	482	4
12.322467	551	407	470	7
12.341998	530	400	464	3
12.361529	522	399	472	2
12.381061	534	407	474	6
12.400592	543	407	466	4
12.420123	546	404	469	2
12.439654	528	398	477	0
12.459186	522	402	471	2
12.478717	528	400	469	3
12.498248	538	406	475	5
12.519544	550	410	475	0
12.539075	526	393	462	14
12.558606	515	401	462	8
12.578137	526	401	474	3
12.597669	540	407	477	3
12.617200	548	408	478	1
12.636731	555	402	480	7
12.656262	535	405	473	6
12.675794	528	402	468	3
12.695325	517	396	458	8
12.716072	517	397	454	0
12.735603	532	401	465	6
12.755134	537	404	473	4
12.774666	536	401	475	1
12.794197	536	401	476	0
12.813728	530	403	472	1
12.833259	534	404	469	0
12.852791	539	404	470	0
12.872322	540	403	473	0
12.891853	540	398	477	3
12.908520	525	401	477	5
12.928051	516	404	476	3
12.947582	523	401	466	6
12.967113	537	406	452	3
12.986645	542	411	463	8
13.006176	530	399	480	2
13.025707	525	400	478	1
13.045238	524	405	458	2
13.064770	524	402	457	3
13.084301	529	404	475	8
13.102423	531	405	485	3
13.121954	533	401	472	7
13.141485	526	400	457	5
13.161016	521	401	455	0
13.180548	521	403	467	6
13.200079	525	399	469	3
13.219610	535	414	462	9
13.239141	564	413	468	7
13.258673	575	406	473	9
13.278204	555	403	481	8
13.299827	500	393	466	6
13.319358	464	395	435	19
13.338889	493	408	439	19
13.358420	547	408	490	16
13.377952	559	410	512	0
13.397483	528	396	496	5
13.417014	510	399	447	12
13.436545	526	407	439	1
13.456077	552	412	462	9
13.475608	559	408	479	0
13.464508	522	400	466	2
13.484039	499	402	454	3
13.503570	518	400	459	0
13.523102	538	411	462	8
13.542633	540	401	464	8
13.562164	526	401	477	6
13.581695	527	406	484	6
13.601227	538	406	469	6
13.620758	541	410	451	5
13.640289	533	401	462	1
13.692600	521	401	478	7
13.712131	521	406	465	0
13.731662	517	409	441	8
13.751194	524	402	454	0
13.770725	539	399	479	4
13.790256	535	404	482	6
13.809787	518	404	460	5
13.829319	529	401	464	2
13.848850	534	404	477	6
13.868381	528	403	480	0
13.899647	516	401	469	4
13.919178	526	404	464	0
13.938709	526	400	462	4
13.958241	526	401	464	1
13.977772	524	405	465	4
13.997303	534	407	467	1
14.016834	537	404	466	3
14.036366	542	404	470	0
14.055897	535	405	472	3
14.075428	524	404	467	1
14.057556	515	403	456	4
14.077087	513	398	446	9
14.096618	522	401	453	5
14.116149	534	405	478	11
14.135681	533	401	484	1
14.155212	520	401	474	1
14.174743	523	404	461	2
14.194274	525	401	466	0
14.213806	529	400	473	1
14.233337	524	403	468	1
14.246543	519	404	458	2
14.266074	524	403	461	0
14.285605	530	402	475	3
14.305136	526	407	476	5
14.324668	529	405	467	5
14.344199	527	403	464	2
14.363730	518	404	458	0
14.383261	522	412	461	8
14.402793	515	411	464	0
14.422324	515	402	467	7
14.441538	523	381	463	21
14.461069	517	382	446	5
14.480600	515	402	449	19
14.500132	531	414	466	16
14.519663	527	393	453	23
14.539194	517	386	450	6
14.558725	517	390	455	5
14.578257	541	353	444	40
14.597788	529	339	430	16
14.617319	534	387	439	45
14.739202	531	422	446	33
14.758733	558	380	441	43
14.778264	577	329	412	61
14.797796	541	324	348	32
14.817327	539	361	289	19
14.836858	536	387	244	26
14.856389	518	365	248	5
14.875921	539	426	328	97
14.895452	551	442	390	58
14.914983	593	463	470	42
14.863490	674	455	535	69
14.883021	743	434	583	80
14.902552	797	397	610	68
14.922083	826	408	593	17
14.941615	846	500	572	0
14.961146	891	529	543	41
14.980677	814	561	518	74
15.000208	710	659	543	57
15.019740	699	729	594	49
15.039271	759	703	660	47
15.028595	382	537	669	140
15.048126	420	345	667	40
15.067657	302	528	659	11
15.087188	414	574	582	121
15.106720	420	444	458	8
15.126251	406	451	393	44
15.145782	327	543	351	76
15.165313	268	524	296	78
15.184845	277	480	279	6
15.204376	455	496	322	133
15.223585	379	603	440	22
15.243116	533	518	533	146
15.262647	516	324	473	161
15.282178	448	494	495	123
15.301710	386	614	594	113
15.321241	392	465	684	33
15.340772	407	285	737	121
15.360303	420	423	609	175
15.379835	476	371	478	11
15.399366	394	404	393	49
15.419649	361	543	370	10
15.439180	408	524	427	74
15.458711	507	419	517	41
15.478242	472	379	587	64
15.497774	397	340	573	57
15.517305	374	401	512	38
15.536836	383	404	459	0
15.556367	504	461	471	110
15.575899	453	484	526	0
15.595430	352	348	538	163
15.615619	398	355	511	36
15.635150	456	402	491	68
15.654681	438	389	507	18
15.674212	430	454	553	35
15.693744	450	497	578	16
15.713275	473	463	555	15
15.732806	430	400	491	64
15.752337	368	354	430	88
15.771869	410	351	408	11
15.791400	459	448	470	124
15.809682	492	445	551	13
15.829213	441	385	559	72
15.848744	366	404	484	30
15.868275	467	445	453	83
15.887807	446	348	439	91
15.907338	413	402	471	37
15.926869	426	446	497	44
15.946400	408	455	520	9
15.965932	508	401	547	2
15.985463	498	310	518	86
16.005629	426	419	486	73
16.025160	368	458	472	29
16.044691	419	441	495	40
16.064223	396	399	499	44
16.083754	415	416	490	24
16.103285	454	416	476	20
16.122816	447	408	483	8
16.142348	469	366	507	26
16.161879	450	395	530	18
16.181410	411	454	530	15
16.200926	413	431	494	11
16.220457	421	388	462	32
16.239988	411	407	449	3
16.259520	381	421	458	9
16.279051	435	392	486	23
16.298582	467	421	521	43
16.318113	461	438	543	6
16.337645	439	394	524	44
16.357176	413	398	482	14
16.376707	397	424	463	1
16.395629	391	432	483	4
16.415160	444	408	515	23
16.434691	469	403	537	4
16.454222	427	429	541	2
16.473754	436	416	519	0
16.493285	421	422	495	6
16.512816	412	428	482	4
16.532347	419	414	489	3
16.551879	415	395	501	15
16.571410	452	399	503	24
16.592795	417	431	495	2
16.612326	416	411	485	15
16.631857	427	428	488	20
16.651388	428	429	504	3
16.670920	438	415	511	3
16.690451	435	421	509	2
16.709982	422	444	510	6
16.729513	425	428	508	8
16.749045	426	409	508	13
16.768576	429	421	512	11
16.787733	429	409	497	9
16.807264	424	428	480	7
16.826795	405	439	479	7
16.846327	423	409	493	3
16.865858	404	401	503	17
16.885389	399	434	504	17
16.904920	406	401	493	17
16.924452	456	389	489	17
16.943983	472	467	499	75
16.963514	446	394	494	74
17.025803	416	380	492	28
17.045334	419	429	484	36
17.064865	425	403	479	15
17.084397	430	438	497	31
17.103928	451	388	512	26
17.123459	435	419	516	17
17.142990	439	447	489	20
17.162522	437	352	467	81
17.182053	441	421	485	63
17.201584	455	488	509	56
17.176669	434	402	509	72
17.196200	418	349	507	53
17.215731	386	403	499	21
17.235262	410	435	458	28
17.254794	417	394	421	37
17.274325	426	406	442	23
17.293856	462	454	513	76
17.313387	459	414	553	42
17.332919	462	425	562	6
17.352450	445	420	522	2
17.372774	420	385	488	44
17.392305	443	425	474	41
17.411836	441	409	463	16
17.431367	443	408	458	1
17.450899	448	427	479	24
17.470430	467	406	505	3
17.489961	457	377	501	30
17.509492	440	394	471	2
17.529024	430	423	450	8
17.548555	463	443	463	38
17.568911	472	393	486	30
17.588442	474	380	506	9
17.607973	445	368	496	22
17.627505	413	430	482	27
17.647036	436	484	477	43
17.666567	500	412	464	23
17.686098	427	313	455	112
17.705630	442	387	483	77
17.725161	429	512	515	63
17.744692	496	467	519	34
17.766635	483	316	481	152
17.786166	449	336	454	4
17.805697	445	459	452	91
17.825228	431	479	455	0
17.844760	448	420	463	17
17.864291	461	353	479	47
17.883822	445	417	488	51
17.903353	440	449	483	18
17.922885	442	422	473	20
17.942416	483	377	471	23
17.958988	467	401	469	16
17.978519	459	412	479	9
17.998050	458	412	494	2
18.017581	469	406	498	0
18.037113	458	399	487	12
18.056644	437	392	465	21
18.076175	425	390	455	11
18.095706	406	420	464	11
18.115238	389	438	479	1
18.134769	457	380	474	0
18.240662	408	300	496	88
18.260193	453	147	497	133
18.279724	480	305	503	160
18.299256	551	586	433	94
18.318787	282	899	456	338
18.338318	648	628	355	215
18.357849	722	322	350	88
18.377381	498	20	358	189
18.396912	690	203	497	158
18.416443	131	702	537	69
18.242369	408	300	496	189
18.261900	453	147	497	133
18.281431	480	305	503	160
18.300962	551	586	433	94
18.320494	282	899	456	338
18.340025	648	628	355	215
18.359556	722	322	350	88
18.379087	498	20	358	189
18.398619	690	203	497	158
18.418150	131	702	537	69
18.243804	408	300	496	189
18.263335	453	147	497	133
18.282866	480	305	503	160
18.302397	551	586	433	94
18.321929	282	899	456	338
18.341460	648	628	355	215
18.360991	722	322	350	88
18.380522	498	20	358	189
18.400054	690	203	497	158
18.419585	131	702	537	69
18.379675	412	539	639	262
18.399206	496	421	598	37
18.418737	509	293	566	99
18.438268	463	398	486	98
18.457800	407	425	407	45
18.477331	410	462	354	22
18.496862	455	433	328	13
18.516393	471	383	369	11
18.535925	494	409	459	79
18.555456	475	429	503	25
18.545654	476	441	524	10
18.565185	477	423	501	15
18.584716	473	422	450	19
18.604248	476	411	406	34
18.623779	449	406	396	18
18.643310	485	430	425	46
18.662841	498	435	458	27
18.682373	492	421	474	5
18.701904	490	417	462	8
18.721435	477	421	444	9
18.742399	480	421	428	9
18.761930	482	419	421	5
18.781461	490	430	421	9
18.800992	453	432	409	18
18.820524	443	394	402	32
18.840055	472	407	415	27
18.859586	518	451	448	59
18.879117	535	435	483	3
18.898649	510	415	496	12
18.918180	487	414	479	8
18.935903	461	409	439	29
18.955434	467	422	414	4
18.974965	495	437	400	4
18.994497	488	422	386	20
19.014028	487	403	409	4
19.033559	490	404	447	24
19.053090	497	432	479	40
19.072622	506	446	481	14
19.092153	507	418	442	44
19.111684	503	415	408	25
19.159667	484	428	400	0
19.179198	482	441	424	25
19.198729	468	418	448	4
19.218261	490	414	460	8
19.237792	492	438	452	15
19.257323	504	438	434	10
19.276854	492	419	417	26
19.296386	491	421	419	2
19.315917	477	435	441	21
19.335448	484	433	447	4
19.325709	494	425	438	9
19.345240	495	426	424	8
19.364771	487	442	419	5
19.384302	495	421	432	3
19.403834	498	422	448	11
19.423365	490	433	449	7
19.442896	485	442	437	2
19.462427	480	437	416	19
19.481959	491	418	401	21
19.501490	492	421	419	15
19.521711	491	439	450	33
19.541242	492	431	457	1
19.560773	483	433	431	16
19.580304	480	438	405	17
19.599836	480	427	411	1
19.619367	495	425	432	16
19.638898	495	435	444	15
19.658429	502	440	449	7
19.677961	485	429	436	19
19.697492	481	432	431	2
19.718761	494	439	444	16
19.738292	493	442	449	5
19.757823	470	424	407	47
19.777354	479	441	384	6
19.796886	491	434	429	34
19.816417	488	430	456	13
19.835948	495	428	454	1
19.855479	488	432	427	15
19.875011	462	433	424	9
19.894542	464	439	432	9
19.942704	493	430	427	1
19.962235	500	430	429	2
19.981766	468	443	437	6
20.001297	480	437	422	10
20.020829	481	433	421	2
20.040360	482	437	427	7
20.059891	461	434	436	2
20.079422	465	436	442	6
20.098954	484	444	433	5
20.118485	487	422	431	15
20.107737	479	430	441	10
20.127268	436	440	445	10
20.146799	470	429	428	1
20.166331	478	434	407	9
20.185862	447	440	425	4
20.205393	468	427	442	11
20.224924	521	430	440	9
20.244456	491	434	429	6
20.263987	464	439	444	5
20.283518	459	431	448	5
20.392292	479	444	424	0
20.411823	475	443	398	22
20.431354	471	428	399	8
20.450886	468	432	436	27
20.470417	465	432	462	13
20.489948	472	431	463	2
20.509479	482	444	445	2
20.529011	477	436	419	25
20.548542	472	441	410	5
20.568073	471	445	414	4
20.527742	475	439	422	3
20.547273	478	438	423	1
20.566804	474	445	426	5
20.586335	467	448	432	3
20.605867	470	440	425	8
20.625398	479	444	426	5
20.644929	476	444	429	1
20.664460	461	440	432	5
20.683992	474	444	438	11
20.703523	476	446	434	0
20.697088	472	448	423	8
20.716619	468	441	410	15
20.736150	474	448	422	15
20.755682	473	452	435	11
20.775213	467	441	420	19
20.794744	470	445	406	7
20.814275	473	457	419	17
20.833807	474	439	439	4
20.853338	471	445	436	0
20.872869	468	451	424	6
20.931874	468	448	419	5
20.951405	465	447	424	2
20.970936	466	446	437	9
20.990468	458	451	442	2
21.009999	456	446	422	17
21.029530	460	446	409	8
21.049061	466	443	411	2
21.068593	466	450	430	18
21.088124	473	446	448	12
21.107655	474	450	438	3
21.098742	475	450	417	15
21.118273	474	450	410	5
21.137804	474	443	412	2
21.157336	480	450	426	16
21.176867	476	451	445	13
21.196398	470	442	439	12
21.215929	468	452	422	7
21.235461	472	456	393	20
21.254992	475	446	377	17
21.274523	477	445	404	22
21.322793	475	444	438	24
21.342324	479	441	450	7
21.361855	470	448	440	5
21.381387	474	445	427	9
21.400918	478	445	429	2
21.420449	485	445	438	8
21.439980	483	446	435	2
21.459512	473	447	427	8
21.479043	464	447	419	9
21.498574	469	446	410	5
21.516678	473	450	404	1
21.536209	474	451	401	1
21.555740	479	448	407	4
21.575272	481	435	410	4
21.594803	482	447	412	8
21.614334	491	454	423	14
21.633865	488	449	433	4
21.653397	483	447	438	1
21.672928	477	448	439	0
21.692459	471	442	436	7
21.714644	477	446	423	5
21.734175	486	453	412	2
21.753706	493	456	408	0
21.773237	490	455	412	2
21.792769	477	463	431	16
21.812300	495	458	441	10
21.831831	496	456	432	8
21.851362	514	450	416	15
21.870894	547	434	385	38
21.890425	578	444	366	20
21.907794	534	454	371	20
21.927325	542	471	412	41
21.946856	571	489	457	28
21.966388	595	451	433	45
21.985919	497	463	352	38
22.005450	521	454	272	79
22.024981	543	434	251	27
22.044513	569	402	267	0
22.064044	536	417	332	69
22.083575	518	412	399	53
22.075762	506	390	443	10
22.095293	500	367	467	12
22.114824	498	377	495	15
22.134356	502	415	528	37
22.153887	531	432	566	0
22.173418	566	418	600	41
22.192949	589	416	628	29
22.212481	588	420	653	15
22.232012	552	445	656	20
22.251543	573	460	648	5
22.156788	506	390	443	17
22.176319	500	367	467	12
22.195850	498	377	495	15
22.215381	502	415	528	37
22.234913	531	432	566	0
22.254444	566	418	600	41
22.273975	589	416	628	29
22.293506	588	420	653	15
22.313038	552	445	656	20
22.332569	573	460	648	5
22.289791	554	434	621	17
22.309322	532	445	601	27
22.328853	530	475	592	23
22.348384	521	482	601	4
22.367916	514	471	621	22
22.387447	511	484	637	11
22.406978	513	487	638	0
22.426509	503	489	627	10
22.446041	512	501	614	15
22.465572	400	511	607	44
22.483783	473	496	615	35
22.503314	488	476	612	2
22.522845	486	483	600	12
22.542377	501	475	595	4
22.561908	497	419	589	30
22.581439	471	420	554	12
22.600970	457	500	516	52
22.620502	451	506	517	5
22.640033	472	417	539	45
22.659564	492	312	541	96
22.680729	429	293	531	31
22.700260	398	387	537	63
22.719791	418	469	546	62
22.739322	453	390	548	31
22.758854	491	370	560	11
22.778385	454	441	552	51
22.797916	462	418	531	8
22.817447	448	345	502	70
22.836979	446	372	498	23
22.856510	481	402	513	41
22.885827	456	375	521	33
22.905358	457	406	546	24
22.924889	517	406	549	11
22.944421	484	350	510	52
22.963952	428	410	514	32
22.983483	483	410	537	23
23.003014	490	374	536	32
23.022546	466	410	536	27
23.042077	488	416	541	11
23.061608	481	360	522	52
23.079851	480	338	508	21
23.099382	504	397	514	61
23.118913	497	424	540	21
23.138444	484	393	554	35
23.157976	485	386	540	2
23.177507	483	405	529	19
23.197038	472	404	533	4
23.216569	507	375	532	21
23.236101	483	358	524	18
23.255632	500	403	524	46
23.257883	474	413	529	2
23.277414	458	400	529	18
23.296945	493	397	529	7
23.316477	531	355	510	40
23.336008	519	330	500	24
23.355539	486	395	520	62
23.375070	493	430	537	32
23.394602	526	414	542	15
23.414133	511	359	529	50
23.433664	488	382	527	20
23.463861	519	404	531	23
23.483392	495	379	527	25
23.502923	479	395	521	13
23.522455	504	406	521	15
23.541986	519	380	520	25
23.561517	474	365	511	19
23.581048	461	419	522	45
23.600580	508	401	533	6
23.620111	498	368	517	31
23.639642	445	414	525	25
23.659966	486	392	539	6
23.679497	520	367	540	22
23.699028	524	406	527	40
23.718560	464	392	514	21
23.738091	489	368	524	17
23.757622	478	380	524	9
23.777153	455	401	523	11
23.796685	475	395	532	0
23.816216	493	365	538	26
23.835747	493	346	523	16
23.855844	459	328	481	26
23.875375	488	311	438	21
23.894906	539	301	438	9
23.914438	553	359	509	66
23.933969	496	458	579	70
23.953500	483	511	634	37
23.973031	528	524	620	15
23.992563	610	467	551	4
24.012094	540	422	488	17
24.031625	355	477	512	63
24.053815	416	414	590	3
24.073346	461	289	620	95
24.092877	523	310	582	38
24.112408	468	461	529	144
24.131940	476	440	494	13
24.151471	464	354	480	85
24.171002	522	352	511	7
24.190533	452	383	535	16
24.210065	476	379	543	2
24.229596	449	386	535	1
24.246860	433	395	531	0
24.266391	497	381	526	9
24.285922	523	372	526	8
24.305454	472	376	518	0
24.324985	454	408	527	21
24.344516	470	399	537	3
24.364047	497	396	542	2
24.383579	484	365	532	30
24.403110	431	369	529	14
24.422641	451	429	542	57
24.445876	457	396	531	22
24.465407	446	392	529	8
24.484938	452	389	529	0
24.504469	429	378	528	20
24.524001	447	403	528	30
24.543532	471	407	526	14
24.563063	474	418	533	10
24.582594	459	437	535	8
24.602126	448	453	540	3
24.621657	468	404	530	26
24.637859	421	339	519	77
24.657390	423	402	525	53
24.676921	431	458	523	44
24.696452	445	445	516	3
24.715984	445	404	512	32
24.735515	458	399	521	1
24.755046	411	401	526	25
24.774577	418	411	522	12
24.794109	468	434	514	48
24.813640	433	402	513	45
25.033874	421	420	525	5
25.053405	430	418	526	4
25.072936	417	411	511	13
25.092468	473	402	493	20
25.111999	445	410	489	5
25.131530	437	434	514	15
25.151061	425	422	540	20
25.170593	443	414	537	5
25.190124	417	411	503	16
25.209655	449	390	490	0
25.226965	436	407	500	8
25.246496	442	421	488	12
25.266027	436	400	477	22
25.285558	428	414	498	9
25.305090	461	393	511	0
25.324621	461	393	498	0
25.344152	429	420	475	0
25.363683	405	408	464	27
25.383215	438	385	478	5
25.402746	456	396	494	20
25.404815	445	416	500	12
25.424346	464	410	502	4
25.443877	455	418	505	3
25.463408	428	401	491	30
25.482940	446	381	468	12
25.502471	405	412	458	2
25.522002	445	421	462	32
25.541533	444	397	467	17
25.561065	440	418	495	21
25.580596	461	443	527	32
25.612980	459	392	524	44
25.632511	437	394	505	8
25.652042	436	430	508	28
25.671573	474	410	502	2
25.691105	435	385	471	44
25.710636	426	411	465	13
25.730167	435	421	476	16
25.749698	452	402	479	5
25.769230	461	407	480	8
25.788761	451	408	468	7
25.805848	436	406	451	15
25.825379	446	404	437	3
25.844910	454	417	442	15
25.864441	446	419	460	6
25.883973	434	419	477	0
25.903504	457	409	488	7
25.923035	449	418	488	3
25.942566	440	432	486	4
25.962098	451	429	484	3
25.981629	444	410	469	23
26.001896	438	407	454	11
26.021427	463	438	477	45
26.040958	453	402	486	32
26.060489	435	404	481	8
26.080021	451	425	489	27
26.099552	455	434	499	11
26.119083	447	411	487	25
26.138614	441	399	460	20
26.158146	422	415	450	2
26.177677	438	408	460	8
26.281943	443	399	466	2
26.301474	433	388	472	12
26.321005	443	400	473	15
26.340537	412	402	468	17
26.360068	385	432	485	2
26.379599	412	444	497	30
26.399130	400	387	476	49
26.418662	427	367	445	9
26.438193	465	369	419	4
26.457724	524	407	439	48
26.400924	481	482	515	85
26.420455	534	550	575	33
26.439986	562	586	661	96
26.459517	360	527	714	79
26.479049	400	234	630	68
26.498580	584	202	499	3
26.518111	548	343	425	125
26.537642	363	547	371	14
26.557174	400	501	393	44
26.576705	456	352	465	12
26.590932	482	323	529	16
26.610463	434	394	551	45
26.629994	424	447	541	33
26.649525	432	419	510	9
26.669057	462	384	489	16
26.688588	452	402	472	7
26.708119	423	425	461	2
26.727650	429	405	469	7
26.747182	441	396	479	2
26.766713	434	410	483	8
26.814830	454	402	496	6
26.834361	459	402	502	2
26.853892	446	403	492	6
26.873424	435	400	485	9
26.892955	435	405	485	4
26.912486	455	404	492	10
26.932017	450	408	503	2
26.951549	449	390	504	16
26.971080	433	399	491	1
26.990611	428	407	481	1
26.978946	457	415	496	25
26.998477	452	410	507	5
27.018008	454	395	499	12
27.037539	436	401	475	8
27.057071	433	419	473	11
27.076602	447	405	491	1
27.096133	456	397	509	1
27.115664	450	408	509	6
27.135196	447	410	491	1
27.154727	443	409	484	4
27.175975	441	412	495	3
27.195506	450	402	502	2
27.215037	444	404	494	2
27.234569	444	408	488	2
27.254100	446	413	494	6
27.273631	449	411	502	0
27.293162	452	408	497	1
27.312694	447	400	484	11
27.332225	445	407	481	4
27.351756	439	414	490	4
27.469985	450	411	503	5
27.489516	451	404	495	6
27.509047	449	403	481	4
27.528579	456	410	478	8
27.548110	459	411	494	5
27.567641	458	404	497	6
27.587172	448	403	481	8
27.606704	436	405	462	10
27.626235	455	407	469	13
27.645766	474	394	480	1
27.560928	462	408	489	10
27.580459	454	402	498	7
27.599990	456	397	492	4
27.619521	449	405	473	0
27.639053	444	408	463	3
27.658584	462	408	483	14
27.678115	479	407	497	7
27.697646	479	383	482	25
27.717178	463	385	469	6
27.736709	449	402	471	9
27.771132	461	414	497	21
27.790663	482	405	505	0
27.810194	483	390	481	17
27.829726	476	393	473	1
27.849257	457	403	475	2
27.868788	462	404	487	5
27.888319	480	396	494	0
27.907851	480	392	483	5
27.927382	465	395	480	2
27.946913	456	395	487	2
27.773360	461	414	497	20
27.792891	482	405	505	0
27.812422	483	390	481	17
27.831954	476	393	473	1
27.851485	457	403	475	2
27.871016	462	404	487	5
27.890547	480	396	494	0
27.910079	480	392	483	5
27.929610	465	395	480	2
27.949141	456	395	487	2
27.977659	459	396	489	2
27.997190	471	392	476	2
28.016721	473	395	478	3
28.036252	483	400	488	9
28.055784	489	399	498	1
28.075315	481	401	493	0
28.094846	480	393	481	10
28.114377	476	393	472	3
28.133909	474	399	485	8
28.153440	475	398	494	1
28.158006	476	394	495	3
28.177537	479	397	486	2
28.197068	492	400	491	6
28.216599	490	390	496	9
28.236131	481	391	492	1
28.255662	487	399	480	6
28.275193	478	400	469	4
28.294724	479	395	475	2
28.314256	487	389	483	1
28.333787	495	399	481	10
28.352924	504	405	477	5
28.372455	503	392	476	12
28.391986	517	395	464	0
28.411517	506	398	462	1
28.431049	499	405	471	9
28.450580	481	393	483	11
28.470111	504	400	487	11
28.489642	517	394	472	9
28.509174	510	398	466	1
28.528705	517	402	477	7
28.548923	505	410	477	7
28.568454	522	401	462	14
28.587985	509	390	437	21
28.607517	506	398	434	4
28.627048	507	407	450	16
28.646579	519	406	474	9
28.666110	545	398	484	9
28.685642	520	394	474	2
28.705173	503	396	466	0
28.724704	494	407	461	7
28.827153	505	408	451	2
28.846684	531	400	455	6
28.866215	545	404	447	3
28.885746	536	404	448	2
28.905278	515	406	464	11
28.924809	517	403	491	5
28.944340	521	396	493	6
28.963871	496	400	464	5
28.983403	492	414	448	4
29.002934	496	402	445	11
28.946382	508	406	434	1
28.965913	489	404	421	11
28.985444	484	400	418	5
29.004976	498	410	438	22
29.024507	529	431	480	38
29.044038	521	414	510	9
29.063569	515	404	492	11
29.083101	468	419	443	14
29.102632	463	411	416	23
29.122163	478	401	420	0
29.334024	473	414	434	16
29.353555	462	443	441	20
29.373086	458	450	441	2
29.392617	479	423	443	8
29.412149	537	435	447	13
29.431680	502	488	438	25
29.451211	447	463	425	40
29.470742	456	440	420	10
29.490274	454	462	414	5
29.509805	472	451	408	2
29.521130	480	438	405	6
29.540661	464	466	410	12
29.560192	445	484	410	3
29.579724	453	463	407	4
29.599255	469	453	402	1
29.618786	461	469	399	0
29.638317	424	472	391	23
29.657849	419	483	393	1
29.677380	459	465	402	22
29.696911	457	480	412	12
29.689092	457	499	419	9
29.708623	475	476	429	11
29.728154	480	466	427	4
29.747685	467	522	434	11
29.767217	442	518	466	6
29.786748	473	489	497	36
29.806279	485	525	524	15
29.825810	583	551	531	50
29.845342	569	579	498	5
29.864873	561	618	470	35
29.884925	584	635	429	40
29.904456	605	635	351	58
29.923987	591	601	282	36
29.943518	573	567	267	0
29.963050	547	514	321	64
29.982581	492	441	391	52
30.002112	440	395	437	14
30.021643	434	361	461	20
30.041175	405	335	490	30
30.060706	336	391	512	5
30.114071	380	502	506	81
30.133602	405	560	475	9
30.153133	344	629	405	108
30.172664	332	669	317	77
30.192196	345	588	250	11
30.211727	388	465	264	38
30.231258	421	435	347	77
30.250789	427	487	338	8
30.270321	414	543	305	35
30.289852	402	548	353	34
30.275139	445	572	422	69
30.294670	463	523	464	57
30.314201	550	428	457	37
30.333733	594	382	433	65
30.353264	654	359	380	74
30.372795	597	414	352	40
30.392326	539	510	394	84
30.411858	530	527	430	35
30.431389	538	483	442	5
30.450920	525	446	404	47
30.471042	481	468	344	49
30.490573	458	516	345	0
30.510104	488	532	418	76
30.529635	771	445	329	225
30.549167	609	384	413	135
30.568698	526	535	389	62
30.588229	470	595	367	46
30.607760	469	548	355	5
30.627292	482	507	365	16
30.646823	462	487	394	19
30.666052	520	545	433	44
30.685583	506	408	409	60
30.705114	550	342	405	57
30.724645	604	367	446	20
30.744177	91	520	426	245
30.763708	466	543	458	352
30.783239	446	499	550	0
30.802770	510	375	531	61
30.822302	535	384	422	19
30.841833	509	456	364	0
30.860041	507	476	330	27
30.879572	445	466	365	17
30.899103	422	429	437	24
30.918634	464	455	479	62
30.938166	488	499	479	38
30.957697	450	441	407	98
30.977228	447	421	418	4
30.996759	480	415	441	21
31.016291	465	440	453	20
31.035822	475	460	446	12
31.166074	489	468	429	4
31.185605	499	429	394	48
31.205136	465	418	385	19
31.224668	479	439	404	30
31.244199	488	449	432	29
31.263730	484	443	451	8
31.283261	485	478	465	32
31.302793	489	495	472	14
31.322324	503	406	437	80
31.341855	489	375	402	47
31.284998	456	480	385	34
31.304529	473	532	385	8
31.324060	524	464	377	9
31.343591	496	319	365	99
31.363123	602	309	378	16
31.382654	458	480	426	152
31.402185	580	431	458	12
31.421716	518	425	470	21
31.441248	534	434	474	7
31.460779	519	432	452	10
31.446065	400	496	435	36
31.465596	415	556	441	8
31.485127	489	467	407	11
31.504658	491	434	392	28
31.524190	502	445	402	15
31.543721	497	432	444	23
31.563252	485	409	459	12
31.582783	498	435	444	15
31.602315	475	469	405	17
31.621846	498	470	380	18
31.679276	498	426	379	19
31.698807	502	411	413	17
31.718338	469	463	446	49
31.737870	522	467	446	12
31.757401	507	430	428	36
31.776932	460	448	412	12
31.796463	473	470	418	19
31.815995	501	447	420	3
31.835526	499	415	411	27
31.855057	480	440	410	11
31.851127	480	482	423	29
31.870658	490	490	426	7
31.890189	494	460	430	7
31.909720	510	409	415	42
31.929252	475	414	400	11
31.948783	485	507	411	48
31.968314	537	460	416	7
31.987845	491	396	401	49
32.007377	468	449	404	29
32.026908	501	493	413	31
32.063093	503	425	408	34
32.082624	474	452	411	12
32.102155	474	527	430	31
32.121686	497	456	433	6
32.141218	486	416	428	32
32.160749	495	496	426	41
32.180280	495	442	395	48
32.199811	476	444	396	1
32.219343	467	500	420	36
32.238874	508	438	427	9
32.279920	490	434	416	12
32.299451	454	527	411	8
32.318982	495	489	411	12
32.338513	519	398	406	50
32.358045	480	446	388	11
32.377576	499	522	392	22
32.397107	489	440	408	7
32.416638	495	436	425	11
32.436170	485	479	432	26
32.455701	487	489	414	13
32.282795	490	434	416	21
32.302326	454	527	411	8
32.321857	495	489	411	12
32.341388	519	398	406	50
32.360920	480	446	388	11
32.380451	499	522	392	22
32.399982	489	440	408	7
32.419513	495	436	425	11
32.439045	485	479	432	26
32.458576	487	489	414	13
32.595666	498	475	405	10
32.615197	516	433	411	14
32.634728	514	436	412	2
32.654259	487	495	411	20
32.673791	484	505	416	5
32.693322	506	461	418	6
32.712853	500	444	414	12
32.732384	489	485	408	10
32.751916	487	498	406	0
32.771447	495	466	407	6
32.645435	514	465	401	4
32.664966	502	477	399	1
32.684497	511	460	410	4
32.704029	523	448	418	0
32.723560	508	453	407	6
32.743091	497	474	400	1
32.762622	486	496	396	0
32.782154	497	504	391	2
32.801685	490	485	397	2
32.821216	493	476	410	10
32.850135	479	459	414	6
32.869666	491	457	413	1
32.889197	493	472	407	1
32.908729	497	497	407	6
32.928260	509	490	408	0
32.947791	491	455	406	15
32.967322	491	453	419	10
32.986854	503	476	431	23
33.006385	488	480	408	22
33.025916	489	471	390	19
33.037090	479	462	390	5
33.056621	487	483	409	26
33.076152	511	487	416	10
33.095684	496	458	417	11
33.115215	480	455	409	11
33.134746	500	499	411	19
33.154277	486	497	399	14
33.173809	479	489	396	5
33.193340	475	482	408	8
33.212871	479	497	423	18
33.233499	562	510	434	3
33.253030	516	471	420	8
33.272561	495	463	408	15
33.292093	500	492	394	4
33.311624	522	511	365	27
33.331155	550	480	355	17
33.350686	576	440	400	16
33.370218	574	440	430	22
33.389749	539	464	444	38
33.409280	525	481	435	3
33.430126	521	471	414	22
33.449657	526	452	397	23
33.469188	557	453	407	1
33.488719	534	453	399	0
33.508251	530	470	393	1
33.527782	523	471	409	16
33.547313	508	471	435	24
33.566844	543	462	433	11
33.586376	555	470	429	3
33.605907	542	476	419	1
33.596822	545	456	405	21
33.616353	540	462	411	9
33.635884	560	494	406	1
33.655416	535	486	402	2
33.674947	523	483	409	7
33.694478	533	498	407	0
33.714009	554	499	408	4
33.733541	531	469	409	0
33.753072	537	477	407	0
33.772603	524	469	413	4
33.828158	516	449	432	6
33.847689	523	460	426	0
33.867220	524	483	411	4
33.886751	507	491	408	0
33.906283	513	493	404	3
33.925814	526	488	390	15
33.945345	528	476	397	3
33.964876	528	464	420	16
33.984408	516	480	393	18
34.003939	498	493	381	9
34.005078	508	478	388	4
34.024609	530	452	405	4
34.044140	516	460	423	20
34.063672	526	489	428	14
34.083203	524	491	407	19
34.102734	515	476	396	13
34.122265	518	463	393	7
34.141797	503	461	386	7
34.161328	511	486	405	26
34.180859	517	486	421	15
34.187221	505	470	408	17
34.206752	481	460	398	16
34.226283	509	466	407	14
34.245815	507	484	422	20
34.265346	507	482	428	5
34.284877	492	472	400	31
34.304408	486	476	386	12
34.323940	501	480	402	18
34.343471	496	488	419	17
34.363002	494	468	415	10
34.374218	489	459	399	18
34.393749	481	475	397	2
34.413280	459	490	411	8
34.432811	478	494	414	10
34.452343	487	468	417	2
34.471874	483	458	409	12
34.491405	492	483	397	0
34.510936	484	507	396	0
34.530468	490	517	418	22
34.549999	497	478	433	9
34.598943	502	461	415	22
34.618474	492	507	398	5
34.638005	495	506	401	3
34.657537	497	475	407	0
34.677068	508	467	414	4
34.696599	506	494	418	12
34.716130	517	487	403	16
34.735662	512	477	396	9
34.755193	496	501	398	5
34.774724	496	514	415	17
34.785311	524	469	403	19
34.804842	518	448	395	15
34.824373	514	501	404	24
34.843904	499	517	409	4
34.863436	502	478	405	8
34.882967	504	474	393	12
34.902498	513	481	385	5
34.922029	495	472	392	3
34.941561	494	498	412	25
34.961092	504	509	418	8
34.994129	497	490	410	11
35.013660	513	488	404	5
35.033191	493	476	405	3
35.052722	485	478	414	7
35.072254	509	454	403	16
35.091785	497	467	388	9
35.111316	487	525	398	15
35.130847	494	512	409	12
35.150379	510	462	414	5
35.169910	488	456	403	14
35.190182	495	487	381	9
35.209713	499	493	376	3
35.229244	505	482	406	27
35.248775	487	478	424	12
35.268307	498	498	420	3
35.287838	476	492	403	22
35.307369	475	479	414	6
35.326900	485	466	417	0
35.346432	468	465	419	4
35.365963	492	489	421	17
35.370364	478	481	395	29
35.389895	468	458	355	46
35.409426	481	435	342	17
35.428957	523	441	400	56
35.448489	475	501	459	67
35.468020	456	574	471	27
35.487551	464	527	435	1
35.507082	469	463	400	37
35.526614	473	442	394	13
35.546145	467	457	416	23
35.581227	455	526	438	24
35.600758	447	527	438	5
35.620289	442	476	411	28
35.639821	462	449	390	18
35.659352	459	476	398	15
35.678883	448	502	421	19
35.698414	439	484	424	6
35.717946	436	471	418	9
35.737477	470	460	419	13
35.757008	466	468	414	2
35.781842	457	522	420	9
35.801373	433	517	423	11
35.820904	449	489	425	9
35.840436	464	478	435	12
35.859967	467	472	438	1
35.879498	473	480	435	3
35.899029	469	477	431	6
35.918561	439	455	423	30
35.938092	438	459	413	6
35.957623	442	471	402	2
35.978275	459	464	407	9
35.997806	465	487	417	18
36.017337	449	480	411	14
36.036869	433	457	409	17
36.056400	441	454	413	6
36.075931	434	475	425	12
36.095462	425	497	427	0
36.114994	430	461	418	12
36.134525	446	456	417	6
36.154056	441	491	430	18
36.157437	434	463	430	12
36.176968	436	463	424	2
36.196499	446	475	429	13
36.216031	448	471	430	0
36.235562	450	475	422	3
36.255093	442	479	415	8
36.274624	463	447	418	0
36.294156	445	457	416	4
36.313687	442	520	420	13
36.333218	451	483	422	3
36.336254	461	454	431	0
36.355785	453	473	430	3
36.375316	425	456	406	39
36.394847	438	487	403	14
36.414379	470	495	409	21
36.433910	486	431	411	19
36.453441	434	422	394	35
36.472972	394	477	390	5
36.492504	407	524	422	34
36.512035	437	498	449	39
36.566297	431	440	461	20
36.585828	449	469	462	28
36.605359	427	475	438	27
36.624891	452	465	420	0
36.644422	478	522	416	17
36.663953	505	489	416	3
36.683484	504	447	409	23
36.703016	473	469	414	8
36.722547	474	490	418	10
36.742078	526	489	409	2
36.768877	499	500	407	0
36.788408	520	461	403	14
36.807939	510	445	394	15
36.827471	465	496	394	7
36.847002	496	510	402	16
36.866533	480	486	396	11
36.886064	500	471	401	4
36.905596	539	471	423	17
36.925127	548	483	433	10
36.944658	539	493	420	6
36.921621	535	482	391	29
36.941152	499	482	375	14
36.960683	533	488	395	19
36.980215	526	483	405	9
36.999746	524	496	400	2
37.019277	546	492	388	16
37.038808	539	492	387	0
37.058340	538	490	392	4
37.077871	532	466	404	5
37.097402	498	491	430	33
37.116223	536	543	436	0
37.135754	544	468	382	55
37.155285	504	472	338	37
37.174817	501	514	358	24
37.194348	506	493	411	51
37.213879	542	509	437	22
37.233410	536	513	443	7
37.252942	511	506	432	7
37.272473	530	518	391	42
37.292004	492	505	354	36
37.312431	493	496	380	25
37.331962	508	522	432	53
37.351493	548	527	447	4
37.371025	547	530	430	15
37.390556	537	517	384	39
37.410087	494	517	353	29
37.429618	503	526	376	23
37.449150	541	523	418	38
37.468681	553	520	442	17
37.488212	549	520	448	7
37.507517	555	538	433	19
37.527048	531	531	403	18
37.546579	519	513	391	8
37.566110	541	527	389	6
37.585642	538	541	389	1
37.605173	522	540	402	15
37.624704	537	514	413	11
37.644235	544	528	406	9
37.663767	533	546	397	9
37.683298	524	518	393	1
37.705994	511	528	412	18
37.725525	539	535	426	8
37.745056	523	524	411	9
37.764587	504	535	393	19
37.784119	516	544	383	11
37.803650	521	531	401	19
37.823181	531	526	422	19
37.842712	521	542	421	3
37.862244	535	545	410	13
37.881775	540	529	408	0
37.905294	544	535	410	0
37.924825	530	539	406	1
37.944356	501	534	393	10
37.963887	498	552	395	2
37.983419	526	550	415	19
38.002950	524	534	425	14
38.022481	532	545	414	14
38.042012	516	546	399	12
38.061544	511	550	400	0
38.081075	525	552	407	5
38.107397	519	534	410	8
38.126928	522	545	414	0
38.146459	531	562	421	1
38.165991	540	555	422	1
38.185522	518	547	415	0
38.205053	507	551	412	4
38.224584	510	542	418	8
38.244116	528	552	416	6
38.263647	520	558	403	13
38.283178	504	544	393	4
38.288307	493	547	394	1
38.307838	508	569	409	6
38.327369	534	555	421	14
38.346900	532	542	430	13
38.366432	530	554	425	8
38.385963	522	559	410	14
38.405494	505	554	404	3
38.425025	533	550	412	7
38.444557	543	533	393	15
38.464088	541	527	384	7
38.483277	512	529	393	11
38.502808	524	568	422	13
38.522339	527	589	434	3
38.541871	501	555	424	12
38.561402	489	507	392	23
38.580933	516	549	409	12
38.600464	506	612	446	10
38.619996	522	560	441	33
38.639527	506	505	396	30
38.659058	496	537	359	39
38.883331	477	623	386	15
38.902862	510	574	432	70
38.922393	524	501	445	32
38.941925	516	514	442	1
38.961456	501	585	427	42
38.980987	492	603	416	21
39.000518	484	554	430	37
39.020050	528	526	433	14
39.039581	517	540	407	26
39.059112	492	562	386	28
38.898881	477	564	392	1
38.918412	486	566	420	25
38.937943	543	564	431	8
38.957474	518	537	421	6
38.977006	494	530	405	15
38.996537	484	577	404	19
39.016068	489	569	412	11
39.035599	496	552	421	16
39.055131	501	551	422	1
39.074662	498	546	413	6
39.087331	479	549	408	9
39.106862	484	566	411	2
39.126393	500	559	412	6
39.145925	509	545	408	1
39.165456	508	548	406	2
39.184987	497	562	408	4
39.204518	500	559	411	4
39.224050	500	555	419	8
39.243581	498	541	425	10
39.263112	510	550	429	1
39.322338	512	549	421	6
39.341869	521	548	408	12
39.361400	514	558	388	21
39.380931	497	559	377	11
39.400463	498	545	385	11
39.419994	512	542	415	30
39.439525	522	542	423	7
39.459056	517	552	418	7
39.478588	527	559	420	2
39.498119	518	544	421	7
39.461205	513	531	413	4
39.480736	532	565	401	23
39.500267	541	518	393	1
39.519799	530	502	394	2
39.539330	520	548	406	7
39.558861	530	593	420	11
39.578392	522	544	419	25
39.597924	518	519	411	2
39.617455	506	541	403	11
39.636986	520	543	402	1
39.658396	516	539	391	9
39.677927	472	543	394	4
39.697458	501	572	417	15
39.716990	528	539	419	14
39.736521	527	504	403	12
39.756052	534	514	385	18
39.775583	527	533	396	10
39.795115	554	543	424	16
39.814646	589	528	429	12
39.834177	530	521	404	4
39.852271	519	539	379	26
39.871802	508	551	386	3
39.891333	529	554	415	24
39.910865	528	520	423	16
39.930396	518	512	422	0
39.949927	524	549	413	16
39.969458	533	536	409	1
39.988990	527	528	408	1
40.008521	524	542	404	6
40.028052	513	526	392	8
40.047381	513	526	390	1
40.066912	518	539	398	5
40.086443	521	544	413	12
40.105974	525	534	414	3
40.125506	520	526	407	4
40.145037	506	542	400	9
40.164568	512	545	407	6
40.184099	515	546	422	13
40.203631	523	539	421	0
40.223162	511	525	403	14
40.298404	500	547	398	10
40.317935	515	558	417	14
40.337466	515	526	416	8
40.356997	507	529	397	19
40.376529	498	549	381	20
40.396060	512	549	386	5
40.415591	510	538	409	25
40.435122	507	536	417	8
40.454654	507	542	410	8
40.474185	501	545	400	10
40.438382	511	547	407	6
40.457913	506	551	425	15
40.477444	503	550	428	2
40.496975	502	544	422	3
40.516507	508	548	410	12
40.536038	502	544	402	6
40.555569	498	551	402	2
40.575100	491	551	413	9
40.594632	506	543	425	15
40.614163	517	531	419	2
40.689644	513	527	396	21
40.709175	504	547	388	12
40.728706	501	545	401	12
40.748237	497	554	410	4
40.767769	493	566	404	10
40.787300	499	546	394	1
40.806831	510	532	398	7
40.826362	502	548	409	6
40.845894	507	550	422	11
40.865425	503	544	424	3
40.829336	518	559	428	2
40.848867	513	574	429	7
40.868398	516	545	423	8
40.887929	505	532	408	11
40.907461	503	545	397	13
40.926992	491	560	401	2
40.946523	493	572	418	9
40.966054	508	560	423	11
40.985586	506	529	410	2
41.005117	508	522	399	9
41.024451	506	549	403	1
41.043982	508	565	422	10
41.063513	511	539	422	10
41.083045	505	536	410	11
41.102576	496	551	398	16
41.122107	499	542	394	0
41.141638	497	542	401	6
41.161170	501	552	409	4
41.180701	503	550	416	7
41.200232	509	537	416	4
41.219374	508	551	411	9
41.238905	509	546	405	3
41.258436	503	524	396	4
41.277967	495	536	396	2
41.297499	503	562	405	1
41.317030	503	555	416	12
41.336561	503	546	412	0
41.356092	499	541	401	9
41.375624	497	534	400	0
41.395155	513	554	415	9
41.415446	510	552	421	6
41.434977	502	532	416	0
41.454508	495	549	410	11
41.474040	494	562	411	4
41.493571	503	542	406	3
41.513102	496	534	398	6
41.532633	494	553	402	1
41.552165	503	539	410	12
41.571696	500	543	410	1
41.591227	503	558	411	4
41.612024	510	544	415	9
41.631555	506	542	411	3
41.651086	505	557	407	8
41.670618	507	547	409	5
41.690149	503	532	407	1
41.709680	501	540	402	6
41.729211	495	553	403	3
41.748743	503	558	405	0
41.768274	508	545	409	8
41.787805	513	522	410	5
41.805760	507	533	409	2
41.825291	512	555	402	12
41.844822	501	527	399	3
41.864353	497	531	409	8
41.883885	500	574	416	9
41.903416	488	566	414	0
41.922947	507	534	420	19
41.942478	516	534	425	4
41.962010	522	539	421	5
41.981541	512	535	401	17
42.001452	496	537	384	18
42.020983	507	539	390	6
42.040514	509	544	410	18
42.060045	502	553	418	3
42.079577	525	567	420	4
42.099108	517	561	412	3
42.118639	491	538	410	4
42.138170	495	520	399	7
42.157702	497	547	389	14
42.177233	505	562	396	2
42.196434	508	540	410	20
42.215965	514	530	410	2
42.235496	512	549	409	5
42.255028	489	552	410	2
42.274559	494	551	409	0
42.294090	493	547	395	11
42.313621	484	545	391	4
42.333153	488	548	397	5
42.352684	491	549	402	4
42.372215	505	566	415	6
42.391464	525	554	433	20
42.410995	534	518	441	15
42.430526	496	573	435	24
42.450058	476	613	416	44
42.469589	480	554	404	23
42.489120	482	538	405	6
42.508651	499	591	409	16
42.528183	478	564	416	16
42.547714	507	552	430	22
42.567245	524	570	440	1
42.587392	512	576	442	1
42.606923	513	544	434	10
42.626454	488	587	415	40
42.645986	474	585	396	17
42.665517	443	555	378	14
42.685048	491	572	386	15
42.704579	495	606	420	8
42.724111	494	568	453	49
42.743642	484	541	456	14
42.763173	470	562	431	35
42.801531	483	592	401	35
42.821062	476	574	386	5
42.840593	466	579	388	3
42.860125	491	584	416	26
42.879656	484	557	446	37
42.899187	507	565	446	0
42.918718	506	587	443	17
42.938250	487	580	436	2
42.957781	477	581	436	3
42.977312	483	597	441	6
43.120226	481	594	438	0
43.139757	491	571	434	14
43.159288	454	582	432	21
43.178819	493	617	444	5
43.198351	502	589	446	24
43.217882	492	552	443	19
43.237413	485	571	442	13
43.256944	500	616	439	32
43.276476	487	612	436	0
43.296007	480	573	436	25
43.180426	497	599	432	16
43.199957	485	618	440	11
43.219488	490	607	455	18
43.239019	492	575	459	28
43.258551	489	561	441	4
43.278082	469	583	419	35
43.297613	478	617	418	20
43.317144	466	593	428	19
43.336676	484	578	443	25
43.356207	489	584	445	1
43.376509	499	592	440	7
43.396040	482	591	442	1
43.415571	477	592	452	3
43.435102	496	596	459	5
43.454634	492	589	452	0
43.474165	488	587	438	8
43.493696	479	595	432	11
43.513227	485	604	437	1
43.532759	479	602	437	0
43.552290	482	595	436	5
43.610475	498	574	440	20
43.630006	484	561	438	2
43.649537	479	590	424	29
43.669069	471	604	419	14
43.688600	485	579	430	27
43.708131	490	571	438	12
43.727662	487	573	430	8
43.747194	479	579	413	18
43.766725	480	570	404	2
43.786256	474	565	409	4
43.815498	481	596	426	2
43.835029	492	597	444	13
43.854560	494	551	435	22
43.874091	489	552	422	12
43.893623	487	583	418	19
43.913154	478	591	430	1
43.932685	481	583	448	18
43.952216	494	569	455	17
43.971748	480	558	447	3
43.991279	462	584	431	33
44.009532	484	619	425	21
44.029063	480	572	419	25
44.048594	480	571	428	7
44.068125	495	592	431	7
44.087657	491	594	431	2
44.107188	480	575	426	5
44.126719	492	567	412	4
44.146250	475	581	393	26
44.165782	469	589	393	5
44.185313	495	590	421	27
44.204550	502	577	435	19
44.224081	475	570	437	0
44.243612	483	587	434	10
44.263144	481	589	426	7
44.282675	451	582	429	5
44.302206	475	569	437	23
44.321737	469	558	441	6
44.341269	454	585	456	13
44.360800	468	597	473	5
44.380331	476	582	478	17
44.347527	465	571	468	1
44.367058	464	586	443	24
44.386589	465	596	427	16
44.406121	476	587	424	7
44.425652	477	579	432	11
44.445183	487	574	444	14
44.464714	491	580	447	1
44.484246	474	575	438	7
44.503777	489	573	429	1
44.523308	490	581	415	15
44.596723	479	572	405	5
44.616254	487	592	412	3
44.635785	504	590	425	13
44.655317	524	539	427	27
44.674848	516	501	408	14
44.694379	493	524	378	31
44.713910	474	581	359	36
44.733442	480	594	367	2
44.752973	499	571	405	46
44.772504	503	543	435	39
44.793177	505	523	436	6
44.812708	488	544	405	37
44.832239	465	588	389	37
44.851770	476	591	403	12
44.871302	498	552	432	48
44.890833	500	542	444	15
44.910364	498	569	439	18
44.929895	498	575	433	8
44.949427	501	553	432	11
44.968958	503	538	429	3
44.987540	509	536	419	8
45.007071	513	547	405	16
45.026602	527	547	388	17
45.046134	512	532	372	11
45.065665	456	540	366	17
45.085196	496	563	397	32
45.104727	498	549	402	9
45.124259	520	531	406	8
45.143790	572	524	403	17
45.163321	541	515	364	25
45.181559	569	512	354	17
45.201090	561	489	343	9
45.220621	482	462	287	54
45.240153	507	439	266	24
45.259684	528	422	256	15
45.279215	521	396	281	13
45.298746	514	361	330	22
45.318278	504	337	373	12
45.337809	484	356	408	34
45.357340	458	408	430	46
45.339554	445	443	450	28
45.359085	454	432	474	8
45.378616	484	393	498	17
45.398148	491	365	512	25
45.417679	478	359	529	9
45.437210	480	372	543	10
45.456741	487	376	548	4
45.476273	493	376	546	1
45.495804	500	375	542	0
45.515335	507	381	531	8
45.524580	507	403	514	23
45.544111	507	428	496	23
45.563642	517	440	485	8
45.583174	530	453	492	12
45.602705	532	459	512	8
45.622236	526	462	531	1
45.641767	536	467	546	6
45.661299	540	474	563	8
45.680830	529	471	577	9
45.700361	519	465	585	8
45.744772	514	463	591	5
45.764303	513	474	597	0
45.783834	504	477	605	6
45.803365	479	469	603	6
45.822897	469	476	603	0
45.842428	481	458	614	12
45.861959	496	444	627	15
45.881490	486	452	626	3
45.901022	477	462	605	20
45.920553	474	455	591	6
45.955581	461	439	593	15
45.975112	444	444	597	7
45.994643	454	438	584	9
46.014174	457	425	578	3
46.033706	448	437	578	3
46.053237	436	451	595	9
46.072768	433	452	610	11
46.092299	428	457	629	14
46.111831	431	478	645	5
46.131362	451	482	627	25
46.136221	470	474	597	31
46.155752	454	460	562	9
46.175283	432	479	506	5
46.194814	468	461	480	12
46.214346	431	446	501	30
46.233877	455	438	564	1
46.253408	431	367	594	78
46.272939	448	339	587	13
46.292471	435	396	574	46
46.312002	440	441	571	35
46.316656	445	431	578	7
46.336187	461	422	600	11
46.355718	480	414	619	12
46.375249	476	417	617	2
46.394781	454	429	584	21
46.414312	393	406	532	36
46.433843	408	400	506	7
46.453374	440	415	517	32
46.472906	450	432	551	12
46.492437	459	428	584	14
46.505743	454	416	600	19
46.525274	461	424	599	8
46.544805	451	417	567	8
46.564337	456	420	547	12
46.583868	422	410	537	25
46.603399	409	433	567	2
46.622930	450	420	596	1
46.642462	471	407	586	4
46.661993	435	407	563	4
46.681524	417	435	573	3
46.782476	460	441	596	14
46.802007	483	402	582	11
46.821538	428	398	563	16
46.841069	428	446	565	31
46.860601	420	432	573	17
46.880132	429	410	581	12
46.899663	454	423	568	28
46.919194	462	417	551	5
46.938726	415	415	551	28
46.958257	441	433	576	18
46.885642	467	420	578	2
46.905173	458	411	574	8
46.924704	430	422	578	8
46.944236	408	435	574	4
46.963767	448	440	580	25
46.983298	448	396	570	26
47.002829	443	408	562	10
47.022361	440	418	579	1
47.041892	471	441	595	19
47.061423	447	433	582	7
47.094908	381	409	575	54
47.114439	402	418	586	15
47.133970	417	419	599	3
47.153502	444	430	630	0
47.173033	453	434	623	11
47.192564	448	409	543	22
47.212095	441	384	469	27
47.231627	446	417	473	30
47.251158	446	438	555	13
47.270689	450	419	593	29
47.289614	442	440	585	13
47.309145	425	459	572	5
47.328676	438	433	554	2
47.348207	460	431	556	10
47.367739	463	439	564	3
47.387270	435	452	572	12
47.406801	460	431	587	7
47.426332	492	379	591	33
47.445864	481	366	572	4
47.465395	404	421	560	11
47.484637	409	454	592	6
47.504168	467	406	620	15
47.523699	479	413	604	18
47.543231	454	429	566	24
47.562762	447	415	545	6
47.582293	443	410	542	5
47.601824	439	410	559	7
47.621356	435	401	572	13
47.640887	440	411	574	9
47.660418	440	416	555	11
47.655962	448	412	533	6
47.675493	436	409	530	8
47.695024	445	408	557	2
47.714556	457	402	588	12
47.734087	460	415	593	7
47.753618	458	414	582	4
47.773149	468	409	564	8
47.792681	442	412	557	6
47.812212	454	401	577	11
47.831743	452	397	604	17
47.876634	442	402	597	3
47.896165	442	404	559	18
47.915696	421	400	533	8
47.935227	423	399	527	1
47.954759	446	407	525	19
47.974290	455	423	543	14
47.993821	458	419	572	13
48.013352	439	406	587	25
48.032884	448	422	588	14
48.052415	452	421	572	9
48.070638	441	408	558	9
48.090169	434	417	557	3
48.109700	441	422	564	5
48.129231	450	420	571	0
48.148763	445	419	566	1
48.168294	454	425	556	13
48.187825	429	418	552	18
48.207356	428	410	547	5
48.226888	447	417	546	16
48.246419	441	424	558	2
48.265653	420	411	572	27
48.285184	429	405	578	1
48.304715	446	416	578	16
48.324246	458	428	570	18
48.343778	424	419	508	12
48.363309	419	411	504	9
48.382840	456	423	564	20
48.402371	424	404	607	51
48.421903	452	414	611	16
48.441434	451	419	574	24
48.460628	445	422	531	13
48.480159	424	420	525	14
48.499690	448	419	552	8
48.519222	423	417	581	27
48.538753	430	419	601	5
48.558284	445	421	588	16
48.577815	447	424	539	23
48.597347	434	421	510	7
48.616878	416	418	529	15
48.636409	407	401	560	24
48.656940	420	417	575	13
48.676471	438	425	584	11
48.696002	430	417	576	5
48.715533	423	416	561	1
48.735065	425	419	558	4
48.754596	447	422	558	15
48.774127	440	432	552	5
48.793658	449	433	543	9
48.813190	370	420	546	66
48.832721	439	443	555	63
48.850685	429	420	564	25
48.870216	441	423	567	7
48.889747	422	426	563	8
48.909278	434	426	556	10
48.928810	438	433	539	12
48.948341	416	432	517	13
48.967872	394	423	510	22
48.987403	388	404	523	16
49.006935	405	403	541	9
49.026466	402	418	541	7
49.046668	427	418	536	18
49.066199	402	407	531	24
49.085730	418	434	524	30
49.105262	415	432	524	3
49.124793	388	415	533	32
49.144324	412	427	539	24
49.163855	428	443	530	23
49.183387	439	438	514	6
49.202918	404	426	512	34
49.222449	431	440	514	29
49.241666	432	413	544	22
49.261197	374	403	540	46
49.280728	381	445	520	30
49.300260	386	427	528	5
49.319791	403	423	545	8
49.339322	420	426	537	16
49.358853	424	455	497	22
49.378385	427	463	476	1
49.397916	409	450	484	18
49.417447	389	418	502	31
49.579922	409	425	523	19
49.599453	421	435	548	10
49.618984	427	440	558	4
49.638515	425	443	555	1
49.658047	425	429	543	5
49.677578	421	414	533	11
49.697109	422	416	527	2
49.716640	409	431	523	0
49.736172	407	429	520	2
49.755703	410	411	523	9
49.632089	410	400	529	8
49.651620	414	409	533	8
49.671151	412	413	532	1
49.690682	418	414	525	5
49.710214	419	419	522	4
49.729745	415	413	521	6
49.749276	423	408	524	1
49.768807	422	409	527	0
49.788339	422	415	527	4
49.807870	421	418	531	0
49.821069	433	413	535	3
49.840600	430	413	534	1
49.860131	420	418	523	1
49.879663	415	419	518	2
49.899194	420	416	517	1
49.918725	424	412	523	0
49.938256	426	413	527	1
49.957788	454	409	524	13
49.977319	408	428	519	15
49.996850	417	419	514	0
50.023664	415	420	520	0
50.043195	435	422	531	13
50.062726	427	427	528	1
50.082258	419	424	513	6
50.101789	418	418	506	5
50.121320	409	420	506	5
50.140851	400	416	507	9
50.160383	402	407	510	4
50.179914	414	409	509	9
50.199445	420	423	505	14
50.220066	423	430	499	6
50.239597	426	429	499	1
50.259128	425	427	500	1
50.278660	428	428	499	2
50.298191	432	430	502	4
50.317722	428	429	509	3
50.337253	422	424	513	7
50.356785	416	421	513	6
50.376316	416	415	509	4
50.395847	413	415	503	2
50.413595	408	415	506	3
50.433126	402	410	511	7
50.452657	403	406	514	2
50.472188	416	412	515	13
50.491720	434	423	515	20
50.511251	429	428	508	0
50.530782	425	424	503	5
50.550313	429	420	503	0
50.569845	433	424	509	5
50.589376	432	425	517	0
50.599081	423	423	519	7
50.618612	415	411	518	14
50.638143	413	407	514	4
50.657675	415	411	512	4
50.677206	414	413	512	0
50.696737	419	413	510	3
50.716268	424	413	513	3
50.735800	437	418	519	12
50.755331	438	424	522	5
50.774862	429	420	519	8
50.806785	427	409	511	9
50.826316	430	413	507	4
50.845847	428	419	505	3
50.865378	417	414	507	11
50.884910	428	412	513	5
50.904441	417	414	518	6
50.923972	397	408	520	18
50.943503	416	398	515	6
50.963035	408	403	508	1
50.982566	410	411	507	7
50.999752	419	407	508	3
51.019283	442	415	513	20
51.038814	426	427	514	1
51.058346	418	430	508	3
51.077877	403	405	503	28
51.097408	409	402	506	2
51.116939	413	416	511	12
51.136471	412	433	511	10
51.156002	428	428	507	8
51.175533	430	426	499	0
51.194676	417	436	493	3
51.214207	424	447	490	11
51.233738	441	447	490	12
51.253269	436	471	491	9
51.272801	424	455	492	17
51.292332	411	426	486	28
51.311863	398	419	483	14
51.331394	376	427	476	14
51.350926	417	462	481	52
51.370457	471	479	488	53
51.389624	449	533	474	18
51.409155	513	548	462	14
51.428686	460	598	447	58
51.448217	490	638	435	29
51.467749	529	636	441	5
51.487280	537	655	474	6
51.506811	547	670	500	12
51.526342	543	621	514	48
51.545874	554	571	523	40
51.565405	578	554	531	7
51.767971	918	554	522	327
51.787502	765	543	615	133
51.807033	434	462	702	63
51.826565	201	354	771	223
51.846096	365	830	627	65
51.865627	998	1023	290	370
51.885158	1022	582	186	130
51.904690	1015	1023	433	112
51.924221	1022	1023	375	13
51.943752	361	859	494	355
