-0.166892	509	625	492	114
-0.147361	519	637	497	11
-0.127830	522	628	498	8
-0.108299	524	633	499	5
-0.088767	521	622	498	11
-0.069236	515	639	503	16
-0.049705	514	641	508	1
-0.030174	523	629	507	11
-0.010642	521	628	507	1
0.008889	523	635	514	7
0.027868	522	632	516	3
0.047399	517	631	507	1
0.066930	516	630	498	0
0.086462	520	641	500	10
0.105993	518	639	518	2
0.125524	520	623	523	15
0.145055	523	637	502	14
0.164587	516	631	492	5
0.184118	520	637	508	4
0.203649	521	632	522	4
0.220213	519	628	515	4
0.239744	516	633	507	4
0.259275	517	635	512	1
0.278806	519	636	511	1
0.298338	518	629	504	6
0.317869	516	629	504	0
0.337400	521	629	513	0
0.356931	524	643	512	14
0.376463	519	632	499	10
0.395994	512	628	498	4
0.424042	520	643	512	14
0.443573	522	633	516	9
0.463104	522	627	504	5
0.482635	520	637	499	10
0.502167	517	641	506	3
0.521698	516	627	512	14
0.541229	519	628	518	1
0.560760	519	639	513	10
0.580292	520	637	511	1
0.599823	517	627	517	10
0.615833	523	628	527	2
0.635364	517	643	522	13
0.654895	519	640	515	3
0.674427	514	641	512	0
0.693958	516	633	524	7
0.713489	520	639	534	7
0.733020	513	650	532	10
0.752552	511	652	519	0
0.772083	508	694	515	41
0.791614	515	728	524	34
0.874650	517	721	508	7
0.894181	490	666	521	53
0.913712	547	624	599	9
0.933244	583	605	656	39
0.952775	594	583	737	64
0.972306	601	555	790	45
0.991837	594	600	805	21
1.011369	600	697	764	8
1.030900	588	762	722	10
1.050431	574	780	695	4
0.994707	566	744	669	45
1.014238	549	684	651	61
1.033769	543	622	638	54
1.053300	526	629	635	0
1.072832	541	620	634	4
1.092363	534	576	623	35
1.111894	520	547	608	27
1.131425	512	542	599	10
1.150957	509	533	600	1
1.170488	514	515	596	6
1.189841	509	495	581	12
1.209372	496	493	569	8
1.228903	500	492	564	5
1.248435	506	479	566	6
1.267966	487	466	563	9
1.287497	482	466	566	3
1.307028	487	459	567	3
1.326560	501	442	569	10
1.346091	507	427	566	9
1.365622	487	433	560	5
1.388859	494	446	550	17
1.408390	508	426	549	15
1.427921	517	409	561	20
1.447453	517	414	571	0
1.466984	540	426	575	4
1.486515	542	418	574	6
1.506046	537	407	575	8
1.525578	526	403	571	0
1.545109	501	426	554	28
1.564640	485	457	543	27
1.582638	522	434	542	15
1.602169	534	355	562	82
1.621700	515	360	593	6
1.641232	511	414	601	39
1.660763	508	419	577	18
1.680294	514	383	562	24
1.699825	521	400	561	15
1.719357	529	420	568	13
1.738888	505	425	576	0
1.758419	492	416	588	15
1.805764	480	404	603	20
1.825295	485	419	616	2
1.844826	494	448	620	15
1.864357	510	451	613	8
1.883889	518	441	591	11
1.903420	518	497	572	44
1.922951	544	515	552	10
1.942482	538	460	545	15
1.962014	544	456	584	29
1.981545	574	517	617	25
1.971208	655	524	568	32
1.990739	520	519	486	125
2.010270	489	518	443	44
2.029802	392	522	486	50
2.049333	370	528	593	41
2.068864	447	463	666	9
2.088395	432	399	725	79
2.107927	498	431	763	10
2.127458	578	446	762	2
2.146989	543	460	650	116
2.165795	488	386	551	16
2.185326	514	367	523	11
2.204857	501	461	540	86
2.224389	475	474	561	12
2.243920	483	395	580	66
2.263451	475	420	588	13
2.282982	489	424	586	7
2.302514	510	402	579	11
2.322045	505	407	571	8
2.341576	489	411	583	4
2.362669	512	417	590	2
2.382200	500	446	578	28
2.401731	465	417	552	19
2.421263	475	395	553	16
2.440794	491	446	578	33
2.460325	504	457	598	6
2.479856	511	433	612	25
2.499388	491	406	600	11
2.518919	489	394	590	3
2.538450	471	396	573	5
2.565948	459	390	577	10
2.585479	497	406	595	12
2.605010	538	427	588	18
2.624542	526	405	563	2
2.644073	488	390	544	9
2.663604	473	419	558	17
2.683135	495	412	586	14
2.702667	518	402	597	13
2.722198	532	410	596	5
2.741729	513	426	572	28
2.751824	484	429	548	10
2.771355	474	424	551	8
2.790886	486	407	568	18
2.810417	508	395	580	13
2.829949	508	406	582	8
2.849480	478	423	575	12
2.869011	479	435	565	15
2.888542	480	432	544	7
2.908074	471	419	528	10
2.927605	491	404	544	11
2.950424	481	422	569	3
2.969955	476	413	594	22
2.989486	500	396	613	20
3.009017	501	404	605	11
3.028549	461	421	552	31
3.048080	455	427	539	5
3.067611	487	429	573	0
3.087142	517	419	599	21
3.106674	486	398	571	3
3.126205	470	416	555	17
3.142852	489	392	594	33
3.162383	500	417	626	1
3.181914	490	441	586	43
3.201446	465	402	543	18
3.220977	461	412	536	8
3.240508	461	434	553	12
3.260039	507	414	567	10
3.279571	540	414	581	10
3.299102	496	438	574	25
3.318633	440	429	564	23
3.337832	508	404	583	7
3.357363	486	452	572	40
3.376894	446	390	593	71
3.396425	478	411	617	11
3.415957	514	422	589	31
3.435488	486	426	540	24
3.455019	452	410	516	24
3.474550	470	410	564	3
3.494082	495	424	612	12
3.513613	499	436	594	21
3.693422	499	425	556	14
3.712953	507	407	572	22
3.732484	511	419	601	7
3.752016	504	427	570	25
3.771547	461	411	525	10
3.791078	450	415	547	6
3.810609	473	397	592	25
3.830141	458	427	596	14
3.849672	469	426	568	19
3.869203	491	414	561	0
3.733827	508	418	563	4
3.753358	479	414	562	7
3.772889	454	397	577	29
3.792420	455	405	606	9
3.811952	490	412	621	3
3.831483	535	411	600	13
3.851014	540	424	553	34
3.870545	462	432	494	4
3.890077	429	416	474	36
3.909608	466	410	536	18
3.923940	498	408	608	27
3.943471	512	400	646	32
3.963002	506	423	612	40
3.982533	471	429	531	39
4.002065	447	421	487	20
4.021596	450	415	527	1
4.041127	496	403	599	24
4.060658	535	409	635	21
4.080190	502	419	589	40
4.099721	475	418	536	17
4.119895	477	420	519	5
4.139426	477	413	550	12
4.158957	472	415	587	17
4.178488	475	401	602	18
4.198020	487	416	588	22
4.217551	494	419	564	16
4.237082	478	405	558	13
4.256613	481	419	567	8
4.276145	490	420	567	2
4.295676	483	421	573	3
4.314899	503	408	577	9
4.334430	496	426	552	26
4.353961	455	407	536	25
4.373492	461	400	559	9
4.393024	484	414	591	2
4.412555	491	411	594	2
4.432086	487	417	580	12
4.451617	487	409	559	3
4.471149	488	429	549	21
4.490680	482	422	558	11
4.509833	464	390	563	35
4.529364	476	420	553	33
4.548895	507	408	548	3
4.568427	527	395	550	13
4.587958	536	404	552	6
4.607489	533	429	555	21
4.627020	508	410	555	14
4.646552	481	394	569	23
4.666083	509	382	609	27
4.685614	559	418	654	14
4.817206	537	481	648	34
4.836737	447	437	573	25
4.856268	474	430	549	18
4.875799	485	455	565	15
4.895331	494	400	590	55
4.914862	498	364	601	35
4.934393	537	399	573	42
4.953924	555	433	565	26
4.973456	522	417	569	6
4.992987	501	372	585	47
4.901913	496	423	579	45
4.921444	525	434	576	10
4.940975	541	424	572	8
4.960506	500	388	571	27
4.980038	496	407	587	7
4.999569	519	402	590	5
5.019100	510	407	574	13
5.038631	483	422	556	17
5.058163	491	412	559	8
5.077694	523	396	580	22
5.095943	513	409	567	18
5.115474	510	391	552	10
5.135005	513	409	545	19
5.154536	517	396	558	16
5.174068	534	402	581	6
5.193599	547	424	594	6
5.213130	521	446	588	24
5.232661	488	449	577	7
5.252193	462	439	589	23
5.271724	483	430	611	14
5.290952	536	369	623	50
5.310483	517	425	599	59
5.330014	476	434	559	25
5.349545	504	381	544	37
5.369077	532	367	565	20
5.388608	525	423	581	42
5.408139	507	429	568	13
5.427670	514	406	547	11
5.447202	491	409	550	0
5.466733	491	419	571	0
5.486946	501	415	581	7
5.506477	474	435	560	21
5.526008	502	401	565	25
5.545539	545	364	596	49
5.565071	555	396	612	14
5.584602	515	429	582	50
5.604133	483	415	550	0
5.623664	500	405	547	5
5.643196	525	399	556	8
5.662727	505	416	569	10
5.684514	476	432	579	1
5.704045	488	398	580	24
5.723576	539	385	585	14
5.743108	520	409	570	30
5.762639	483	429	535	27
5.782170	472	435	532	1
5.801701	503	413	562	22
5.821233	497	407	590	20
5.840764	489	421	578	16
5.860295	502	413	544	10
5.876920	512	400	541	11
5.896451	511	402	583	15
5.915982	477	410	608	13
5.935513	472	423	599	13
5.955045	469	413	562	11
5.974576	495	411	555	7
5.994107	530	414	578	8
6.013638	492	414	589	6
6.033170	466	414	573	1
6.052701	504	400	564	0
6.073082	497	394	565	6
6.092613	500	402	582	0
6.112144	491	433	587	19
6.131675	493	444	568	20
6.151207	474	425	548	11
6.170738	473	408	566	21
6.190269	520	394	607	28
6.209800	539	392	630	18
6.229332	514	406	606	28
6.248863	485	416	547	36
6.268106	493	410	529	0
6.287637	507	418	555	1
6.307168	501	433	591	8
6.326699	485	417	595	16
6.346231	487	411	578	5
6.365762	505	416	579	5
6.385293	512	418	599	10
6.404824	491	419	585	8
6.424356	495	422	556	18
6.443887	496	417	539	1
6.462977	490	424	546	3
6.482508	496	422	569	10
6.502039	489	413	579	14
6.521570	475	428	582	6
6.541102	495	418	597	12
6.560633	502	420	601	0
6.580164	495	416	588	4
6.599695	478	425	571	13
6.619227	488	411	573	9
6.638758	490	420	583	2
6.673064	482	440	583	12
6.692595	470	409	588	29
6.712126	487	417	583	13
6.731658	494	421	553	19
6.751189	461	421	539	6
6.770720	477	419	569	6
6.790251	517	416	607	20
6.809783	499	439	605	16
6.829314	477	417	576	0
6.848845	478	416	558	8
6.862972	469	418	552	0
6.882503	464	421	575	9
6.902034	498	424	590	2
6.921566	518	422	590	0
6.941097	482	429	567	15
6.960628	465	423	556	5
6.980159	488	418	582	9
6.999691	508	405	611	26
7.019222	486	421	596	19
7.038753	461	402	569	7
7.057950	467	448	566	38
7.077481	480	421	583	24
7.097012	501	405	582	8
7.116544	473	421	547	23
7.136075	457	433	513	8
7.155606	474	425	539	2
7.175137	482	413	611	44
7.194669	520	401	664	45
7.214200	513	406	631	29
7.233731	457	436	547	59
7.254100	425	432	504	18
7.273631	473	412	537	8
7.293162	519	422	580	2
7.312694	459	406	572	19
7.332225	448	430	571	13
7.351756	509	426	600	3
7.371287	522	415	601	8
7.390819	466	408	551	11
7.410350	422	415	505	12
7.429881	430	446	520	26
7.448118	495	406	591	27
7.467649	528	400	639	36
7.487180	500	431	621	33
7.506711	468	415	561	19
7.526243	470	414	527	9
7.545774	470	431	537	13
7.565305	470	413	560	23
7.584836	501	419	581	1
7.604368	491	415	593	11
7.623899	486	409	601	10
7.645963	480	426	582	23
7.665494	466	415	554	0
7.685025	484	417	545	10
7.704556	491	424	555	4
7.724088	474	407	576	28
7.743619	476	415	592	2
7.763150	503	426	595	10
7.782681	508	425	577	11
7.802213	491	420	552	6
7.821744	470	407	559	19
7.839057	476	417	581	0
7.858588	488	426	592	2
7.878119	501	409	583	5
7.897650	498	422	576	14
7.917182	491	416	579	7
7.936713	481	411	580	6
7.956244	476	418	568	10
7.975775	482	421	574	1
7.995307	513	411	592	14
8.014838	509	431	579	23
8.034079	480	409	565	15
8.053610	476	413	575	2
8.073141	494	422	591	1
8.092673	495	420	581	4
8.112204	489	420	564	8
8.131735	487	410	565	9
8.151266	484	420	585	3
8.170798	502	419	596	4
8.190329	491	421	578	11
8.209860	489	420	562	7
8.230070	486	413	577	14
8.249601	493	415	593	6
8.269132	489	424	580	14
8.288663	479	416	559	1
8.308195	485	414	566	3
8.327726	510	422	590	4
8.347257	496	420	593	4
8.366788	483	415	575	4
8.386320	483	419	564	8
8.405851	501	427	572	5
8.415072	490	413	588	22
8.434603	482	409	579	0
8.454134	480	416	570	9
8.473665	482	415	577	3
8.493197	502	429	590	6
8.512728	522	430	584	4
8.532259	495	410	559	4
8.551790	471	405	560	10
8.571322	462	406	578	10
8.590853	478	437	590	21
8.705272	517	434	597	2
8.724803	514	391	602	35
8.744334	486	410	592	18
8.763865	460	441	560	31
8.783397	464	451	539	18
8.802928	499	385	554	52
8.822459	516	406	578	9
8.841990	506	434	588	15
8.861522	484	411	591	22
8.881053	474	420	581	10
8.825031	495	419	574	8
8.844562	506	410	588	14
8.864093	492	420	589	5
8.883625	474	422	567	9
8.903156	488	415	563	0
8.922687	491	420	577	2
8.942218	494	421	587	4
8.961750	485	417	574	2
8.981281	492	415	566	3
9.000812	484	420	579	4
9.006337	485	419	589	6
9.025868	495	420	575	10
9.045399	490	424	559	10
9.064930	483	415	574	16
9.084462	488	415	593	9
9.103993	480	417	594	0
9.123524	481	418	577	11
9.143055	495	421	565	11
9.162587	492	419	563	1
9.182118	485	421	573	4
9.197127	482	416	586	12
9.216658	493	420	594	0
9.236189	492	420	575	11
9.255720	475	416	558	0
9.275252	490	419	573	0
9.294783	492	420	590	8
9.314314	488	415	594	7
9.333845	492	421	578	15
9.353377	491	419	563	6
9.372908	489	419	570	3
9.392782	483	418	588	12
9.412313	477	416	590	4
9.431844	489	420	573	15
9.451375	496	419	566	4
9.470907	494	422	575	2
9.490438	493	417	587	11
9.509969	487	418	585	0
9.529500	482	420	572	7
9.549032	492	416	577	3
9.568563	500	421	592	4
9.588849	495	422	580	7
9.608380	486	415	564	0
9.627911	483	419	570	0
9.647443	482	418	588	11
9.666974	492	415	589	0
9.686505	490	420	571	13
9.706036	491	422	560	7
9.725568	486	413	583	20
9.745099	492	420	592	1
9.764630	491	422	568	15
9.899003	470	410	562	13
9.918534	491	422	586	2
9.938065	503	420	591	3
9.957597	482	416	573	3
9.977128	487	419	570	5
9.996659	489	424	575	1
10.016190	490	414	584	12
10.035722	483	418	576	6
10.055253	485	421	564	9
10.074784	488	418	573	6
9.980305	489	418	593	11
9.999836	496	422	588	7
10.019367	486	421	558	13
10.038898	476	412	564	13
10.058430	485	422	595	7
10.077961	501	420	598	1
10.097492	490	419	572	13
10.117023	482	416	560	1
10.136555	481	419	576	5
10.156086	487	420	589	5
10.175067	481	419	576	5
10.194598	488	418	567	5
10.214129	498	421	576	0
10.233660	495	417	583	7
10.253192	478	419	580	0
10.272723	485	418	582	0
10.292254	495	422	581	5
10.311785	489	420	576	0
10.331317	484	417	577	4
10.350848	469	412	585	12
10.370028	482	428	579	19
10.389559	493	418	573	2
10.409090	481	419	572	1
10.428622	478	421	574	0
10.448153	477	420	571	0
10.467684	473	421	565	2
10.487215	489	422	565	5
10.506747	481	423	570	3
10.526278	478	418	576	8
10.545809	477	410	585	11
10.569062	486	428	579	19
10.588593	484	422	573	1
10.608124	479	416	578	8
10.627656	478	426	577	8
10.647187	481	413	565	3
10.666718	483	418	560	7
10.686249	483	424	574	2
10.705781	480	417	587	13
10.725312	479	422	574	11
10.744843	480	407	569	9
10.777597	483	422	579	7
10.797128	488	421	591	6
10.816659	498	423	580	9
10.836190	488	416	562	2
10.855722	460	414	569	13
10.875253	477	418	579	4
10.894784	475	419	570	4
10.914315	471	415	554	2
10.933847	485	418	571	0
10.953378	489	423	599	12
10.957788	470	405	590	12
10.977319	472	420	569	23
10.996850	482	429	554	17
11.016382	494	418	557	8
11.035913	480	415	577	15
11.055444	467	420	585	4
11.074975	469	414	584	3
11.094507	477	423	569	17
11.114038	488	421	562	4
11.133569	488	421	561	0
11.154663	469	416	571	14
11.174194	467	418	584	6
11.193725	483	426	580	13
11.213257	493	416	576	3
11.232788	487	421	575	3
11.252319	476	427	562	8
11.271850	465	416	554	9
11.291382	462	418	561	2
11.310913	481	421	588	5
11.330444	487	420	592	1
11.348629	480	419	566	12
11.368160	476	421	558	4
11.387691	485	420	576	7
11.407223	479	421	591	9
11.426754	470	420	583	1
11.446285	475	419	567	9
11.465816	478	419	563	2
11.485348	481	424	560	6
11.504879	468	412	572	19
11.524410	469	419	585	1
11.586505	492	421	589	4
11.606036	491	423	579	7
11.625567	480	418	564	1
11.645098	471	420	555	2
11.664630	473	418	570	7
11.684161	481	419	590	8
11.703692	487	423	588	5
11.723223	489	421	564	12
11.742755	477	423	555	2
11.762286	465	415	571	18
11.757369	469	415	590	8
11.776900	482	422	596	4
11.796431	483	419	584	5
11.815963	486	423	561	16
11.835494	478	419	547	0
11.855025	468	420	565	9
11.874556	474	421	591	11
11.894088	491	425	592	6
11.913619	491	417	563	10
11.933150	467	424	547	4
11.935147	461	414	571	20
11.954678	474	414	596	9
11.974209	477	420	597	4
11.993741	488	424	566	24
12.013272	490	420	550	4
12.032803	476	421	562	7
12.052334	458	416	583	21
12.071866	464	419	585	3
12.091397	480	420	575	11
12.110928	499	423	576	5
12.131686	491	421	567	2
12.151217	465	417	562	8
12.170748	460	422	563	1
12.190279	477	423	583	3
12.209811	496	420	588	1
12.229342	484	420	571	7
12.248873	472	423	563	2
12.268404	472	419	576	9
12.287936	474	424	587	1
12.307467	478	419	572	5
12.325627	481	420	560	7
12.345158	480	420	569	4
12.364689	480	419	583	8
12.384221	482	425	578	8
12.403752	477	421	572	1
12.423283	475	416	575	6
12.442814	480	425	580	5
12.462346	472	421	573	1
12.481877	481	421	566	6
12.501408	483	420	566	0
12.522626	468	417	577	12
12.542157	469	417	587	5
12.561688	467	419	590	1
12.581219	483	420	574	14
12.600751	498	423	556	14
12.620282	476	420	546	4
12.639813	456	418	564	16
12.659344	471	420	590	6
12.678876	489	420	597	0
12.698407	488	419	579	10
12.720194	477	421	559	8
12.739725	464	416	552	6
12.759256	462	416	574	10
12.778787	488	423	593	2
12.798319	494	421	576	10
12.817850	469	415	556	2
12.837381	476	416	558	2
12.856912	484	423	583	4
12.876444	489	419	596	10
12.895975	490	415	585	4
12.912570	479	417	565	9
12.932101	477	410	563	5
12.951632	477	427	571	10
12.971164	475	422	576	7
12.990695	464	412	576	11
13.010226	461	432	565	19
13.029757	468	421	558	2
13.049289	476	422	560	2
13.068820	469	422	568	6
13.088351	477	408	576	12
13.105693	504	411	586	1
13.125224	517	415	598	4
13.144755	480	428	593	8
13.164286	469	420	562	7
13.183818	466	404	548	9
13.203349	466	420	563	7
13.222880	481	411	581	11
13.242411	483	419	583	5
13.261943	499	428	573	15
13.281474	488	432	565	5
13.302904	478	428	558	2
13.322435	482	402	562	22
13.341966	475	415	583	1
13.361497	468	416	600	11
13.381029	473	417	582	13
13.400560	473	423	547	21
13.420091	468	418	526	1
13.439622	470	423	537	3
13.459154	479	417	571	15
13.478685	491	414	602	18
13.496244	483	414	612	8
13.515775	469	416	592	10
13.535306	471	419	558	20
13.554837	482	425	545	13
13.574369	482	423	550	3
13.593900	464	410	564	22
13.613431	469	419	578	2
13.632962	484	420	592	3
13.652494	501	428	578	17
13.672025	478	412	548	4
13.697401	473	405	555	10
13.716932	455	425	581	3
13.736463	480	422	599	4
13.755995	490	419	578	13
13.775526	485	418	551	10
13.795057	467	417	541	3
13.814588	462	417	564	10
13.834120	484	418	598	11
13.853651	493	418	597	2
13.873182	487	421	566	19
13.902550	471	417	555	3
13.922081	465	414	568	10
13.941612	475	419	574	4
13.961143	488	421	565	9
13.980675	483	420	565	2
14.000206	472	417	572	9
14.019737	469	413	575	5
14.039268	482	417	584	2
14.058800	489	417	588	0
14.078331	478	420	566	11
14.096292	470	422	541	8
14.115823	467	419	542	4
14.135354	476	413	567	11
14.154886	475	419	595	11
14.174417	485	416	602	4
14.193948	490	422	581	18
14.213479	490	417	564	5
14.233011	475	417	553	0
14.252542	471	423	552	4
14.272073	456	418	562	14
14.279287	474	415	591	10
14.298818	504	416	593	4
14.318349	503	427	567	24
14.337880	454	419	545	12
14.357412	463	416	556	1
14.376943	486	418	586	6
14.396474	492	417	600	8
14.416005	502	421	588	12
14.435537	463	410	560	3
14.455068	440	420	548	0
14.473348	475	423	564	12
14.492879	500	415	580	9
14.512410	487	416	572	3
14.531941	470	420	561	3
14.551473	475	416	564	2
14.571004	466	416	583	12
14.590535	470	413	602	12
14.610066	502	417	591	16
14.629598	500	427	552	29
14.649129	472	423	521	3
14.743262	466	419	536	8
14.762793	460	407	582	29
14.782324	487	428	617	0
14.801856	531	412	614	7
14.821387	473	416	569	25
14.840918	433	423	542	4
14.860449	436	415	564	11
14.879981	484	412	610	9
14.899512	509	420	612	6
14.919043	499	418	589	13
14.866554	483	413	561	7
14.886085	466	426	549	9
14.905616	443	415	566	26
14.925148	446	431	593	1
14.944679	512	431	589	20
14.964210	505	414	561	1
14.983741	482	423	540	11
15.003273	431	424	557	29
15.022804	459	447	577	21
15.042335	505	410	569	10
15.060252	501	406	556	1
15.079783	463	430	560	8
15.099314	462	425	569	8
15.118845	444	437	575	3
15.138377	442	475	571	20
15.157908	461	415	569	24
15.177439	515	343	587	61
15.196970	494	345	610	9
15.216502	424	497	584	79
15.236033	486	536	536	71
15.255104	517	408	520	61
15.274635	439	316	541	106
15.294166	454	390	584	58
15.313698	432	535	582	44
15.333229	494	511	576	42
15.352760	430	405	583	85
15.372291	526	329	570	40
15.391823	503	282	562	43
15.411354	356	412	553	45
15.430885	432	624	550	46
15.451319	505	583	576	46
15.470850	434	321	573	119
15.490381	442	103	597	208
15.509912	423	305	586	186
15.529444	442	674	534	59
15.548975	565	628	493	48
15.568506	405	293	549	117
15.588037	531	262	588	15
15.607569	467	362	569	95
15.627100	344	572	520	11
15.646945	462	591	505	84
15.666476	514	509	528	77
15.686007	458	334	585	183
15.705539	452	254	628	89
15.725070	346	447	592	93
15.744601	422	628	521	48
15.764132	447	517	479	74
15.783664	477	404	514	40
15.803195	423	286	565	135
15.822726	409	389	588	71
15.841167	425	585	548	58
15.860698	415	538	495	17
15.880229	429	410	487	32
15.899760	423	362	529	41
15.919292	430	405	572	27
15.938823	409	491	567	28
15.958354	423	545	519	23
15.977885	427	480	493	2
15.997417	440	373	525	64
16.016948	451	388	565	9
16.037449	439	483	559	56
16.056980	412	460	546	26
16.076511	406	441	530	11
16.096042	393	480	533	3
16.115574	414	464	556	7
16.135105	419	422	568	23
16.154636	440	440	540	35
16.174167	448	446	507	13
16.193699	418	439	505	27
16.213230	416	434	531	5
16.232314	417	483	554	17
16.251845	401	517	566	15
16.271376	424	455	575	1
16.290907	419	422	544	10
16.310439	381	478	502	2
16.329970	378	449	487	14
16.349501	359	458	504	12
16.369032	320	551	549	36
16.388564	299	610	610	54
16.408095	282	574	669	31
16.427486	397	454	643	101
16.447017	355	465	592	1
16.466548	333	560	563	9
16.486079	307	545	554	19
16.505611	329	515	538	26
16.525142	350	456	564	5
16.544673	334	401	595	46
16.564204	395	408	623	33
16.583736	470	415	598	55
16.603267	527	395	545	13
16.623519	587	388	507	22
16.643050	668	387	480	57
16.662581	725	350	454	71
16.682112	643	302	422	10
16.701644	578	344	429	64
16.721175	609	419	461	54
16.740706	666	441	479	29
16.760237	615	437	489	43
16.779769	632	462	529	1
16.799300	669	480	558	35
16.818433	653	453	564	5
16.837964	605	433	551	33
16.857495	550	461	538	59
16.877027	548	500	535	24
16.896558	505	509	533	22
16.916089	497	510	559	27
16.935620	526	532	582	24
16.955152	561	423	575	45
16.974683	482	299	565	101
16.994214	572	337	589	21
17.028676	570	431	574	83
17.048207	634	399	558	55
17.067738	672	393	544	29
17.087270	685	443	532	14
17.106801	608	514	523	90
17.126332	588	523	495	17
17.145863	615	485	493	29
17.165395	678	437	546	77
17.184926	623	438	560	43
17.204457	512	505	578	75
17.208145	427	455	595	65
17.227676	504	429	641	21
17.247207	507	441	702	49
17.266738	518	413	728	34
17.286270	518	473	647	97
17.305801	588	444	610	0
17.325332	627	371	561	46
17.344863	569	435	512	92
17.364395	505	424	492	5
17.383926	497	405	538	20
17.404505	553	408	611	38
17.424036	577	441	642	12
17.443567	557	410	590	25
17.463099	505	390	540	10
17.482630	501	400	534	10
17.502161	510	416	552	10
17.521692	559	383	570	45
17.541224	577	385	566	3
17.560755	527	361	538	1
17.580286	502	379	529	19
17.600675	487	385	554	1
17.620206	617	367	606	66
17.639737	680	365	628	49
17.659268	670	424	615	43
17.678800	736	439	605	45
17.698331	396	427	537	107
17.717862	508	667	630	48
17.737393	501	387	484	66
17.756925	585	357	504	42
17.776456	550	480	532	117
17.795333	513	474	595	37
17.814864	524	274	643	180
17.834395	610	296	679	18
17.853926	561	438	604	162
17.873458	581	460	497	40
17.892989	538	391	437	57
17.912520	494	394	452	11
17.932051	517	392	545	9
17.951583	562	392	633	53
17.971114	571	427	659	2
17.990386	551	423	606	44
18.009917	537	385	550	0
18.029448	526	402	519	23
18.048980	541	417	514	11
18.068511	544	411	518	6
18.088042	554	397	548	21
18.107573	567	396	568	12
18.127105	583	411	579	0
18.146636	543	426	572	31
18.166167	532	391	578	29
18.244960	528	403	573	13
18.264491	537	438	554	37
18.284022	543	411	552	24
18.303554	572	365	555	51
18.323085	539	415	545	58
18.342616	529	420	558	1
18.362147	535	401	594	35
18.381679	573	376	616	41
18.401210	555	384	594	23
18.420741	571	422	549	44
18.382913	568	421	492	5
18.402444	535	409	465	6
18.421975	510	392	483	7
18.441506	549	389	551	10
18.461038	565	420	584	5
18.480569	551	411	568	6
18.500100	538	390	569	15
18.519631	528	402	564	14
18.539163	552	397	557	7
18.558694	544	392	557	2
18.578430	528	407	545	20
18.597961	548	390	537	18
18.617492	542	410	508	23
18.637023	522	404	491	4
18.656555	532	380	517	23
18.676086	540	389	546	2
18.695617	540	393	548	3
18.715148	534	395	520	8
18.734680	531	393	498	1
18.754211	541	367	505	26
18.773492	533	333	518	32
18.793023	530	322	500	10
18.812554	582	344	500	8
18.832086	638	400	526	13
18.851617	722	413	583	73
18.871148	716	483	642	0
18.890679	258	515	624	33
18.910211	876	669	569	122
18.929742	261	393	561	118
18.949273	725	326	637	27
18.967406	720	140	589	123
18.986937	551	340	557	251
19.006468	547	469	490	122
19.026000	556	401	436	81
19.045531	537	364	414	37
19.065062	536	427	475	83
19.084593	536	392	540	29
19.104125	541	377	609	43
19.123656	578	408	637	6
19.143187	556	415	577	50
19.162837	521	385	511	2
19.182368	527	392	502	5
19.201899	542	406	553	3
19.221431	562	407	584	19
19.240962	554	405	554	14
19.260493	542	400	521	6
19.280024	534	401	522	2
19.299556	541	401	551	7
19.319087	551	402	570	9
19.338618	546	405	557	9
19.357439	536	398	538	1
19.376970	534	396	538	1
19.396501	541	401	556	1
19.416033	543	402	564	2
19.435564	541	397	560	2
19.455095	535	400	550	7
19.474626	538	398	552	3
19.494158	540	404	558	2
19.513689	547	401	563	6
19.533220	541	407	551	11
19.562347	535	404	533	3
19.581878	532	403	527	0
19.601409	531	400	551	8
19.620940	537	402	571	7
19.640472	534	400	563	2
19.660003	534	405	539	12
19.679534	530	404	531	1
19.699065	540	406	551	5
19.718597	539	409	559	0
19.738128	534	401	550	2
19.759599	534	403	545	3
19.779130	526	392	540	8
19.798661	530	396	537	3
19.818192	543	407	546	5
19.837724	545	407	552	2
19.857255	550	407	536	2
19.876786	533	402	514	2
19.896317	543	396	519	8
19.915849	545	401	552	2
19.935380	546	390	572	17
19.945905	546	392	580	1
19.965436	555	402	579	6
19.984967	542	395	559	6
20.004498	558	403	536	8
20.024030	529	398	507	5
20.043561	544	386	543	18
20.063092	547	404	577	2
20.082623	551	401	582	6
20.102155	563	399	540	9
20.121686	552	413	509	20
20.139246	529	393	509	13
20.158777	536	391	542	6
20.178308	538	397	560	0
20.197839	543	395	559	2
20.217371	562	406	559	3
20.236902	522	388	524	1
20.256433	523	388	523	0
20.275964	523	389	550	4
20.295496	540	394	579	9
20.315027	560	407	577	6
20.395586	552	409	533	20
20.415117	512	396	506	3
20.434648	524	392	530	5
20.454180	535	402	560	0
20.473711	540	400	562	3
20.493242	527	402	537	12
20.512773	527	401	533	0
20.532305	527	405	545	0
20.551836	519	398	555	9
20.571367	517	396	558	2
20.530223	518	398	551	4
20.549754	520	399	544	2
20.569285	522	407	547	6
20.588816	520	401	555	8
20.608348	516	400	554	0
20.627879	516	402	550	3
20.647410	521	405	545	4
20.666941	517	403	549	2
20.686473	515	403	551	0
20.706004	511	398	549	4
20.727006	513	403	556	2
20.746537	515	404	557	0
20.766068	517	405	546	4
20.785599	512	404	547	1
20.805131	510	400	554	6
20.824662	511	402	555	1
20.844193	512	402	554	0
20.863724	506	400	555	2
20.883256	502	395	554	4
20.902787	508	401	556	5
20.933755	505	400	561	2
20.953286	506	399	558	0
20.972817	512	403	551	6
20.992348	511	411	549	8
21.011880	510	404	541	4
21.031411	500	402	536	1
21.050942	505	403	555	4
21.070473	510	402	569	6
21.090005	510	408	567	6
21.109536	503	401	552	0
21.145783	504	401	542	3
21.165314	503	405	542	3
21.184845	504	401	550	6
21.204376	502	401	547	0
21.223908	506	403	551	0
21.243439	506	403	562	4
21.262970	510	404	557	3
21.282501	505	404	540	5
21.302033	503	402	537	1
21.321564	507	401	552	4
21.326026	505	401	560	3
21.345557	503	401	561	0
21.365088	505	400	563	1
21.384619	508	401	557	3
21.404151	502	399	551	0
21.423682	500	399	549	0
21.443213	506	399	540	2
21.462744	499	398	533	0
21.482276	501	402	548	0
21.501807	507	401	568	8
21.519863	508	402	565	2
21.539394	504	401	544	6
21.558925	501	398	533	0
21.578456	505	403	549	1
21.597988	504	399	557	6
21.617519	498	400	542	5
21.637050	497	401	537	2
21.656581	509	404	557	2
21.676113	505	401	562	4
21.695644	504	400	544	5
21.717476	498	403	531	5
21.737007	502	398	542	6
21.756538	506	409	558	5
21.776069	496	400	548	5
21.795601	505	403	536	6
21.815132	499	401	539	3
21.834663	498	399	551	5
21.854194	491	399	548	0
21.873726	496	398	546	0
21.893257	500	403	551	3
21.911202	494	397	543	4
21.930733	502	400	532	6
21.950264	497	405	533	4
21.969795	492	399	541	8
21.989327	488	394	533	3
22.008858	509	402	535	9
22.028389	505	408	542	3
22.047920	502	401	555	10
22.067452	491	398	548	1
22.086983	489	400	525	6
22.158638	498	398	524	0
22.178169	501	401	541	0
22.197700	493	394	550	10
22.217232	488	399	534	7
22.236763	496	403	528	6
22.256294	500	400	531	2
22.275825	490	394	538	8
22.295357	486	392	539	2
22.314888	487	401	536	9
22.334419	499	404	531	5
22.292997	494	395	522	8
22.312528	478	394	525	4
22.332059	484	402	540	6
22.351590	498	406	544	5
22.371122	493	398	529	5
22.390653	484	403	516	4
22.410184	485	405	518	2
22.429715	507	395	533	8
22.449247	474	403	533	1
22.468778	481	406	528	5
22.486998	487	400	523	3
22.506529	488	406	516	6
22.526060	485	397	519	9
22.545592	475	394	533	7
22.565123	474	403	544	5
22.584654	478	402	530	3
22.604185	484	403	513	3
22.623717	484	407	510	3
22.643248	465	390	519	22
22.662779	462	402	524	9
22.691897	469	416	521	15
22.711428	489	397	516	11
22.730959	457	393	516	13
22.750490	451	405	519	7
22.770022	455	407	545	0
22.789553	487	407	556	7
22.809084	459	411	509	2
22.828615	458	416	474	2
22.848147	466	411	472	1
22.867678	451	410	500	1
22.888933	443	420	520	4
22.908464	437	422	512	1
22.927995	460	412	499	3
22.947526	478	416	501	11
22.967058	464	407	496	14
22.986589	435	416	496	7
23.006120	420	448	490	9
23.025651	502	426	515	27
23.045183	508	406	530	20
23.064714	436	426	494	8
23.083109	421	436	477	7
23.102640	454	420	504	14
23.122171	458	417	530	1
23.141702	447	426	510	2
23.161234	468	439	485	18
23.180765	453	448	471	6
23.200296	459	461	463	7
23.219827	439	409	464	46
23.239359	454	401	485	6
23.258890	446	424	502	17
23.468863	586	397	431	48
23.488394	594	407	467	18
23.507925	517	463	514	91
23.527457	609	483	593	80
23.546988	515	405	639	36
23.566519	458	370	678	58
23.586050	565	220	682	116
23.605582	494	314	656	96
23.625113	403	454	620	81
23.644644	481	398	536	43
23.662529	446	354	481	53
23.682060	433	411	452	32
23.701591	481	443	445	40
23.721123	435	383	459	58
23.740654	481	409	499	50
23.760185	473	416	517	4
23.779716	481	406	527	7
23.799248	467	406	510	3
23.818779	469	408	494	1
23.838310	466	419	488	7
23.858980	465	416	498	1
23.878511	482	407	518	1
23.898042	487	418	516	12
23.917573	475	425	505	2
23.937105	459	405	516	24
23.956636	458	379	516	24
23.976167	484	421	484	44
23.995698	472	413	482	11
24.015230	470	393	502	15
24.034761	484	407	502	17
24.056944	436	437	490	0
24.076475	457	424	505	5
24.096006	475	389	515	24
24.115537	471	413	492	19
24.135069	481	412	491	2
24.154600	457	397	505	20
24.174131	467	408	497	13
24.193662	477	419	488	12
24.213194	448	397	494	30
24.232725	486	413	504	30
24.249988	470	406	494	12
24.269519	465	420	478	6
24.289050	451	409	474	16
24.308582	437	408	490	4
24.328113	461	399	510	6
24.347644	456	400	511	1
24.367175	436	397	495	13
24.386707	437	418	484	15
24.406238	475	423	495	25
24.425769	458	418	514	10
24.449183	440	497	526	33
24.468714	472	552	543	10
24.488245	428	567	592	63
24.507776	479	550	617	11
24.527308	392	593	618	62
24.546839	339	572	564	10
24.566370	279	442	549	55
24.585901	340	389	533	33
24.605433	370	352	479	3
24.624964	457	302	445	10
24.640967	471	233	425	67
24.660498	493	225	420	6
24.680029	598	249	439	15
24.699560	649	236	447	28
24.719092	668	225	421	24
24.738623	615	249	419	41
24.758154	615	367	482	116
24.777685	590	488	550	90
24.797217	657	571	616	97
24.816748	655	652	688	78
24.825258	712	663	770	93
24.844789	744	578	808	22
24.864320	760	515	724	55
24.883852	378	572	645	128
24.903383	428	578	567	77
24.922914	548	411	530	11
24.942445	612	285	523	139
24.961977	645	273	506	25
24.981508	473	379	476	130
25.001039	510	400	525	30
25.036770	366	319	510	129
25.056301	303	441	549	18
25.075832	481	425	584	106
25.095363	571	373	613	64
25.114895	543	391	589	34
25.134426	485	462	569	66
25.153957	472	538	556	15
25.173488	462	474	511	2
25.193020	403	233	463	240
25.212551	515	242	512	33
25.230145	541	397	556	143
25.249676	579	508	591	22
25.269207	561	464	597	5
25.288738	526	392	567	23
25.308270	480	396	526	11
25.327801	479	419	514	22
25.347332	487	441	514	23
25.366863	489	419	526	21
25.386395	468	389	555	40
25.405926	490	408	588	6
25.619524	475	389	562	7
25.639055	461	416	529	27
25.658586	458	417	496	0
25.678118	476	397	511	10
25.697649	472	402	529	2
25.717180	451	401	539	11
25.736711	496	396	540	9
25.756243	479	394	523	2
25.775774	447	408	503	0
25.795305	472	375	492	21
25.809076	448	307	495	71
25.828607	465	367	511	62
25.848138	532	421	542	54
25.867670	530	427	597	23
25.887201	579	459	661	50
25.906732	552	469	678	4
25.926263	470	481	620	56
25.945795	433	475	555	22
25.965326	560	355	491	68
25.984857	521	212	450	140
26.005274	415	336	447	95
26.024805	446	488	508	140
26.044336	502	431	565	26
26.063868	517	387	596	53
26.083399	517	407	564	33
26.102930	471	409	513	6
26.122461	452	405	499	12
26.141993	458	401	526	0
26.161524	471	409	564	1
26.181055	485	420	575	7
26.286561	506	413	553	7
26.306092	483	410	533	0
26.325623	460	421	537	0
26.345155	472	418	558	4
26.364686	496	400	575	17
26.384217	477	401	572	1
26.403748	470	415	571	9
26.423280	470	426	568	10
26.442811	494	415	568	2
26.462342	510	404	551	1
26.404115	474	413	527	7
26.423646	471	423	534	6
26.443177	493	405	556	16
26.462708	489	401	575	12
26.482240	471	411	588	3
26.501771	471	416	591	1
26.521302	487	415	567	16
26.540833	499	412	543	8
26.560365	507	413	532	4
26.579896	495	411	546	6
26.626765	477	401	564	19
26.646296	467	410	580	3
26.665827	469	419	587	3
26.685359	475	402	574	4
26.704890	471	406	556	9
26.724421	496	412	558	10
26.743952	466	390	550	24
26.763484	469	413	536	25
26.783015	511	432	550	21
26.802546	509	388	563	45
26.821129	462	415	557	16
26.840660	464	421	554	6
26.860191	485	405	561	9
26.879723	482	400	567	7
26.899254	466	404	570	2
26.918785	488	424	574	20
26.938316	481	402	563	14
26.957848	459	407	548	2
26.977379	476	418	548	16
26.996910	498	409	554	5
26.982108	482	399	561	14
27.001639	463	416	563	7
27.021170	471	414	559	3
27.040701	484	419	560	7
27.060233	477	416	561	4
27.079764	471	404	558	11
27.099295	468	410	554	5
27.118826	474	418	561	6
27.138358	474	416	567	4
27.157889	469	415	556	2
27.179199	468	412	544	1
27.198730	472	417	547	4
27.218261	477	415	555	2
27.237792	475	413	555	2
27.257324	465	419	548	3
27.276855	458	419	545	2
27.296386	468	413	552	2
27.315917	468	415	559	0
27.335449	467	417	559	1
27.354980	467	419	548	5
27.472497	467	421	544	2
27.492028	467	412	551	9
27.511559	459	416	560	3
27.531090	460	419	562	2
27.550622	468	416	555	3
27.570153	472	419	548	6
27.589684	466	417	550	4
27.609215	468	417	550	0
27.628747	477	420	547	6
27.648278	466	413	540	8
27.474270	467	421	544	6
27.493801	467	412	551	9
27.513332	459	416	560	3
27.532863	460	419	562	2
27.552395	468	416	555	3
27.571926	472	419	548	6
27.591457	466	417	550	4
27.610988	468	417	550	0
27.630520	477	420	547	6
27.650051	466	413	540	8
27.475422	467	421	544	6
27.494953	467	412	551	9
27.514484	459	416	560	3
27.534015	460	419	562	2
27.553547	468	416	555	3
27.573078	472	419	548	6
27.592609	466	417	550	4
27.612140	468	417	550	0
27.631672	477	420	547	6
27.651203	466	413	540	8
27.963938	452	400	576	29
27.983469	458	407	584	3
28.003000	472	411	575	12
28.022532	475	405	553	5
28.042063	470	412	524	11
28.061594	463	414	511	0
28.081125	479	416	527	6
28.100657	463	409	530	12
28.120188	459	409	525	1
28.139719	459	413	534	2
27.965622	452	400	576	27
27.985153	458	407	584	3
28.004684	472	411	575	12
28.024215	475	405	553	5
28.043747	470	412	524	11
28.063278	463	414	511	0
28.082809	479	416	527	6
28.102340	463	409	530	12
28.121872	459	409	525	1
28.141403	459	413	534	2
27.980371	457	413	562	9
27.999902	450	414	569	5
28.019433	461	415	553	12
28.038965	470	410	543	2
28.058496	465	412	536	1
28.078027	468	413	532	2
28.097558	460	409	526	6
28.117090	460	413	526	3
28.136621	457	417	532	1
28.156152	457	407	542	10
28.161204	456	410	559	3
28.180735	454	418	563	3
28.200266	460	416	543	8
28.219797	453	406	528	8
28.239329	440	416	543	1
28.258860	448	419	552	4
28.278391	461	420	546	9
28.297922	470	416	516	5
28.317454	443	409	494	20
28.336985	448	401	511	2
28.356142	436	406	566	13
28.375673	434	419	600	8
28.395204	454	427	597	16
28.414736	479	416	557	22
28.434267	472	415	519	5
28.453798	459	424	496	1
28.473329	438	431	502	6
28.492861	462	427	535	8
28.512392	466	426	561	7
28.531923	453	425	561	6
28.582811	436	427	542	1
28.602342	422	424	546	12
28.621873	433	436	552	13
28.641404	451	427	543	7
28.660936	456	428	531	6
28.680467	455	436	529	6
28.699998	453	440	519	3
28.719529	434	423	529	26
28.739061	424	430	546	5
28.758592	437	446	552	17
28.830357	448	428	528	0
28.849888	437	434	512	1
28.869419	435	436	522	0
28.888951	447	432	541	1
28.908482	445	438	546	1
28.928013	425	429	540	18
28.947544	420	435	535	1
28.967076	427	429	539	0
28.986607	476	428	539	26
29.006138	456	441	524	4
28.949033	430	437	515	19
28.968564	424	422	529	15
28.988095	432	419	551	1
29.007627	429	434	553	7
29.027158	432	435	539	6
29.046689	427	419	534	13
29.066220	433	421	545	2
29.085752	431	432	548	5
29.105283	443	431	543	8
29.124814	434	414	541	17
29.131725	428	420	545	0
29.151256	437	435	544	16
29.170787	436	438	538	2
29.190319	427	417	538	20
29.209850	429	423	534	6
29.229381	434	440	526	16
29.248912	418	425	528	22
29.268444	407	420	539	13
29.287975	416	424	548	7
29.307506	414	450	540	15
29.337299	413	443	525	2
29.356830	427	422	522	2
29.376361	431	430	531	7
29.395892	439	442	533	13
29.415424	447	454	517	16
29.434955	421	449	509	23
29.454486	414	446	516	7
29.474017	433	449	525	16
29.493549	418	455	517	8
29.513080	390	473	509	18
29.524355	403	454	516	4
29.543886	432	441	529	15
29.563417	449	448	528	17
29.582948	436	470	517	4
29.602480	410	487	508	18
29.622011	409	486	518	1
29.641542	416	460	536	5
29.661073	406	449	544	15
29.680605	405	462	547	4
29.700136	399	469	554	4
29.946724	457	459	571	31
29.966255	418	471	560	16
29.985786	403	504	557	4
30.005317	443	491	578	20
30.024849	441	499	586	5
30.044380	397	483	562	25
30.063911	400	470	554	1
30.083442	417	487	579	7
30.102974	434	506	582	13
30.122505	413	495	549	2
29.948185	457	459	571	10
29.967716	418	471	560	16
29.987247	403	504	557	4
30.006778	443	491	578	20
30.026310	441	499	586	5
30.045841	397	483	562	25
30.065372	400	470	554	1
30.084903	417	487	579	7
30.104435	434	506	582	13
30.123966	413	495	549	2
30.011056	457	459	571	10
30.030587	418	471	560	16
30.050118	403	504	557	4
30.069649	443	491	578	20
30.089181	441	499	586	5
30.108712	397	483	562	25
30.128243	400	470	554	1
30.147774	417	487	579	7
30.167306	434	506	582	13
30.186837	413	495	549	2
30.117093	440	496	541	27
30.136624	424	495	566	25
30.156155	410	497	585	21
30.175687	422	494	586	8
30.195218	403	472	561	8
30.214749	417	479	556	16
30.234280	395	518	562	17
30.253812	404	521	577	1
30.273343	425	477	582	9
30.292874	417	486	572	1
30.304791	384	496	553	20
30.324322	374	497	546	7
30.343853	444	487	560	56
30.363384	456	513	572	4
30.382916	397	544	563	47
30.402447	380	508	564	12
30.421978	418	478	579	21
30.441509	422	488	574	8
30.461041	406	507	558	3
30.480572	391	512	551	11
30.499830	407	509	569	7
30.519361	417	492	579	1
30.538892	405	481	564	4
30.558424	404	499	556	5
30.577955	406	529	561	0
30.597486	429	522	564	19
30.617017	429	481	559	1
30.636549	410	488	550	11
30.656080	415	521	544	8
30.675611	420	504	544	4
30.695694	426	513	562	1
30.715225	422	508	568	6
30.734756	416	501	558	0
30.754287	398	523	555	15
30.773819	389	519	560	9
30.793350	401	487	553	11
30.812881	419	488	551	17
30.832412	411	515	554	5
30.851944	415	524	555	2
30.871475	418	505	553	3
30.889805	425	492	563	0
30.909336	399	502	565	22
30.928867	388	515	557	6
30.948399	411	495	564	17
30.967930	404	495	568	7
30.987461	393	523	554	3
31.006992	408	517	548	16
31.026524	403	483	556	10
31.046055	403	490	569	3
31.065586	416	516	563	16
31.170674	428	503	546	17
31.190205	420	482	545	11
31.209736	397	505	550	19
31.229268	405	504	553	6
31.248799	413	479	552	3
31.268330	414	480	556	0
31.287861	381	489	564	30
31.307393	388	498	564	7
31.326924	442	486	566	43
31.346455	444	479	550	7
31.287650	406	495	544	27
31.307181	379	494	558	29
31.326712	395	477	572	5
31.346243	426	459	571	19
31.365775	416	495	555	10
31.385306	399	503	547	12
31.404837	397	471	563	13
31.424368	407	487	576	6
31.443900	431	479	566	22
31.463431	423	460	555	8
31.566137	404	501	562	7
31.585668	418	515	570	9
31.605199	428	476	559	7
31.624731	427	470	548	1
31.644262	395	494	556	24
31.663793	405	495	571	2
31.683324	426	481	562	19
31.702856	425	495	541	10
31.722387	381	507	534	39
31.741918	372	485	556	16
31.593815	404	501	562	29
31.613346	418	515	570	9
31.632877	428	476	559	7
31.652409	427	470	548	1
31.671940	395	494	556	24
31.691471	405	495	571	2
31.711002	426	481	562	19
31.730534	425	495	541	10
31.750065	381	507	534	39
31.769596	372	485	556	16
31.683854	402	497	584	16
31.703385	431	507	583	24
31.722916	432	485	559	11
31.742447	397	467	540	29
31.761979	370	490	539	19
31.781510	395	500	558	19
31.801041	420	495	569	16
31.820572	406	482	564	12
31.840104	382	496	550	14
31.859635	366	511	539	12
32.066258	402	531	566	24
32.085789	402	520	569	0
32.105320	413	515	570	9
32.124851	413	502	567	1
32.144383	416	492	574	2
32.163914	424	484	590	4
32.183445	438	480	605	2
32.202976	448	477	609	1
32.222508	449	475	601	6
32.242039	446	473	594	2
32.293945	442	481	595	0
32.313476	438	498	590	4
32.333007	431	567	558	0
32.352539	417	406	565	43
32.372070	432	487	579	44
32.391601	441	493	591	0
32.411132	428	500	584	3
32.430664	418	503	592	12
32.450195	452	508	594	22
32.469726	460	521	591	6
32.541183	442	481	595	17
32.560714	438	498	590	4
32.580245	431	567	558	0
32.599777	417	406	565	43
32.619308	432	487	579	44
32.638839	441	493	591	0
32.658370	428	500	584	3
32.677902	418	503	592	12
32.697433	452	508	594	22
32.716964	460	521	591	6
32.600091	459	532	584	3
32.619622	469	515	569	20
32.639153	476	503	557	13
32.658684	464	506	549	2
32.678216	489	499	548	16
32.697747	501	477	552	9
32.717278	520	457	544	9
32.736809	551	435	536	25
32.756341	596	388	525	60
32.775872	618	309	513	78
32.649917	594	286	491	12
32.669448	598	326	477	33
32.688979	548	298	468	13
32.708510	505	310	508	19
32.728042	496	372	548	56
32.747573	540	415	609	5
32.767104	555	377	675	75
32.786635	500	344	725	55
32.806167	515	414	720	41
32.825698	494	450	626	98
32.853327	459	433	557	25
32.872858	453	448	527	16
32.892389	403	466	518	30
32.911921	366	422	575	64
32.931452	409	417	632	1
32.950983	518	412	719	45
32.970514	555	429	717	4
32.990046	511	463	625	102
33.009577	453	454	564	25
33.029108	469	438	562	1
33.040199	498	431	576	5
33.059730	505	415	578	13
33.079261	493	397	576	15
33.098793	466	400	579	5
33.118324	471	403	589	1
33.137855	515	418	592	16
33.157386	515	427	578	15
33.176918	491	433	568	8
33.196449	493	419	580	17
33.215980	518	403	590	17
33.236514	515	404	590	0
33.256045	510	423	588	16
33.275576	508	426	590	0
33.295108	490	418	586	5
33.314639	497	423	587	4
33.334170	514	419	586	1
33.353701	505	411	578	1
33.373233	487	412	571	2
33.392764	499	423	588	1
33.412295	527	415	585	4
33.433430	512	411	570	5
33.452961	492	412	567	0
33.472492	495	429	583	5
33.492023	517	424	599	13
33.511555	502	414	580	4
33.531086	481	411	568	0
33.550617	491	415	573	3
33.570148	515	414	580	2
33.589680	516	411	574	0
33.609211	494	429	566	17
33.712866	512	437	579	0
33.732397	517	409	588	27
33.751928	490	407	581	0
33.771460	499	419	580	11
33.790991	505	415	581	3
33.810522	490	427	578	9
33.830053	494	418	577	5
33.849585	512	399	571	11
33.869116	498	398	566	0
33.888647	494	408	567	7
33.714104	512	437	579	18
33.733635	517	409	588	27
33.753166	490	407	581	0
33.772697	499	419	580	11
33.792229	505	415	581	3
33.811760	490	427	578	9
33.831291	494	418	577	5
33.850822	512	399	571	11
33.870354	498	398	566	0
33.889885	494	408	567	7
33.831769	513	412	579	1
33.851300	503	425	579	10
33.870831	492	440	577	11
33.890363	505	429	585	11
33.909894	513	398	574	19
33.929425	510	397	551	8
33.948956	500	398	543	2
33.968488	487	416	552	11
33.988019	510	425	570	2
34.007550	503	407	569	15
34.286270	481	396	552	6
34.305801	495	402	556	6
34.325332	504	404	547	5
34.344863	500	399	536	2
34.364395	475	403	537	1
34.383926	501	404	557	0
34.403457	506	390	559	13
34.422988	487	408	542	19
34.442520	470	406	535	5
34.462051	500	397	542	3
34.571105	509	402	550	3
34.590636	485	397	540	4
34.610167	466	399	535	2
34.629699	479	395	548	2
34.649230	502	402	550	9
34.668761	484	419	546	13
34.688292	473	418	555	7
34.707824	474	409	557	8
34.727355	442	402	547	16
34.746886	401	390	546	33
34.583220	509	402	550	51
34.602751	485	397	540	4
34.622282	466	399	535	2
34.641814	479	395	548	2
34.661345	502	402	550	9
34.680876	484	419	546	13
34.700407	473	418	555	7
34.719939	474	409	557	8
34.739470	442	402	547	16
34.759001	401	390	546	33
34.591232	509	402	550	51
34.610763	485	397	540	4
34.630294	466	399	535	2
34.649826	479	395	548	2
34.669357	502	402	550	9
34.688888	484	419	546	13
34.708419	473	418	555	7
34.727951	474	409	557	8
34.747482	442	402	547	16
34.767013	401	390	546	33
34.739827	467	373	555	16
34.759358	456	399	537	23
34.778889	476	429	504	37
34.798420	487	415	474	16
34.817952	480	388	459	31
34.837483	447	407	458	3
34.857014	437	427	488	18
34.876545	429	466	527	19
34.896077	476	415	542	11
34.915608	526	415	537	6
34.939859	521	434	497	21
34.959390	490	445	475	0
34.978921	487	441	484	0
34.998452	329	424	505	122
35.017984	451	381	547	54
35.037515	547	335	528	32
35.057046	506	370	490	37
35.076577	410	419	473	0
35.096109	425	460	498	41
35.115640	448	462	529	19
34.997302	431	451	544	23
35.016833	434	401	534	31
35.036364	437	382	509	12
35.055896	448	399	505	20
35.075427	404	431	486	7
35.094958	427	441	500	26
35.114489	464	407	534	6
35.134021	459	404	542	6
35.153552	448	428	483	14
35.173083	457	420	461	9
35.193633	472	379	478	24
35.213164	464	396	519	17
35.232695	446	463	528	41
35.252227	470	451	520	9
35.271758	469	378	493	67
35.291289	457	399	480	12
35.310820	450	431	480	22
35.330352	456	434	489	8
35.349883	465	399	509	23
35.369414	472	399	520	2
35.386587	461	428	510	21
35.406118	466	428	499	1
35.425649	478	375	492	45
35.445180	460	397	486	13
35.464712	439	432	487	17
35.484243	457	431	490	10
35.503774	475	384	494	34
35.523305	487	396	489	13
35.542837	464	423	482	15
35.562368	459	416	486	7
35.614874	495	393	500	8
35.634405	477	426	494	26
35.653936	472	430	482	1
35.673467	488	383	483	38
35.692999	490	393	488	11
35.712530	443	444	481	21
35.732061	466	418	479	8
35.751592	492	373	488	32
35.771124	470	410	488	29
35.790655	453	449	474	18
35.786934	482	391	473	36
35.806465	507	378	480	7
35.825996	485	462	475	70
35.845527	488	415	476	38
35.865059	496	354	484	55
35.884590	465	418	486	52
35.904121	482	464	481	43
35.923652	496	404	473	51
35.943184	489	362	464	43
35.962715	443	410	461	25
35.981546	480	436	478	44
36.001077	507	388	491	36
36.020608	470	396	474	3
36.040139	482	431	468	32
36.059671	515	398	477	22
36.079202	498	395	479	3
36.098733	476	431	472	25
36.118264	500	398	478	22
36.137796	502	396	480	1
36.157327	497	414	471	13
36.364924	463	399	496	16
36.384455	445	372	487	33
36.403986	419	406	499	15
36.423517	470	409	520	30
36.443049	470	409	523	0
36.462580	487	408	505	4
36.482111	508	385	476	24
36.501642	478	368	462	24
36.521174	449	408	492	32
36.540705	440	446	523	24
36.600096	445	447	553	3
36.619627	461	417	572	21
36.639158	465	424	580	2
36.658689	466	427	573	6
36.678221	460	403	539	9
36.697752	419	431	501	0
36.717283	401	447	504	5
36.736814	424	467	551	22
36.756346	450	455	589	7
36.775877	432	406	602	46
36.774195	449	492	589	58
36.793726	475	487	559	36
36.813257	477	392	535	62
36.832788	448	387	519	13
36.852320	404	466	525	22
36.871851	377	514	552	22
36.891382	398	522	581	7
36.910913	439	459	590	14
36.930445	441	418	579	16
36.949976	433	480	574	30
36.977981	437	472	587	7
36.997512	434	454	596	15
37.017043	418	503	591	5
37.036575	418	490	588	0
37.056106	425	480	580	7
37.075637	428	447	581	11
37.095168	433	469	590	7
37.114700	432	533	599	0
37.134231	437	490	611	6
37.153762	424	434	616	30
37.173035	423	519	602	30
37.192566	430	548	592	6
37.212097	420	465	595	12
37.231628	443	440	597	1
37.251160	438	484	591	19
37.270691	448	515	580	18
37.290222	433	538	571	8
37.309753	441	541	590	7
37.329285	456	537	614	9
37.348816	460	542	615	0
37.384022	446	491	600	7
37.403553	441	514	594	3
37.423084	454	586	597	18
37.442616	442	545	589	17
37.462147	440	504	587	4
37.481678	449	536	612	16
37.501209	479	595	631	28
37.520741	431	550	598	24
37.540272	425	479	567	16
37.559803	391	515	574	27
37.568671	466	560	596	28
37.588202	397	500	568	21
37.607733	396	520	555	4
37.627264	409	607	587	34
37.646796	453	613	635	10
37.666327	545	564	676	5
37.685858	522	568	660	16
37.705389	492	617	612	12
37.724921	455	621	578	6
37.744452	484	585	559	48
37.768739	543	102	275	383
37.788270	738	940	223	89
37.807801	464	674	625	360
37.827332	322	307	742	158
37.846864	560	477	584	268
37.866395	567	517	605	14
37.885926	626	514	679	94
37.905457	594	551	710	15
37.924989	481	610	699	4
37.944520	600	599	718	26
37.949055	596	521	683	49
37.968586	526	525	619	82
37.988117	511	561	601	7
38.007648	498	592	594	13
38.027180	505	591	600	3
38.046711	508	599	589	2
38.066242	496	622	568	8
38.085773	497	647	537	13
38.105305	480	664	511	17
38.124836	507	709	481	44
38.146315	519	777	449	72
38.165846	600	817	442	52
38.185377	633	817	461	6
38.204909	646	773	515	38
38.224440	614	698	565	74
38.243971	623	567	619	54
38.263502	586	558	620	24
38.283034	612	580	624	26
38.302565	579	561	655	0
38.322096	588	565	692	37
38.364898	601	525	720	24
38.384429	609	513	743	23
38.403960	582	568	757	10
38.423491	583	609	752	7
38.443023	606	588	751	0
38.462554	612	550	754	3
38.482085	612	535	738	16
38.501616	585	515	701	45
38.521148	553	478	659	46
38.540679	512	463	623	35
38.595336	493	509	578	52
38.614867	503	506	571	8
38.634398	536	472	534	8
38.653929	503	453	504	8
38.673461	482	476	489	8
38.692992	494	474	480	0
38.712523	478	429	466	47
38.732054	461	391	464	39
38.751586	497	401	481	23
38.771117	504	448	497	50
38.886559	518	444	512	2
38.906090	520	410	523	34
38.925621	502	429	531	17
38.945153	522	457	536	24
38.964684	539	446	538	15
38.984215	556	436	552	20
39.003746	532	454	577	7
39.023278	514	477	588	5
39.042809	519	431	573	17
39.062340	548	379	540	38
38.952925	599	382	506	15
38.972456	538	449	477	79
38.991987	540	426	505	14
39.011518	565	366	533	66
39.031050	567	417	551	40
39.050581	526	484	524	82
39.070112	475	449	498	40
39.089643	487	451	491	5
39.109175	503	438	502	6
39.128706	482	445	515	1
39.180688	509	457	462	0
39.200219	450	398	457	66
39.219750	466	344	498	33
39.239281	510	313	581	35
39.258813	531	345	632	4
39.278344	508	440	644	56
39.297875	509	419	593	27
39.317406	523	391	529	0
39.336938	495	418	477	20
39.356469	493	398	464	23
39.325426	467	378	508	16
39.344957	484	394	574	5
39.364488	513	409	603	1
39.384019	525	410	599	2
39.403551	519	401	559	13
39.423082	501	413	519	20
39.442613	463	418	504	6
39.462144	461	401	526	16
39.481676	481	405	558	2
39.501207	488	405	579	7
39.517276	512	392	573	6
39.536807	506	407	549	23
39.556338	481	416	520	10
39.575870	469	408	525	12
39.595401	476	409	548	1
39.614932	490	402	560	7
39.634463	486	402	550	2
39.653995	476	414	537	11
39.673526	469	413	534	2
39.693057	486	399	552	12
39.714435	500	402	567	0
39.733966	495	407	558	7
39.753497	467	416	530	8
39.773028	467	400	532	14
39.792560	483	392	558	9
39.812091	493	403	571	6
39.831622	479	408	551	9
39.851153	470	403	531	2
39.870685	471	409	539	4
39.890216	496	408	560	1
39.908095	480	413	547	5
39.927626	476	400	538	10
39.947157	479	410	543	8
39.966688	486	411	551	0
39.986220	477	407	551	6
40.005751	481	407	553	0
40.025282	485	407	549	2
40.044813	476	412	540	4
40.064345	475	410	536	1
40.083876	479	410	540	0
40.119418	480	407	553	6
40.138949	482	407	555	0
40.158480	480	412	546	6
40.178011	467	413	538	1
40.197543	467	409	541	4
40.217074	466	417	541	6
40.236605	465	408	540	8
40.256136	470	410	541	3
40.275668	482	405	550	3
40.295199	481	406	553	0
40.301798	472	410	543	3
40.321329	466	409	538	1
40.340860	479	407	548	0
40.360391	481	412	546	5
40.379923	473	410	535	1
40.399454	454	408	529	8
40.418985	460	407	544	1
40.438516	482	409	556	5
40.458048	478	412	540	6
40.477579	467	413	522	0
40.493563	465	405	525	8
40.513094	464	408	541	0
40.532625	468	408	546	0
40.552156	475	409	537	5
40.571688	471	409	528	0
40.591219	467	406	533	5
40.610750	462	408	539	1
40.630281	460	412	533	3
40.649813	470	406	535	1
40.669344	480	411	538	7
40.692131	465	410	533	5
40.711662	475	404	536	2
40.731193	468	414	534	7
40.750725	457	414	530	4
40.770256	457	413	534	1
40.789787	478	411	546	3
40.809318	470	406	545	6
40.828850	468	413	541	6
40.848381	472	407	545	4
40.867912	467	407	551	3
40.885251	475	413	543	10
40.904782	479	411	532	2
40.924313	467	411	526	3
40.943845	464	409	532	3
40.963376	462	399	544	12
40.982907	472	407	556	6
41.002438	473	413	552	6
41.021970	478	405	545	3
41.041501	479	410	540	6
41.061032	468	406	535	6
41.080136	472	408	546	0
41.099667	484	410	549	4
41.119198	482	411	540	3
41.138730	465	409	527	5
41.158261	460	404	535	7
41.177792	470	404	553	0
41.197323	482	408	563	3
41.216855	486	409	552	6
41.236386	476	406	528	0
41.255917	465	408	522	1
41.275136	462	404	544	8
41.294667	472	407	561	0
41.314198	482	411	557	8
41.333730	487	409	546	3
41.353261	485	406	539	1
41.372792	472	407	542	3
41.392323	471	405	548	3
41.411855	478	408	545	5
41.431386	478	410	539	3
41.450917	483	408	543	1
41.471027	491	413	548	4
41.490558	481	414	537	1
41.510089	468	407	524	8
41.529620	473	402	536	4
41.549152	458	407	549	4
41.568683	470	405	563	2
41.588214	483	412	551	14
41.607745	470	408	523	1
41.627277	458	402	520	10
41.646808	464	409	545	4
41.668269	479	416	558	6
41.687800	473	411	536	0
41.707331	477	406	524	1
41.726862	473	410	526	2
41.746394	469	422	536	7
41.765925	463	404	544	20
41.785456	470	408	544	6
41.804987	469	410	538	2
41.824519	468	406	536	3
41.844050	480	409	540	5
41.861511	483	407	535	0
41.881042	462	409	537	5
41.900573	462	405	545	5
41.920105	465	406	549	0
41.939636	473	413	550	8
41.959167	474	410	539	0
41.978698	480	400	533	6
41.998230	473	412	530	9
42.017761	467	407	535	7
42.037292	466	407	544	2
42.057185	476	409	544	5
42.076716	485	409	539	3
42.096247	487	412	531	5
42.115778	472	411	523	4
42.135310	466	404	534	10
42.154841	462	401	557	10
42.174372	477	410	561	11
42.193903	482	410	536	9
42.213435	473	410	518	0
42.232966	477	406	537	5
42.238482	479	407	559	5
42.258013	476	410	544	6
42.277544	469	404	527	4
42.297076	467	399	525	5
42.316607	471	412	538	11
42.336138	476	409	542	1
42.355669	473	404	534	3
42.375201	478	414	531	11
42.394732	485	408	526	2
42.414263	467	402	522	10
42.447155	472	412	530	10
42.466686	438	402	521	23
42.486217	432	396	526	8
42.505749	476	398	535	19
42.525280	493	404	540	8
42.544811	473	416	534	7
42.564342	445	405	529	21
42.583874	458	417	550	11
42.603405	528	418	569	4
42.622936	507	398	526	3
42.644016	442	391	486	27
42.663547	450	391	520	5
42.683078	450	418	544	19
42.702610	465	422	556	6
42.722141	522	402	553	7
42.741672	467	412	504	7
42.761203	445	405	490	18
42.780735	436	399	527	8
42.800266	459	401	561	4
42.819797	481	410	546	20
42.849016	466	391	498	18
42.868547	463	416	487	19
42.888078	446	419	505	3
42.907609	465	396	550	16
42.927141	489	398	572	0
42.946672	498	419	551	29
42.966203	484	419	518	4
42.985734	464	414	511	11
43.005266	459	411	524	5
43.024797	458	410	540	4
43.124593	465	408	542	0
43.144124	467	418	531	12
43.163655	457	406	525	14
43.183187	457	411	531	3
43.202718	465	411	545	0
43.222249	467	411	548	0
43.241780	474	407	531	3
43.261312	470	412	516	4
43.280843	461	418	512	1
43.300374	461	415	512	2
43.222200	463	413	521	1
43.241731	462	419	535	2
43.261262	456	409	553	16
43.280793	451	403	562	10
43.300325	452	410	556	8
43.319856	457	411	539	8
43.339387	459	414	521	6
43.358918	466	410	519	0
43.378450	474	419	527	10
43.397981	471	416	530	4
43.418178	453	415	534	9
43.437709	457	410	545	4
43.457240	464	415	546	7
43.476772	466	417	530	6
43.496303	462	418	521	0
43.515834	462	414	530	4
43.535365	463	409	546	7
43.554897	463	416	535	8
43.574428	455	417	515	0
43.593959	455	409	521	7
43.644226	456	413	548	1
43.663757	467	414	556	2
43.683288	459	417	537	4
43.702820	465	408	518	2
43.722351	466	416	525	7
43.741882	474	418	543	1
43.761413	460	412	539	9
43.780945	446	405	529	10
43.800476	457	407	540	5
43.820007	466	419	538	14
43.822542	459	411	518	7
43.842073	446	407	519	9
43.861604	448	405	541	3
43.881135	454	406	558	1
43.900667	459	420	552	15
43.920198	460	412	526	0
43.939729	468	411	519	3
43.959260	479	418	536	7
43.978792	471	412	541	9
43.998323	450	409	522	8
44.012674	449	415	535	2
44.032205	464	409	544	0
44.051736	465	413	536	5
44.071268	456	415	517	0
44.090799	461	418	507	5
44.110330	464	426	495	7
44.129861	448	425	489	10
44.149393	469	424	491	10
44.168924	495	428	496	12
44.188455	492	427	496	1
44.207663	475	426	497	6
44.227194	480	429	511	5
44.246725	507	416	527	8
44.266257	517	391	536	26
44.285788	530	399	518	8
44.305319	550	416	479	6
44.324850	568	380	451	47
44.344382	583	372	464	8
44.363913	497	385	546	31
44.383444	510	451	664	31
44.389506	464	402	750	102
44.409037	487	334	729	15
44.428568	484	274	650	5
44.448099	453	317	567	65
44.467631	479	398	534	90
44.487162	487	441	512	45
44.506693	503	402	510	35
44.526224	549	367	517	39
44.545756	520	382	520	19
44.565287	519	397	536	12
44.630563	503	428	547	26
44.650094	500	429	542	2
44.669625	501	415	530	10
44.689157	489	394	509	20
44.708688	508	388	514	3
44.728219	479	382	537	12
44.747750	497	412	565	22
44.767282	525	419	567	5
44.786813	519	404	544	4
44.806344	478	392	537	14
44.800837	484	400	570	1
44.820368	508	409	577	7
44.839899	500	412	567	7
44.859431	501	402	549	1
44.878962	500	409	540	9
44.898493	499	404	543	5
44.918024	487	409	551	0
44.937556	491	406	560	5
44.957087	500	401	559	2
44.976618	487	408	556	5
44.990799	488	398	561	10
45.010330	501	410	557	14
45.029861	504	410	547	3
45.049392	484	399	545	12
45.068924	486	400	546	1
45.088455	486	415	549	12
45.107986	500	408	551	4
45.127517	494	400	551	8
45.147049	494	397	557	4
45.166580	500	416	556	18
45.184800	500	412	543	0
45.204331	478	396	549	21
45.223862	489	399	564	0
45.243393	515	414	564	15
45.262925	517	414	548	6
45.282456	503	417	531	7
45.301987	487	393	528	25
45.321518	479	399	556	3
45.341050	487	401	580	6
45.360581	508	399	584	1
45.478622	509	407	563	17
45.498153	507	406	546	5
45.517684	503	406	535	2
45.537215	494	404	543	4
45.556747	507	394	556	12
45.576278	509	402	567	3
45.595809	509	413	563	11
45.615340	502	401	556	8
45.634872	499	393	561	9
45.654403	501	404	569	6
45.569681	502	399	571	5
45.589212	505	396	567	0
45.608743	504	407	563	11
45.628274	525	405	557	0
45.647806	516	407	544	6
45.667337	494	416	528	10
45.686868	491	407	534	10
45.706399	495	400	559	13
45.725931	495	409	577	0
45.745462	511	401	577	5
45.770480	507	407	555	15
45.790011	496	408	542	4
45.809542	496	405	540	2
45.829073	498	400	549	7
45.848605	486	401	566	7
45.868136	500	400	576	3
45.887667	511	409	563	14
45.907198	508	406	543	4
45.926730	489	407	535	0
45.946261	478	399	550	14
45.958718	493	396	570	7
45.978249	509	412	569	15
45.997780	507	411	545	8
46.017312	494	401	531	7
46.036843	488	403	545	2
46.056374	491	404	563	4
46.075905	500	408	568	2
46.095437	502	411	548	11
46.114968	501	399	529	7
46.134499	491	407	533	5
46.244296	490	402	554	10
46.263827	498	401	558	1
46.283358	499	412	556	10
46.302890	491	402	548	7
46.322421	492	401	547	0
46.341952	500	403	547	2
46.361483	497	405	544	2
46.381015	490	410	540	4
46.400546	489	397	543	13
46.420077	498	392	545	3
46.245799	490	402	554	5
46.265330	498	401	558	1
46.284861	499	412	556	10
46.304393	491	402	548	7
46.323924	492	401	547	0
46.343455	500	403	547	2
46.362986	497	405	544	2
46.382518	490	410	540	4
46.402049	489	397	543	13
46.421580	498	392	545	3
46.345281	501	398	541	7
46.364812	497	407	535	9
46.384343	502	397	529	8
46.403874	498	410	517	13
46.423406	499	410	512	0
46.442937	490	400	504	11
46.462468	510	419	492	19
46.481999	529	427	488	5
46.501531	547	419	503	9
46.521062	540	404	522	12
46.558075	528	381	541	23
46.577606	528	357	527	21
46.597137	524	348	483	10
46.616668	557	367	467	8
46.636200	531	411	525	54
46.655731	519	403	614	45
46.675262	536	368	680	73
46.694793	527	400	664	33
46.714325	552	418	586	63
46.733856	546	408	543	12
46.786055	482	375	493	27
46.805586	460	325	470	57
46.825117	483	349	474	28
46.844649	481	427	513	79
46.864180	518	444	558	8
46.883711	531	383	551	53
46.903242	526	368	517	8
46.922774	559	366	510	8
46.942305	533	401	503	40
46.961836	503	428	496	27
46.933222	514	392	509	34
46.952753	539	375	525	20
46.972284	518	401	532	27
46.991816	513	411	534	9
47.011347	508	392	534	18
47.030878	489	401	537	5
47.050409	512	396	542	3
47.069941	522	400	533	5
47.089472	512	404	524	5
47.109003	513	394	521	9
47.126393	509	406	519	12
47.145924	508	397	517	8
47.165455	493	393	521	5
47.184987	496	396	533	1
47.204518	503	395	543	2
47.224049	516	399	538	5
47.243580	507	398	520	1
47.263112	508	386	504	11
47.282643	516	416	505	29
47.302174	511	399	506	16
47.321533	515	397	518	2
47.341064	504	403	530	4
47.360595	506	390	542	15
47.380126	493	393	542	1
47.399658	500	393	534	2
47.419189	506	397	524	5
47.438720	499	397	517	0
47.458251	496	397	521	0
47.477783	506	386	525	10
47.497314	497	399	525	12
47.516317	501	394	527	4
47.535848	515	397	530	3
47.555379	523	394	516	2
47.574910	520	404	502	9
47.594442	500	396	496	8
47.613973	492	391	509	4
47.633504	495	389	533	3
47.653035	504	394	550	1
47.672567	517	401	540	9
47.692098	515	399	522	1
47.716506	504	398	501	1
47.736037	497	399	489	1
47.755568	507	397	492	0
47.775100	516	394	509	1
47.794631	507	409	523	14
47.814162	501	389	520	20
47.833693	502	391	512	2
47.853225	500	395	506	3
47.872756	528	408	506	12
47.892287	515	391	496	16
47.935244	522	389	506	1
47.954775	496	373	526	17
47.974306	492	384	541	7
47.993838	518	418	543	33
48.013369	507	407	531	7
48.032900	513	383	515	22
48.052431	492	384	505	0
48.071963	480	383	505	3
48.091494	503	409	505	29
48.111025	511	414	499	4
48.114490	523	397	492	18
48.134021	521	393	492	3
48.153552	523	393	496	0
48.173084	500	407	495	13
48.192615	515	410	499	4
48.212146	499	382	499	28
48.231677	508	387	505	6
48.251209	506	410	510	23
48.270740	505	379	511	30
48.290271	487	396	498	13
48.297449	492	420	487	22
48.316980	508	388	488	28
48.336511	529	395	501	7
48.356042	498	398	502	3
48.375574	496	404	484	2
48.395105	470	400	477	11
48.414636	487	390	490	1
48.434167	497	397	500	9
48.453699	481	422	506	21
48.473230	493	424	504	4
48.492341	493	393	505	30
48.511872	505	360	502	31
48.531403	518	388	496	27
48.550935	512	406	485	15
48.570466	494	388	483	19
48.589997	470	370	492	20
48.609528	463	400	508	27
48.629060	450	409	520	1
48.648591	416	412	521	18
48.668122	393	426	510	7
48.700247	378	444	504	3
48.719778	371	432	511	11
48.739309	381	405	520	7
48.758841	379	356	520	35
48.778372	317	365	520	39
48.797903	275	401	541	18
48.817434	314	370	568	13
48.836966	386	328	568	20
48.856497	455	352	528	59
48.876028	509	333	495	9
48.882331	558	310	473	30
48.901862	597	311	453	15
48.921393	603	307	415	18
48.940924	562	325	387	13
48.960456	532	361	391	35
48.979987	508	398	429	53
48.999518	522	423	474	43
49.019049	529	442	522	24
49.038581	566	455	572	26
49.058112	548	447	604	19
49.078357	537	447	622	11
49.097888	537	441	601	13
49.117419	521	435	567	21
49.136950	520	419	549	5
49.156482	524	413	525	0
49.176013	542	495	496	62
49.195544	396	593	460	112
49.215075	506	553	466	88
49.234607	592	470	490	31
49.254138	587	489	504	14
49.289935	517	563	500	26
49.309466	507	510	531	32
49.328997	460	432	521	76
49.348528	511	465	518	48
49.368060	366	399	565	144
49.387591	483	312	652	53
49.407122	497	312	695	25
49.426653	443	448	660	96
49.446185	449	443	588	54
49.465716	485	404	546	4
49.334838	517	563	500	63
49.354369	507	510	531	32
49.373900	460	432	521	76
49.393431	511	465	518	48
49.412963	366	399	565	144
49.432494	483	312	652	53
49.452025	497	312	695	25
49.471556	443	448	660	96
49.491088	449	443	588	54
49.510619	485	404	546	4
49.583459	517	422	485	22
49.602990	471	416	443	31
49.622521	420	399	434	40
49.642052	428	399	510	24
49.661584	485	418	595	12
49.681115	503	427	615	5
49.700646	456	413	544	15
49.720177	439	407	492	11
49.739709	451	415	508	14
49.759240	464	409	547	4
49.673254	466	412	564	2
49.692785	463	412	555	2
49.712316	470	418	542	12
49.731848	467	419	534	1
49.751379	463	414	530	5
49.770910	468	415	538	1
49.790441	468	416	543	0
49.809973	464	413	549	6
49.829504	466	417	548	4
49.849035	466	410	543	4
49.865333	463	411	545	0
49.884864	466	411	552	0
49.904395	469	416	543	8
49.923927	464	414	530	0
49.943458	467	408	526	3
49.962989	472	419	523	12
49.982520	467	399	533	21
50.002052	463	401	540	1
50.021583	454	410	554	0
50.041114	456	411	570	4
50.055343	467	403	575	4
50.074874	442	400	560	6
50.094405	457	412	569	12
50.113936	482	416	570	11
50.133468	495	409	544	6
50.152999	469	410	514	1
50.172530	454	425	520	5
50.192061	470	415	546	6
50.211593	480	412	534	3
50.231124	464	418	522	1
50.261766	457	412	537	10
50.281297	466	408	554	4
50.300828	463	414	552	4
50.320359	458	415	543	1
50.339891	464	415	555	1
50.359422	468	412	567	5
50.378953	453	408	564	8
50.398484	442	401	558	8
50.418016	473	412	544	27
50.437547	482	414	525	8
50.457361	471	418	510	0
50.476892	447	412	513	16
50.496423	456	416	538	5
50.515954	465	415	554	1
50.535486	478	419	550	9
50.555017	464	418	517	0
50.574548	443	419	497	11
50.594079	453	413	522	1
50.613611	472	414	543	5
50.633142	460	415	531	1
50.645147	448	414	520	5
50.664678	456	414	526	3
50.684209	458	416	532	1
50.703741	461	416	536	0
50.723272	463	416	536	0
50.742803	455	414	536	5
50.762334	461	409	539	2
50.781866	459	411	526	3
50.801397	450	413	521	2
50.820928	455	412	531	0
50.848574	471	415	541	7
50.868105	468	415	537	0
50.887636	454	412	519	6
50.907167	441	406	515	11
50.926699	451	403	542	0
50.946230	462	415	543	15
50.965761	441	409	505	11
50.985292	432	393	513	18
51.004824	444	409	549	14
51.024355	457	412	563	3
51.043464	458	412	549	5
51.062995	439	423	514	4
51.082526	407	423	503	22
51.102057	449	430	523	33
51.121589	404	489	530	7
51.141120	409	507	502	8
51.160651	454	549	473	24
51.180182	471	577	445	22
51.199714	458	522	441	12
51.219245	501	542	456	25
51.238420	503	524	477	26
51.257951	503	532	478	2
51.277482	494	556	466	25
51.297014	469	569	437	37
51.316545	452	543	418	12
51.336076	464	510	443	31
51.355607	464	538	484	22
51.375139	458	562	503	12
51.394670	477	571	507	5
51.414201	481	554	491	12
51.620832	531	567	587	38
51.640363	571	564	621	39
51.659894	615	546	621	19
51.679425	656	533	569	2
51.698957	695	545	518	29
51.718488	749	524	505	51
51.738019	830	525	510	80
51.757550	806	499	494	23
51.777082	746	336	493	1
51.796613	788	295	553	60
51.815773	668	561	629	152
51.835304	620	999	785	367
51.854835	766	1020	1022	194
51.874367	690	1023	1023	19
51.893898	725	1023	936	46
51.913429	722	1022	586	140
51.932960	652	1023	319	7
51.952492	810	1022	172	117
51.972023	996	984	165	78
51.991554	901	1022	155	25
