-0.152524	465	593	498	94
-0.132993	501	608	463	13
-0.113462	468	653	441	55
-0.093930	494	675	450	11
-0.074399	498	647	461	30
-0.054868	502	640	476	11
-0.035337	518	644	504	0
-0.015805	532	639	522	3
0.003726	526	617	518	22
0.023257	515	624	512	5
0.042053	502	653	488	31
0.061584	495	651	449	10
0.081115	481	649	410	20
0.100646	489	652	411	0
0.120178	508	648	449	24
0.139709	530	653	500	7
0.159240	523	665	513	10
0.178771	518	639	493	24
0.198303	508	631	468	1
0.217834	502	637	469	5
0.246090	525	626	463	7
0.265621	561	547	485	58
0.285152	548	606	505	34
0.304683	550	594	468	0
0.324215	612	576	451	32
0.343746	560	529	468	66
0.363277	568	609	471	51
0.382808	499	626	433	20
0.402340	482	580	393	0
0.421871	580	563	360	33
0.433808	569	587	447	59
0.453339	488	635	425	38
0.472870	553	627	392	18
0.492402	532	600	344	19
0.511933	526	619	347	6
0.531464	551	634	389	19
0.550995	553	569	387	34
0.570527	564	524	420	37
0.590058	552	511	527	63
0.609589	591	556	675	143
0.630096	549	552	619	66
0.649627	512	604	416	12
0.669158	553	600	317	84
0.688689	535	547	268	29
0.708221	540	570	332	56
0.727752	543	529	424	96
0.747283	515	540	497	62
0.766814	463	584	516	55
0.786346	498	584	479	6
0.805877	514	598	409	53
0.876189	546	609	372	39
0.895720	565	613	378	2
0.915251	568	633	426	17
0.934783	569	608	470	39
0.954314	553	609	474	7
0.973845	533	596	426	10
0.993376	533	585	402	11
1.012908	535	568	416	20
1.032439	549	573	445	15
1.051970	556	577	442	7
1.024100	564	585	424	20
1.043631	568	573	404	10
1.063162	567	569	407	4
1.082694	559	570	424	16
1.102225	561	591	447	1
1.121756	560	604	445	10
1.141287	562	606	433	9
1.160819	560	611	428	5
1.180350	555	610	436	7
1.199881	539	613	450	9
1.219120	539	605	456	9
1.238651	543	592	442	1
1.258182	545	585	424	8
1.277714	551	587	426	1
1.297245	539	590	434	7
1.316776	556	587	438	0
1.336307	560	577	429	1
1.355839	565	581	432	2
1.375370	557	592	438	0
1.394901	556	605	449	2
1.414121	544	598	447	8
1.433652	547	614	447	13
1.453183	560	625	446	13
1.472714	564	615	431	1
1.492246	562	602	439	14
1.511777	554	603	449	7
1.531308	547	602	455	6
1.550839	535	616	447	12
1.570371	543	625	438	13
1.589902	549	615	434	4
1.611150	568	596	446	13
1.630681	561	595	452	7
1.650212	549	592	454	8
1.669744	530	606	452	7
1.689275	507	639	454	26
1.708806	536	616	458	20
1.728337	564	606	453	2
1.747869	557	571	449	25
1.767400	555	578	456	0
1.786931	528	596	458	4
1.807361	496	659	452	58
1.826892	556	664	467	4
1.846423	574	608	461	39
1.865954	586	596	469	5
1.885486	554	572	464	32
1.905017	533	590	458	9
1.924548	527	622	453	28
1.944079	554	651	449	32
1.963611	586	612	435	11
1.983142	591	567	424	15
2.000165	596	542	454	24
2.019696	569	567	484	22
2.039227	555	588	494	5
2.058758	549	595	466	12
2.078290	542	583	431	9
2.097821	528	566	407	7
2.117352	524	574	418	5
2.136883	525	608	446	3
2.156415	534	652	453	36
2.175946	582	654	438	21
2.196490	582	591	402	22
2.216021	604	547	433	26
2.235552	583	572	482	28
2.255084	565	616	502	19
2.274615	501	636	445	24
2.294146	520	637	433	6
2.313677	498	614	409	2
2.333209	517	601	452	38
2.352740	514	622	470	10
2.372271	533	622	457	7
2.391072	547	609	429	7
2.410603	558	604	423	3
2.430134	568	603	427	0
2.449666	556	593	438	18
2.469197	545	583	449	17
2.488728	540	582	449	2
2.508259	544	582	438	8
2.527791	551	588	420	18
2.547322	553	575	419	5
2.566853	541	557	429	20
2.593080	534	556	449	18
2.612611	532	582	456	11
2.632142	549	604	435	33
2.651674	568	603	409	22
2.671205	576	591	397	5
2.690736	568	583	416	21
2.710267	546	599	448	18
2.729799	519	627	465	11
2.749330	530	612	446	3
2.768861	544	573	411	1
2.782389	557	566	399	10
2.801920	574	578	407	5
2.821451	571	591	420	3
2.840982	562	594	438	13
2.860514	539	578	485	44
2.880045	569	582	567	29
2.899576	605	594	635	68
2.919107	614	596	635	5
2.938639	624	610	564	22
2.958170	562	645	488	13
2.977287	565	682	451	44
2.996818	549	675	428	1
3.016349	544	654	419	14
3.035881	528	664	401	16
3.055412	530	679	383	22
3.074943	525	699	365	26
3.094474	522	702	359	5
3.114006	362	798	349	117
3.133537	528	668	352	137
3.153068	539	665	323	20
3.172097	601	634	374	40
3.191628	630	569	451	60
3.211159	566	591	511	48
3.230690	582	602	569	31
3.250222	618	546	605	17
3.269753	599	546	516	51
3.289284	572	537	419	19
3.308815	604	506	359	65
3.328347	454	501	307	34
3.347878	227	688	364	152
3.368193	520	697	495	180
3.387724	473	721	471	30
3.407255	548	586	467	122
3.426786	521	616	349	99
3.446318	464	527	372	44
3.465849	448	544	434	42
3.485380	546	598	601	22
3.504911	756	772	698	273
3.524443	804	812	547	17
3.543974	607	777	439	129
3.694929	641	735	364	6
3.714460	576	676	377	75
3.733991	499	684	471	44
3.753522	508	611	589	51
3.773054	540	621	586	9
3.792585	458	334	559	57
3.812116	668	609	443	4
3.831647	711	603	451	30
3.851179	622	625	473	64
3.870710	404	984	450	325
3.759497	520	666	530	332
3.779028	470	532	533	104
3.798559	568	592	490	49
3.818090	590	557	464	1
3.837622	567	607	455	21
3.857153	560	637	480	13
3.876684	570	619	511	15
3.896215	568	619	512	0
3.915747	568	638	523	17
3.935278	552	658	509	13
3.954197	555	624	489	29
3.973728	550	595	487	27
3.993259	545	600	510	0
4.012790	546	635	512	33
4.032322	555	632	480	3
4.051853	561	612	482	16
4.071384	577	611	511	3
4.090915	573	611	520	1
4.110447	546	632	506	8
4.129978	534	654	495	19
4.149177	537	629	490	23
4.168708	541	613	502	16
4.188239	558	614	517	6
4.207771	562	615	506	2
4.227302	559	617	494	1
4.246833	541	630	496	6
4.266364	542	619	497	10
4.285896	543	594	496	23
4.305427	565	604	507	17
4.324958	590	640	501	44
4.344201	577	649	481	4
4.363732	542	647	487	14
4.383263	507	614	509	38
4.402795	534	601	537	7
4.422326	575	629	522	38
4.441857	579	626	466	6
4.461388	551	650	470	9
4.480920	549	649	490	5
4.500451	566	620	526	22
4.519982	570	604	524	12
4.540127	570	620	503	13
4.559658	558	627	480	5
4.579189	552	612	480	15
4.598721	561	607	511	5
4.618252	581	597	530	4
4.637783	598	597	516	10
4.657314	606	610	483	17
4.676846	601	604	479	6
4.696377	570	614	504	14
4.715908	543	642	541	19
4.818762	562	615	542	18
4.838293	574	614	513	1
4.857824	589	612	494	8
4.877356	601	603	498	0
4.896887	590	589	513	18
4.916418	569	605	537	2
4.935949	544	650	534	31
4.955481	561	644	519	2
4.975012	570	618	510	20
4.994543	584	611	522	1
4.930523	565	593	521	25
4.950054	552	608	531	8
4.969585	558	626	531	18
4.989116	562	636	532	10
5.008648	565	639	540	5
5.028179	570	624	515	14
5.047710	583	579	497	27
5.067241	590	576	506	2
5.086773	578	585	520	2
5.106304	560	599	524	1
5.126331	550	648	529	42
5.145862	574	631	527	7
5.165393	601	623	527	8
5.184925	597	611	523	12
5.204456	571	614	527	12
5.223987	556	610	528	10
5.243518	567	610	525	4
5.263050	573	605	515	1
5.282581	576	604	513	0
5.302112	582	609	523	8
5.321218	583	601	520	5
5.340749	573	605	520	2
5.360280	559	630	530	16
5.379812	561	648	532	17
5.399343	579	625	518	14
5.418874	587	611	517	7
5.438405	584	610	527	1
5.457937	574	616	529	0
5.477468	563	615	509	7
5.496999	566	611	512	2
5.516211	570	612	530	4
5.535742	572	612	535	1
5.555273	564	607	527	9
5.574805	557	611	528	0
5.594336	559	614	527	3
5.613867	560	615	523	0
5.633398	558	618	523	1
5.652930	569	624	528	10
5.672461	586	615	520	0
5.691992	588	601	509	10
5.712248	577	605	514	3
5.731779	562	627	525	12
5.751310	555	636	530	6
5.770842	563	623	527	9
5.790373	577	613	527	2
5.809904	562	612	519	9
5.829435	541	621	523	1
5.848967	551	623	525	5
5.868498	560	620	519	0
5.888029	564	623	518	4
5.907301	569	620	522	0
5.926832	579	608	517	5
5.946363	581	609	511	1
5.965894	555	614	509	8
5.985426	538	637	521	17
6.004957	563	618	530	8
6.024488	588	601	516	1
6.044019	598	599	501	5
6.063551	569	602	496	15
6.083082	546	636	517	20
6.103263	556	635	538	4
6.122794	556	587	531	44
6.142325	579	588	517	12
6.161856	611	620	481	48
6.181388	579	641	480	0
6.200919	526	669	546	12
6.220450	526	647	579	9
6.239981	558	627	539	24
6.259513	571	612	493	9
6.279044	560	632	464	20
6.298263	568	684	482	45
6.317794	547	740	521	47
6.337325	587	722	557	3
6.356857	623	682	541	22
6.376388	571	674	477	29
6.395919	531	612	483	70
6.415450	669	599	652	121
6.434982	750	651	777	154
6.454513	733	601	790	16
6.474044	638	555	639	182
6.504268	596	583	516	73
6.523799	537	608	433	16
6.543330	615	780	421	174
6.562861	441	747	347	5
6.582393	505	619	296	54
6.601924	497	616	309	12
6.621455	450	706	367	21
6.640986	408	714	410	0
6.660518	408	671	419	37
6.680049	462	683	451	23
6.698831	474	691	476	1
6.718362	479	664	540	28
6.737893	494	655	573	1
6.757425	474	640	565	12
6.776956	473	641	527	8
6.796487	504	629	487	15
6.816018	531	615	474	8
6.835550	551	594	503	20
6.855081	528	635	572	46
6.874612	519	643	579	9
6.893259	506	628	549	25
6.912790	504	635	486	4
6.932321	518	662	449	36
6.951853	555	628	465	30
6.971384	521	650	477	10
6.990915	491	603	502	48
7.010446	484	599	521	2
7.029978	479	597	500	0
7.049509	474	618	458	32
7.069040	568	584	511	33
7.282310	380	519	477	45
7.301841	466	626	522	13
7.321372	301	836	550	265
7.340904	563	765	591	118
7.360435	512	670	488	110
7.379966	458	620	459	27
7.399497	485	610	496	28
7.419029	523	580	508	33
7.438560	511	564	492	13
7.458091	503	581	486	18
7.478262	480	624	504	42
7.497793	470	712	592	102
7.517324	515	637	571	81
7.536855	554	637	521	6
7.556387	545	630	457	2
7.575918	495	625	438	1
7.595449	462	632	496	5
7.614980	479	616	586	0
7.634512	536	596	616	3
7.654043	524	653	503	5
7.674407	489	666	454	24
7.693938	451	678	512	10
7.713469	478	618	604	32
7.733001	519	593	638	5
7.752532	490	618	532	39
7.772063	495	621	484	3
7.791594	506	655	524	29
7.811126	503	630	572	10
7.830657	496	628	572	1
7.850188	509	615	554	20
7.868255	511	614	538	6
7.887786	512	613	540	0
7.907317	506	614	555	6
7.926848	505	625	549	8
7.946380	502	637	554	13
7.965911	502	637	564	3
7.985442	510	622	583	4
8.004973	524	614	564	15
8.024505	524	627	540	3
8.044036	496	652	535	23
8.064329	506	644	546	6
8.083860	504	633	574	0
8.103391	509	660	583	27
8.122922	540	682	572	18
8.142454	533	672	532	19
8.161985	477	578	584	58
8.181516	391	546	598	48
8.201047	438	552	554	58
8.220579	456	573	507	11
8.240110	520	467	563	14
8.259335	475	517	571	1
8.278866	553	594	552	30
8.298397	380	801	563	221
8.317929	562	772	622	35
8.337460	518	656	593	121
8.356991	516	647	576	15
8.376522	486	615	542	39
8.396054	454	587	535	12
8.415585	475	572	565	9
8.435116	505	575	572	0
8.456371	519	591	554	2
8.475902	513	622	539	23
8.495433	504	660	555	41
8.514965	522	650	567	5
8.534496	524	643	572	4
8.554027	508	629	554	20
8.573558	484	617	550	9
8.593090	479	603	566	4
8.612621	502	594	580	3
8.632152	510	625	569	19
8.706130	511	633	556	2
8.725661	510	637	539	0
8.745192	505	626	550	7
8.764724	503	609	573	5
8.784255	500	603	582	0
8.803786	496	616	566	2
8.823317	501	629	542	3
8.842849	511	625	530	6
8.862380	508	634	563	17
8.881911	512	627	584	3
8.848271	507	623	564	13
8.867802	504	625	543	5
8.887333	505	623	554	1
8.906864	505	621	551	2
8.926396	500	631	549	9
8.945927	503	625	561	1
8.965458	506	626	564	1
8.984989	507	625	549	6
9.004521	501	624	549	0
9.024052	495	623	553	1
9.036284	493	626	559	5
9.055815	495	629	564	4
9.075346	504	629	550	5
9.094877	504	630	547	0
9.114409	501	623	561	1
9.133940	496	624	559	0
9.153471	496	628	551	0
9.173002	501	625	556	1
9.192534	498	626	566	5
9.212065	498	629	556	1
9.227491	497	624	552	5
9.247022	503	621	556	1
9.266553	501	623	551	0
9.286084	502	623	554	0
9.305616	507	623	557	0
9.325147	504	629	554	4
9.344678	508	628	558	0
9.364209	505	626	556	2
9.383741	505	623	551	4
9.403272	504	618	555	3
9.423368	503	618	559	1
9.442899	502	620	556	0
9.462430	502	619	562	1
9.481961	500	620	566	2
9.501493	496	624	566	4
9.521024	501	617	559	9
9.540555	502	620	555	1
9.560086	501	619	556	0
9.579618	498	619	566	4
9.599149	500	618	562	2
9.620174	501	620	555	1
9.639705	503	624	554	3
9.659236	503	626	555	2
9.678767	505	626	562	2
9.698299	503	625	556	3
9.717830	501	625	558	0
9.737361	506	624	556	2
9.756892	508	624	545	3
9.776424	507	630	548	6
9.795955	506	629	555	1
9.901050	507	628	550	2
9.920581	506	626	549	2
9.940112	505	626	564	5
9.959644	504	628	555	1
9.979175	501	625	546	5
9.998706	503	625	550	1
10.018237	504	620	547	5
10.037769	497	623	560	8
10.057300	498	620	569	1
10.076831	495	626	552	0
10.010386	496	630	546	1
10.029917	497	630	553	1
10.049448	496	628	559	0
10.068980	498	621	560	6
10.088511	502	621	546	5
10.108042	506	622	547	0
10.127573	505	624	548	2
10.147105	504	628	550	4
10.166636	492	631	556	6
10.186167	491	624	560	4
10.205430	498	612	547	16
10.224961	498	612	542	1
10.244492	508	623	544	10
10.264024	519	647	552	25
10.283555	514	658	581	20
10.303086	513	647	568	15
10.322617	507	639	547	14
10.342149	507	625	541	15
10.361680	499	618	546	4
10.381211	496	616	559	3
10.400437	494	619	567	6
10.419968	503	626	560	2
10.439499	514	627	540	5
10.459030	505	636	546	10
10.478562	501	626	567	1
10.498093	502	618	571	5
10.517624	494	614	563	6
10.537155	490	613	553	4
10.556687	496	607	559	4
10.576218	499	612	561	4
10.596489	498	628	569	17
10.616020	492	639	574	12
10.635551	496	630	587	2
10.655082	529	600	564	37
10.674614	502	621	551	12
10.694145	485	622	575	13
10.713676	482	611	595	3
10.733207	503	602	584	17
10.752739	509	605	566	8
10.772270	498	611	575	10
10.797664	511	603	586	0
10.817195	519	594	581	9
10.836726	510	598	570	3
10.856257	490	619	589	29
10.875789	512	603	590	13
10.895320	506	609	586	2
10.914851	509	619	577	3
10.934382	522	606	568	15
10.953914	513	609	576	6
10.973445	510	608	586	5
10.987526	507	608	577	5
11.007057	497	623	578	13
11.026588	497	624	592	8
11.046119	507	616	590	8
11.065651	490	621	588	4
11.085182	497	614	585	8
11.104713	507	606	584	7
11.124244	510	604	572	8
11.143776	499	603	580	4
11.163307	495	608	595	13
11.183439	502	612	591	0
11.202970	511	613	582	4
11.222501	496	611	585	1
11.242033	484	609	591	4
11.261564	488	595	589	12
11.281095	492	585	582	12
11.300626	492	594	576	2
11.320158	489	609	586	18
11.339689	488	611	602	11
11.359220	509	603	589	16
11.377422	512	600	570	13
11.396953	487	605	590	18
11.416484	489	602	602	5
11.436016	503	608	593	3
11.455547	521	608	573	11
11.475078	516	613	583	9
11.494609	506	612	600	9
11.514141	492	615	598	2
11.533672	491	610	589	9
11.553203	498	607	590	2
11.587616	513	600	586	8
11.607147	508	602	584	0
11.626678	499	602	584	0
11.646209	490	603	597	10
11.665741	496	595	598	5
11.685272	503	591	582	14
11.704803	492	602	573	4
11.724334	489	598	583	3
11.743866	495	589	597	2
11.763397	494	590	590	4
11.779103	488	603	589	9
11.798634	499	605	586	2
11.818165	501	614	591	9
11.837697	502	617	603	9
11.857228	503	608	593	13
11.876759	497	603	571	16
11.896290	487	608	573	6
11.915822	486	603	581	0
11.935353	489	606	585	4
11.954884	490	635	592	27
11.965460	498	623	594	9
11.984991	509	615	579	15
12.004522	505	615	566	6
12.024054	489	621	571	9
12.043585	484	618	593	10
12.063116	504	612	590	9
12.082647	504	618	568	6
12.102179	503	614	565	4
12.121710	498	610	579	4
12.141241	491	608	580	0
12.160470	483	616	579	7
12.180001	492	610	581	5
12.199532	494	603	576	8
12.219064	488	598	572	5
12.238595	494	605	575	6
12.258126	495	606	573	0
12.277657	490	613	576	8
12.297189	485	624	586	15
12.316720	498	627	593	4
12.336251	502	615	575	20
12.354479	505	610	560	11
12.374010	492	608	568	3
12.393541	485	605	583	7
12.413073	490	608	582	0
12.432604	503	616	567	2
12.452135	503	627	569	10
12.471666	503	629	574	4
12.491198	495	629	585	6
12.510729	494	615	584	11
12.530260	492	605	568	16
12.551482	499	603	559	7
12.571013	504	606	572	8
12.590544	497	617	578	13
12.610075	498	625	577	6
12.629607	511	624	583	1
12.649138	515	620	578	6
12.668669	509	612	559	16
12.688200	498	606	569	0
12.707732	496	607	586	10
12.727263	497	610	582	0
12.751670	503	613	578	0
12.771201	495	620	581	8
12.790732	495	620	586	2
12.810263	506	612	574	14
12.829795	508	608	562	9
12.849326	503	608	577	7
12.868857	499	614	589	12
12.888388	496	621	577	0
12.907920	506	620	580	0
12.927451	508	615	571	8
12.945540	506	612	571	2
12.965071	503	606	578	1
12.984602	498	608	579	2
13.004133	498	610	574	1
13.023665	498	613	580	5
13.043196	496	612	582	0
13.062727	493	613	575	2
13.082258	496	607	578	3
13.101790	505	611	572	0
13.121321	504	621	572	8
13.134563	508	621	572	0
13.154094	512	629	568	5
13.173625	513	618	557	14
13.193156	501	578	586	15
13.212688	484	587	582	6
13.232219	480	628	571	27
13.251750	531	650	568	16
13.271281	523	651	574	2
13.290813	486	645	600	8
13.310344	493	615	596	27
13.331557	494	607	569	22
13.351088	482	602	571	0
13.370619	489	582	584	8
13.390151	483	588	581	3
13.409682	480	609	570	10
13.429213	478	618	570	8
13.448744	486	620	575	2
13.468276	493	625	575	3
13.487807	504	629	569	0
13.507338	507	623	567	6
13.526668	500	614	570	6
13.546199	503	610	564	6
13.565730	494	620	568	11
13.585262	501	616	572	2
13.604793	505	619	570	1
13.624324	500	623	573	5
13.643855	498	614	577	5
13.663387	488	612	576	0
13.682918	497	603	574	9
13.702449	493	607	566	0
13.724630	498	608	564	0
13.744161	495	621	571	15
13.763692	497	625	581	8
13.783223	496	627	571	3
13.802755	503	625	568	3
13.822286	500	625	568	0
13.841817	496	620	568	3
13.861348	499	622	573	3
13.880880	505	615	558	13
13.900411	512	611	554	5
13.923502	520	620	566	13
13.943033	510	622	570	3
13.962564	501	618	562	6
13.982095	516	613	556	7
14.001627	510	621	565	10
14.021158	505	626	578	10
14.040689	497	632	580	6
14.060220	497	619	562	19
14.079752	505	613	559	7
14.099283	501	613	566	3
14.110619	498	623	576	13
14.130150	502	625	568	2
14.149681	505	624	566	1
14.169213	506	620	573	0
14.188744	502	618	562	6
14.208275	501	619	566	2
14.227806	490	620	575	6
14.247338	486	629	574	7
14.266869	500	628	580	0
14.286400	511	619	573	11
14.309562	506	618	552	9
14.329093	489	617	571	9
14.348624	501	606	578	7
14.368155	501	613	559	3
14.387687	506	623	577	16
14.407218	510	625	576	1
14.426749	500	630	572	3
14.446280	501	619	567	12
14.465812	504	609	574	5
14.485343	503	616	581	9
14.503564	499	626	577	6
14.523095	490	628	576	2
14.542626	494	617	594	0
14.562157	499	618	586	4
14.581689	500	600	576	20
14.601220	501	593	604	13
14.620751	499	596	599	1
14.640282	494	611	589	5
14.659814	505	612	593	2
14.679345	508	602	587	11
14.744019	522	578	585	18
14.763550	491	583	585	5
14.783081	482	580	592	5
14.802613	498	604	606	23
14.822144	507	610	593	5
14.841675	505	609	598	2
14.861206	493	583	604	12
14.880738	505	556	605	14
14.900269	515	575	578	11
14.919800	488	622	598	50
14.895643	486	598	620	1
14.915174	483	602	620	3
14.934705	489	565	605	34
14.954237	507	555	595	15
14.973768	512	547	575	21
14.993299	469	634	561	66
15.012830	492	649	619	36
15.032362	547	591	611	43
15.051893	534	633	564	2
15.071424	517	605	559	29
15.090654	501	567	576	19
15.110185	474	581	605	36
15.129716	500	620	595	14
15.149247	533	617	555	21
15.168779	497	640	567	24
15.188310	483	646	612	29
15.207841	448	612	601	21
15.227372	463	606	606	6
15.246904	539	574	580	45
15.266435	514	512	531	76
15.285616	540	546	537	31
15.305147	528	618	540	60
15.324678	481	667	623	82
15.344209	444	552	569	95
15.363741	400	643	567	83
15.383272	426	720	614	66
15.402803	448	763	617	32
15.422334	458	707	594	61
15.441866	476	584	574	116
15.461397	515	559	551	40
15.481621	482	626	531	58
15.501152	461	692	559	73
15.520683	463	749	591	61
15.540215	485	561	570	173
15.559746	540	485	543	30
15.579277	588	492	521	29
15.598808	612	519	502	21
15.618340	545	582	490	20
15.637871	573	862	552	277
15.657402	421	685	644	121
15.680251	479	561	619	113
15.699782	551	559	553	48
15.719313	620	619	504	78
15.738844	498	737	478	75
15.758376	369	671	518	14
15.777907	353	620	613	3
15.797438	403	595	675	4
15.816969	536	603	548	112
15.836501	622	624	509	56
15.856032	585	661	452	19
15.871601	459	753	473	73
15.891132	413	675	534	57
15.910663	457	608	594	54
15.930194	496	588	565	43
15.949726	505	577	501	27
15.969257	513	564	489	9
15.988788	541	590	511	26
16.008319	556	635	537	49
16.027851	467	775	596	146
16.047382	479	643	529	143
16.067597	472	578	538	54
16.087128	489	526	555	30
16.106659	504	566	567	26
16.126190	508	617	557	36
16.145722	497	681	553	60
16.165253	497	671	537	12
16.184784	501	631	539	39
16.204315	539	604	545	21
16.223847	565	593	540	0
16.243378	527	609	530	0
16.262748	495	641	543	33
16.282279	480	641	552	5
16.301810	457	658	565	25
16.321342	467	643	553	20
16.340873	496	620	550	28
16.360404	516	618	554	1
16.379935	534	603	547	14
16.399467	540	635	560	35
16.418998	525	635	542	7
16.438529	494	647	538	11
16.457582	492	622	530	25
16.477113	496	639	547	19
16.496644	504	624	540	16
16.516176	478	645	522	21
16.535707	470	624	516	17
16.555238	484	648	526	19
16.574769	492	626	527	22
16.594301	476	678	526	53
16.613832	455	644	520	26
16.633363	451	655	534	13
16.654592	474	631	539	29
16.674123	484	658	527	21
16.693654	503	628	506	32
16.713186	514	626	516	2
16.732717	508	643	541	20
16.752248	487	619	549	18
16.771779	488	630	538	7
16.791311	548	562	587	26
16.810842	588	355	534	78
16.830373	526	723	615	59
16.848648	473	562	461	153
16.868179	473	518	594	9
16.887710	412	908	525	317
16.907242	553	440	674	226
16.926773	477	577	473	98
16.946304	512	576	584	12
16.965835	524	598	558	1
16.985367	480	650	524	43
17.004898	489	613	529	37
17.024429	466	761	484	149
17.050632	432	548	508	166
17.070163	501	651	507	51
17.089694	453	624	520	12
17.109226	462	617	517	10
17.128757	483	598	519	25
17.148288	465	604	521	12
17.167819	471	598	531	6
17.187351	485	634	536	30
17.206882	460	596	523	27
17.226413	442	621	498	30
17.238636	415	621	506	15
17.258167	422	616	553	2
17.277698	473	600	593	17
17.297230	549	596	484	29
17.316761	407	706	428	140
17.336292	448	657	472	72
17.355823	562	604	564	46
17.375355	534	591	650	43
17.394886	446	624	503	30
17.414417	392	640	374	92
17.434636	486	661	475	67
17.454167	466	638	508	21
17.473698	436	634	561	17
17.493229	453	636	499	13
17.512761	459	658	429	38
17.532292	469	643	464	30
17.551823	516	621	537	34
17.571354	530	619	566	9
17.590886	453	662	489	41
17.610417	429	645	468	0
17.648836	470	598	542	62
17.668367	469	591	575	9
17.687898	472	582	568	11
17.707429	450	585	537	0
17.726961	439	619	507	30
17.746492	464	613	507	17
17.766023	462	611	537	1
17.785554	415	609	584	41
17.805086	466	606	547	44
17.824617	435	649	402	81
17.825679	440	704	416	34
17.845210	447	657	483	64
17.864741	451	624	598	7
17.884273	462	636	565	9
17.903804	493	635	478	14
17.923335	447	663	413	62
17.942866	502	623	506	80
17.962398	552	583	604	11
17.981929	510	618	593	10
18.001460	541	647	543	8
18.020558	510	655	459	11
18.040089	500	665	409	32
18.059620	501	657	436	20
18.079151	527	604	507	70
18.098683	501	629	563	34
18.118214	490	626	553	4
18.137745	488	606	503	25
18.157276	524	616	500	7
18.176808	504	589	507	27
18.196339	456	570	567	20
18.245815	511	575	599	9
18.265346	528	592	601	13
18.284877	536	606	579	2
18.304409	526	609	504	19
18.323940	528	615	544	10
18.343471	565	621	588	34
18.363002	551	640	597	15
18.382534	519	621	553	41
18.402065	498	641	504	13
18.421596	505	675	491	34
18.411947	498	674	494	0
18.431478	509	662	548	9
18.451009	506	671	579	18
18.470541	502	670	559	7
18.490072	489	680	520	4
18.509603	484	674	515	5
18.529134	502	669	528	6
18.548666	516	667	532	1
18.568197	515	656	531	11
18.587728	523	645	541	8
18.608862	524	635	553	6
18.628393	523	628	560	4
18.647924	536	630	569	7
18.667455	526	642	562	6
18.686987	501	653	520	1
18.706518	491	630	472	15
18.726049	454	622	436	19
18.745580	469	678	436	41
18.765112	488	729	412	52
18.784643	523	702	397	17
18.805454	546	699	419	10
18.824985	540	690	454	22
18.844516	556	654	520	40
18.864048	550	665	579	22
18.883579	548	662	566	7
18.903110	525	652	548	18
18.922641	489	646	470	2
18.942173	512	617	448	19
18.961704	521	690	489	56
18.981235	559	689	534	4
18.997732	575	658	556	19
19.017263	548	671	545	1
19.036794	513	690	519	11
19.056325	511	673	515	17
19.075857	550	653	537	12
19.095388	553	634	575	4
19.114919	561	613	606	3
19.134450	563	594	607	10
19.153982	540	603	591	11
19.173513	553	625	571	10
19.191643	556	649	558	17
19.211174	548	661	551	7
19.230705	539	662	560	1
19.250237	544	672	569	13
19.269768	548	680	565	6
19.289299	557	655	573	17
19.308830	538	656	558	8
19.328362	521	655	535	8
19.347893	515	645	507	11
19.367424	525	654	474	14
19.387711	553	638	491	13
19.407242	564	642	509	5
19.426773	572	633	576	9
19.446305	554	627	617	11
19.465836	530	640	559	23
19.485367	525	618	501	30
19.504898	541	595	486	15
19.524430	550	592	483	1
19.543961	531	609	500	6
19.563492	546	599	526	5
19.586099	551	598	522	0
19.605630	543	597	493	2
19.625161	551	592	474	4
19.644692	559	584	486	6
19.664224	559	583	508	4
19.683755	549	595	504	5
19.703286	545	596	482	3
19.722817	545	583	465	3
19.742349	544	577	459	1
19.761880	534	580	462	2
19.781600	521	573	449	0
19.801131	496	581	456	2
19.820662	504	563	440	1
19.840194	526	552	437	2
19.859725	541	557	439	4
19.879256	502	595	437	21
19.898787	547	589	593	4
19.918319	659	727	659	181
19.937850	550	708	442	87
19.957381	591	664	356	20
19.974699	577	614	362	39
19.994230	512	588	412	67
20.013761	521	566	501	69
20.033293	556	584	531	30
20.052824	420	481	510	10
20.072355	576	598	406	53
20.091886	512	569	346	24
20.111418	506	575	403	49
20.130949	543	637	476	7
20.150480	576	639	547	12
20.169707	388	532	564	10
20.189238	510	624	489	21
20.208769	555	685	397	97
20.228301	574	609	366	26
20.247832	560	631	405	18
20.267363	546	608	471	57
20.286894	539	605	523	12
20.306426	559	630	521	29
20.325957	569	654	463	33
20.345488	554	604	410	17
20.397046	556	558	380	2
20.416577	542	573	408	22
20.436108	530	589	462	30
20.455640	537	624	492	22
20.475171	543	631	482	10
20.494702	552	619	457	0
20.514233	558	599	434	1
20.533765	551	585	424	4
20.553296	548	601	444	3
20.572827	549	623	464	8
20.559737	551	626	471	0
20.579268	556	618	468	4
20.598799	551	606	454	5
20.618330	552	603	447	1
20.637862	548	616	446	9
20.657393	542	609	450	9
20.676924	551	600	459	9
20.696455	555	591	459	5
20.715987	552	586	451	0
20.735518	542	607	447	15
20.757657	549	637	458	22
20.777188	545	643	469	0
20.796719	544	619	469	22
20.816251	545	606	456	5
20.835782	550	597	441	2
20.855313	569	611	449	13
20.874844	567	616	459	1
20.894376	553	605	460	14
20.913907	542	610	455	3
20.933438	539	627	459	12
20.958761	549	638	471	8
20.978292	562	621	476	12
20.997823	553	597	463	18
21.017354	556	589	448	3
21.036886	533	605	445	7
21.056417	525	637	464	17
21.075948	534	626	483	14
21.095479	540	613	484	11
21.115011	555	622	473	15
21.134542	564	605	453	2
21.147243	554	584	437	9
21.166774	542	589	442	3
21.186305	524	617	465	7
21.205837	513	698	498	70
21.225368	561	622	516	66
21.244899	568	636	482	18
21.264430	556	595	452	27
21.283962	541	595	435	5
21.303493	519	609	445	1
21.323024	530	614	487	11
21.350761	551	622	511	10
21.370292	564	628	492	11
21.389823	559	618	460	1
21.409354	526	609	444	7
21.428886	531	629	470	6
21.448417	552	614	499	15
21.467948	540	604	496	12
21.487479	537	629	472	28
21.507011	556	630	459	10
21.526542	559	618	473	14
21.543829	552	608	480	13
21.563360	540	621	485	6
21.582891	543	644	477	24
21.602422	559	630	467	5
21.621954	562	623	467	4
21.641485	555	617	471	9
21.661016	544	628	473	5
21.680547	554	624	475	1
21.700079	555	610	467	9
21.719610	551	604	460	3
21.742291	538	619	464	7
21.761822	528	642	475	15
21.781353	547	638	493	3
21.800884	562	618	490	12
21.820416	547	614	477	5
21.839947	530	609	468	5
21.859478	520	627	474	13
21.879009	539	627	490	1
21.898541	541	622	492	4
21.918072	521	634	486	9
21.983742	521	638	489	3
22.003273	527	622	488	14
22.022804	532	621	487	0
22.042336	518	617	484	4
22.061867	514	618	493	1
22.081398	534	621	494	4
22.100929	536	617	480	0
22.120461	530	625	483	5
22.139992	524	631	490	3
22.159523	511	628	493	4
22.161394	513	623	496	5
22.180925	530	618	493	2
22.200456	532	615	478	1
22.219987	516	616	478	0
22.239519	510	629	489	9
22.259050	520	632	497	1
22.278581	542	635	495	6
22.298112	522	621	474	11
22.317644	510	622	479	1
22.337175	526	623	489	0
22.321794	524	624	488	0
22.341325	530	633	489	9
22.360856	528	628	483	3
22.380388	516	626	480	2
22.399919	523	624	486	2
22.419450	516	619	481	4
22.438981	512	616	476	1
22.458513	532	622	483	5
22.478044	542	632	486	10
22.497575	524	630	480	3
22.515814	513	612	486	19
22.535345	508	625	497	10
22.554876	537	620	493	1
22.574408	549	621	467	11
22.593939	527	615	460	7
22.613470	521	625	488	0
22.633001	515	625	501	2
22.652533	496	631	500	7
22.672064	549	641	487	15
22.691595	551	609	459	19
22.712445	534	600	468	16
22.731976	535	609	476	5
22.751507	494	670	474	57
22.771039	494	653	487	19
22.790570	511	643	488	11
22.810101	552	640	480	4
22.829632	554	619	478	17
22.849164	519	598	472	24
22.868695	496	610	464	15
22.888226	506	657	491	36
22.913536	515	625	482	29
22.933067	492	605	479	16
22.952598	511	610	484	1
22.972130	536	621	484	13
22.991661	527	625	472	5
23.011192	498	639	468	14
23.030723	513	633	475	8
23.050255	531	607	466	19
23.069786	525	596	466	10
23.089317	465	604	463	17
23.106849	499	632	471	13
23.126380	524	654	469	21
23.145911	505	639	459	11
23.165442	507	614	454	20
23.184974	504	607	454	5
23.204505	492	620	448	15
23.224036	527	630	459	3
23.243567	537	615	470	16
23.263099	502	604	462	8
23.282630	472	650	458	48
23.300802	479	625	465	26
23.320333	515	607	465	20
23.339864	520	614	467	5
23.359396	528	614	463	2
23.378927	512	596	461	16
23.398458	509	610	450	17
23.417989	496	645	448	32
23.437521	490	652	450	6
23.457052	510	628	471	31
23.476583	534	599	474	25
23.495760	526	601	459	7
23.515291	515	598	450	1
23.534822	510	612	458	7
23.554353	518	585	468	28
23.573885	534	608	471	21
23.593416	511	643	452	37
23.612947	496	651	440	13
23.632478	512	582	442	58
23.652010	548	572	460	11
23.671541	531	599	458	16
23.692161	522	637	461	31
23.711692	502	653	452	18
23.731223	489	657	440	9
23.750755	499	629	436	23
23.770286	521	630	451	6
23.789817	532	621	463	11
23.809348	553	618	473	1
23.828880	529	640	464	17
23.848411	487	642	447	9
23.867942	481	627	438	7
23.902866	522	586	455	46
23.922397	555	579	472	4
23.941928	552	596	472	12
23.961459	531	616	462	15
23.980991	502	603	450	6
24.000522	487	606	454	2
24.020053	512	595	456	13
24.039584	544	582	464	9
24.059116	543	604	472	14
24.078647	532	588	466	13
24.081808	530	582	464	4
24.101339	527	610	453	28
24.120870	511	646	436	38
24.140402	510	655	436	7
24.159933	547	615	460	41
24.179464	532	626	463	5
24.198995	518	634	448	12
24.218527	502	656	432	27
24.238058	529	629	437	25
24.257589	543	633	453	1
24.278878	525	634	452	1
24.298409	511	635	441	5
24.317940	501	617	440	14
24.337471	526	598	467	29
24.357003	543	585	486	14
24.376534	527	603	477	15
24.396065	522	620	462	20
24.415596	495	649	436	38
24.435128	495	627	437	19
24.454659	489	630	459	6
24.472752	497	617	469	16
24.492283	519	591	471	25
24.511814	536	597	473	7
24.531346	540	591	460	2
24.550877	525	592	450	3
24.570408	517	613	454	14
24.589939	505	633	461	14
24.609471	505	633	453	3
24.629002	505	617	441	7
24.648533	512	605	453	16
24.671190	512	617	465	4
24.690721	500	635	452	22
24.710252	503	626	442	3
24.729784	512	605	450	22
24.749315	516	598	461	11
24.768846	526	596	465	2
24.788377	515	597	461	1
24.807909	510	604	455	9
24.827440	507	624	444	22
24.846971	516	635	435	14
24.855876	517	633	430	1
24.875407	522	614	431	15
24.894938	512	594	443	23
24.914469	494	584	455	13
24.934001	497	592	454	6
24.953532	513	602	446	11
24.973063	503	596	438	0
24.992594	510	585	442	11
25.012126	502	596	443	8
25.031657	497	610	439	13
25.061011	480	614	422	16
25.080542	501	592	430	24
25.100073	535	593	442	5
25.119605	551	595	438	8
25.139136	557	601	433	9
25.158667	537	603	425	1
25.178198	504	604	424	0
25.197730	504	613	426	5
25.217261	505	622	410	17
25.236792	519	617	407	1
25.253899	531	608	423	16
25.273430	542	594	442	20
25.292961	550	580	452	13
25.312493	541	569	454	11
25.332024	514	572	444	4
25.351555	493	584	431	19
25.371086	482	599	422	18
25.390618	483	597	424	2
25.410149	512	600	428	4
25.429680	526	604	424	6
25.448884	523	611	422	6
25.468415	529	600	428	11
25.487946	526	597	423	1
25.507478	527	588	422	5
25.527009	536	568	437	22
25.546540	523	578	441	0
25.566071	514	580	437	3
25.585603	511	587	422	15
25.605134	507	587	410	9
25.624665	515	574	429	23
25.646442	504	606	444	12
25.665973	493	649	425	47
25.685504	497	671	396	33
25.705035	504	638	391	22
25.724567	502	629	410	19
25.744098	503	622	419	11
25.763629	513	597	427	24
25.783160	506	573	438	24
25.802692	503	569	452	12
25.822223	508	582	464	1
25.837911	493	571	449	3
25.857442	489	575	431	16
25.876973	472	590	432	13
25.896504	482	592	438	5
25.916036	487	585	423	4
25.935567	508	581	430	10
25.955098	513	577	444	13
25.974629	511	580	444	2
25.994161	485	577	433	9
26.013692	462	593	440	13
26.033904	454	600	438	9
26.053435	472	604	433	1
26.072966	500	606	424	1
26.092498	520	597	413	1
26.112029	511	568	425	27
26.131560	488	551	460	34
26.151091	423	569	475	42
26.170623	445	629	441	40
26.190154	478	693	384	71
26.209685	494	629	378	45
26.287343	514	584	437	74
26.306874	532	549	496	58
26.326405	560	538	518	9
26.345937	545	562	487	9
26.365468	452	611	411	88
26.384999	471	693	361	85
26.404530	433	609	370	50
26.424062	476	580	447	88
26.443593	514	607	485	1
26.463124	524	586	463	9
26.428836	527	580	434	15
26.448367	497	577	421	8
26.467898	460	570	421	6
26.487429	481	578	429	9
26.506961	483	590	419	14
26.526492	518	594	410	6
26.546023	534	612	391	27
26.565554	552	612	398	1
26.585086	540	620	394	5
26.604617	488	661	469	5
26.627890	531	679	586	26
26.647421	595	640	626	6
26.666952	656	639	628	33
26.686483	669	676	591	16
26.706015	599	707	469	22
26.725546	625	701	420	20
26.745077	535	663	450	73
26.764608	601	674	408	47
26.784140	553	606	517	109
26.803671	571	629	495	29
26.823213	591	636	450	27
26.842744	572	654	402	29
26.862275	566	645	387	0
26.881806	579	606	434	51
26.901338	576	620	464	4
26.920869	553	668	463	34
26.940400	558	657	453	5
26.959931	537	655	436	0
26.979463	538	625	447	30
26.998994	535	628	462	4
27.011016	513	659	424	42
27.030547	535	638	397	0
27.050078	522	636	392	0
27.069609	540	664	405	15
27.089141	515	639	445	44
27.108672	510	656	468	6
27.128203	535	661	499	0
27.147734	542	648	529	11
27.167266	534	626	541	20
27.186797	524	619	528	10
27.222939	506	620	498	0
27.242470	501	619	465	8
27.262001	498	614	450	2
27.281533	485	606	453	5
27.301064	488	598	448	4
27.320595	520	587	455	15
27.340126	531	575	471	17
27.359658	506	579	496	8
27.379189	548	623	539	50
27.398720	460	521	591	24
27.476991	709	684	657	204
27.496522	598	620	609	130
27.516053	612	746	479	87
27.535584	478	674	332	12
27.555116	460	609	372	66
27.574647	582	544	501	100
27.594178	533	598	553	19
27.613709	544	717	594	125
27.633241	502	627	495	106
27.652772	497	626	436	21
27.594614	480	609	429	6
27.614145	484	631	469	2
27.633676	518	630	496	10
27.653208	551	604	515	19
27.672739	534	607	514	2
27.692270	531	608	486	3
27.711801	498	599	463	0
27.731333	443	616	456	35
27.750864	414	666	467	51
27.770395	459	622	468	58
27.966966	529	613	483	23
27.986497	611	637	512	53
28.006028	616	683	524	41
28.025559	522	672	511	40
28.045091	491	774	529	103
28.064622	452	634	519	127
28.084153	511	616	534	29
28.103684	550	605	486	2
28.123216	531	575	453	15
28.142747	485	595	470	8
27.968353	529	613	483	9
27.987884	611	637	512	53
28.007415	616	683	524	41
28.026947	522	672	511	40
28.046478	491	774	529	103
28.066009	452	634	519	127
28.085540	511	616	534	29
28.105072	550	605	486	2
28.124603	531	575	453	15
28.144134	485	595	470	8
27.991721	471	655	521	52
28.011252	526	725	574	73
28.030783	532	639	541	90
28.050314	520	624	502	19
28.069846	507	623	485	1
28.089377	519	619	513	7
28.108908	514	626	536	9
28.128439	511	639	556	17
28.147971	509	640	544	2
28.167502	509	626	531	16
28.202995	505	634	533	8
28.222526	510	619	524	16
28.242057	491	627	545	13
28.261589	485	636	569	17
28.281120	511	622	536	26
28.300651	516	625	532	2
28.320182	506	632	536	7
28.339714	499	624	537	7
28.359245	489	635	566	20
28.378776	464	647	586	24
28.382956	496	657	552	9
28.402487	534	641	516	20
28.422018	542	606	522	31
28.441550	495	622	562	22
28.461081	473	620	574	8
28.480612	462	609	579	2
28.500143	459	613	587	8
28.519675	483	609	565	22
28.539206	512	613	546	7
28.558737	538	610	527	4
28.584058	505	603	560	0
28.603589	469	610	596	32
28.623120	445	609	585	2
28.642652	456	603	577	13
28.662183	484	597	566	20
28.681714	507	598	548	11
28.701245	484	624	575	38
28.720777	470	620	603	15
28.740308	446	626	587	4
28.759839	459	597	574	33
28.831777	472	591	572	10
28.851308	467	606	570	12
28.870839	462	617	584	17
28.890371	460	624	601	15
28.909902	469	620	597	8
28.929433	483	599	578	31
28.948964	494	580	556	30
28.968496	508	583	547	3
28.988027	489	631	587	63
29.007558	478	635	596	10
28.986020	479	622	588	15
29.005551	484	599	566	31
29.025082	481	588	562	10
29.044614	478	596	580	17
29.064145	471	620	589	25
29.083676	469	634	592	13
29.103207	479	621	582	18
29.122739	481	592	577	26
29.142270	455	590	574	7
29.161801	447	607	586	22
29.176006	457	612	592	2
29.195537	465	616	583	4
29.215068	472	615	574	7
29.234600	471	615	575	0
29.254131	474	608	576	6
29.273662	483	593	574	15
29.293193	484	589	575	2
29.312725	476	610	584	23
29.332256	467	624	580	11
29.351787	476	621	580	5
29.376020	483	612	575	11
29.395551	492	597	575	14
29.415082	484	590	586	3
29.434613	477	588	580	3
29.454145	468	610	580	19
29.473676	466	625	581	13
29.493207	468	613	574	13
29.512738	468	601	584	3
29.532270	476	609	590	6
29.551801	482	592	568	27
29.567026	474	590	564	1
29.586557	464	616	577	30
29.606088	480	612	578	7
29.625619	478	614	581	3
29.645151	467	605	577	5
29.664682	479	617	560	1
29.684213	470	630	591	28
29.703744	471	605	576	27
29.723276	471	602	574	3
29.742807	465	621	578	19
29.752410	481	614	578	10
29.771941	493	602	567	18
29.791472	475	609	562	8
29.811003	480	616	579	12
29.830535	491	633	577	11
29.850066	477	617	581	8
29.869597	479	605	579	11
29.889128	466	610	582	9
29.908660	458	620	587	13
29.928191	463	610	572	17
30.012843	486	594	576	17
30.032374	496	587	580	4
30.051905	470	601	575	14
30.071436	451	608	587	19
30.090968	452	611	587	1
30.110499	463	612	584	5
30.130030	481	597	587	15
30.149561	482	599	583	1
30.169093	470	601	580	3
30.188624	463	615	578	12
30.014300	486	594	576	24
30.033831	496	587	580	4
30.053362	470	601	575	14
30.072893	451	608	587	19
30.092425	452	611	587	1
30.111956	463	612	584	5
30.131487	481	597	587	15
30.151018	482	599	583	1
30.170550	470	601	580	3
30.190081	463	615	578	12
30.158125	461	626	577	9
30.177656	466	606	573	19
30.197187	475	597	577	7
30.216718	474	608	579	9
30.236250	456	613	578	9
30.255781	450	600	567	12
30.275312	457	586	581	5
30.294843	471	587	586	2
30.314375	473	615	574	13
30.333906	473	614	556	8
30.349039	460	601	564	2
30.368570	457	604	588	15
30.388101	455	614	576	1
30.407633	459	611	564	9
30.427164	454	619	565	8
30.446695	448	637	574	20
30.466226	444	632	570	3
30.485758	443	618	567	11
30.505289	459	600	570	19
30.524820	473	600	570	5
30.544341	475	590	564	11
30.563872	471	598	568	9
30.583403	465	613	568	14
30.602935	452	626	567	15
30.622466	435	610	559	6
30.641997	444	593	572	11
30.661528	466	604	573	2
30.681060	480	603	564	10
30.700591	469	597	554	5
30.720122	457	593	564	6
30.741921	455	607	567	12
30.761452	452	616	564	7
30.780983	446	615	564	2
30.800514	452	621	569	3
30.820046	463	629	572	3
30.839577	451	631	561	2
30.859108	446	607	560	17
30.878639	459	614	577	6
30.898171	461	615	564	5
30.917702	459	617	559	0
30.934993	460	612	563	2
30.954524	450	614	564	6
30.974055	438	601	569	1
30.993587	441	604	573	2
31.013118	454	616	568	0
31.032649	468	616	552	11
31.052180	480	609	547	11
31.071712	471	611	550	5
31.091243	454	612	578	19
31.110774	443	616	573	5
31.172116	453	612	566	10
31.191647	465	616	564	2
31.211178	474	616	551	8
31.230710	455	610	564	7
31.250241	448	613	575	10
31.269772	449	619	568	1
31.289303	452	614	561	8
31.308835	458	607	557	9
31.328366	460	606	558	1
31.347897	455	614	562	10
31.312041	455	617	559	1
31.331572	455	622	555	2
31.351103	458	600	550	21
31.370635	460	599	557	0
31.390166	462	605	560	5
31.409697	464	615	559	6
31.429228	457	619	554	4
31.448760	448	626	550	8
31.468291	444	634	548	8
31.487822	443	613	548	16
31.594641	453	604	565	6
31.614172	457	607	567	1
31.633703	458	618	558	4
31.653234	454	626	547	5
31.672766	453	619	543	6
31.692297	462	603	553	14
31.711828	474	599	572	0
31.731359	468	612	560	7
31.750891	456	627	550	14
31.770422	450	632	548	6
31.722012	449	625	552	4
31.741543	449	614	559	6
31.761074	455	606	567	5
31.780606	462	611	559	2
31.800137	462	617	549	1
31.819668	457	616	543	0
31.839199	463	618	545	0
31.858731	465	615	546	3
31.878262	456	615	554	6
31.897793	446	617	551	5
31.914110	441	628	550	11
31.933641	443	625	550	3
31.953172	452	621	551	7
31.972703	455	617	551	4
31.992235	452	615	553	0
32.011766	451	613	554	0
32.031297	454	615	550	1
32.050828	460	610	549	7
32.070360	461	608	553	0
32.089891	465	610	553	0
32.094125	462	619	549	7
32.113656	456	617	550	1
32.133187	453	619	549	2
32.152719	452	614	550	3
32.172250	457	610	555	3
32.191781	453	611	557	3
32.211312	443	615	556	7
32.230844	442	620	550	2
32.250375	452	621	545	5
32.269906	455	617	544	5
32.547058	454	614	547	1
32.566589	447	611	548	1
32.586120	440	608	551	2
32.605651	443	613	549	1
32.625183	447	614	541	3
32.644714	461	611	539	9
32.664245	458	618	547	9
32.683776	449	621	551	7
32.703308	448	617	552	2
32.722839	439	611	552	0
32.575609	454	614	547	6
32.595140	447	611	548	1
32.614671	440	608	551	2
32.634202	443	613	549	1
32.653734	447	614	541	3
32.673265	461	611	539	9
32.692796	458	618	547	9
32.712327	449	621	551	7
32.731859	448	617	552	2
32.751390	439	611	552	0
32.576454	454	614	547	6
32.595985	447	611	548	1
32.615516	440	608	551	2
32.635047	443	613	549	1
32.654579	447	614	541	3
32.674110	461	611	539	9
32.693641	458	618	547	9
32.713172	449	621	551	7
32.732704	448	617	552	2
32.752235	439	611	552	0
32.602064	441	609	536	6
32.621595	446	607	533	5
32.641126	448	610	550	5
32.660657	438	610	562	9
32.680189	449	606	562	8
32.699720	455	602	547	11
32.719251	453	592	547	6
32.738782	441	606	561	22
32.758314	437	618	565	12
32.777845	440	621	562	0
32.703155	460	614	551	18
32.722686	480	609	538	15
32.742217	482	596	530	14
32.761749	457	596	528	10
32.781280	426	620	551	41
32.800811	432	615	571	0
32.820342	426	618	576	7
32.839874	433	616	565	9
32.859405	444	613	530	17
32.878936	467	610	523	14
32.892088	465	617	548	12
32.911619	440	618	577	23
32.931150	419	620	576	12
32.950681	444	609	555	30
32.970213	463	607	552	11
32.989744	469	623	551	11
33.009275	460	615	555	2
33.028806	445	611	563	6
33.048338	442	608	569	1
33.067869	449	608	565	5
33.083149	453	608	564	2
33.102680	448	614	570	9
33.122211	442	614	557	2
33.141742	446	603	554	11
33.161274	450	596	563	3
33.180805	446	609	569	14
33.200336	449	612	560	2
33.219867	449	610	568	1
33.239399	439	614	566	7
33.258930	446	609	562	9
33.279153	455	605	564	6
33.298684	451	605	562	1
33.318215	447	610	566	7
33.337746	442	614	562	4
33.357278	450	609	562	7
33.376809	456	605	563	5
33.396340	454	606	568	3
33.415871	447	612	562	5
33.435403	447	612	558	1
33.454934	452	609	555	5
33.476132	458	603	563	4
33.495663	455	604	569	4
33.515194	446	606	560	2
33.534725	447	609	559	1
33.554257	452	605	560	5
33.573788	450	606	565	3
33.593319	446	606	567	2
33.612850	444	610	563	2
33.632382	448	606	559	6
33.651913	447	605	562	0
33.715086	447	610	564	4
33.734617	448	613	561	0
33.754148	449	609	558	4
33.773679	446	605	563	0
33.793211	443	612	570	9
33.812742	448	614	559	5
33.832273	453	606	561	7
33.851804	450	609	563	4
33.871336	443	605	560	0
33.890867	436	607	561	5
33.871155	442	615	555	0
33.890686	452	603	554	14
33.910217	461	602	566	0
33.929749	446	609	563	11
33.949280	436	603	556	1
33.968811	443	605	563	0
33.988342	448	602	561	5
34.007874	451	600	565	1
34.027405	450	599	562	1
34.046936	447	604	560	4
34.066060	440	609	566	9
34.085591	432	620	566	12
34.105122	433	620	561	2
34.124654	440	612	564	8
34.144185	448	610	567	4
34.163716	455	611	565	3
34.183247	453	612	554	2
34.202779	453	595	551	14
34.222310	439	596	568	15
34.241841	431	594	565	2
34.287692	412	600	564	16
34.307223	413	604	563	1
34.326754	420	604	558	6
34.346286	433	605	563	5
34.365817	439	605	564	3
34.385348	442	607	558	2
34.404879	447	611	552	1
34.424411	456	598	550	15
34.443942	459	588	558	5
34.463473	436	596	566	22
34.592321	431	608	558	8
34.611852	436	614	558	1
34.631383	447	605	559	12
34.650914	443	608	560	4
34.670446	429	616	556	12
34.689977	430	617	554	0
34.709508	433	614	557	3
34.729039	437	608	558	6
34.748571	445	605	552	8
34.768102	444	604	551	0
34.765131	438	605	559	6
34.784662	441	606	558	1
34.804193	441	605	557	1
34.823725	434	605	555	3
34.843256	432	612	550	4
34.862787	435	610	549	3
34.882318	445	610	547	6
34.901850	452	600	543	12
34.921381	452	597	550	0
34.940912	438	605	555	15
34.948954	421	612	561	17
34.968485	430	607	553	11
34.988016	440	603	545	11
35.007547	446	608	549	1
35.027079	441	607	554	3
35.046610	440	609	556	2
35.066141	443	604	550	7
35.085672	442	594	547	7
35.105204	440	597	556	6
35.124735	429	610	561	17
35.026223	423	613	558	4
35.045754	426	611	553	4
35.065285	431	610	549	4
35.084816	438	612	547	3
35.104348	447	610	546	6
35.123879	445	602	552	3
35.143410	440	606	557	7
35.162941	441	608	558	1
35.182473	439	606	552	2
35.202004	439	604	545	3
35.236244	444	591	542	13
35.255775	437	595	558	12
35.275306	426	614	565	22
35.294837	420	619	550	2
35.314369	422	604	532	15
35.333900	440	609	542	5
35.353431	445	626	557	15
35.372962	447	625	551	3
35.392494	439	610	550	8
35.412025	434	618	556	10
35.433130	437	607	558	9
35.452661	436	577	552	21
35.472192	442	596	559	11
35.491724	442	614	558	12
35.511255	435	626	548	10
35.530786	439	598	541	25
35.550317	446	572	555	17
35.569849	445	568	570	5
35.589380	428	603	556	26
35.608911	429	631	548	18
35.628579	447	637	555	2
35.648110	462	619	552	22
35.667641	436	621	553	14
35.687172	414	613	564	10
35.706704	416	584	572	15
35.726235	439	559	573	28
35.745766	463	573	568	9
35.765297	460	638	568	51
35.784829	466	684	554	35
35.804360	449	678	542	2
35.863284	431	597	537	60
35.882815	427	557	588	2
35.902346	441	573	603	7
35.921877	451	607	566	5
35.941409	463	621	543	1
35.960940	453	569	544	35
35.980471	440	528	575	8
36.000002	445	560	605	27
36.019534	447	622	572	16
36.039065	438	662	567	34
36.021243	442	676	578	14
36.040774	458	638	571	40
36.060305	455	548	577	55
36.079837	443	516	580	3
36.099368	416	585	593	48
36.118899	422	651	570	30
36.138430	440	657	563	5
36.157962	457	615	564	41
36.177493	463	559	558	45
36.197024	455	547	565	3
36.258253	450	542	573	6
36.277784	445	592	574	29
36.297315	458	602	579	3
36.316847	463	605	568	5
36.336378	456	579	583	6
36.355909	444	523	584	12
36.375440	430	518	580	7
36.394972	377	679	602	126
36.414503	420	775	624	67
36.434034	445	803	623	18
36.436262	462	821	616	11
36.455793	415	772	615	33
36.475324	307	809	573	69
36.494855	316	798	517	19
36.514387	425	768	460	71
36.533918	451	622	537	147
36.553449	657	603	703	128
36.572980	474	793	780	133
36.592512	387	585	614	213
36.612043	377	574	488	26
36.653505	351	640	443	66
36.673036	304	587	461	9
36.692567	310	539	493	22
36.712099	349	492	450	29
36.731630	400	440	364	23
36.751161	471	389	293	55
36.770692	235	206	356	186
36.790224	526	335	683	194
36.809755	566	428	749	10
36.829286	786	507	515	16
36.978965	441	553	616	141
36.998496	380	588	537	21
37.018027	391	603	488	1
37.037559	411	577	496	32
37.057090	428	584	549	4
37.076621	420	600	550	16
37.096152	408	623	520	19
37.115684	420	647	535	12
37.135215	426	675	562	25
37.154746	408	734	585	64
37.174420	434	735	589	7
37.193951	395	737	604	21
37.213482	398	752	577	3
37.233013	454	646	565	118
37.252545	450	547	529	82
37.272076	525	582	485	2
37.291607	487	608	417	61
37.311138	454	639	381	54
37.330670	377	524	313	49
37.350201	384	476	310	1
37.385467	329	448	285	56
37.404998	644	851	686	104
37.424529	671	273	807	8
37.444061	533	538	604	313
37.463592	439	467	439	14
37.483123	679	889	397	315
37.502654	380	677	381	179
37.522186	424	706	582	24
37.541717	480	698	638	2
37.561248	412	720	461	9
37.596202	468	698	439	31
37.615733	372	486	463	54
37.635264	516	550	538	104
37.654795	391	567	558	94
37.674327	334	621	475	71
37.693858	395	639	508	39
37.713389	423	647	487	9
37.732920	445	623	480	30
37.752452	455	597	488	28
37.771983	454	579	485	12
37.770211	444	586	494	9
37.789742	435	606	483	22
37.809273	435	606	471	3
37.828804	444	607	490	9
37.848336	452	606	512	7
37.867867	444	608	487	8
37.887398	434	608	481	7
37.906929	432	594	492	11
37.926461	430	602	500	6
37.945992	430	607	493	4
37.950464	426	620	492	12
37.969995	423	599	486	12
37.989526	426	587	489	10
38.009058	412	589	495	10
38.028589	401	603	494	17
38.048120	405	620	489	9
38.067651	422	615	484	14
38.087183	440	594	495	29
38.106714	448	582	491	13
38.126245	432	600	484	25
38.148011	426	596	485	1
38.167542	423	595	494	0
38.187073	418	591	494	1
38.206604	409	604	487	16
38.226136	405	603	483	3
38.245667	407	590	495	11
38.265198	418	584	490	11
38.284729	429	610	484	11
38.304261	436	619	476	4
38.323792	441	605	485	16
38.363522	436	593	492	7
38.383053	432	587	488	0
38.402584	429	594	474	10
38.422116	424	614	484	14
38.441647	423	620	489	4
38.461178	424	597	477	14
38.480709	432	586	483	14
38.500241	429	598	478	11
38.519772	428	611	467	13
38.539303	439	595	477	21
38.601482	439	610	497	7
38.621013	437	624	495	12
38.640544	431	624	470	8
38.660075	425	586	467	21
38.679607	414	598	496	8
38.699138	414	610	495	8
38.718669	439	605	473	15
38.738200	435	625	490	14
38.757732	445	623	513	8
38.777263	433	595	487	12
38.629971	439	610	497	5
38.649502	437	624	495	12
38.669033	431	624	470	8
38.688565	425	586	467	21
38.708096	414	598	496	8
38.727627	414	610	495	8
38.747158	439	605	473	15
38.766690	435	625	490	14
38.786221	445	623	513	8
38.805752	433	595	487	12
38.888058	420	580	479	1
38.907589	398	608	487	32
38.927120	392	612	484	7
38.946651	409	593	477	23
38.966183	418	570	475	19
38.985714	428	556	495	20
39.005245	421	592	501	25
39.024776	407	621	487	31
39.044308	410	626	485	1
39.063839	419	616	469	9
38.889517	420	580	479	26
38.909048	398	608	487	32
38.928579	392	612	484	7
38.948111	409	593	477	23
38.967642	418	570	475	19
38.987173	428	556	495	20
39.006704	421	592	501	25
39.026236	407	621	487	31
39.045767	410	626	485	1
39.065298	419	616	469	9
38.954142	451	551	465	59
38.973673	451	542	474	8
38.993204	422	588	492	41
39.012736	417	605	483	16
39.032267	416	599	450	7
39.051798	432	584	439	13
39.071329	445	588	455	13
39.090861	445	588	476	8
39.110392	423	595	479	18
39.129923	411	585	437	19
39.182340	427	570	438	18
39.201871	424	572	472	12
39.221402	432	577	482	6
39.240933	437	579	475	0
39.260465	426	587	447	24
39.279996	431	572	455	15
39.299527	415	573	488	1
39.319058	398	605	508	30
39.338590	403	622	483	10
39.358121	416	598	453	15
39.326850	433	582	451	19
39.346381	449	573	469	24
39.365912	456	580	494	7
39.385443	445	596	488	20
39.404975	443	594	467	6
39.424506	446	592	457	1
39.444037	453	597	463	2
39.463568	444	592	475	3
39.483100	431	607	486	16
39.502631	422	612	474	12
39.518632	420	610	462	3
39.538163	415	608	461	2
39.557694	404	608	481	2
39.577225	396	593	500	5
39.596757	400	583	492	7
39.616288	404	585	476	1
39.635819	402	592	470	7
39.655350	410	589	477	9
39.674882	414	584	482	7
39.694413	420	588	473	0
39.715704	424	589	473	2
39.735235	438	582	506	21
39.754766	439	584	563	12
39.774297	495	578	550	36
39.793829	480	564	514	16
39.813360	478	566	586	36
39.832891	486	590	590	15
39.852422	478	592	498	25
39.871954	464	579	430	28
39.891485	470	587	456	13
39.909544	472	580	504	23
39.929075	463	597	558	29
39.948606	446	612	534	13
39.968138	438	604	477	1
39.987669	431	601	460	7
40.007200	420	611	483	7
40.026731	444	616	515	13
40.046263	461	626	536	2
40.065794	446	640	539	19
40.085325	422	646	541	17
40.121086	414	639	550	0
40.140617	419	631	562	5
40.160148	421	634	559	0
40.179679	418	659	556	20
40.199211	437	635	561	27
40.218742	434	631	590	10
40.238273	450	654	592	12
40.257804	456	610	586	39
40.277336	466	636	585	16
40.296867	493	615	582	25
40.303198	495	617	592	7
40.322729	483	639	591	19
40.342260	478	622	579	19
40.361791	484	610	573	14
40.381323	499	601	559	17
40.400854	517	603	557	0
40.420385	531	614	568	16
40.439916	529	619	589	15
40.459448	519	618	589	1
40.478979	510	614	579	9
40.495371	505	616	582	3
40.514902	493	632	592	19
40.534433	496	624	588	9
40.553964	489	626	592	4
40.573496	494	633	590	3
40.593027	507	627	572	15
40.612558	509	627	575	1
40.632089	510	622	597	7
40.651621	505	628	606	10
40.671152	499	632	590	5
40.694163	499	633	581	3
40.713694	498	636	568	3
40.733225	505	636	561	3
40.752757	503	638	574	7
40.772288	500	633	586	1
40.791819	489	620	568	18
40.811350	490	610	544	18
40.830882	526	615	537	1
40.850413	542	630	596	41
40.869944	500	642	612	16
40.886749	468	619	575	32
40.906280	476	611	542	22
40.925811	514	605	502	15
40.945343	521	618	492	14
40.964874	546	628	538	15
40.984405	564	644	663	83
41.003936	511	624	649	30
41.023468	505	592	548	88
41.042999	492	608	443	31
41.062530	480	637	418	39
41.081569	489	647	421	4
41.101100	501	630	429	19
41.120631	515	641	474	10
41.140162	535	678	537	34
41.159694	536	679	567	8
41.179225	596	614	695	48
41.198756	545	612	736	21
41.218287	484	638	547	113
41.237819	480	678	423	57
41.257350	480	642	438	38
41.276651	482	634	474	21
41.296182	481	638	501	1
41.315713	506	631	538	8
41.335244	537	642	541	13
41.354776	533	696	652	96
41.374307	504	595	568	131
41.393838	468	603	465	11
41.413369	489	606	495	13
41.432901	476	608	551	11
41.452432	521	602	499	18
41.472527	573	669	584	91
41.492058	545	618	575	55
41.511589	527	636	490	0
41.531121	512	631	450	7
41.550652	514	650	545	7
41.570183	522	621	648	32
41.589714	515	583	508	103
41.609246	489	632	476	56
41.628777	453	680	555	55
41.648308	555	602	528	82
41.670360	526	667	570	65
41.689891	475	609	498	61
41.709422	500	636	454	32
41.728954	502	666	520	17
41.748485	536	631	564	22
41.768016	525	596	492	44
41.787547	540	680	579	95
41.807079	589	644	613	0
41.826610	580	604	550	62
41.846141	524	633	511	1
41.862893	516	625	519	8
41.882424	540	641	525	19
41.901955	548	625	515	14
41.921486	557	609	553	4
41.941018	542	596	578	3
41.960549	491	611	523	9
41.980080	463	619	481	19
41.999611	439	633	535	21
42.019143	462	627	526	16
42.038674	474	663	462	37
42.058662	493	643	486	28
42.078193	595	714	621	109
42.097724	583	595	553	127
42.117255	523	650	513	21
42.136787	500	612	526	36
42.156318	506	606	529	5
42.175849	513	614	529	7
42.195380	525	627	535	14
42.214912	529	625	536	1
42.234443	519	643	521	14
42.240196	526	637	517	5
42.259727	525	626	513	11
42.279258	518	592	467	22
42.298790	506	613	410	51
42.318321	467	718	566	73
42.337852	474	630	630	46
42.357383	480	669	499	10
42.376915	500	734	523	61
42.396446	529	627	504	106
42.415977	526	654	520	26
42.448625	543	632	524	18
42.468156	530	645	539	12
42.487687	498	599	485	44
42.507219	503	584	423	22
42.526750	495	641	555	22
42.546281	597	602	600	14
42.565812	499	710	504	46
42.585344	477	534	469	138
42.604875	586	670	589	131
42.624406	451	607	584	56
42.645956	547	630	532	9
42.665487	509	388	470	6
42.685018	540	594	664	44
42.704550	576	711	539	35
42.724081	506	690	498	32
42.743612	480	612	457	60
42.763143	454	639	466	28
42.782675	491	672	492	15
42.802206	503	649	487	23
42.821737	499	636	525	14
42.847493	517	616	541	17
42.867024	537	608	535	6
42.886555	533	626	516	14
42.906086	507	641	503	13
42.925618	482	636	515	1
42.945149	494	615	544	18
42.964680	516	624	508	2
42.984211	512	632	517	7
43.003743	538	612	502	16
43.023274	518	657	520	41
43.123187	499	629	524	27
43.142718	508	625	516	5
43.162249	496	630	524	6
43.181781	507	631	518	0
43.201312	499	630	520	0
43.220843	488	630	521	1
43.240374	512	632	512	0
43.259906	535	642	506	12
43.279437	525	665	489	23
43.298968	500	607	491	57
43.223612	478	636	508	30
43.243143	479	655	523	18
43.262674	483	648	516	8
43.282206	523	640	502	10
43.301737	523	604	551	28
43.321268	502	638	465	34
43.340799	506	616	515	30
43.360331	481	627	525	15
43.379862	508	622	531	8
43.399393	492	631	511	8
43.419555	478	618	526	8
43.439086	509	583	537	36
43.458617	476	634	526	52
43.478148	489	637	503	0
43.497680	508	675	510	35
43.517211	473	660	498	9
43.536742	503	600	542	60
43.556273	477	636	519	35
43.575805	508	628	509	12
43.595336	498	635	512	7
43.645075	487	629	519	3
43.664606	479	626	529	0
43.684137	494	629	518	1
43.703669	496	630	520	0
43.723200	495	631	519	1
43.742731	500	634	518	2
43.762262	488	630	524	1
43.781794	493	632	521	0
43.801325	495	632	518	0
43.820856	496	634	520	1
43.823819	509	633	511	2
43.843350	501	632	517	0
43.862881	491	628	519	2
43.882412	510	634	516	3
43.901944	499	630	519	3
43.921475	488	638	523	9
43.941006	464	628	511	3
43.960537	501	632	527	4
43.980069	518	637	513	3
43.999600	496	664	490	29
44.014150	501	600	520	65
44.033681	457	609	525	23
44.053212	463	641	577	40
44.072743	507	622	511	42
44.092275	496	635	523	14
44.111806	479	614	523	16
44.131337	478	628	531	14
44.150868	510	631	516	3
44.170400	507	642	520	11
44.189931	489	652	504	11
44.209081	472	579	536	60
44.228612	486	624	526	34
44.248143	501	633	515	5
44.267674	508	639	510	5
44.287206	492	636	517	1
44.306737	486	618	531	14
44.326268	496	638	504	16
44.345799	496	637	521	0
44.365331	514	624	510	14
44.384862	467	625	531	11
44.391350	472	626	529	1
44.410881	487	633	521	1
44.430412	486	630	519	2
44.449944	493	632	517	0
44.469475	489	629	512	2
44.489006	498	632	517	1
44.508537	492	629	516	2
44.528069	499	633	518	3
44.547600	491	632	514	0
44.567131	490	622	519	9
44.631804	496	633	520	9
44.651335	496	632	518	1
44.670866	491	624	511	7
44.690398	477	620	525	0
44.709929	479	631	527	10
44.729460	505	636	518	0
44.748991	506	637	513	0
44.768523	502	644	514	7
44.788054	479	624	519	15
44.807585	475	624	524	1
44.801568	499	624	516	5
44.821099	506	633	512	8
44.840630	494	634	518	2
44.860162	475	624	516	5
44.879693	486	630	515	2
44.899224	499	631	513	1
44.918755	504	638	520	6
44.938287	503	632	514	6
44.957818	481	638	512	9
44.977349	479	616	526	19
44.992179	484	619	536	3
45.011710	486	620	509	2
45.031241	483	629	521	9
45.050772	500	634	523	2
45.070304	492	631	522	1
45.089835	480	624	517	4
45.109366	471	631	514	9
45.128897	492	632	519	4
45.148429	504	633	516	0
45.167960	498	635	521	2
45.186238	471	639	499	9
45.205769	484	618	528	23
45.225300	492	626	532	6
45.244832	507	628	528	0
45.264363	491	640	517	12
45.283894	482	617	529	19
45.303425	484	601	549	10
45.322957	491	631	537	23
45.342488	494	626	509	7
45.362019	477	633	526	11
45.480447	478	629	523	4
45.499978	469	621	515	5
45.519509	483	623	535	0
45.539041	480	625	514	0
45.558572	491	640	510	12
45.578103	474	639	516	2
45.597634	492	629	532	12
45.617166	487	625	524	4
45.636697	495	636	526	9
45.656228	497	633	520	3
45.481897	478	629	523	0
45.501428	469	621	515	5
45.520959	483	623	535	0
45.540490	480	625	514	0
45.560022	491	640	510	12
45.579553	474	639	516	2
45.599084	492	629	532	12
45.618615	487	625	524	4
45.638147	495	636	526	9
45.657678	497	633	520	3
45.483340	478	629	523	0
45.502871	469	621	515	5
45.522402	483	623	535	0
45.541934	480	625	514	0
45.561465	491	640	510	12
45.580996	474	639	516	2
45.600527	492	629	532	12
45.620059	487	625	524	4
45.639590	495	636	526	9
45.659121	497	633	520	3
45.597466	482	630	519	0
45.616997	477	632	527	3
45.636528	480	630	523	3
45.656060	486	633	516	1
45.675591	480	631	512	0
45.695122	498	628	529	5
45.714653	480	625	524	0
45.734185	470	632	525	9
45.753716	483	629	526	6
45.773247	483	634	522	4
45.867550	503	626	523	10
45.887081	501	628	528	2
45.906612	487	626	531	0
45.926143	489	633	514	4
45.945675	488	628	526	3
45.965206	481	628	521	1
45.984737	480	633	526	5
46.004268	470	624	522	5
46.023800	478	630	516	2
46.043331	490	630	520	2
45.869222	503	626	523	5
45.888753	501	628	528	2
45.908284	487	626	531	0
45.927815	489	633	514	4
45.947347	488	628	526	3
45.966878	481	628	521	1
45.986409	480	633	526	5
46.005940	470	624	522	5
46.025472	478	630	516	2
46.045003	490	630	520	2
45.870633	503	626	523	5
45.890164	501	628	528	2
45.909695	487	626	531	0
45.929226	489	633	514	4
45.948758	488	628	526	3
45.968289	481	628	521	1
45.987820	480	633	526	5
46.007351	470	624	522	5
46.026883	478	630	516	2
46.046414	490	630	520	2
45.960138	498	628	526	2
45.979669	487	631	520	4
45.999200	477	626	518	2
46.018732	490	628	521	0
46.038263	489	629	522	1
46.057794	489	628	520	1
46.077325	487	630	525	2
46.096857	484	630	519	0
46.116388	472	627	521	0
46.135919	484	627	522	3
46.242567	488	629	525	1
46.262098	492	631	520	0
46.281629	488	628	519	2
46.301161	481	632	520	5
46.320692	487	631	521	2
46.340223	484	630	521	0
46.359754	490	628	518	3
46.379286	485	629	522	2
46.398817	498	634	521	2
46.418348	484	638	517	6
46.343629	493	623	519	16
46.363160	487	620	528	0
46.382691	479	615	532	2
46.402222	486	642	522	22
46.421754	482	632	524	8
46.441285	496	623	524	11
46.460816	477	623	512	3
46.480347	486	635	503	9
46.499879	483	637	514	2
46.519410	478	622	521	12
46.547605	457	635	521	19
46.567136	489	634	515	10
46.586667	612	651	653	97
46.606199	522	626	519	107
46.625730	492	617	509	7
46.645261	483	623	505	8
46.664792	489	643	535	20
46.684324	495	629	531	15
46.703855	477	619	504	6
46.723386	461	636	531	22
46.784666	483	629	529	13
46.804197	497	630	512	2
46.823728	495	623	528	5
46.843260	479	631	523	10
46.862791	476	632	535	3
46.882322	481	628	533	5
46.901853	489	627	500	4
46.921385	497	634	513	5
46.940916	496	635	530	2
46.960447	506	627	521	9
46.931940	499	631	521	4
46.951471	474	622	525	2
46.971002	454	635	520	19
46.990534	483	637	509	7
47.010065	531	627	549	6
47.029596	539	630	503	0
47.049127	500	656	527	23
47.068659	486	609	520	44
47.088190	445	621	512	27
47.107721	451	642	541	18
47.124603	480	616	512	37
47.144134	502	630	540	12
47.163665	488	618	520	12
47.183197	459	624	535	17
47.202728	494	631	506	5
47.222259	485	624	524	4
47.241790	508	628	510	0
47.261322	491	642	535	17
47.280853	470	626	511	12
47.300384	437	646	531	33
47.319940	500	608	519	57
47.339471	511	635	520	26
47.359002	482	629	529	1
47.378534	469	618	538	4
47.398065	448	628	546	19
47.417596	534	617	511	29
47.437127	571	597	559	6
47.456659	538	641	569	29
47.476190	476	619	515	30
47.495721	440	625	530	22
47.514579	407	595	582	15
47.534110	438	642	572	10
47.553641	500	617	468	46
47.573173	549	648	447	40
47.592704	535	619	492	43
47.612235	511	633	554	16
47.631766	476	605	570	12
47.651298	469	615	564	7
47.670829	551	605	571	6
47.690360	530	655	512	27
47.715717	512	650	482	2
47.735248	520	618	538	31
47.754779	490	645	531	26
47.774311	482	681	510	35
47.793842	457	697	492	22
47.813373	429	671	511	14
47.832904	432	710	581	45
47.852436	446	706	572	10
47.871967	472	703	534	17
47.891498	518	658	524	49
47.933659	631	689	486	68
47.953190	674	727	532	55
47.972721	720	628	568	25
47.992253	682	619	681	17
48.011784	647	609	690	18
48.031315	548	661	562	82
48.050846	576	773	424	121
48.070378	457	651	294	18
48.089909	457	608	340	59
48.109440	457	662	433	26
48.112763	447	678	425	20
48.132294	440	641	400	12
48.151825	444	624	417	23
48.171356	453	665	470	7
48.190888	477	658	529	18
48.210419	510	655	563	0
48.229950	517	633	507	30
48.249481	333	640	531	99
48.269013	357	699	548	24
48.288544	505	728	459	23
48.295682	398	674	385	12
48.315213	431	586	435	101
48.334744	474	642	541	4
48.354275	501	599	532	48
48.373807	516	600	531	0
48.393338	510	628	555	33
48.412869	519	609	511	26
48.432400	516	625	497	16
48.451932	502	621	500	3
48.471463	494	632	504	11
48.490636	461	633	521	10
48.510167	459	643	561	17
48.529698	482	669	595	30
48.549229	530	649	590	21
48.568761	558	652	625	27
48.588292	656	640	711	91
48.607823	665	626	690	16
48.627354	667	719	507	2
48.646886	582	716	374	2
48.666417	499	548	258	0
48.698729	570	553	232	32
48.718260	586	597	315	61
48.737791	522	708	491	29
48.757323	551	607	843	149
48.776854	512	637	791	40
48.796385	544	623	491	188
48.815916	539	499	367	30
48.835448	497	578	368	11
48.854979	409	679	492	38
48.874510	505	708	558	4
48.880655	481	650	523	59
48.900186	511	662	512	8
48.919717	477	635	512	22
48.939249	427	645	524	30
48.958780	435	671	516	18
48.978311	466	650	497	30
48.997842	507	616	517	41
49.017374	522	627	560	20
49.036905	507	630	574	8
49.056436	464	651	543	16
49.076649	457	655	503	3
49.096180	483	637	455	13
49.115711	478	637	393	35
49.135242	545	628	412	19
49.154774	549	658	454	4
49.174305	571	619	530	37
49.193836	660	591	664	102
49.213367	596	610	658	31
49.232899	474	617	452	68
49.252430	507	615	344	70
49.257647	633	563	438	46
49.277178	586	579	506	50
49.296709	500	604	513	7
49.316241	446	665	505	73
49.335772	480	577	512	94
49.355303	505	628	544	48
49.374834	494	610	547	14
49.394366	508	641	521	23
49.413897	495	643	519	2
49.433428	480	621	481	14
49.582462	469	632	459	20
49.601993	509	629	469	13
49.621524	555	629	490	1
49.641056	556	643	477	15
49.660587	534	643	472	3
49.680118	539	646	488	0
49.699649	533	646	537	0
49.719181	542	654	557	14
49.738712	546	635	562	14
49.758243	538	635	545	7
49.672418	521	630	521	11
49.691949	514	631	504	0
49.711480	513	640	510	8
49.731011	517	631	519	8
49.750543	531	631	519	1
49.770074	531	625	509	6
49.789605	523	619	504	6
49.809136	519	629	511	9
49.828668	528	634	536	8
49.848199	524	624	541	9
49.863623	523	629	545	5
49.883154	521	635	534	3
49.902685	518	630	516	7
49.922216	512	628	509	2
49.941748	516	631	510	3
49.961279	514	644	517	13
49.980810	515	656	518	12
50.000341	514	662	517	5
50.019873	521	659	517	2
50.039404	521	668	516	8
50.053617	519	658	520	9
50.073148	522	656	521	1
50.092679	516	653	516	3
50.112211	510	659	511	5
50.131742	504	643	505	15
50.151273	498	609	499	32
50.170804	494	588	494	18
50.190336	489	585	492	1
50.209867	490	595	499	7
50.229398	499	588	514	9
50.260714	505	594	520	5
50.280245	505	595	522	1
50.299776	506	600	519	4
50.319308	505	596	519	3
50.338839	509	607	524	11
50.358370	513	629	527	22
50.377901	523	621	523	7
50.397433	520	622	519	0
50.416964	529	639	527	18
50.436495	531	642	536	4
50.455719	532	638	542	2
50.475250	533	636	536	3
50.494781	524	640	537	2
50.514313	527	645	535	4
50.533844	526	655	534	9
50.553375	520	645	525	11
50.572906	514	647	511	1
50.592438	520	662	511	15
50.611969	534	656	525	3
50.631500	534	650	519	6
50.643781	537	641	522	8
50.663312	532	630	522	11
50.682843	533	627	526	2
50.702374	529	633	525	5
50.721906	531	636	526	3
50.741437	534	626	522	9
50.760968	527	629	523	1
50.780499	533	639	530	11
50.800031	537	619	543	15
50.819562	539	619	548	1
50.846714	541	623	557	7
50.866245	531	628	580	12
50.885776	498	675	609	54
50.905308	549	661	637	7
50.924839	547	642	645	8
50.944370	542	639	637	8
50.963901	529	647	630	0
50.983433	520	640	613	16
51.002964	517	634	577	24
51.022495	510	624	550	20
51.041826	526	608	529	19
51.061357	466	615	512	14
51.080888	510	630	494	6
51.100420	491	591	470	27
51.119951	469	548	469	21
51.139482	471	572	509	2
51.159013	490	571	556	4
51.178545	491	537	538	35
51.198076	503	556	498	5
51.217607	504	563	487	10
51.236636	495	544	506	20
51.256167	506	544	534	2
51.275698	510	545	546	8
51.295229	502	535	541	9
51.314761	502	523	528	16
51.334292	496	512	513	5
51.353823	491	518	514	5
51.373354	510	490	538	12
51.392886	523	518	559	14
51.412417	514	532	577	19
51.405783	483	518	566	6
51.425314	479	508	519	27
51.444845	482	519	528	0
51.464376	500	529	519	12
51.483908	509	517	507	14
51.503439	509	500	519	6
51.522970	499	512	544	20
51.542501	496	513	547	3
51.562033	492	517	505	16
51.581564	499	528	451	42
