-0.168432	517	617	549	111
-0.148901	514	629	550	11
-0.129370	532	624	552	2
-0.109838	533	635	553	10
-0.090307	541	621	548	12
-0.070776	531	619	554	1
-0.051245	521	623	562	5
-0.031713	541	614	563	4
-0.012182	559	603	557	5
0.007349	558	598	558	4
0.026161	541	602	562	0
0.045692	533	613	567	9
0.065223	534	614	559	2
0.084754	542	626	551	9
0.104286	544	622	553	2
0.123817	545	601	553	18
0.143348	531	586	557	14
0.162879	525	598	569	15
0.182411	527	604	560	0
0.201942	532	619	548	9
0.219230	534	630	547	10
0.238761	541	617	549	9
0.258292	533	607	553	9
0.277823	511	609	554	0
0.297355	516	614	543	0
0.316886	526	616	562	9
0.336417	554	604	573	1
0.355948	554	621	560	8
0.375480	526	619	540	14
0.395011	508	618	540	1
0.422573	489	610	552	1
0.442104	518	603	553	8
0.461635	538	595	551	4
0.481167	544	597	548	2
0.500698	534	614	551	13
0.520229	533	627	554	12
0.539760	526	618	553	9
0.559292	521	623	550	3
0.578823	533	609	549	11
0.598354	541	601	555	2
0.614335	533	615	564	14
0.633866	530	628	565	11
0.653397	529	624	556	7
0.672929	529	609	546	17
0.692460	532	600	549	6
0.711991	526	599	555	0
0.731522	519	605	559	6
0.751054	538	618	559	14
0.770585	545	620	550	0
0.790116	531	625	547	0
0.872720	521	627	548	1
0.892251	509	621	551	5
0.911782	511	619	552	1
0.931314	530	611	548	7
0.950845	538	605	549	3
0.970376	531	614	555	8
0.989907	519	627	552	9
1.009439	518	629	543	0
1.028970	523	611	535	18
1.048501	515	613	544	3
0.993022	512	608	550	2
1.012553	518	602	550	5
1.032084	506	615	547	11
1.051615	501	627	538	9
1.071147	519	618	533	10
1.090678	531	611	544	2
1.110209	534	615	557	8
1.129740	540	624	558	9
1.149272	518	629	536	4
1.168803	497	632	534	3
1.188121	522	628	536	4
1.207652	546	594	539	26
1.227183	536	584	547	9
1.246715	504	598	549	10
1.266246	495	635	549	35
1.285777	505	641	538	2
1.305308	517	643	537	1
1.324840	522	626	537	16
1.344371	511	599	526	29
1.363902	504	582	544	10
1.387115	507	608	558	29
1.406646	494	651	558	40
1.426177	496	663	535	6
1.445709	510	632	514	33
1.465240	514	611	526	20
1.484771	513	595	535	13
1.504302	508	603	551	12
1.523834	501	612	540	5
1.543365	486	624	536	13
1.562896	490	639	524	11
1.579494	487	646	529	7
1.599025	501	623	527	24
1.618556	516	604	522	19
1.638088	525	584	525	18
1.657619	497	605	538	23
1.677150	479	642	550	41
1.696681	479	642	525	4
1.716213	499	638	512	8
1.735744	528	628	523	9
1.755275	523	607	523	21
1.776155	501	604	525	2
1.795686	472	602	530	6
1.815217	452	597	517	4
1.834749	479	610	507	0
1.854280	484	634	519	21
1.873811	494	642	533	7
1.893342	498	613	528	29
1.912874	502	592	523	21
1.932405	481	595	521	7
1.951936	439	595	525	22
1.969645	446	625	544	23
1.989176	465	658	545	22
2.008707	506	648	518	20
2.028239	533	612	508	34
2.047770	532	578	505	32
2.067301	500	578	509	2
2.086832	469	630	539	61
2.106364	484	647	533	11
2.125895	510	600	494	49
2.145426	526	572	472	16
2.164075	491	591	531	10
2.183606	423	683	606	130
2.203137	446	690	592	8
2.222668	513	643	545	70
2.242200	539	590	495	50
2.261731	533	555	489	31
2.281262	484	553	507	3
2.300793	444	654	583	122
2.320325	468	702	592	38
2.339856	510	639	541	80
2.360129	532	617	513	23
2.379660	541	581	513	32
2.399191	488	579	531	1
2.418722	442	654	568	94
2.438254	454	658	556	4
2.457785	480	638	526	32
2.477316	516	598	509	44
2.496847	534	591	527	2
2.516379	514	612	551	23
2.535910	480	632	553	23
2.555164	463	612	528	18
2.574695	472	614	525	2
2.594226	519	597	538	21
2.613757	527	614	548	20
2.633289	490	640	549	25
2.652820	467	633	544	2
2.672351	470	608	545	23
2.691882	493	610	549	3
2.711414	524	609	550	1
2.730945	523	614	555	6
2.750125	489	623	563	13
2.769656	480	605	559	15
2.789187	482	610	555	2
2.808718	490	613	553	0
2.828250	508	619	561	6
2.847781	511	613	568	2
2.867312	515	595	572	13
2.886843	507	603	587	15
2.906375	502	615	580	5
2.925906	523	649	583	30
2.947159	531	650	576	1
2.966690	526	594	552	60
2.986221	518	547	541	46
3.005753	496	567	562	30
3.025284	463	616	585	60
3.044815	493	633	560	4
3.064346	526	584	543	51
3.083878	543	570	549	4
3.103409	547	579	562	15
3.122940	274	691	541	208
3.141167	632	645	639	79
3.160698	550	632	612	58
3.180229	397	624	608	26
3.199760	331	654	567	49
3.219292	401	640	526	66
3.238823	710	648	457	76
3.258354	603	790	360	83
3.277885	345	910	289	156
3.297417	505	796	455	196
3.316948	634	733	631	10
3.336188	605	687	729	14
3.355719	622	595	747	21
3.375250	668	590	802	65
3.394782	683	553	782	16
3.414313	672	522	695	78
3.433844	644	510	621	72
3.453375	651	502	602	5
3.472907	649	540	626	14
3.492438	620	571	651	5
3.511969	557	658	658	25
3.551078	681	677	627	51
3.570609	632	620	519	101
3.590140	678	627	453	48
3.609672	675	634	404	20
3.629203	631	630	379	16
3.648734	570	671	370	6
3.668265	336	998	314	332
3.687797	511	571	425	448
3.707328	693	593	605	113
3.726859	608	609	772	74
3.691985	681	677	627	30
3.711516	632	620	519	101
3.731047	678	627	453	48
3.750578	675	634	404	20
3.770110	631	630	379	16
3.789641	570	671	370	6
3.809172	336	998	314	332
3.828703	511	571	425	448
3.848235	693	593	605	113
3.867766	608	609	772	74
3.732097	588	627	816	40
3.751628	514	719	750	18
3.771159	591	681	598	110
3.790690	511	561	496	153
3.810222	541	571	487	18
3.829753	543	640	564	71
3.849284	584	562	569	37
3.868815	587	562	588	13
3.888347	619	577	589	29
3.907878	549	506	602	49
3.922184	678	595	491	89
3.941715	514	634	618	25
3.961246	600	622	549	15
3.980778	611	560	522	35
4.000309	553	602	530	9
4.019840	446	762	622	180
4.039371	532	623	700	61
4.058903	577	650	654	10
4.078434	524	710	571	1
4.097965	565	743	554	33
4.118163	574	683	552	54
4.137694	594	568	579	66
4.157225	541	478	561	53
4.176756	569	440	547	31
4.196288	649	473	572	56
4.215819	572	425	587	24
4.235350	491	386	527	0
4.254881	515	550	565	63
4.274413	616	976	645	428
4.293944	451	597	641	327
4.313164	605	652	590	19
4.332695	642	636	603	16
4.352226	593	595	561	75
4.371758	560	665	536	36
4.391289	541	570	560	81
4.410820	551	571	614	43
4.430351	545	570	621	3
4.449883	556	573	604	8
4.469414	545	592	572	13
4.488945	540	605	550	1
4.508130	537	607	558	4
4.527661	533	602	579	5
4.547192	505	613	574	4
4.566724	512	628	581	16
4.586255	561	612	597	5
4.605786	578	612	577	3
4.625317	563	614	541	18
4.644849	552	600	520	20
4.664380	518	604	520	4
4.683911	514	581	544	16
4.707210	528	575	563	6
4.726741	540	575	554	1
4.746272	540	581	527	4
4.765804	539	597	505	13
4.785335	550	604	511	10
4.804866	557	581	526	15
4.824397	541	596	545	11
4.843929	533	606	564	14
4.863460	540	602	549	8
4.882991	531	610	524	0
4.815191	528	575	563	17
4.834722	540	575	554	1
4.854253	540	581	527	4
4.873785	539	597	505	13
4.893316	550	604	511	10
4.912847	557	581	526	15
4.932378	541	596	545	11
4.951910	533	606	564	14
4.971441	540	602	549	8
4.990972	531	610	524	0
4.899241	547	611	527	5
4.918772	558	608	551	7
4.938303	558	605	571	5
4.957834	538	615	567	0
4.977366	531	626	559	5
4.996897	535	623	561	1
5.016428	540	629	564	7
5.035959	538	624	563	5
5.055491	536	620	565	3
5.075022	539	609	560	11
5.094251	546	614	561	6
5.113782	547	615	560	0
5.133313	544	615	554	3
5.152844	535	614	548	5
5.172376	537	605	544	9
5.191907	551	597	550	0
5.211438	560	588	551	2
5.230969	564	592	545	2
5.250501	544	602	542	0
5.270032	516	611	554	7
5.289304	517	606	566	0
5.308835	537	600	561	4
5.328366	562	589	546	5
5.347898	557	592	531	4
5.367429	524	612	545	12
5.386960	516	613	566	8
5.406491	529	609	572	0
5.426023	548	602	550	11
5.445554	569	598	536	1
5.465085	575	603	541	8
5.485262	547	610	558	0
5.504793	529	619	569	8
5.524324	556	605	573	2
5.543855	563	599	557	9
5.563387	544	611	557	2
5.582918	532	611	568	2
5.602449	540	625	585	21
5.621980	539	644	591	18
5.641512	516	681	578	25
5.661043	520	683	574	0
5.683052	535	654	576	24
5.702583	558	616	580	24
5.722114	572	578	565	28
5.741646	587	559	539	11
5.761177	584	524	511	19
5.780708	576	500	499	6
5.800239	562	512	521	15
5.819771	540	547	560	14
5.839302	444	690	613	149
5.858833	561	687	643	8
5.875228	493	653	609	51
5.894759	499	673	597	10
5.914290	542	631	591	36
5.933821	554	565	578	51
5.953353	590	529	568	3
5.972884	636	573	560	48
5.992415	595	480	546	51
6.011946	574	504	587	2
6.031478	538	596	597	24
6.051009	496	706	537	73
6.071292	393	606	370	11
6.090823	516	665	607	27
6.110354	570	681	719	93
6.129885	622	568	671	72
6.149417	620	618	608	22
6.168948	586	613	527	53
6.188479	566	584	479	30
6.208010	509	612	485	7
6.227542	533	633	591	42
6.247073	532	550	632	18
6.266266	557	598	636	30
6.285797	552	585	592	42
6.305328	577	606	529	0
6.324859	557	594	509	21
6.344391	562	571	543	10
6.363922	528	611	605	53
6.383453	546	602	638	21
6.402984	558	572	598	44
6.422516	545	575	540	38
6.442047	547	563	528	12
6.461250	553	598	569	47
6.480781	567	586	604	19
6.500312	556	580	603	8
6.519844	552	607	601	14
6.539375	555	603	586	11
6.558906	553	569	565	36
6.578437	562	569	584	16
6.597969	533	596	615	29
6.617500	534	614	624	18
6.637031	546	594	617	15
6.668374	567	564	611	12
6.687905	595	575	610	18
6.707436	585	553	589	29
6.726968	570	540	572	25
6.746499	547	574	586	14
6.766030	551	614	620	50
6.785561	544	572	606	37
6.805093	564	558	597	6
6.824624	551	545	574	29
6.844155	514	517	548	43
6.861266	542	543	580	44
6.880797	595	597	640	94
6.900328	625	650	627	37
6.919859	562	612	560	90
6.939391	498	578	538	49
6.958922	522	551	594	19
6.978453	585	541	644	62
6.997984	575	550	576	56
7.017516	582	521	519	26
7.037047	561	605	548	40
7.056305	544	788	643	196
7.075836	509	697	671	63
7.095367	529	784	695	84
7.114898	543	703	653	88
7.134430	566	549	607	124
7.153961	612	541	612	28
7.173492	630	511	592	1
7.193023	494	376	409	28
7.212555	546	466	496	112
7.232086	621	486	577	70
7.252298	655	506	698	105
7.271829	627	484	748	29
7.291360	654	507	734	0
7.310891	706	655	648	13
7.330423	684	773	558	39
7.349954	703	706	435	33
7.369485	583	535	358	111
7.389016	572	615	424	22
7.408548	490	672	541	15
7.428079	686	551	748	131
7.446361	656	558	857	80
7.465892	630	547	803	60
7.485423	608	565	654	136
7.504955	544	576	489	104
7.524486	534	724	516	138
7.544017	567	557	527	140
7.563548	461	520	508	20
7.583080	598	572	545	58
7.602611	356	648	396	127
7.622142	613	528	550	128
7.643643	538	590	572	7
7.663174	546	536	709	99
7.682705	568	514	697	8
7.702236	651	548	624	11
7.721768	600	566	627	27
7.741299	654	532	639	37
7.760830	641	591	637	4
7.780361	616	643	575	17
7.799893	676	729	598	106
7.819424	547	562	560	207
7.837327	614	605	629	103
7.856858	562	542	621	57
7.876389	546	543	620	6
7.895921	510	563	609	7
7.915452	543	571	608	7
7.934983	547	547	598	17
7.954514	573	551	595	10
7.974046	579	556	579	5
7.993577	588	557	564	1
8.013108	577	546	557	16
8.032443	569	549	570	3
8.051974	559	565	597	21
8.071505	506	622	615	40
8.091037	533	599	619	11
8.110568	554	584	601	17
8.130099	565	573	584	13
8.149630	568	565	573	9
8.169162	584	568	570	9
8.188693	582	548	572	9
8.208224	571	543	570	10
8.228270	565	555	593	17
8.247801	551	588	608	22
8.267332	576	601	605	15
8.286864	568	557	573	49
8.306395	593	546	568	9
8.325926	597	541	573	4
8.345457	577	552	589	0
8.364989	539	568	597	3
8.384520	514	656	607	67
8.404051	562	578	611	43
8.413328	587	562	604	0
8.432859	607	568	591	6
8.452390	577	554	550	49
8.471921	552	565	565	1
8.491453	478	678	596	104
8.510984	518	578	623	59
8.530515	561	554	612	10
8.550046	588	562	589	0
8.569578	601	546	573	6
8.589109	565	581	552	17
8.704112	517	603	568	11
8.723643	557	592	607	25
8.743174	542	554	607	23
8.762706	559	567	609	12
8.782237	554	573	591	12
8.801768	553	592	576	2
8.821299	552	579	572	11
8.840831	545	569	588	2
8.860362	552	569	606	16
8.879893	564	568	612	8
8.823274	565	573	600	6
8.842805	561	578	582	11
8.862336	556	582	582	0
8.881867	541	576	597	1
8.901399	538	575	611	9
8.920930	548	569	611	0
8.940461	548	567	598	11
8.959992	541	567	586	11
8.979524	548	574	590	9
8.999055	559	571	603	12
9.004611	562	575	606	5
9.024142	553	579	595	9
9.043673	550	579	586	7
9.063205	548	572	593	0
9.082736	551	568	603	6
9.102267	557	563	605	1
9.121798	559	565	600	2
9.141330	560	568	589	6
9.160861	558	570	588	0
9.180392	559	571	599	9
9.195399	547	573	606	2
9.214930	544	577	605	0
9.234461	551	572	600	4
9.253993	564	572	601	5
9.273524	565	568	595	5
9.293055	562	570	591	3
9.312586	549	572	591	4
9.332118	540	573	594	0
9.351649	548	574	604	10
9.371180	563	564	603	0
9.391361	565	570	593	3
9.410892	550	578	583	8
9.430423	544	585	585	3
9.449955	545	572	595	0
9.469486	555	572	606	11
9.489017	556	571	601	4
9.508548	557	574	588	7
9.528080	555	573	582	5
9.547611	556	573	588	4
9.567142	560	570	595	5
9.587620	562	571	597	2
9.607151	554	572	593	5
9.626682	548	577	590	1
9.646214	552	566	591	4
9.665745	553	564	595	2
9.685276	560	566	597	5
9.704807	562	574	597	4
9.724339	557	579	596	0
9.743870	548	577	593	6
9.763401	541	575	592	4
9.896185	545	574	601	7
9.915716	556	568	607	5
9.935247	564	569	602	0
9.954778	557	568	587	14
9.974310	542	577	585	1
9.993841	545	582	598	13
10.013372	557	573	609	7
10.032903	566	569	608	0
10.052435	555	570	592	16
10.071966	551	571	586	5
9.978657	549	571	595	5
9.998188	555	566	599	2
10.017719	556	564	597	2
10.037251	559	568	592	0
10.056782	563	572	592	3
10.076313	567	572	599	6
10.095844	564	574	601	1
10.115376	555	572	594	9
10.134907	550	571	592	3
10.154438	546	568	597	0
10.173470	546	568	602	4
10.193001	547	570	600	0
10.212532	545	580	597	2
10.232064	520	601	588	3
10.251595	473	630	575	22
10.271126	493	610	622	9
10.290657	526	584	688	42
10.310189	581	523	660	27
10.329720	584	535	606	43
10.349251	531	501	518	97
10.368385	537	498	519	6
10.387916	558	505	586	57
10.407447	601	527	679	102
10.426979	610	510	725	44
10.446510	605	543	675	44
10.466041	585	569	635	36
10.485572	564	604	590	22
10.505104	617	605	582	25
10.524635	541	570	528	89
10.544166	578	559	536	17
10.563486	549	583	528	2
10.583017	555	569	565	7
10.602548	570	544	601	22
10.622079	591	546	636	39
10.641611	599	540	646	11
10.661142	578	538	608	42
10.680673	566	532	599	15
10.700204	577	569	576	3
10.719736	576	550	592	1
10.739267	574	546	595	0
10.775647	566	544	584	13
10.795178	576	548	584	7
10.814709	648	629	568	85
10.834240	388	493	594	38
10.853772	604	491	606	16
10.873303	541	595	643	24
10.892834	536	572	709	49
10.912365	581	553	728	23
10.931897	570	551	681	47
10.951428	590	547	611	52
10.956240	571	495	627	0
10.975771	587	581	590	2
10.995302	590	585	588	2
11.014833	577	522	630	3
11.034365	608	531	636	22
11.053896	580	529	600	45
11.073427	565	522	569	34
11.092958	543	523	576	6
11.112490	554	540	602	31
11.132021	568	545	637	37
11.153171	578	540	634	0
11.172702	581	529	610	20
11.192233	575	532	580	26
11.211765	558	542	565	18
11.231296	547	532	551	20
11.250827	553	536	553	6
11.270358	573	547	572	29
11.289890	586	549	587	19
11.309421	589	563	569	3
11.328952	586	556	553	13
11.347229	589	542	568	4
11.366760	581	528	602	14
11.386291	610	551	613	31
11.405823	639	538	626	26
11.425354	606	526	629	21
11.444885	634	546	643	31
11.464416	565	527	624	57
11.483948	577	574	620	15
11.503479	578	606	606	7
11.523010	579	539	576	51
11.584996	568	533	563	17
11.604527	557	570	560	9
11.624058	571	556	585	15
11.643589	584	554	622	34
11.663121	587	547	639	13
11.682652	578	560	637	2
11.702183	560	558	608	32
11.721714	569	556	585	14
11.741246	571	547	575	9
11.760777	581	541	573	3
11.756103	587	556	581	14
11.775634	623	580	611	52
11.795165	603	575	614	13
11.814697	573	589	622	3
11.834228	532	644	656	48
11.853759	588	631	702	40
11.873290	632	582	687	13
11.892822	636	557	639	40
11.912353	545	624	504	66
11.931884	613	645	474	54
11.933477	540	537	449	97
11.953008	587	548	503	10
11.972539	629	573	588	68
11.992070	612	566	661	35
12.011602	603	548	674	1
12.031133	584	553	631	44
12.050664	559	589	574	35
12.070195	537	543	538	61
12.089727	565	519	568	29
12.109258	582	521	606	40
12.130265	611	520	623	31
12.149796	601	506	579	37
12.169327	598	510	532	23
12.188859	576	514	510	24
12.208390	581	502	526	7
12.227921	493	530	538	34
12.247452	550	548	590	57
12.266984	501	639	662	102
12.286515	602	524	681	5
12.306046	590	570	629	39
12.324218	632	560	576	7
12.343749	568	503	512	87
12.363280	542	503	475	8
12.382812	596	598	539	74
12.402343	626	583	561	19
12.421874	580	638	594	22
12.441405	595	589	613	13
12.460937	573	577	616	14
12.480468	575	576	617	1
12.499999	579	557	611	10
12.521216	587	565	589	7
12.540747	587	556	556	22
12.560278	593	542	535	8
12.579809	587	545	533	4
12.599341	587	548	563	12
12.618872	582	568	608	33
12.638403	556	616	634	34
12.657934	588	584	616	18
12.677466	574	568	561	50
12.696997	581	554	539	11
12.718035	574	568	558	10
12.737566	564	597	599	36
12.757097	576	574	616	4
12.776628	570	571	596	19
12.796160	571	568	572	16
12.815691	562	570	565	7
12.835222	552	590	583	19
12.854753	574	581	609	21
12.874285	581	575	600	5
12.893816	585	565	579	15
12.910473	584	567	565	7
12.930004	573	567	568	5
12.949535	570	576	588	15
12.969066	566	581	597	7
12.988598	561	564	588	17
13.008129	558	554	580	12
13.027660	564	562	581	7
13.047191	565	565	576	1
13.066723	564	562	564	9
13.086254	571	560	565	3
13.104261	570	563	583	12
13.123792	536	552	587	16
13.143323	477	545	575	9
13.162854	331	519	495	102
13.182386	495	496	537	147
13.201917	525	581	573	58
13.221448	616	629	622	98
13.240979	710	655	657	92
13.260511	676	650	631	38
13.280042	711	640	575	0
13.301464	699	511	508	57
13.320995	625	591	554	42
13.340526	631	632	675	90
13.360058	624	864	817	244
13.379589	474	598	731	240
13.399120	584	620	604	79
13.418651	582	586	473	50
13.438183	566	633	466	31
13.457714	569	631	502	7
13.477245	601	577	557	13
13.494540	582	571	591	1
13.514071	597	560	630	32
13.533602	600	564	619	5
13.553133	604	566	572	25
13.572665	601	545	533	25
13.592196	599	533	543	2
13.611727	592	508	596	21
13.631258	585	497	667	55
13.650790	590	497	707	38
13.670321	591	494	672	31
13.696598	518	505	557	133
13.716129	532	613	374	126
13.735660	507	819	474	137
13.755192	411	533	550	199
13.774723	690	540	688	141
13.794254	664	634	652	11
13.813785	648	562	627	54
13.833317	579	576	531	90
13.852848	466	738	498	136
13.872379	533	564	541	167
13.901060	577	551	629	76
13.920591	590	573	683	58
13.940122	594	562	623	50
13.959653	565	584	551	49
13.979185	554	592	510	7
13.998716	558	563	520	21
14.018247	579	559	571	31
14.037778	585	562	614	34
14.057310	575	565	627	6
14.076841	549	581	606	19
14.094508	538	618	585	8
14.114039	532	580	576	35
14.133570	564	581	603	29
14.153101	572	581	606	5
14.172633	581	578	588	9
14.192164	583	568	561	19
14.211695	578	569	559	3
14.231226	571	571	573	4
14.250758	547	583	597	12
14.270289	549	599	621	28
14.277578	560	576	615	13
14.297109	574	575	589	13
14.316640	581	567	559	17
14.336171	583	565	553	2
14.355703	574	568	564	0
14.375234	569	575	588	15
14.394765	567	579	602	10
14.414296	556	572	593	14
14.433828	551	569	576	15
14.453359	560	572	573	3
14.471525	570	564	577	3
14.491056	559	557	565	17
14.510587	535	571	566	0
14.530118	583	640	630	104
14.549650	569	581	633	37
14.569181	605	598	609	9
14.588712	610	564	538	45
14.608243	608	562	499	4
14.627775	589	589	515	0
14.647306	558	674	593	77
14.741167	560	570	615	59
14.760698	568	578	611	3
14.780229	554	551	585	38
14.799761	565	619	568	39
14.819292	565	596	551	25
14.838823	569	584	544	9
14.858354	552	592	572	10
14.877886	563	584	602	18
14.897417	581	580	604	7
14.916948	599	585	572	5
14.865224	615	583	536	1
14.884755	625	598	524	15
14.904286	580	598	549	26
14.923817	560	599	612	25
14.943349	542	558	611	27
14.962880	577	563	591	1
14.982411	594	548	553	15
15.001942	586	561	522	9
15.021474	576	576	500	1
15.041005	546	580	513	15
15.058556	528	608	576	40
15.078087	546	641	659	82
15.097618	600	659	694	51
15.117150	578	594	593	117
15.136681	570	572	529	47
15.156212	538	553	514	36
15.175743	521	500	549	8
15.195275	585	547	617	92
15.214806	611	584	637	42
15.234337	590	568	556	69
15.253543	491	566	423	0
15.273074	515	568	369	47
15.292605	489	685	463	27
15.312136	630	602	656	25
15.331668	622	617	704	38
15.351199	663	615	658	10
15.370730	626	573	559	96
15.390261	618	569	526	16
15.409793	622	550	565	6
15.429324	654	522	626	54
15.449607	642	517	612	18
15.469138	646	536	581	11
15.488669	641	564	582	3
15.508200	659	579	613	34
15.527732	640	569	613	17
15.547263	640	690	550	49
15.566794	79	524	385	228
15.586325	521	543	452	383
15.605857	528	432	475	21
15.625388	666	643	799	261
15.645755	516	629	697	132
15.665286	624	679	693	51
15.684817	560	538	556	200
15.704349	586	540	471	18
15.723880	608	529	487	11
15.743411	624	566	578	40
15.762942	659	653	734	160
15.782474	616	653	721	28
15.802005	599	544	558	169
15.821536	601	551	508	6
15.839499	618	549	487	17
15.859030	574	535	515	48
15.878561	553	575	631	74
15.898093	517	591	686	50
15.917624	589	557	626	46
15.937155	597	646	536	15
15.956686	588	566	470	58
15.976218	587	569	463	3
15.995749	595	594	516	10
16.015280	573	596	592	14
16.035601	554	635	664	68
16.055132	555	623	685	10
16.074663	578	597	628	51
16.094194	581	577	539	59
16.113726	602	570	508	8
16.133257	580	597	500	2
16.152788	546	644	519	26
16.172319	556	629	572	2
16.191851	552	578	604	18
16.211382	558	579	594	4
16.230567	564	577	565	16
16.250098	559	567	521	25
16.269629	538	571	481	1
16.289160	519	603	505	19
16.308692	543	629	577	45
16.328223	568	603	604	3
16.347754	564	610	569	16
16.367285	557	626	553	4
16.386817	551	605	526	27
16.406348	561	587	544	6
16.425615	572	609	568	31
16.445146	560	621	556	0
16.464677	538	602	544	27
16.484209	515	620	562	20
16.503740	538	614	582	7
16.523271	548	609	568	8
16.542802	550	587	529	31
16.562334	546	556	503	29
16.581865	562	564	519	16
16.601396	504	628	548	49
16.622745	542	649	595	41
16.642276	539	627	591	20
16.661807	547	596	548	44
16.681339	548	591	534	8
16.700870	548	618	553	29
16.720401	542	610	558	6
16.739932	542	612	566	5
16.759464	560	620	569	13
16.778995	562	598	546	26
16.798526	553	580	520	25
16.816676	543	602	533	17
16.836207	530	634	561	35
16.855738	517	632	586	8
16.875269	547	613	571	18
16.894801	565	588	535	26
16.914332	566	583	508	6
16.933863	525	585	505	14
16.953394	528	641	543	59
16.972926	558	614	583	1
16.992457	545	618	566	9
17.027204	532	625	533	6
17.046735	538	622	539	0
17.066266	581	608	561	11
17.085798	562	570	520	50
17.105329	497	535	481	35
17.124860	486	704	531	153
17.144391	546	653	599	25
17.163923	564	609	562	48
17.183454	589	612	534	7
17.202985	562	554	514	62
17.206631	466	678	520	107
17.226162	535	624	574	42
17.245693	584	610	565	2
17.265224	569	605	532	21
17.284756	561	584	534	21
17.304287	527	623	551	28
17.323818	518	591	563	24
17.343349	572	654	601	83
17.362881	587	642	585	11
17.382412	548	610	539	59
17.402826	476	630	533	17
17.422357	482	601	561	19
17.441888	534	576	571	16
17.461420	559	623	553	37
17.480951	593	626	537	14
17.500482	563	606	509	35
17.520013	506	596	523	22
17.539545	523	604	569	23
17.559076	530	557	547	49
17.578607	550	591	503	28
17.793638	545	590	558	8
17.813169	562	599	523	4
17.832700	562	589	489	6
17.852232	536	591	486	8
17.871763	521	609	538	14
17.891294	527	631	575	34
17.910825	540	625	570	5
17.930357	543	621	535	14
17.949888	549	619	510	2
17.969419	546	604	507	15
17.988628	540	597	522	8
18.008159	545	633	562	44
18.027690	565	636	575	13
18.047221	561	601	525	46
18.066753	568	590	496	5
18.086284	544	592	498	10
18.105815	553	596	537	9
18.125346	570	626	567	42
18.144878	566	647	542	9
18.164409	545	609	506	45
18.381484	518	534	530	73
18.401015	488	610	536	74
18.420546	569	670	580	77
18.440078	601	642	551	18
18.459609	624	626	534	0
18.479140	618	618	525	10
18.498671	541	632	530	25
18.518203	534	611	545	18
18.537734	518	582	538	31
18.557265	546	604	543	27
18.577354	578	606	530	13
18.596885	575	594	511	12
18.616416	568	598	522	0
18.635947	555	632	545	28
18.655479	560	617	543	12
18.675010	560	599	533	17
18.694541	564	613	542	15
18.714072	569	621	536	7
18.733604	565	595	525	25
18.753135	543	587	514	18
18.965714	561	605	536	26
18.985245	514	612	490	5
19.004776	518	636	501	22
19.024307	547	564	532	58
19.043839	554	566	526	4
19.063370	537	572	499	3
19.082901	551	609	510	38
19.102432	581	610	529	16
19.121964	611	617	533	24
19.141495	626	603	540	2
19.161369	604	601	539	17
19.180900	574	596	535	23
19.200431	560	620	540	14
19.219963	557	597	536	22
19.239494	558	586	532	9
19.259025	554	586	537	0
19.278556	551	611	545	22
19.298088	577	608	553	11
19.317619	577	603	543	6
19.337150	564	589	529	21
19.355701	567	602	537	13
19.375232	569	598	540	1
19.394763	571	599	532	0
19.414294	556	618	542	11
19.433826	554	612	548	4
19.453357	565	606	560	3
19.472888	564	597	552	10
19.492419	557	590	538	13
19.511951	554	601	531	6
19.531482	561	603	539	6
19.551621	596	589	563	18
19.571152	573	637	553	20
19.590683	563	612	561	22
19.610214	553	615	556	3
19.629746	552	585	554	26
19.649277	568	592	564	17
19.668808	567	607	558	8
19.688339	582	584	547	12
19.707871	586	566	541	10
19.727402	573	609	539	21
19.752723	561	598	551	11
19.772254	545	602	558	0
19.791785	572	607	569	19
19.811316	566	621	551	1
19.830848	580	593	558	12
19.850379	580	596	569	6
19.869910	557	621	580	13
19.889441	554	619	589	2
19.908973	558	606	585	10
19.928504	539	600	567	20
19.944472	528	601	578	4
19.964003	549	602	601	19
19.983534	575	575	589	14
20.003066	577	579	570	7
20.022597	585	569	593	13
20.042128	574	556	521	46
20.061659	523	565	480	13
20.081191	528	597	453	41
20.100722	506	634	522	17
20.120253	568	543	606	8
20.137594	529	491	612	10
20.157125	577	639	584	56
20.176656	546	586	532	75
20.196187	567	560	480	4
20.215719	578	581	510	15
20.235250	563	620	591	47
20.254781	569	610	617	11
20.274312	550	614	611	7
20.293844	530	626	585	10
20.313375	538	630	583	3
20.393914	559	614	597	0
20.413445	562	604	591	9
20.432976	548	612	573	8
20.452507	535	612	552	12
20.472039	539	620	559	10
20.491570	554	628	588	24
20.511101	568	612	610	5
20.530632	567	608	615	0
20.550164	556	630	614	10
20.569695	556	638	597	3
20.529428	564	622	574	21
20.548959	566	618	575	1
20.568490	566	619	592	9
20.588022	563	627	604	11
20.607553	560	622	602	5
20.627084	562	611	598	9
20.646615	577	590	580	18
20.666147	564	626	620	43
20.685678	572	629	616	2
20.705209	587	608	592	21
20.724805	584	621	578	0
20.744336	583	630	572	3
20.763867	579	626	571	5
20.783398	589	614	594	7
20.802930	593	606	595	2
20.822461	586	609	596	1
20.841992	579	623	604	10
20.861523	585	609	603	7
20.881055	589	588	588	19
20.900586	578	573	581	18
20.933137	572	559	579	11
20.952668	569	540	584	5
20.972199	572	542	578	1
20.991730	557	561	546	19
21.011262	555	568	537	0
21.030793	555	542	529	19
21.050324	563	533	525	1
21.069855	567	544	531	9
21.089387	582	539	547	16
21.108918	582	523	554	0
21.100628	576	520	561	1
21.120159	572	518	544	12
21.139690	553	520	519	25
21.159221	541	519	523	10
21.178753	562	523	537	25
21.198284	581	539	572	38
21.217815	591	602	513	24
21.237346	447	409	559	10
21.256878	536	620	548	14
21.276409	543	603	734	125
21.324630	607	555	714	14
21.344161	647	545	630	45
21.363692	578	545	514	108
21.383224	546	544	474	13
21.402755	562	565	592	48
21.422286	600	594	674	93
21.441817	600	536	721	26
21.461349	620	511	651	52
21.480880	607	533	587	53
21.500411	587	532	556	33
21.518425	566	548	537	19
21.537956	529	525	551	25
21.557487	546	546	604	59
21.577018	559	539	647	41
21.596550	554	506	620	29
21.616081	542	513	595	27
21.635612	567	507	548	22
21.655143	529	536	606	32
21.674675	568	579	625	44
21.694206	545	489	586	58
21.716787	596	528	577	23
21.736318	556	496	546	49
21.755849	517	510	589	19
21.775380	696	469	590	127
21.794912	608	601	687	14
21.814443	600	552	579	100
21.833974	576	549	544	37
21.853505	585	599	591	57
21.873037	547	624	656	47
21.892568	569	541	641	41
21.909672	578	519	591	40
21.929203	580	527	574	9
21.948734	568	551	589	9
21.968266	560	558	598	5
21.987797	567	570	612	19
22.007328	568	562	616	0
22.026859	575	553	605	8
22.046391	569	544	590	17
22.065922	569	545	585	3
22.085453	570	535	592	3
22.160031	574	561	613	26
22.179562	571	568	614	2
22.199093	562	567	596	18
22.218625	571	557	589	5
22.238156	575	550	587	1
22.257687	572	547	591	0
22.277218	571	555	600	9
22.296750	569	569	603	7
22.316281	562	564	596	10
22.335812	572	559	591	0
22.291537	575	549	593	0
22.311068	585	554	597	10
22.330599	575	573	602	6
22.350131	551	596	602	3
22.369662	562	608	613	18
22.389193	578	590	617	1
22.408724	586	614	615	16
22.428256	557	668	610	26
22.447787	561	694	622	28
22.467318	573	614	629	51
22.485490	559	552	620	42
22.505021	543	512	596	34
22.524552	518	437	525	13
22.544084	506	454	476	7
22.563615	529	445	496	2
22.583146	549	505	586	12
22.602677	594	555	686	114
22.622209	667	657	678	72
22.641740	642	708	591	21
22.661271	606	626	493	99
22.690607	559	576	484	64
22.710138	445	688	551	108
22.729669	533	622	690	17
22.749201	527	539	700	19
22.768732	555	573	660	24
22.788263	594	563	581	47
22.807794	602	544	501	22
22.827326	566	572	469	4
22.846857	506	612	521	9
22.866388	555	682	623	106
22.887517	520	580	623	77
22.907048	552	585	600	9
22.926579	567	593	569	7
22.946110	586	583	528	9
22.965642	583	583	512	3
22.985173	557	595	525	5
23.004704	512	648	563	49
23.024235	545	590	574	40
23.043767	589	606	575	31
23.063298	592	604	546	10
23.081562	576	598	519	19
23.101093	552	592	509	17
23.120624	529	607	533	9
23.140156	537	602	556	4
23.159687	556	601	552	3
23.179218	574	611	539	12
23.198749	579	621	521	8
23.218281	558	623	513	8
23.237812	553	628	532	4
23.257343	556	608	543	14
23.259627	567	604	543	1
23.279158	575	595	529	6
23.298689	577	590	509	4
23.318220	568	594	512	2
23.337752	567	606	531	11
23.357283	563	613	531	4
23.376814	566	611	520	1
23.396345	570	593	506	13
23.415877	567	583	501	9
23.435408	550	592	506	1
23.465534	521	644	543	47
23.485065	583	621	543	2
23.504596	589	583	501	28
23.524127	562	578	478	15
23.543659	541	606	506	9
23.563190	514	638	540	30
23.582721	546	594	536	37
23.602252	572	608	514	21
23.621784	558	615	501	0
23.641315	519	630	505	5
23.661138	548	611	527	12
23.680669	583	593	530	2
23.700200	568	596	505	8
23.719732	534	613	497	3
23.739263	522	670	531	55
23.758794	533	608	521	60
23.778325	551	601	520	1
23.797857	574	601	520	11
23.817388	584	611	508	13
23.836919	570	637	510	15
23.857562	552	702	521	56
23.877093	550	670	517	31
23.896624	542	660	524	11
23.916156	536	620	528	39
23.935687	548	573	513	40
23.955218	552	536	503	23
23.974749	556	544	511	6
23.994281	559	590	517	36
24.013812	558	610	508	17
24.033343	538	600	491	14
24.055536	521	591	510	14
24.075067	529	610	527	21
24.094598	543	619	530	12
24.114130	548	641	528	22
24.133661	545	613	510	28
24.153192	550	617	523	5
24.172723	551	655	540	38
24.192255	529	614	527	46
24.211786	533	583	506	30
24.231317	562	606	514	32
24.248598	560	622	529	14
24.268129	539	630	527	0
24.287660	534	628	517	3
24.307191	541	600	500	24
24.326723	536	590	493	9
24.346254	522	621	518	25
24.365785	561	626	542	18
24.385316	578	617	522	3
24.404848	545	627	498	3
24.424379	532	638	508	7
24.447726	551	619	527	12
24.467257	557	596	531	17
24.486788	578	598	520	11
24.506320	580	593	507	2
24.525851	565	622	514	16
24.545382	530	649	522	16
24.564913	542	621	524	24
24.584445	570	602	516	6
24.603976	553	585	501	22
24.623507	535	616	516	22
24.640263	553	639	532	28
24.659794	529	610	507	35
24.679325	529	603	498	5
24.698857	541	584	494	13
24.718388	549	601	507	16
24.737919	541	616	521	11
24.757450	540	636	522	19
24.776982	556	635	510	3
24.796513	557	617	502	15
24.816044	549	615	517	5
24.823956	547	618	524	2
24.843487	555	620	518	4
24.863018	564	616	503	0
24.882550	559	609	500	8
24.902081	553	603	510	8
24.921612	555	608	516	5
24.941143	561	606	505	0
24.960675	553	604	496	4
24.980206	548	617	497	10
24.999737	572	603	507	2
25.035498	578	589	510	7
25.055029	568	603	512	5
25.074560	555	601	510	7
25.094091	560	606	512	6
25.113623	568	628	507	23
25.133154	570	643	504	14
25.152685	558	629	506	17
25.172216	558	605	520	21
25.191748	554	584	515	20
25.211279	545	573	504	13
25.228733	523	593	490	14
25.248264	550	622	516	31
25.267795	588	643	554	40
25.287327	581	627	512	23
25.306858	556	597	485	34
25.326389	553	600	518	2
25.345920	572	608	530	17
25.365452	580	598	540	1
25.384983	551	612	527	4
25.404514	551	622	515	8
25.406515	581	622	524	13
25.426046	594	619	517	4
25.445577	591	602	515	15
25.465108	569	593	519	20
25.484640	562	603	515	4
25.504171	571	599	516	1
25.523702	580	600	512	6
25.543233	582	598	519	0
25.562765	570	599	515	6
25.582296	569	612	515	10
25.615372	576	627	518	16
25.634903	571	623	507	5
25.654434	571	602	509	18
25.673965	568	594	518	8
25.693497	556	606	515	4
25.713028	554	625	509	16
25.732559	579	621	502	7
25.752090	595	613	505	2
25.771622	588	603	496	11
25.791153	570	595	494	16
25.807696	549	600	505	7
25.827227	550	587	506	11
25.846758	573	579	501	6
25.866289	594	587	489	22
25.885821	581	604	488	3
25.905352	559	619	501	0
25.924883	563	607	502	9
25.944414	561	596	493	9
25.963946	558	588	494	8
25.983477	557	588	501	1
26.003651	565	595	503	9
26.023182	563	599	502	2
26.042713	566	609	504	9
26.062244	567	609	507	0
26.081776	569	613	505	4
26.101307	575	611	508	1
26.120838	547	589	484	28
26.140369	542	591	494	2
26.159901	582	603	550	34
26.179432	633	620	559	47
26.283616	634	615	495	8
26.303147	601	619	452	9
26.322678	569	606	478	36
26.342210	529	599	503	25
26.361741	530	615	539	18
26.381272	566	620	533	14
26.400803	572	613	482	1
26.420335	581	611	477	4
26.439866	590	598	512	9
26.459397	587	585	531	9
26.285193	634	615	495	54
26.304724	601	619	452	9
26.324255	569	606	478	36
26.343786	529	599	503	25
26.363318	530	615	539	18
26.382849	566	620	533	14
26.402380	572	613	482	1
26.421911	581	611	477	4
26.441443	590	598	512	9
26.460974	587	585	531	9
26.402616	596	560	525	8
26.422147	586	560	489	6
26.441678	572	573	480	0
26.461210	520	614	478	16
26.480741	533	692	547	76
26.500272	580	585	522	84
26.519803	563	622	497	21
26.539335	544	602	504	26
26.558866	552	594	527	3
26.578397	550	603	543	10
26.597480	548	627	525	17
26.617011	555	631	508	5
26.636542	561	623	506	5
26.656074	570	611	521	6
26.675605	570	591	523	16
26.695136	547	601	524	2
26.714667	548	607	530	6
26.734199	555	605	522	0
26.753730	566	601	520	1
26.773261	576	599	525	4
26.818927	559	595	522	12
26.838458	547	607	527	6
26.857989	554	608	541	6
26.877521	567	611	546	9
26.897052	569	610	536	2
26.916583	555	612	533	5
26.936114	559	617	547	9
26.955646	583	596	555	2
26.975177	547	597	557	15
26.994708	561	622	565	29
26.980710	600	599	548	2
27.000241	587	594	533	15
27.019772	538	622	544	4
27.039304	530	612	562	4
27.058835	557	603	581	9
27.078366	570	582	575	12
27.097897	570	591	554	3
27.117429	558	614	545	10
27.136960	542	625	563	10
27.156491	541	612	576	5
27.177716	559	598	592	4
27.197247	574	578	583	11
27.216778	584	589	559	0
27.236310	568	609	566	8
27.255841	581	609	575	10
27.275372	578	584	572	20
27.294903	574	575	565	11
27.314435	537	581	556	17
27.333966	537	613	557	27
27.353497	523	611	548	7
27.471690	522	610	570	8
27.491221	599	579	602	27
27.510752	579	553	569	44
27.530283	556	548	525	38
27.549815	446	605	520	56
27.569346	523	664	568	48
27.588877	589	625	598	0
27.608408	598	618	591	3
27.627940	571	610	536	40
27.647471	537	561	501	60
27.566733	514	560	521	7
27.586264	474	563	541	21
27.605795	490	582	618	59
27.625326	568	625	662	67
27.644858	559	647	574	40
27.664389	553	666	514	3
27.683920	536	658	500	10
27.703451	506	662	539	4
27.722983	502	653	592	9
27.742514	531	606	632	8
27.774499	600	590	612	0
27.794030	612	583	535	29
27.813561	489	479	333	58
27.833092	537	561	388	47
27.852624	474	672	504	28
27.872155	713	585	759	162
27.891686	565	572	756	69
27.911217	549	540	686	76
27.930749	589	605	605	27
27.950280	570	666	504	12
27.979047	567	607	449	38
27.998578	575	558	458	31
28.018109	595	577	503	10
28.037641	574	601	556	11
28.057172	583	603	605	31
28.076703	561	623	616	11
28.096234	564	620	592	15
28.115766	556	626	556	14
28.135297	543	635	525	2
28.154828	527	632	531	5
28.159798	541	630	569	11
28.179329	550	619	608	14
28.198860	546	605	634	8
28.218391	542	610	633	1
28.237923	541	616	613	10
28.257454	544	609	585	22
28.276985	536	599	568	19
28.296516	537	595	575	0
28.316048	549	588	595	11
28.335579	562	591	610	16
28.354679	566	602	603	3
28.374210	566	600	597	5
28.393741	580	588	598	0
28.413272	594	578	610	10
28.432804	591	575	610	3
28.452335	590	589	594	3
28.471866	595	571	574	17
28.491397	604	576	572	7
28.510929	603	585	579	7
28.530460	610	569	590	3
28.555766	621	554	586	0
28.575297	630	567	553	1
28.594828	598	568	514	33
28.614359	600	569	513	2
28.633891	606	571	559	15
28.653422	616	537	597	16
28.672953	596	533	618	0
28.692484	604	533	606	3
28.712016	586	550	562	36
28.731547	555	586	504	11
28.828790	737	689	412	217
28.848321	386	565	375	109
28.867852	571	588	509	97
28.887383	686	548	759	208
28.906915	642	583	880	92
28.926446	359	711	664	103
28.945977	603	641	598	113
28.965508	608	534	524	80
28.985040	601	569	602	39
29.004571	566	585	646	23
28.947910	550	536	622	43
28.967441	533	562	605	11
28.986972	569	576	616	27
29.006504	606	570	598	5
29.026035	586	552	577	33
29.045566	551	561	573	18
29.065097	531	589	601	31
29.084629	538	582	640	28
29.104160	558	580	649	11
29.123691	585	564	610	26
29.130021	564	546	576	43
29.149552	528	575	556	10
29.169083	529	581	578	18
29.188615	491	562	597	3
29.208146	531	577	633	37
29.227677	560	569	610	15
29.247208	545	571	568	35
29.266740	511	591	549	0
29.286271	476	596	564	17
29.305802	501	628	629	59
29.335780	490	603	640	6
29.355311	499	599	628	13
29.374842	524	584	593	36
29.394373	524	587	571	12
29.413905	524	600	570	9
29.433436	517	583	570	14
29.452967	508	583	569	0
29.472498	490	593	574	13
29.492030	470	604	584	19
29.511561	458	595	583	2
29.522895	479	580	598	7
29.542426	507	574	592	13
29.561957	524	583	556	16
29.581489	521	584	520	11
29.601020	497	595	538	15
29.620551	479	597	543	8
29.640082	443	621	609	65
29.659614	470	625	618	0
29.679145	487	594	586	47
29.698676	495	604	549	12
29.707765	489	607	550	4
29.727296	485	616	579	21
29.746827	487	637	604	30
29.766358	507	626	607	8
29.785890	518	600	586	33
29.805421	497	603	549	15
29.824952	474	598	530	3
29.844483	447	593	552	15
29.864015	598	633	571	48
29.883546	464	593	606	26
29.945069	488	582	582	31
29.964600	496	603	558	1
29.984131	503	595	544	13
30.003663	496	607	554	15
30.023194	490	606	565	5
30.042725	482	601	579	5
30.062256	474	607	577	5
30.081788	470	612	559	3
30.101319	476	615	564	2
30.120850	473	588	568	18
30.115753	480	598	569	5
30.135284	483	609	570	8
30.154815	478	610	563	1
30.174346	484	628	567	15
30.193878	488	603	569	21
30.213409	484	580	552	26
30.232940	464	588	537	9
30.252471	457	633	566	50
30.272003	473	618	591	5
30.291534	491	590	566	40
30.303028	486	602	541	0
30.322559	479	603	540	2
30.342090	454	618	561	29
30.361621	454	633	585	22
30.381153	477	600	585	33
30.400684	480	599	545	21
30.420215	481	606	532	2
30.439746	472	605	541	4
30.459278	462	616	556	18
30.478809	453	620	576	15
30.498078	473	608	575	17
30.517609	481	594	552	24
30.537140	472	618	534	19
30.556671	470	623	555	10
30.576203	477	611	574	4
30.595734	478	604	564	10
30.615265	463	612	545	5
30.634796	468	599	553	10
30.654328	464	612	561	15
30.673859	469	601	554	13
30.694243	475	602	552	2
30.713774	487	594	549	11
30.733305	478	592	539	2
30.752836	466	615	552	28
30.772368	469	615	576	8
30.791899	477	616	567	5
30.811430	476	604	543	19
30.830961	458	615	539	15
30.850493	464	605	569	0
30.870024	466	609	576	5
30.888070	480	615	557	8
30.907601	483	609	549	9
30.927132	472	614	545	6
30.946663	461	615	554	7
30.966195	464	613	564	0
30.985726	485	590	563	26
31.005257	481	589	543	8
31.024788	461	613	537	27
31.044320	461	601	559	3
31.063851	465	615	574	16
31.167784	483	604	555	23
31.187315	474	616	541	8
31.206846	473	623	553	10
31.226377	475	615	573	0
31.245909	482	613	568	5
31.265440	484	611	548	10
31.284971	473	608	537	2
31.304502	458	601	549	3
31.324034	449	611	562	17
31.343565	458	609	569	2
31.169208	483	604	555	19
31.188739	474	616	541	8
31.208270	473	623	553	10
31.227802	475	615	573	0
31.247333	482	613	568	5
31.266864	484	611	548	10
31.286395	473	608	537	2
31.305927	458	601	549	3
31.325458	449	611	562	17
31.344989	458	609	569	2
31.286440	475	613	557	8
31.305971	487	602	546	17
31.325502	478	601	543	0
31.345033	452	611	540	18
31.364565	448	610	564	8
31.384096	472	586	577	21
31.403627	484	602	542	7
31.423158	477	609	528	5
31.442690	464	620	546	18
31.462221	466	618	577	9
31.560119	470	617	570	5
31.579650	476	617	551	9
31.599181	480	603	543	16
31.618712	478	606	549	5
31.638244	477	599	556	3
31.657775	470	607	552	7
31.677306	464	612	554	7
31.696837	466	611	561	1
31.716369	473	606	567	3
31.735900	484	600	550	15
31.681583	486	610	537	4
31.701114	481	615	545	8
31.720645	466	619	557	12
31.740176	466	616	572	3
31.759708	477	611	570	8
31.779239	492	606	544	18
31.798770	485	618	528	9
31.818301	478	617	544	4
31.837833	467	614	564	8
31.857364	466	605	559	9
31.853028	469	601	554	6
31.872559	468	603	547	0
31.892090	459	608	540	6
31.911622	444	622	547	20
31.931153	461	610	563	12
31.950684	482	609	559	9
31.970215	489	612	535	6
31.989747	488	616	537	4
32.009278	484	608	547	3
32.028809	463	616	552	15
32.064885	451	610	560	3
32.084416	451	606	569	0
32.103947	463	606	559	9
32.123478	480	604	546	12
32.143010	486	602	543	4
32.162541	478	606	545	6
32.182072	465	609	551	9
32.201603	458	609	558	5
32.221135	467	606	560	5
32.240666	481	612	547	4
32.281409	482	617	543	3
32.300940	477	612	549	1
32.320471	465	616	549	7
32.340003	460	612	556	1
32.359534	467	614	556	1
32.379065	479	612	547	8
32.398596	479	609	545	3
32.418128	470	617	549	11
32.437659	464	617	561	6
32.457190	471	612	563	5
32.597774	483	613	544	9
32.617305	485	601	532	14
32.636836	473	613	540	16
32.656368	466	616	561	11
32.675899	473	609	573	2
32.695430	484	602	560	15
32.714961	484	607	546	1
32.734493	475	614	534	5
32.754024	468	616	541	5
32.773555	474	615	560	3
32.647884	486	605	562	11
32.667415	493	612	550	0
32.686946	488	613	541	0
32.706477	470	609	541	1
32.726009	464	619	559	16
32.745540	466	609	564	7
32.765071	471	612	555	2
32.784602	478	605	542	12
32.804134	481	605	537	2
32.823665	477	611	541	7
32.851821	470	619	552	12
32.871352	471	619	556	1
32.890883	481	631	559	8
32.910414	496	621	564	9
32.929946	503	590	547	35
32.949477	480	587	524	3
32.969008	463	606	523	24
32.988539	465	620	554	18
33.008071	477	630	578	14
33.027602	498	631	589	2
33.038772	505	593	564	45
33.058303	483	600	531	1
33.077834	464	624	537	29
33.097365	471	616	562	1
33.116897	481	620	573	5
33.136428	495	604	564	20
33.155959	487	592	536	19
33.175490	465	612	528	24
33.195022	464	627	560	21
33.214553	483	621	570	6
33.235067	496	603	561	22
33.254598	491	611	545	1
33.274129	478	596	520	15
33.293660	463	617	521	25
33.313192	478	627	559	12
33.332723	484	619	572	2
33.352254	486	613	561	10
33.371785	481	620	544	1
33.391317	478	620	540	0
33.410848	481	614	545	5
33.431904	478	614	547	1
33.451435	475	608	552	2
33.470966	478	606	555	1
33.490498	476	613	549	4
33.510029	480	620	546	4
33.529560	484	615	546	5
33.549091	482	617	547	2
33.568623	486	623	555	7
33.588154	491	610	551	14
33.607685	484	603	536	9
33.711429	474	622	536	20
33.730960	480	627	556	8
33.750491	490	619	562	7
33.770022	494	619	544	7
33.789554	491	622	535	1
33.809085	488	613	533	8
33.828616	484	600	533	11
33.848147	473	607	537	10
33.867679	480	622	549	14
33.887210	495	617	546	8
33.830356	493	626	536	6
33.849887	495	625	540	0
33.869418	486	608	539	14
33.888949	475	623	544	18
33.908481	479	625	547	1
33.928012	489	612	542	15
33.947543	497	614	536	1
33.967074	503	607	529	8
33.986606	501	636	534	29
34.006137	500	643	549	10
34.007065	493	621	539	22
34.026596	489	582	524	39
34.046127	476	581	508	3
34.065659	476	633	527	49
34.085190	489	621	552	8
34.104721	502	649	551	24
34.124252	515	642	540	9
34.143784	518	608	518	36
34.163315	499	616	513	8
34.182846	487	604	528	8
34.283175	495	610	540	6
34.302706	488	589	521	22
34.322237	477	670	529	81
34.341769	489	604	523	67
34.361300	497	621	522	15
34.380831	501	600	527	20
34.400362	502	614	542	16
34.419894	507	626	528	8
34.439425	499	617	507	9
34.458956	486	635	517	19
34.284921	495	610	540	22
34.304452	488	589	521	22
34.323983	477	670	529	81
34.343514	489	604	523	67
34.363046	497	621	522	15
34.382577	501	600	527	20
34.402108	502	614	542	16
34.421639	507	626	528	8
34.441171	499	617	507	9
34.460702	486	635	517	19
34.405166	491	639	547	7
34.424697	496	627	547	12
34.444228	502	601	528	30
34.463759	497	613	516	11
34.483291	492	629	525	17
34.502822	498	630	538	2
34.522353	506	624	528	8
34.541884	498	625	515	0
34.561416	492	620	530	2
34.580947	500	604	538	14
34.556231	491	639	547	37
34.575762	496	627	547	12
34.595293	502	601	528	30
34.614825	497	613	516	11
34.634356	492	629	525	17
34.653887	498	630	538	2
34.673418	506	624	528	8
34.692950	498	625	515	0
34.712481	492	620	530	2
34.732012	500	604	538	14
34.738447	502	612	524	4
34.757978	496	618	519	6
34.777509	496	638	535	21
34.797040	501	633	534	5
34.816572	501	607	519	27
34.836103	493	585	513	20
34.855634	488	625	529	41
34.875165	489	613	526	12
34.894697	483	628	532	16
34.914228	493	642	547	14
34.739241	502	612	524	34
34.758772	496	618	519	6
34.778303	496	638	535	21
34.797834	501	633	534	5
34.817366	501	607	519	27
34.836897	493	585	513	20
34.856428	488	625	529	41
34.875959	489	613	526	12
34.895491	483	628	532	16
34.915022	493	642	547	14
34.755475	502	612	524	34
34.775006	496	618	519	6
34.794537	496	638	535	21
34.814069	501	633	534	5
34.833600	501	607	519	27
34.853131	493	585	513	20
34.872662	488	625	529	41
34.892194	489	613	526	12
34.911725	483	628	532	16
34.931256	493	642	547	14
34.934901	504	622	531	24
34.954432	499	614	518	8
34.973963	505	609	515	5
34.993495	504	614	515	5
35.013026	499	611	526	1
35.032557	492	618	531	8
35.052088	500	607	525	12
35.071620	495	616	525	9
35.091151	491	650	532	34
35.110682	500	647	542	2
34.937511	504	622	531	26
34.957042	499	614	518	8
34.976573	505	609	515	5
34.996104	504	614	515	5
35.015636	499	611	526	1
35.035167	492	618	531	8
35.054698	500	607	525	12
35.074229	495	616	525	9
35.093761	491	650	532	34
35.113292	500	647	542	2
34.947787	504	622	531	26
34.967318	499	614	518	8
34.986849	505	609	515	5
35.006381	504	614	515	5
35.025912	499	611	526	1
35.045443	492	618	531	8
35.064974	500	607	525	12
35.084506	495	616	525	9
35.104037	491	650	532	34
35.123568	500	647	542	2
34.995868	505	632	526	17
35.015399	504	600	516	32
35.034930	497	573	503	24
35.054461	456	595	490	39
35.073993	472	634	544	29
35.093524	514	646	578	17
35.113055	541	659	558	7
35.132586	546	625	501	38
35.152118	518	610	488	17
35.171649	475	617	522	10
35.192035	455	604	554	4
35.211566	472	618	567	9
35.231097	503	654	549	21
35.250628	524	634	516	24
35.270160	523	615	507	18
35.289691	506	613	511	2
35.309222	489	619	520	8
35.328753	481	603	523	12
35.348285	486	609	534	6
35.367816	500	614	538	3
35.372020	515	645	533	28
35.391551	520	648	519	1
35.411082	511	640	519	8
35.430614	494	590	512	48
35.450145	485	606	520	18
35.469676	492	632	524	24
35.489207	498	632	523	0
35.508739	510	631	524	1
35.528270	517	621	519	10
35.547801	513	611	513	10
35.587100	499	604	507	5
35.606631	486	612	515	10
35.626162	488	628	532	16
35.645694	508	635	540	6
35.665225	530	625	520	11
35.684756	525	607	494	17
35.704287	468	654	518	51
35.723819	476	605	546	43
35.743350	472	610	524	1
35.762881	488	622	530	7
35.785736	520	635	536	11
35.805267	517	640	522	2
35.824798	512	619	508	21
35.844330	499	610	532	6
35.863861	480	607	523	0
35.883392	473	618	527	13
35.902923	490	633	547	13
35.922455	510	632	529	6
35.941986	516	607	506	25
35.961517	523	592	509	14
35.980037	501	611	514	18
35.999568	484	647	535	40
36.019099	489	648	547	2
36.038630	506	645	534	7
36.058162	519	601	506	45
36.077693	508	599	499	1
36.097224	490	620	517	22
36.116755	491	622	539	4
36.136287	492	634	522	8
36.155818	490	633	511	1
36.159068	495	616	528	16
36.178599	502	602	538	12
36.198130	502	596	525	8
36.217661	490	622	519	26
36.237193	490	638	533	17
36.256724	507	661	541	22
36.276255	514	623	537	38
36.295786	501	603	529	20
36.315318	494	597	539	2
36.334849	472	603	539	12
36.363227	455	684	544	80
36.382758	478	655	537	34
36.402289	494	616	507	43
36.421820	520	626	492	10
36.441352	532	604	516	21
36.460883	517	610	540	7
36.480414	468	639	485	35
36.499945	510	587	482	56
36.519477	595	606	482	48
36.539008	598	591	486	9
36.572193	567	567	496	40
36.591724	525	576	491	10
36.611255	480	713	533	136
36.630786	491	642	554	66
36.650318	516	697	567	54
36.669849	530	677	528	26
36.689380	550	671	511	3
36.708911	558	588	503	74
36.728443	548	585	525	6
36.747974	497	616	530	24
36.772831	444	611	528	14
36.792362	436	645	554	37
36.811893	489	636	567	21
36.831424	550	598	563	30
36.850956	589	589	521	2
36.870487	566	561	466	23
36.890018	497	565	446	0
36.909549	441	659	522	77
36.929081	448	669	578	18
36.948612	514	624	597	41
36.976235	548	639	563	0
36.995766	569	594	496	40
37.015297	513	580	466	19
37.034828	448	670	516	88
37.054360	471	663	562	6
37.073891	535	601	574	53
37.093422	565	604	528	3
37.112953	531	571	467	30
37.132485	476	615	465	42
37.152016	453	648	537	31
37.171275	498	639	575	7
37.190806	533	612	562	28
37.210337	550	603	521	14
37.229868	504	562	464	29
37.249400	489	697	501	116
37.268931	510	668	523	30
37.288462	524	637	532	29
37.307993	544	624	524	10
37.327525	539	582	496	40
37.347056	519	595	489	9
37.382327	492	642	508	45
37.401858	479	642	532	4
37.421389	505	639	562	1
37.440921	547	602	562	27
37.460452	568	577	562	9
37.479983	545	587	458	1
37.499514	484	644	480	40
37.519046	515	632	560	9
37.538577	535	601	584	12
37.558108	550	598	545	17
37.562299	505	622	480	15
37.581830	454	613	459	13
37.601361	412	620	499	19
37.620893	521	696	564	43
37.640424	536	587	547	105
37.659955	499	651	510	53
37.679486	492	655	512	4
37.699018	528	631	527	23
37.718549	542	571	520	54
37.738080	505	616	489	40
37.758962	481	626	498	12
37.778493	488	630	536	3
37.798024	526	625	566	3
37.817555	556	614	553	7
37.837087	516	592	497	36
37.856618	481	617	476	33
37.876149	487	653	536	29
37.895680	550	624	580	8
37.915212	570	582	558	34
37.934743	500	591	458	5
37.947373	463	664	458	72
37.966904	481	664	528	12
37.986435	533	593	587	43
38.005966	547	594	554	13
38.025498	529	628	496	19
38.045029	505	636	481	9
38.064560	513	655	538	17
38.084091	532	604	556	41
38.103623	505	577	518	38
38.123154	478	623	495	51
38.109123	516	648	511	18
38.128654	521	611	520	36
38.148185	515	620	532	10
38.167717	502	625	519	3
38.187248	503	635	524	10
38.206779	524	623	538	9
38.226310	523	585	518	40
38.245842	507	632	504	46
38.265373	496	621	502	9
38.284904	504	628	536	8
38.361297	535	640	563	20
38.380828	532	611	534	36
38.400359	497	607	498	6
38.419890	486	638	502	31
38.439422	484	628	529	8
38.458953	508	626	549	0
38.478484	540	609	536	16
38.498015	526	611	507	3
38.517547	510	622	495	11
38.537078	512	643	531	21
38.499401	509	599	538	41
38.518932	494	606	514	4
38.538463	509	621	502	13
38.557995	532	631	525	11
38.577526	538	621	533	7
38.597057	509	632	519	6
38.616588	497	647	526	16
38.636120	515	637	547	6
38.655651	519	620	548	15
38.675182	502	612	517	13
38.885130	489	621	499	11
38.904661	502	635	519	11
38.924192	522	608	538	23
38.943723	520	604	529	6
38.963255	514	634	510	28
38.982786	522	620	511	13
39.002317	531	621	532	3
39.021848	511	611	524	12
39.041380	499	620	511	9
39.060911	512	618	505	2
38.951491	515	619	530	2
38.971022	516	610	553	2
38.990553	515	619	516	0
39.010084	512	629	482	13
39.029616	512	636	514	3
39.049147	522	629	556	1
39.068678	522	602	565	20
39.088209	516	591	488	22
39.107741	523	630	452	50
39.127272	517	625	480	15
39.088846	538	633	531	7
39.108377	557	623	566	6
39.127908	551	591	532	41
39.147439	525	639	462	46
39.166971	516	648	481	2
39.186502	521	637	524	13
39.206033	528	605	539	27
39.225564	526	598	524	10
39.245096	506	628	514	28
39.264627	504	643	517	15
39.183793	538	633	531	6
39.203324	557	623	566	6
39.222855	551	591	532	41
39.242387	525	639	462	46
39.261918	516	648	481	2
39.281449	521	637	524	13
39.300980	528	605	539	27
39.320512	526	598	524	10
39.340043	506	628	514	28
39.359574	504	643	517	15
39.323926	514	616	531	25
39.343457	506	611	512	6
39.362988	501	617	499	7
39.382519	496	638	520	20
39.402051	518	648	543	12
39.421582	544	616	551	24
39.441113	555	609	540	5
39.460644	528	602	480	12
39.480176	520	645	492	37
39.499707	523	630	534	14
39.515409	526	607	535	21
39.534940	503	622	494	13
39.554471	500	629	497	6
39.574003	518	627	536	0
39.593534	537	625	545	2
39.613065	533	618	524	11
39.632596	507	606	485	10
39.652128	498	649	490	41
39.671659	530	625	519	24
39.691190	534	616	534	6
39.712892	531	606	518	12
39.732423	523	620	488	15
39.751954	488	631	483	13
39.771486	503	639	549	7
39.791017	538	635	578	9
39.810548	552	587	517	56
39.830079	544	601	464	20
39.849611	518	645	446	42
39.869142	509	650	487	8
39.888673	512	626	574	10
39.906385	540	610	574	10
39.925916	544	579	496	43
39.945447	537	614	462	40
39.964978	530	636	474	14
39.984510	542	622	536	14
40.004041	544	617	549	0
40.023572	542	600	521	22
40.043103	519	600	481	0
40.062635	509	618	494	13
40.082166	519	631	542	15
40.122505	550	623	551	0
40.142036	550	620	524	8
40.161567	538	613	507	10
40.181098	514	633	518	16
40.200630	532	624	536	4
40.220161	555	633	532	13
40.239692	554	610	524	22
40.259223	529	606	505	11
40.278755	522	611	501	4
40.298286	527	620	519	9
40.300240	546	628	529	12
40.319771	555	594	520	29
40.339302	544	593	505	5
40.358834	543	628	508	32
40.378365	548	613	512	12
40.397896	547	623	524	9
40.417427	544	617	524	6
40.436959	541	611	521	6
40.456490	531	601	513	12
40.476021	531	616	513	14
40.492564	551	620	527	10
40.512095	557	616	530	1
40.531626	542	625	517	2
40.551157	537	629	536	5
40.570689	543	612	533	15
40.590220	548	613	526	1
40.609751	549	612	528	0
40.629282	547	604	527	8
40.648814	544	631	528	24
40.668345	555	618	530	8
40.690951	558	624	542	8
40.710482	559	622	547	0
40.730013	530	620	528	13
40.749544	527	621	534	1
40.769076	541	624	536	5
40.788607	537	604	510	22
40.808138	549	610	509	9
40.827669	559	605	514	0
40.847201	556	594	518	10
40.866732	549	614	537	18
40.883380	551	621	531	5
40.902911	550	607	523	14
40.922442	531	615	515	1
40.941973	536	619	532	6
40.961505	548	622	537	6
40.981036	550	617	522	6
41.000567	548	618	511	0
41.020098	543	609	518	9
41.039630	542	614	524	4
41.059161	527	620	528	3
41.078426	539	610	519	8
41.097957	541	608	499	0
41.117488	532	599	492	9
41.137019	542	623	532	25
41.156551	550	620	537	0
41.176082	549	621	520	1
41.195613	544	620	513	2
41.215144	549	593	516	23
41.234676	529	615	516	15
41.254207	552	611	512	2
41.273405	540	617	507	2
41.292936	548	623	521	8
41.312467	552	617	536	2
41.331999	577	610	550	8
41.351530	565	609	515	13
41.371061	545	616	494	0
41.390592	530	617	522	3
41.410124	536	613	551	3
41.429655	539	620	554	8
41.449186	540	622	519	5
41.469332	543	617	520	3
41.488863	562	606	540	0
41.508394	534	619	522	0
41.527925	530	629	535	10
41.547457	538	622	542	3
41.566988	551	610	520	11
41.586519	560	612	516	5
41.606050	550	610	518	5
41.625582	548	609	519	1
41.645113	528	608	499	5
41.666327	548	618	534	15
41.685858	556	621	555	11
41.705389	531	621	535	12
41.724921	540	614	517	7
41.744452	551	609	513	1
41.763983	541	615	530	3
41.783514	529	627	563	18
41.803046	567	609	547	10
41.822577	547	615	495	6
41.842108	523	619	505	2
41.860205	521	626	563	17
41.879736	529	615	580	0
41.899267	529	614	532	19
41.918798	539	596	490	14
41.938330	535	614	494	15
41.957861	538	623	544	12
41.977392	539	619	571	6
41.996923	535	618	518	16
42.016455	529	614	500	4
42.035986	527	614	510	0
42.055510	518	619	552	11
42.075041	545	619	579	16
42.094572	572	637	553	14
42.114104	549	609	493	39
42.133635	530	634	504	18
42.153166	525	619	531	14
42.172697	527	612	550	1
42.192229	519	622	534	4
42.211760	516	613	519	11
42.231291	532	612	516	0
42.445464	457	672	528	67
42.464995	489	658	576	8
42.484526	532	628	596	16
42.504057	579	647	575	18
42.523589	601	640	519	7
42.543120	585	619	429	2
42.562651	595	627	416	17
42.582182	530	599	460	68
42.601714	249	675	300	272
42.621245	421	662	566	191
42.641868	540	598	490	90
42.661399	510	370	586	67
42.680930	552	491	678	11
42.700461	599	498	649	9
42.719993	551	595	582	47
42.739524	348	804	407	235
42.759055	527	881	445	24
42.778586	534	580	461	287
42.798118	550	623	436	51
42.817649	486	748	476	100
42.803151	499	712	511	39
42.822682	514	663	540	46
42.842213	512	666	594	20
42.861744	499	677	597	11
42.881276	507	683	582	1
42.900807	501	666	591	11
42.920338	511	661	577	10
42.939869	509	646	569	16
42.959401	506	647	562	1
42.978932	501	658	561	10
43.121711	491	662	578	10
43.141242	498	662	576	1
43.160773	497	658	573	4
43.180305	489	639	565	19
43.199836	494	654	570	14
43.219367	488	679	548	18
43.238898	496	739	537	56
43.258430	499	697	565	36
43.277961	495	689	531	14
43.297492	491	660	549	24
43.220545	487	678	514	13
43.240076	538	675	477	0
43.259607	475	704	546	29
43.279139	522	613	592	69
43.298670	497	675	528	35
43.318201	509	598	528	76
43.337732	528	615	524	17
43.357264	528	602	487	10
43.376795	531	559	469	28
43.396326	520	548	469	9
43.416528	507	548	513	20
43.436059	541	536	524	3
43.455590	541	503	514	9
43.475121	522	521	542	2
43.494653	496	527	549	10
43.514184	496	517	552	0
43.533715	504	523	537	14
43.553246	520	534	512	5
43.572778	507	539	515	4
43.592309	497	543	572	41
43.621104	534	557	616	46
43.640635	485	553	626	8
43.660166	593	674	609	81
43.679698	519	590	634	60
43.699229	530	504	666	10
43.718760	468	592	640	1
43.738291	471	666	601	25
43.757823	549	620	590	44
43.777354	567	544	610	21
43.796885	572	546	579	20
43.818166	539	528	582	19
43.837697	501	551	582	4
43.857228	587	517	663	87
43.876760	487	525	538	130
43.896291	620	736	632	237
43.915822	484	560	547	210
43.935353	536	637	626	105
43.954885	533	649	662	33
43.974416	509	600	680	14
43.993947	522	571	672	18
44.011218	539	538	627	49
44.030749	534	542	597	28
44.050280	514	547	577	18
44.069812	499	561	585	15
44.089343	514	562	626	35
44.108874	545	562	630	7
44.128405	556	550	605	22
44.147937	549	553	579	22
44.167468	533	546	575	12
44.186999	508	599	593	44
44.206215	475	594	612	15
44.225746	484	585	639	14
44.245277	516	568	635	13
44.264808	521	564	598	34
44.284340	516	567	582	11
44.303871	501	565	568	11
44.323402	495	555	570	3
44.342933	496	557	589	16
44.362465	486	562	601	14
44.381996	482	565	598	0
44.602525	518	562	585	16
44.622056	517	573	597	16
44.641587	525	689	622	104
44.661119	533	746	633	55
44.680650	508	661	629	74
44.700181	515	598	626	46
44.719712	480	495	566	77
44.739244	515	518	507	56
44.758775	514	518	511	1
44.778306	486	501	569	57
44.799999	533	493	664	91
44.819530	534	500	699	34
44.839061	574	545	682	4
44.858593	540	697	608	26
44.878124	625	740	524	44
44.897655	514	629	506	137
44.917186	508	624	574	10
44.936718	519	639	663	69
44.956249	520	563	646	53
44.975780	518	548	596	52
44.989391	523	546	564	28
45.008922	517	549	551	9
45.028453	507	571	584	39
45.047985	505	586	611	30
45.067516	506	588	616	5
45.087047	490	599	592	8
45.106578	503	616	590	10
45.126110	514	602	605	0
45.145641	522	589	602	10
45.165172	529	580	588	15
45.183309	524	583	577	6
45.202840	511	608	585	23
45.222371	508	602	597	3
45.241903	511	591	605	1
45.261434	511	586	598	8
45.280965	517	587	587	7
45.300496	523	588	588	1
45.320028	520	595	592	7
45.339559	518	602	594	6
45.359090	516	597	587	8
45.341334	500	594	580	6
45.360865	495	591	586	2
45.380396	495	595	602	14
45.399927	502	595	600	2
45.419459	505	599	585	7
45.438990	507	595	577	8
45.458521	508	588	583	1
45.478052	508	585	587	0
45.497584	508	585	584	2
45.517115	506	583	583	2
45.563661	501	589	588	8
45.583192	495	600	594	12
45.602723	504	594	590	8
45.622254	497	596	585	1
45.641786	495	593	589	0
45.661317	494	590	595	2
45.680848	499	590	596	0
45.700379	506	591	596	0
45.719911	510	593	588	4
45.739442	513	594	588	0
45.745666	512	594	591	2
45.765197	513	588	586	7
45.784728	522	582	583	5
45.804260	521	589	587	7
45.823791	513	591	590	3
45.843322	508	597	590	4
45.862853	504	597	592	1
45.882385	509	598	597	3
45.901916	514	600	593	1
45.921447	520	598	590	3
45.957290	519	599	591	1
45.976821	523	594	587	6
45.996352	517	593	584	3
46.015883	513	593	592	5
46.035415	513	597	597	6
46.054946	514	594	595	3
46.074477	518	592	589	5
46.094008	517	591	592	1
46.113540	517	593	593	2
46.133071	512	588	588	7
46.134552	503	596	591	8
46.154083	507	596	598	4
46.173614	513	586	598	6
46.193146	515	581	586	12
46.212677	510	589	588	6
46.232208	507	597	599	13
46.251739	506	597	594	3
46.271271	509	598	593	0
46.290802	506	594	594	2
46.310333	500	592	590	3
46.318078	500	581	590	7
46.337609	503	572	594	2
46.357140	503	587	601	14
46.376672	498	604	607	16
46.396203	497	609	594	5
46.415734	497	599	580	16
46.435265	500	593	584	2
46.454797	511	577	590	7
46.474328	514	579	588	0
46.493859	511	593	584	7
46.507546	506	599	586	5
46.527077	509	598	590	1
46.546608	508	601	590	2
46.566139	502	589	581	14
46.585671	500	580	579	7
46.605202	503	580	590	7
46.624733	500	588	589	4
46.644264	496	597	589	6
46.663796	498	606	591	7
46.683327	503	602	583	8
46.783071	491	589	578	11
46.802602	486	582	588	2
46.822133	497	578	593	0
46.841665	501	573	576	16
46.861196	500	576	575	1
46.880727	493	586	592	20
46.900258	496	581	588	6
46.919790	503	576	579	10
46.939321	513	563	578	9
46.958852	514	556	584	0
47.096519	541	435	566	14
47.116050	298	722	608	216
47.135581	606	715	697	24
47.155113	473	823	609	37
47.174644	469	658	574	163
47.194175	506	634	590	19
47.213706	480	663	625	46
47.233238	485	530	626	72
47.252769	519	508	606	24
47.272300	527	520	572	31
47.291364	537	545	560	1
47.310895	538	572	565	20
47.330426	513	606	572	27
47.349957	510	641	598	43
47.369489	505	628	626	7
47.389020	506	612	630	8
47.408551	511	601	595	33
47.428082	507	579	567	34
47.447614	500	555	562	19
47.467145	489	568	592	33
47.486329	496	571	611	16
47.505860	492	597	598	6
47.525391	497	613	591	6
47.544923	497	615	591	1
47.564454	504	590	579	27
47.583985	516	571	581	12
47.603516	505	576	589	9
47.623048	490	590	597	17
47.642579	484	605	608	19
47.662110	496	603	607	4
47.878371	468	600	598	1
47.897902	486	601	591	8
47.917433	505	606	581	4
47.936965	505	602	562	13
47.956496	518	598	557	5
47.976027	522	588	551	11
47.995558	486	612	565	30
48.015090	466	621	582	21
48.034621	464	636	580	11
48.054152	493	617	586	19
48.072431	538	586	565	35
48.091962	536	558	530	39
48.111493	522	600	555	43
48.131025	482	717	569	116
48.150556	496	649	558	69
48.170087	516	604	548	46
48.189618	531	558	519	48
48.209150	489	565	526	9
48.228681	459	630	560	78
48.248212	486	617	562	18
48.267430	489	664	558	41
48.286961	527	659	549	8
48.306492	536	614	519	47
48.326024	497	591	517	24
48.345555	478	581	537	0
48.365086	489	611	573	37
48.384617	536	637	562	18
48.404149	571	642	513	6
48.423680	543	617	474	26
48.443211	450	597	487	7
48.462392	483	591	585	3
48.481923	556	584	581	2
48.501454	507	594	486	22
48.520986	504	704	493	106
48.540517	495	636	530	66
48.560048	503	646	538	10
48.579579	521	593	515	55
48.599111	511	594	505	0
48.618642	496	632	491	40
48.638173	522	603	502	30
48.658894	517	622	524	18
48.678425	515	647	531	25
48.697956	513	614	518	34
48.717488	533	594	529	15
48.737019	558	589	514	3
48.756550	564	606	479	22
48.776081	489	700	502	77
48.795613	487	666	537	31
48.815144	487	666	568	7
48.834675	475	529	472	108
48.853018	521	560	472	6
48.872549	566	599	483	43
48.892080	538	601	461	0
48.911612	476	701	536	88
48.931143	501	628	565	65
48.950674	533	607	518	30
48.970205	533	599	449	11
48.989737	536	605	495	11
49.009268	529	643	539	37
49.028799	565	645	531	9
49.048415	561	644	474	1
49.067946	516	617	441	19
49.087477	502	610	498	27
49.107008	519	582	547	20
49.126540	532	597	517	8
49.146071	537	601	464	16
49.165602	510	623	484	10
49.185133	532	638	538	15
49.204665	526	649	530	8
49.224196	523	578	463	55
49.243370	523	566	457	5
49.262901	532	609	508	21
49.282432	572	668	538	70
49.301964	558	672	498	2
49.321495	529	682	480	6
49.341026	511	585	487	96
49.360557	520	561	510	27
49.380089	564	596	538	52
49.399620	596	613	525	29
49.419151	593	619	469	8
49.581033	548	628	462	9
49.600564	542	648	523	8
49.620095	534	606	547	37
49.639627	526	627	536	15
49.659158	533	594	490	30
49.678689	550	592	486	4
49.698220	559	611	511	17
49.717752	564	630	527	20
49.737283	561	629	511	2
49.756814	543	631	492	2
49.642202	532	627	510	7
49.661733	545	611	529	11
49.681264	558	604	527	1
49.700795	561	597	503	5
49.720327	557	603	501	3
49.739858	560	617	516	13
49.759389	554	639	523	18
49.778920	548	634	517	6
49.798452	546	618	511	15
49.817983	548	607	510	9
49.822880	562	589	512	9
49.842411	566	592	511	4
49.861942	552	610	505	9
49.881474	545	623	508	9
49.901005	541	618	514	5
49.920536	538	614	518	4
49.940067	532	601	514	14
49.959599	541	590	516	7
49.979130	546	587	510	0
49.998661	542	587	496	0
50.025408	544	603	510	14
50.044939	576	633	549	45
50.064470	600	678	550	49
50.084002	574	718	498	23
50.103533	539	720	496	5
50.123064	530	734	539	14
50.142595	540	743	554	12
50.162127	473	667	523	76
50.181658	546	549	526	108
50.201189	479	431	495	36
50.221687	523	437	571	6
50.241218	594	451	590	32
50.260749	504	331	548	56
50.280281	525	512	540	153
50.299812	672	581	527	144
50.319343	421	884	541	209
50.338874	408	826	651	25
50.358406	511	589	493	279
50.377937	592	627	612	92
50.397468	449	729	625	80
50.415310	480	565	558	175
50.434841	524	566	522	20
50.454372	535	550	501	10
50.473903	542	566	509	16
50.493435	519	616	533	44
50.512966	551	692	565	85
50.532497	588	646	583	22
50.552028	585	644	555	12
50.571560	549	621	520	41
50.591091	508	615	509	12
50.808411	557	591	529	10
50.827942	563	607	522	15
50.847473	549	626	515	11
50.867004	502	639	516	7
50.886536	486	631	540	2
50.906067	505	611	549	19
50.925598	527	563	517	52
50.945129	534	575	492	16
50.964661	523	590	488	12
50.984192	507	604	501	10
51.001539	497	636	520	32
51.021070	511	629	516	8
51.040601	493	597	489	26
51.060133	465	598	468	17
51.079664	453	616	466	20
51.099195	431	662	509	42
51.118726	442	661	537	3
51.138258	594	578	544	56
51.157789	632	635	396	97
51.177320	639	603	166	172
51.196296	603	577	157	7
51.215827	588	753	360	77
51.235358	589	628	493	154
51.254889	587	554	558	43
51.274421	569	579	612	35
51.293952	516	543	641	0
51.313483	540	494	653	12
51.333014	536	520	592	60
51.352546	553	539	524	33
51.372077	541	542	470	8
51.391516	465	584	505	27
51.411047	531	574	558	6
51.430578	550	549	611	32
51.450109	557	547	607	1
51.469641	526	546	557	52
51.489172	520	535	527	29
51.508703	535	512	553	18
51.528234	539	518	565	12
51.547766	549	519	553	4
51.567297	547	519	552	2
51.576392	549	508	545	3
51.595923	551	503	575	24
51.615454	549	485	608	31
51.634985	567	509	630	23
51.654517	592	526	616	1
51.674048	604	569	588	0
51.693579	557	598	523	34
51.713110	442	737	496	138
51.732642	543	621	544	118
51.752173	1002	997	287	607
