-0.043906	522	398	474	120
-0.024375	516	397	482	1
-0.004844	513	392	488	3
0.014688	511	397	485	4
0.034219	511	401	477	1
0.053750	511	406	469	1
0.073281	518	404	461	5
0.092813	531	396	461	8
0.112344	524	392	458	4
0.131875	514	396	454	2
0.181512	524	394	462	0
0.201043	551	387	464	10
0.220574	557	378	471	7
0.240105	557	375	471	2
0.259637	542	375	472	4
0.279168	529	378	469	4
0.298699	512	396	495	24
0.318230	526	398	483	1
0.337762	526	396	493	0
0.357293	515	403	504	9
0.418116	557	385	528	26
0.437647	503	416	501	38
0.457178	598	378	519	62
0.476710	533	410	517	55
0.496241	580	385	517	39
0.515772	539	399	506	27
0.535303	558	403	472	8
0.554835	569	376	505	22
0.574366	563	380	505	5
0.593897	563	376	504	3
0.419812	557	385	528	9
0.439343	503	416	501	38
0.458874	598	378	519	62
0.478405	533	410	517	55
0.497937	580	385	517	39
0.517468	539	399	506	27
0.536999	558	403	472	8
0.556530	569	376	505	22
0.576062	563	380	505	5
0.595593	563	376	504	3
0.544118	551	382	522	9
0.563649	516	391	537	12
0.583180	514	389	536	1
0.602711	533	382	524	6
0.622243	551	377	512	8
0.641774	554	394	511	15
0.661305	510	395	513	8
0.680836	507	390	540	8
0.700368	503	404	541	13
0.719899	484	424	544	14
0.867495	486	420	539	1
0.887026	483	407	524	10
0.906557	484	396	501	10
0.926089	482	395	493	2
0.945620	485	395	487	0
0.965151	496	394	485	0
0.984682	503	403	480	8
1.004214	502	404	472	1
1.023745	511	395	470	8
1.043276	527	388	484	3
0.869068	486	420	539	28
0.888599	483	407	524	10
0.908130	484	396	501	10
0.927661	482	395	493	2
0.947193	485	395	487	0
0.966724	496	394	485	0
0.986255	503	403	480	8
1.005786	502	404	472	1
1.025318	511	395	470	8
1.044849	527	388	484	3
0.938050	528	391	496	4
0.957581	522	402	510	12
0.977112	531	396	517	7
0.996644	534	391	517	5
1.016175	533	386	510	4
1.035706	538	381	506	5
1.055237	561	374	507	12
1.074769	576	374	514	5
1.094300	573	383	505	9
1.113831	559	374	506	3
1.131080	539	394	479	20
1.150611	537	381	477	12
1.170142	561	378	476	9
1.189673	564	392	471	10
1.209205	531	410	467	23
1.228736	501	404	474	1
1.248267	493	395	492	5
1.267798	527	386	502	7
1.287330	549	385	506	5
1.306861	546	393	495	7
1.326242	533	396	497	6
1.345773	521	396	501	1
1.365304	524	401	493	3
1.384835	527	404	483	0
1.404367	515	400	476	4
1.423898	519	389	476	10
1.443429	527	382	473	8
1.462960	532	378	466	6
1.482492	545	393	462	9
1.502023	549	382	474	7
1.521133	533	380	482	3
1.540664	529	381	482	1
1.560195	560	374	474	15
1.579726	549	378	469	5
1.599258	541	392	468	14
1.618789	508	409	469	19
1.638320	491	400	472	9
1.657851	514	422	481	25
1.677383	525	413	468	13
1.696914	529	407	456	11
1.717136	531	413	453	3
1.736667	510	421	460	11
1.756198	508	429	480	15
1.775729	509	440	476	8
1.795261	546	421	449	35
1.814792	532	404	438	16
1.834323	525	406	421	7
1.853854	521	433	436	30
1.873386	536	427	462	8
1.892917	538	407	486	9
1.912169	541	415	480	5
1.931700	561	423	459	8
1.951231	557	430	445	0
1.970762	543	415	448	5
1.990294	545	427	483	24
2.009825	572	437	502	0
2.029356	576	424	495	13
2.048887	551	422	474	4
2.068419	574	400	477	27
2.087950	552	408	482	17
2.107182	534	414	491	12
2.126713	541	407	487	9
2.146244	552	400	457	19
2.165776	555	392	431	19
2.185307	545	391	430	1
2.204838	535	413	453	32
2.224369	517	425	491	27
2.243901	531	411	498	14
2.263432	537	404	465	16
2.282963	535	401	432	18
2.303155	530	397	435	0
2.322686	528	394	451	5
2.342217	515	397	446	1
2.361748	505	408	445	8
2.381280	518	404	456	2
2.400811	520	402	458	0
2.420342	538	399	460	4
2.439873	551	404	469	4
2.459405	553	419	470	12
2.478936	548	413	479	0
2.499099	542	404	488	4
2.518630	541	400	485	4
2.538161	559	404	474	4
2.557693	557	417	475	12
2.577224	548	410	488	0
2.596755	522	405	494	1
2.616286	510	406	492	1
2.635818	533	409	473	4
2.655349	548	416	450	7
2.674880	548	413	451	1
2.693076	551	399	466	6
2.712607	554	392	473	4
2.732138	559	406	464	7
2.751669	569	400	450	14
2.771201	560	397	465	6
2.790732	538	378	475	8
2.810263	517	384	466	5
2.829794	532	411	462	21
2.849326	561	390	463	25
2.868857	562	359	444	34
2.889193	552	335	425	26
2.908724	524	346	408	4
2.928255	544	389	429	44
2.947787	540	419	463	43
2.967318	527	418	474	6
2.986849	540	408	488	7
3.006380	553	423	468	2
3.025912	559	426	468	0
3.045443	602	410	469	35
3.064974	597	401	446	11
3.084190	589	416	422	2
3.103721	570	423	396	4
3.123252	598	400	424	9
3.142783	556	444	440	58
3.162315	538	407	474	6
3.181846	518	364	495	34
3.201377	502	356	505	7
3.220908	488	364	509	6
3.240440	431	387	517	0
3.259971	409	407	527	1
3.279221	435	436	558	30
3.298752	473	450	582	16
3.318283	496	464	592	6
3.337815	521	439	556	8
3.357346	559	383	452	64
3.376877	588	359	418	45
3.396408	566	364	404	3
3.415940	572	390	429	31
3.435471	551	422	506	61
3.455002	520	417	559	8
3.475163	624	359	489	84
3.494694	521	391	359	4
3.514225	496	442	287	40
3.533756	465	450	318	27
3.553288	485	411	398	54
3.572819	536	398	388	15
3.592350	510	411	372	2
3.611881	521	401	426	31
3.631413	525	384	480	8
3.650944	560	411	504	20
3.491275	624	359	489	78
3.510806	521	391	359	4
3.530337	496	442	287	40
3.549869	465	450	318	27
3.569400	485	411	398	54
3.588931	536	398	388	15
3.608462	510	411	372	2
3.627994	521	401	426	31
3.647525	525	384	480	8
3.667056	560	411	504	20
3.700738	485	401	525	2
3.720269	574	412	469	10
3.739800	508	423	380	33
3.759331	551	388	363	38
3.778863	510	423	404	57
3.798394	520	421	461	35
3.817925	507	421	469	3
3.837456	516	428	472	7
3.856988	517	431	480	5
3.876519	529	425	462	14
3.864178	538	414	436	24
3.883709	549	404	432	12
3.903240	541	408	436	7
3.922771	533	411	426	2
3.942303	521	420	431	11
3.961834	531	413	457	8
3.981365	538	405	463	5
4.000896	531	397	454	9
4.020428	525	395	447	4
4.039959	525	407	451	12
4.061166	517	415	464	13
4.080697	497	415	466	0
4.100228	514	401	443	22
4.119760	521	403	437	1
4.139291	523	409	437	4
4.158822	517	409	436	0
4.178353	518	422	450	18
4.197885	506	412	454	6
4.217416	515	414	450	0
4.236947	514	417	451	3
4.255185	520	415	463	3
4.274716	516	414	461	1
4.294247	524	409	472	0
4.313778	515	404	468	5
4.333310	512	400	440	16
4.352841	513	398	439	2
4.372372	513	400	448	6
4.391903	510	408	460	12
4.411435	507	413	473	9
4.430966	509	406	461	11
4.450419	519	401	439	15
4.469950	529	396	433	8
4.489481	514	402	447	13
4.509012	510	405	455	6
4.528544	518	413	466	11
4.548075	523	411	469	0
4.567606	533	409	455	9
4.587137	546	406	443	11
4.606669	547	416	444	8
4.626200	556	404	463	3
4.647208	555	410	476	10
4.666739	553	412	468	0
4.686270	545	406	423	25
4.705801	549	393	426	9
4.725333	547	400	440	13
4.744864	549	401	459	9
4.764395	545	405	448	0
4.783926	522	420	454	19
4.803458	513	422	466	8
4.822989	519	408	461	14
4.842050	523	401	444	14
4.861581	519	400	433	6
4.881112	509	414	432	10
4.900644	502	420	446	12
4.920175	497	429	459	14
4.939706	507	429	459	1
4.959237	504	423	440	16
4.978769	508	412	429	15
4.998300	508	408	417	10
5.017831	510	410	430	10
5.036462	518	417	459	21
5.055993	522	427	471	14
5.075524	525	422	470	5
5.095056	528	416	462	9
5.114587	527	405	443	18
5.134118	524	403	434	6
5.153649	519	405	429	1
5.173181	511	406	426	0
5.192712	512	412	446	16
5.212243	521	413	454	4
5.232295	523	412	454	1
5.251826	521	419	451	4
5.271357	519	422	451	2
5.290889	523	423	452	1
5.310420	515	425	462	7
5.329951	523	411	452	17
5.349482	527	399	435	19
5.369014	529	392	433	7
5.388545	525	392	443	5
5.408076	519	397	447	6
5.427215	519	405	449	7
5.446746	515	409	458	8
5.466277	514	400	449	12
5.485808	518	408	460	12
5.505340	523	415	456	3
5.524871	506	428	440	1
5.544402	497	432	441	2
5.563933	497	430	445	1
5.583465	501	424	454	0
5.602996	505	420	447	6
5.624238	511	412	437	12
5.643769	520	411	438	0
5.663300	521	408	453	5
5.682832	523	408	464	4
5.702363	526	402	459	7
5.721894	532	395	437	17
5.741425	528	399	432	1
5.760957	510	400	439	5
5.780488	504	410	440	8
5.800019	491	421	448	11
5.818345	489	427	459	10
5.837876	500	419	457	5
5.857407	505	415	447	8
5.876939	507	415	444	1
5.896470	507	418	449	5
5.916001	510	415	457	1
5.935532	519	413	462	0
5.955064	527	401	439	22
5.974595	528	400	428	7
5.994126	520	407	437	11
6.013259	517	418	458	20
6.032790	511	420	459	2
6.052321	520	416	455	5
6.071852	528	416	445	6
6.091384	529	417	421	14
6.110915	527	415	428	3
6.130446	525	426	462	28
6.149977	538	417	478	3
6.169509	516	435	433	6
6.189040	509	423	397	35
6.209195	522	413	395	8
6.228726	527	403	410	3
6.248257	502	424	445	38
6.267788	508	423	463	9
6.287320	519	411	445	19
6.306851	529	388	387	55
6.326382	546	372	350	39
6.345913	544	369	357	3
6.365445	566	376	390	22
6.384976	543	393	461	57
6.401342	518	384	510	4
6.420873	485	352	523	34
6.440404	510	349	504	0
6.459935	500	375	498	24
6.479467	513	378	546	0
6.498998	548	379	596	23
6.518529	574	396	574	15
6.538060	562	407	545	24
6.557592	574	398	540	11
6.577123	548	422	504	35
6.599920	549	421	496	2
6.619451	562	397	436	47
6.638982	529	390	415	10
6.658514	517	380	426	0
6.678045	484	401	450	27
6.697576	455	411	470	6
6.717107	447	404	478	7
6.736639	464	419	483	21
6.756170	465	424	483	4
6.775701	445	422	484	11
6.787283	418	426	494	13
6.806814	439	416	502	7
6.826345	468	423	496	20
6.845876	471	422	479	3
6.865408	461	419	448	19
6.884939	459	405	447	12
6.904470	476	387	460	4
6.924001	478	387	459	0
6.943533	470	404	459	12
6.963064	474	403	460	0
6.982536	468	398	481	0
7.002067	469	396	506	2
7.021598	492	399	496	7
7.041130	484	410	477	4
7.060661	461	417	462	7
7.080192	435	415	438	25
7.099723	475	414	428	9
7.119255	415	411	425	30
7.138786	511	417	418	31
7.158317	493	482	437	50
7.178380	504	450	458	0
7.197911	443	465	451	20
7.217442	454	426	444	20
7.236974	451	416	435	13
7.256505	418	481	444	17
7.276036	482	400	504	3
7.295567	459	394	417	44
7.315099	448	416	345	42
7.334630	446	390	334	22
7.354161	464	393	375	37
7.372399	484	425	449	76
7.391930	498	423	504	20
7.411461	481	438	521	9
7.430993	500	434	474	6
7.450524	529	415	466	21
7.470055	470	382	468	34
7.489586	480	341	431	48
7.509118	493	365	495	42
7.528649	496	410	470	37
7.548180	496	435	438	3
7.576663	488	418	445	9
7.596194	456	418	468	0
7.615725	428	440	474	0
7.635257	419	439	478	6
7.654788	421	440	449	9
7.674319	433	435	425	8
7.693850	450	428	417	0
7.713382	453	451	423	18
7.732913	448	451	454	17
7.752444	446	442	453	7
7.763305	444	442	435	11
7.782836	454	436	423	6
7.802367	466	431	422	1
7.821898	464	428	437	7
7.841430	457	431	458	10
7.860961	442	447	429	14
7.880492	472	471	405	5
7.900023	455	448	456	18
7.919555	451	446	477	5
7.939086	443	373	436	76
7.958320	407	295	561	73
7.977851	478	375	679	27
7.997382	466	433	512	127
8.016913	470	464	426	15
8.036445	448	463	379	48
8.055976	466	427	416	19
8.075507	445	425	432	0
8.095038	436	421	407	22
8.114570	431	433	354	35
8.134101	420	467	362	12
8.154228	438	472	490	94
8.173759	455	440	563	18
8.193290	424	453	571	16
8.212821	476	442	538	38
8.232353	391	522	599	66
8.251884	458	430	540	47
8.271415	425	453	444	23
8.290946	463	406	334	87
8.310478	451	404	244	82
8.330009	456	419	306	62
8.354363	430	435	442	100
8.373894	439	429	513	21
8.393425	446	422	551	7
8.412956	459	437	528	25
8.432488	460	460	473	9
8.452019	476	441	461	11
8.471550	537	393	338	117
8.491081	447	433	463	98
8.510613	439	431	452	11
8.530144	451	419	460	1
8.701234	439	438	441	3
8.720765	439	439	454	7
8.740296	443	443	458	6
8.759827	442	445	457	0
8.779359	442	426	436	23
8.798890	439	421	442	1
8.818421	442	429	461	16
8.837952	454	423	480	9
8.857484	449	438	484	9
8.877015	453	438	478	0
8.819058	443	429	519	7
8.838589	421	473	443	12
8.858120	443	408	466	12
8.877651	447	422	447	4
8.897183	440	426	472	9
8.916714	483	398	399	44
8.936245	445	419	452	33
8.955776	450	423	467	11
8.975308	445	414	473	7
8.994839	449	419	459	0
8.820738	443	429	519	16
8.840269	421	473	443	12
8.859800	443	408	466	12
8.879332	447	422	447	4
8.898863	440	426	472	9
8.918394	483	398	399	44
8.937925	445	419	452	33
8.957457	450	423	467	11
8.976988	445	414	473	7
8.996519	449	419	459	0
8.947057	453	419	453	0
8.966588	450	424	460	5
8.986119	449	422	462	1
9.005651	448	419	465	1
9.025182	447	418	467	0
9.044713	443	421	463	1
9.064244	441	421	461	1
9.083776	440	422	459	0
9.103307	440	426	457	1
9.122838	439	423	463	0
9.138364	439	420	472	1
9.157895	438	423	467	0
9.177426	439	426	460	0
9.196958	439	426	456	1
9.216489	437	426	453	2
9.236020	436	428	461	4
9.255551	438	431	467	5
9.275083	442	430	465	0
9.294614	447	427	461	0
9.314145	449	424	455	3
9.334404	460	437	427	2
9.353935	446	422	470	5
9.373466	450	424	454	3
9.392998	442	425	458	1
9.412529	454	432	464	14
9.432060	445	427	454	12
9.451591	446	439	428	6
9.471123	450	438	453	16
9.490654	439	442	438	12
9.510185	439	435	450	2
9.529402	440	436	451	1
9.548933	442	434	457	2
9.568464	440	436	458	0
9.587996	442	436	452	1
9.607527	442	435	456	1
9.627058	439	432	461	1
9.646589	436	428	462	4
9.666121	437	428	461	0
9.685652	445	422	458	0
9.705183	453	422	445	2
9.728059	445	435	457	10
9.747590	445	433	453	3
9.767121	446	421	477	1
9.786653	433	436	486	5
9.806184	464	404	381	63
9.825715	457	419	447	50
9.845246	461	417	455	4
9.864778	451	423	454	0
9.884309	449	421	453	2
9.903840	447	424	458	3
9.921330	445	426	461	1
9.940861	444	429	463	2
9.960392	440	428	464	2
9.979923	439	427	462	2
9.999455	439	425	460	2
10.018986	438	424	458	2
10.038517	439	423	456	0
10.058048	442	428	455	4
10.077580	439	425	462	0
10.097111	441	426	468	4
10.115409	441	424	466	2
10.134940	441	420	465	3
10.154471	444	418	464	0
10.174002	448	421	459	2
10.193534	451	424	459	3
10.213065	451	439	467	14
10.232596	453	430	465	6
10.252127	458	412	455	15
10.271659	455	413	437	9
10.291190	448	402	471	2
10.311422	438	404	422	25
10.330953	441	403	462	19
10.350484	455	417	459	16
10.370015	452	405	476	5
10.389547	474	412	477	15
10.409078	469	413	491	2
10.428609	456	421	456	10
10.448140	458	427	439	3
10.467672	446	417	453	5
10.487203	439	421	460	2
10.506629	438	432	460	6
10.526160	436	443	461	6
10.545691	443	441	472	7
10.565223	444	431	471	6
10.584754	443	433	464	1
10.604285	437	429	446	14
10.623816	447	432	417	10
10.643348	460	458	418	19
10.662879	450	450	464	20
10.682410	426	482	392	50
10.702790	441	467	437	37
10.722321	454	439	461	6
10.741852	498	424	585	8
10.761384	452	462	442	10
10.780915	426	433	467	20
10.800446	435	412	470	7
10.819977	433	443	466	18
10.839509	442	532	304	105
10.859040	426	504	447	112
10.878571	362	333	505	125
10.771914	441	467	437	120
10.791445	454	439	461	6
10.810976	498	424	585	8
10.830508	452	462	442	10
10.850039	426	433	467	20
10.869570	435	412	470	7
10.889101	433	443	466	18
10.908633	442	532	304	105
10.928164	426	504	447	112
10.947695	362	333	505	125
10.897419	437	467	451	127
10.916950	426	428	454	26
10.936481	417	436	374	50
10.956012	455	418	479	69
10.975544	459	404	515	5
10.995075	443	422	488	4
11.014606	460	446	393	29
11.034137	418	445	441	10
11.053669	427	449	443	9
11.073200	427	458	418	11
11.092493	432	458	432	12
11.112024	430	449	458	8
11.131555	434	451	458	3
11.151087	442	453	448	1
11.170618	439	449	441	8
11.190149	436	454	444	2
11.209680	424	454	439	10
11.229212	422	456	446	3
11.248743	413	454	462	0
11.268274	412	461	474	6
11.550450	438	453	439	1
11.569981	435	448	441	3
11.589512	439	444	443	1
11.609044	432	456	437	1
11.628575	435	454	434	0
11.648106	438	456	445	9
11.667637	442	457	444	2
11.687169	442	457	437	4
11.706700	437	459	433	4
11.726231	431	466	448	8
11.556305	438	453	439	6
11.575836	435	448	441	3
11.595367	439	444	443	1
11.614898	432	456	437	1
11.634430	435	454	434	0
11.653961	438	456	445	9
11.673492	442	457	444	2
11.693023	442	457	437	4
11.712555	437	459	433	4
11.732086	431	466	448	8
11.672940	420	464	458	3
11.692471	421	464	458	0
11.712002	420	468	462	2
11.731534	424	473	453	0
11.751065	426	466	453	1
11.770596	434	462	437	5
11.790127	436	465	425	5
11.809659	435	463	413	9
11.829190	433	460	415	0
11.848721	424	455	448	12
11.876465	417	450	469	1
11.895996	413	450	474	1
11.915527	418	454	466	3
11.935059	418	454	446	9
11.954590	421	442	427	14
11.974121	430	439	433	7
11.993652	439	436	447	11
12.013184	444	431	452	2
12.032715	442	430	454	0
12.052246	447	438	446	3
12.069462	442	438	445	3
12.088993	442	441	444	1
12.108524	438	445	453	4
12.128056	435	442	453	3
12.147587	433	445	456	1
12.167118	430	446	447	5
12.186649	427	451	450	2
12.206181	425	457	459	5
12.225712	432	457	463	7
12.245243	432	451	462	3
12.260633	430	441	464	6
12.280164	431	440	450	6
12.299695	429	443	434	8
12.319227	427	449	425	3
12.338758	426	452	452	16
12.358289	426	441	471	1
12.377820	433	443	463	3
12.397352	436	449	457	2
12.416883	436	451	451	1
12.436414	429	447	457	3
12.459471	428	431	445	15
12.479002	425	429	447	2
12.498533	429	434	447	5
12.518064	432	442	455	10
12.537596	436	444	470	10
12.557127	436	448	473	3
12.576658	433	443	458	11
12.596189	435	440	450	4
12.615721	516	452	348	52
12.635252	440	435	450	52
12.656933	441	440	455	6
12.676464	441	441	457	1
12.695995	446	425	458	7
12.715527	455	427	485	15
12.735058	407	469	400	53
12.754589	423	444	504	47
12.774120	418	464	450	10
12.793652	421	453	433	11
12.813183	431	444	451	12
12.832714	438	443	451	3
12.849484	439	445	455	3
12.869015	438	446	451	2
12.888546	437	440	454	2
12.908077	438	438	432	12
12.927609	437	441	448	10
12.947140	435	445	449	1
12.966671	436	449	452	4
12.986202	430	449	457	1
13.005734	425	449	459	2
13.025265	421	452	450	5
13.040748	424	451	447	0
13.060279	429	448	450	3
13.079810	431	447	460	5
13.099341	433	442	462	0
13.118873	434	437	454	5
13.138404	433	431	458	2
13.157935	429	420	462	8
13.177466	460	433	463	27
13.196998	482	458	471	32
13.216529	475	448	459	16
13.240544	444	439	423	42
13.260075	417	426	407	31
13.279606	424	418	413	3
13.299138	431	427	427	17
13.318669	429	442	431	9
13.338200	420	457	458	15
13.357731	413	471	472	5
13.377263	406	475	478	2
13.396794	397	472	478	9
13.416325	393	458	473	9
13.633274	425	453	439	8
13.652805	425	451	446	2
13.672336	423	452	458	4
13.691868	414	446	473	4
13.711399	419	445	476	4
13.730930	428	449	465	5
13.750461	427	440	443	15
13.769993	432	438	449	5
13.789524	439	429	446	2
13.809055	437	429	450	0
13.896564	435	432	451	1
13.916095	426	432	457	3
13.935626	432	432	464	6
13.955158	563	396	333	96
13.974689	452	442	464	115
13.994220	450	433	462	8
14.013751	447	431	457	5
14.033283	447	427	462	0
14.052814	446	433	460	2
14.072345	436	433	453	9
13.898269	435	432	451	2
13.917800	426	432	457	3
13.937331	432	432	464	6
13.956862	563	396	333	96
13.976394	452	442	464	115
13.995925	450	433	462	8
14.015456	447	431	457	5
14.034987	447	427	462	0
14.054519	446	433	460	2
14.074050	436	433	453	9
14.054695	449	432	469	13
14.074226	434	424	426	35
14.093757	423	428	458	11
14.113288	440	439	455	16
14.132820	435	432	463	4
14.152351	432	432	454	5
14.171882	435	434	448	0
14.191413	437	435	451	3
14.210945	441	433	452	1
14.230476	435	431	462	0
14.056038	449	432	469	11
14.075569	434	424	426	35
14.095100	423	428	458	11
14.114631	440	439	455	16
14.134163	435	432	463	4
14.153694	432	432	454	5
14.173225	435	434	448	0
14.192756	437	435	451	3
14.212288	441	433	452	1
14.231819	435	431	462	0
14.216917	430	429	465	3
14.236448	437	424	465	0
14.255979	442	425	454	1
14.275511	439	435	440	2
14.295042	433	437	449	2
14.314573	431	435	466	4
14.334104	434	436	466	2
14.353636	436	438	470	4
14.373167	437	436	469	1
14.392698	435	438	450	8
14.412856	428	432	439	13
14.432387	443	427	451	11
14.451918	439	423	419	22
14.471449	431	442	453	25
14.490981	423	411	466	20
14.510512	439	443	408	2
14.530043	438	422	534	26
14.549574	420	440	448	14
14.569106	401	469	447	2
14.588637	415	488	380	29
14.609372	459	469	455	76
14.628903	465	515	418	16
14.648434	480	502	429	15
14.667965	455	408	325	131
14.687497	458	507	569	142
14.707028	438	454	469	24
14.726559	457	463	534	26
14.746090	490	508	441	2
14.765622	466	480	409	42
14.785153	460	476	402	9
14.735192	459	469	455	37
14.754723	465	515	418	16
14.774254	480	502	429	15
14.793786	455	408	325	131
14.813317	458	507	569	142
14.832848	438	454	469	24
14.852379	457	463	534	26
14.871911	490	508	441	2
14.891442	466	480	409	42
14.910973	460	476	402	9
14.737248	459	469	455	37
14.756779	465	515	418	16
14.776310	480	502	429	15
14.795841	455	408	325	131
14.815373	458	507	569	142
14.834904	438	454	469	24
14.854435	457	463	534	26
14.873966	490	508	441	2
14.893498	466	480	409	42
14.913029	460	476	402	9
14.806560	450	489	377	23
14.826091	451	499	398	20
14.845622	467	501	436	40
14.865154	457	517	412	25
14.884685	448	514	393	20
14.904216	442	508	373	20
14.923747	440	513	369	4
14.943279	446	527	405	33
14.962810	457	526	433	29
14.982341	562	248	529	171
14.998537	497	495	409	163
15.018068	536	509	369	39
15.037599	517	498	323	44
15.057131	520	552	358	30
15.076662	439	719	312	137
15.096193	545	620	377	120
15.115724	577	352	492	2
15.135256	582	219	486	128
15.154787	525	472	419	200
15.174318	507	587	368	60
15.193471	450	486	384	17
15.213002	463	476	400	17
15.232533	462	501	396	0
15.252064	450	535	416	10
15.271596	419	557	459	0
15.291127	441	592	485	5
15.310658	478	551	416	1
15.330189	474	562	351	63
15.349721	498	561	418	65
15.369252	535	477	453	34
15.392062	580	410	389	101
15.411593	513	392	273	93
15.431124	471	459	187	64
15.450655	456	524	359	168
15.470187	469	492	490	111
15.489718	457	494	479	14
15.509249	445	491	356	104
15.528780	449	483	272	78
15.548312	475	514	393	125
15.567843	514	514	502	114
15.585207	540	524	549	37
15.604738	584	512	564	40
15.624269	555	530	472	27
15.643800	507	514	338	112
15.663332	529	470	291	51
15.682863	484	503	310	21
15.702394	468	464	427	97
15.721925	475	506	464	46
15.741457	470	497	420	41
15.760988	491	472	372	44
15.780627	500	480	361	7
15.800158	482	486	382	18
15.819689	444	489	424	22
15.839221	460	511	429	15
15.858752	512	501	401	13
15.878283	506	483	342	61
15.897814	489	433	357	2
15.917346	572	441	422	46
15.936877	606	457	445	1
15.956408	601	478	450	14
15.974555	527	488	442	38
15.994086	483	486	436	9
16.013617	477	492	380	52
16.033149	484	497	304	72
16.052680	485	537	309	4
16.072211	488	569	416	92
16.091742	510	472	424	17
16.111274	490	517	404	13
16.130805	431	642	405	76
16.150336	477	527	397	65
16.169588	519	511	392	0
16.189119	551	499	387	11
16.208650	519	502	400	18
16.228182	544	466	423	7
16.247713	429	398	418	64
16.267244	462	493	376	23
16.286775	430	522	366	21
16.306307	500	572	391	32
16.325838	487	579	394	2
16.345369	469	568	411	14
16.365600	468	563	430	17
16.385131	485	576	438	4
16.404662	508	584	425	11
16.424193	486	571	414	4
16.443725	465	543	401	7
16.463256	483	553	401	2
16.482787	520	555	409	9
16.502318	517	537	414	10
16.521850	526	525	407	5
16.541381	517	519	408	2
16.560611	504	523	383	25
16.580142	515	523	373	9
16.599673	495	523	363	10
16.619205	480	534	367	0
16.638736	490	559	387	14
16.658267	493	567	419	25
16.677798	486	567	428	5
16.697330	487	554	417	3
16.716861	508	540	405	3
16.736392	509	541	393	11
16.757632	498	556	392	6
16.777163	473	565	417	13
16.796694	483	568	450	27
16.816226	501	571	474	17
16.835757	525	587	462	20
16.855288	507	605	439	27
16.874819	484	594	442	6
16.894351	518	557	454	37
16.913882	512	560	389	58
16.933413	461	558	343	50
17.022678	457	561	373	25
17.042209	522	537	463	101
17.061740	542	556	463	16
17.081271	510	614	454	44
17.100803	511	610	445	1
17.120334	530	569	441	25
17.139865	472	548	412	20
17.159396	464	542	388	22
17.178928	502	549	394	12
17.198459	498	531	409	18
17.024385	457	561	373	51
17.043916	522	537	463	101
17.063447	542	556	463	16
17.082978	510	614	454	44
17.102510	511	610	445	1
17.122041	530	569	441	25
17.141572	472	548	412	20
17.161103	464	542	388	22
17.180635	502	549	394	12
17.200166	498	531	409	18
17.144609	462	517	416	2
17.164140	486	551	423	7
17.183671	494	578	424	10
17.203202	472	547	433	16
17.222734	477	529	423	1
17.242265	470	559	389	41
17.261796	480	544	401	18
17.281327	471	546	422	15
17.300859	433	538	404	31
17.320390	523	546	418	35
17.341636	520	586	412	24
17.361167	546	593	413	7
17.380698	497	553	413	24
17.400229	470	494	438	21
17.419761	459	547	404	38
17.439292	506	569	396	4
17.458823	502	580	386	14
17.478354	500	545	403	29
17.497886	502	532	400	0
17.517417	504	543	386	15
17.537644	497	575	390	8
17.557175	504	588	421	19
17.576706	522	555	428	23
17.596237	502	569	419	14
17.615769	474	566	412	10
17.635300	470	554	413	4
17.654831	453	567	453	15
17.674362	472	544	437	9
17.693894	467	545	434	5
17.713425	487	556	435	3
17.743313	487	560	422	12
17.762844	473	541	397	19
17.782375	469	514	390	4
17.801907	436	527	397	9
17.821438	477	524	390	11
17.840969	506	571	370	26
17.860500	517	567	372	3
17.880032	531	516	380	17
17.899563	458	530	360	28
17.919094	490	540	422	65
17.928656	505	562	438	7
17.948187	533	583	443	11
17.967718	524	582	445	3
17.987249	482	539	443	17
18.006781	508	514	392	40
18.026312	513	506	344	48
18.045843	547	481	333	16
18.065374	529	509	336	8
18.084906	503	518	376	40
18.104437	513	540	433	52
18.123580	529	574	458	0
18.143111	548	579	485	3
18.162642	525	593	482	6
18.182173	477	602	473	16
18.201705	478	573	487	29
18.221236	481	566	501	10
18.240767	494	581	483	13
18.260298	485	597	455	28
18.279830	477	596	449	4
18.299361	504	572	456	28
18.317623	512	571	451	2
18.337154	500	601	433	34
18.356685	516	602	436	1
18.376216	552	580	441	11
18.395748	561	566	416	14
18.415279	546	551	376	24
18.434810	552	549	342	33
18.454341	579	568	350	5
18.473873	588	535	394	41
18.493404	596	505	397	0
18.514847	577	485	367	18
18.534378	558	483	348	11
18.553909	567	523	365	15
18.573441	554	555	394	24
18.592972	551	575	411	7
18.612503	548	589	415	3
18.632034	538	605	413	9
18.651566	532	612	420	0
18.671097	530	605	414	1
18.690628	519	623	418	9
18.711312	526	615	435	16
18.730843	571	616	456	2
18.750374	569	576	470	36
18.769906	531	536	414	7
18.789437	525	513	362	47
18.808968	502	515	385	23
18.828499	487	507	396	8
18.848031	502	504	393	0
18.867562	491	508	369	24
18.887093	520	493	353	15
18.905723	532	482	369	12
18.925254	526	491	352	14
18.944785	521	488	383	30
18.964317	504	470	340	45
18.983848	516	514	326	8
19.003379	513	543	344	15
19.022910	527	563	359	8
19.042442	540	567	387	22
19.061973	538	584	399	2
19.081504	545	622	399	24
19.097797	532	633	435	16
19.117328	525	622	435	9
19.136859	523	604	422	5
19.156390	521	585	416	8
19.175922	492	567	425	16
19.195453	464	536	404	15
19.214984	478	502	399	2
19.234515	478	518	357	40
19.254047	476	515	352	5
19.273578	490	514	367	17
19.295665	493	519	375	8
19.315196	493	526	379	3
19.334727	509	537	408	28
19.354259	510	513	394	11
19.373790	522	489	389	7
19.393321	511	482	392	1
19.412852	534	484	407	12
19.432384	534	472	418	6
19.451915	532	454	419	6
19.471446	540	449	424	0
19.490694	531	435	420	9
19.510225	532	445	425	9
19.529756	517	453	425	6
19.549288	525	456	431	5
19.568819	509	431	450	2
19.588350	523	449	454	15
19.607881	499	433	473	2
19.627413	498	421	476	9
19.646944	505	419	477	0
19.666475	507	418	482	0
19.689956	490	424	484	3
19.709487	506	418	497	0
19.729018	497	411	504	7
19.748549	510	412	520	2
19.768081	516	413	523	0
19.787612	525	414	527	0
19.807143	545	409	538	11
19.826674	561	402	545	13
19.846206	562	395	545	6
19.865737	551	395	522	7
19.881724	551	396	513	1
19.901255	515	364	464	33
19.920786	464	400	392	15
19.940317	486	372	449	15
19.959849	462	388	414	10
19.979380	479	405	459	41
19.998911	527	403	498	12
20.018442	558	403	527	8
20.037974	505	406	475	6
20.057505	561	387	552	27
20.076607	497	425	498	50
20.096138	552	407	529	24
20.115669	519	394	477	9
20.135201	492	402	419	22
20.154732	503	401	460	22
20.174263	549	386	506	8
20.193794	472	386	446	16
20.213326	488	370	487	1
20.232857	488	377	482	5
20.252388	500	382	470	3
20.390847	501	380	460	5
20.410378	496	378	473	1
20.429909	482	377	501	1
20.449440	474	385	509	6
20.468972	509	389	503	9
20.488503	507	392	492	1
20.508034	497	390	484	4
20.527565	494	391	486	1
20.547097	492	396	483	3
20.566628	488	404	480	6
20.467542	489	397	477	7
20.487073	492	394	474	3
20.506604	494	398	479	5
20.526135	490	400	481	1
20.545667	480	405	474	0
20.565198	478	406	484	3
20.584729	481	401	474	6
20.604260	491	398	471	1
20.623792	487	398	468	1
20.643323	486	403	475	6
20.666186	493	401	482	1
20.685717	499	397	495	0
20.705248	502	406	485	7
20.724780	505	402	480	4
20.744311	496	395	472	9
20.763842	481	396	459	6
20.783373	486	396	463	2
20.802905	509	386	470	4
20.822436	519	380	470	5
20.841967	516	386	478	8
20.860525	498	397	480	10
20.880056	494	397	486	0
20.899587	496	395	482	2
20.919118	490	397	474	1
20.938650	485	395	473	3
20.958181	479	402	476	5
20.977712	490	403	480	4
20.997243	500	405	490	5
21.016775	501	401	489	3
21.036306	505	395	481	7
21.054552	513	390	471	7
21.074083	522	387	467	4
21.093614	523	387	475	2
21.113146	517	391	483	6
21.132677	510	399	495	10
21.152208	513	398	498	0
21.171739	513	394	488	5
21.191271	512	382	463	18
21.210802	506	386	451	1
21.230333	503	388	469	8
21.251491	499	400	484	15
21.271022	504	398	492	0
21.290553	502	404	493	5
21.310085	501	408	491	3
21.329616	509	402	487	6
21.349147	512	398	479	5
21.368678	514	397	474	2
21.388210	510	402	475	5
21.407741	501	397	481	3
21.427272	498	397	490	1
21.445486	507	398	492	2
21.465017	521	397	483	3
21.484548	518	400	472	0
21.504080	512	394	469	6
21.523611	516	390	476	1
21.543142	519	385	487	2
21.562673	521	387	490	2
21.582205	519	389	485	1
21.601736	524	385	475	6
21.621267	532	381	474	5
21.640361	543	378	481	3
21.659892	544	381	488	4
21.679423	545	381	493	0
21.698955	540	383	494	3
21.718486	541	377	494	6
21.738017	540	378	482	0
21.757548	534	383	481	5
21.777080	526	389	483	7
21.796611	514	395	485	7
21.816142	506	400	493	6
21.836576	503	402	489	1
21.856107	496	406	486	2
21.875638	490	401	486	5
21.895169	494	394	482	6
21.914701	497	393	479	1
21.934232	500	392	479	0
21.953763	500	398	482	6
21.973294	499	404	485	6
21.992826	500	406	482	1
22.012357	498	411	485	5
22.031455	497	410	482	1
22.050986	502	404	481	5
22.070517	504	401	476	4
22.090049	503	397	476	3
22.109580	503	399	479	2
22.129111	501	402	486	4
22.148642	496	399	492	2
22.168174	494	403	494	3
22.187705	493	401	489	3
22.207236	502	395	481	6
22.232692	502	397	481	1
22.252223	498	397	482	0
22.271754	501	392	482	4
22.291286	504	394	486	3
22.310817	510	394	485	0
22.330348	511	393	485	0
22.349879	509	396	479	1
22.369411	514	391	475	5
22.388942	513	394	478	3
22.408473	510	399	484	6
22.424611	516	398	489	0
22.444142	516	397	489	0
22.463673	518	403	478	3
22.483205	525	397	465	10
22.502736	525	403	465	5
22.522267	541	395	463	10
22.541798	532	399	475	9
22.561330	537	406	476	5
22.580861	544	408	467	3
22.600392	551	407	462	4
22.633818	551	399	464	6
22.653349	546	406	469	9
22.672880	544	408	463	0
22.692411	533	419	453	7
22.711943	531	416	468	4
22.731474	544	402	480	11
22.751005	557	386	468	21
22.770536	559	389	449	5
22.790068	563	374	442	16
22.809599	546	397	445	25
22.814880	536	399	452	7
22.834411	536	418	459	19
22.853942	549	405	471	9
22.873473	548	409	458	1
22.893005	552	411	440	8
22.912536	543	424	466	26
22.932067	533	413	453	13
22.951598	515	432	450	15
22.971130	531	435	444	3
22.990661	553	422	440	17
23.008410	557	419	433	7
23.027941	527	430	441	20
23.047472	530	427	442	2
23.067003	537	428	453	5
23.086535	521	443	453	14
23.106066	539	412	438	36
23.125597	553	404	413	24
23.145128	549	422	412	12
23.164660	546	422	425	9
23.184191	546	420	433	3
23.214342	564	418	428	10
23.233873	538	419	426	7
23.253404	532	424	412	5
23.272935	513	430	422	12
23.292467	530	421	406	19
23.311998	512	427	403	2
23.331529	504	433	414	12
23.351060	508	449	419	13
23.370592	516	452	436	15
23.390123	545	447	434	9
23.408693	530	448	412	13
23.428224	526	449	407	3
23.447755	509	459	403	2
23.467287	518	467	406	5
23.486818	552	456	421	1
23.506349	538	463	429	14
23.525880	532	476	443	19
23.545412	520	475	419	20
23.564943	529	468	409	12
23.584474	538	464	420	6
23.603917	521	456	411	8
23.623448	510	459	394	13
23.642979	537	456	405	6
23.662510	549	457	426	14
23.682042	536	454	418	4
23.701573	535	448	389	27
23.721104	533	435	352	38
23.740635	525	443	355	6
23.760167	529	456	377	24
23.779698	526	465	402	26
23.798394	534	469	403	1
23.817925	538	471	390	12
23.837456	529	472	393	4
23.856987	518	483	404	14
23.876519	511	490	422	19
23.896050	519	486	443	18
23.915581	524	478	442	4
23.935112	524	476	429	12
23.954644	508	479	419	7
23.974175	497	481	421	1
23.982602	508	473	421	1
24.002133	500	477	425	4
24.021664	511	486	441	18
24.041195	528	493	438	2
24.060727	550	491	425	19
24.080258	557	477	424	7
24.099789	538	463	405	15
24.119320	540	457	384	21
24.138852	539	462	366	14
24.158383	550	456	375	3
24.189655	546	450	388	10
24.209186	547	456	387	1
24.228717	554	463	377	8
24.248249	566	455	373	10
24.267780	560	448	378	3
24.287311	564	453	395	15
24.306842	554	459	397	7
24.326374	527	476	396	11
24.345905	502	482	408	13
24.365436	492	489	426	17
24.375597	498	489	424	0
24.395128	524	480	419	7
24.414659	526	477	400	19
24.434191	517	474	398	2
24.453722	513	464	400	1
24.473253	500	475	404	7
24.492784	504	490	424	23
24.512316	515	489	440	15
24.531847	525	484	436	6
24.551378	534	479	427	11
24.584797	525	485	408	14
24.604328	522	482	398	10
24.623859	527	481	400	1
24.643390	518	480	408	8
24.662922	514	476	415	5
24.682453	541	459	408	16
24.701984	545	462	397	9
24.721515	504	479	391	3
24.741047	507	481	404	13
24.760578	524	477	427	19
24.786574	528	478	426	1
24.806105	527	483	426	1
24.825636	529	476	413	14
24.845167	531	465	395	20
24.864699	541	458	390	9
24.884230	550	453	396	0
24.903761	516	466	396	10
24.923292	514	458	415	13
24.942824	514	467	433	20
24.962355	510	470	435	3
24.962447	532	461	424	15
24.981978	522	466	410	8
25.001509	520	455	415	0
25.021040	499	448	414	4
25.040572	489	443	399	16
25.060103	493	452	387	5
25.079634	523	463	409	25
25.099165	562	456	430	3
25.118697	573	456	431	4
25.138228	570	452	417	10
25.155646	572	448	405	11
25.175177	572	463	404	5
25.194708	564	452	407	1
25.214240	562	444	402	7
25.233771	559	449	399	1
25.253302	559	453	405	6
25.272833	578	462	426	11
25.292365	562	455	442	16
25.311896	544	451	436	0
25.331427	544	445	436	3
25.361679	548	443	428	8
25.381210	545	439	417	9
25.400741	547	436	421	0
25.420273	554	436	420	2
25.439804	572	433	408	17
25.459335	580	437	415	3
25.478866	576	438	427	10
25.498398	570	437	435	7
25.517929	573	442	431	1
25.537460	579	439	444	3
25.560683	576	440	441	0
25.580214	570	441	445	6
25.599745	565	431	431	12
25.619277	580	432	422	12
25.638808	585	437	425	2
25.658339	564	432	407	5
25.677870	562	425	387	18
25.697402	577	434	370	14
25.716933	578	446	378	11
25.736464	573	444	409	25
25.758726	544	449	415	17
25.778257	524	456	419	10
25.797788	496	461	432	13
25.817319	494	456	437	0
25.836851	491	458	436	0
25.856382	488	457	439	1
25.875913	492	454	433	5
25.895444	508	453	435	2
25.914976	532	447	433	7
25.934507	538	446	426	7
25.945688	543	446	424	2
25.965219	539	445	429	4
25.984750	532	445	429	1
26.004282	523	453	432	8
26.023813	513	457	427	1
26.043344	518	448	417	13
26.062875	534	434	409	16
26.082407	556	424	408	12
26.101938	557	415	408	6
26.121469	548	413	415	5
26.141702	533	421	421	12
26.161233	528	430	430	13
26.180764	516	426	400	24
26.200295	507	444	355	29
26.219827	527	465	389	38
26.239358	557	462	429	25
26.258889	519	489	465	54
26.278420	504	494	494	26
26.297952	505	465	457	46
26.317483	525	449	400	56
26.329663	496	475	407	16
26.349194	511	470	409	1
26.368725	521	463	421	7
26.388257	520	468	434	13
26.407788	516	482	453	23
26.427319	531	465	454	10
26.446850	535	458	440	15
26.466382	542	462	445	4
26.485913	569	449	443	20
26.505444	569	442	435	9
26.535644	556	429	402	26
26.555175	529	427	373	19
26.574706	521	436	370	2
26.594238	535	430	380	4
26.613769	572	399	365	37
26.633300	615	360	308	79
26.652831	600	368	305	7
26.672363	547	405	351	70
26.691894	556	446	414	70
26.711425	559	469	446	34
26.802538	615	454	473	32
26.822069	640	456	463	23
26.841600	608	473	490	42
26.861131	597	459	500	5
26.880663	595	445	496	6
26.900194	607	443	471	16
26.919725	588	450	496	24
26.939256	584	439	535	5
26.958788	593	425	530	15
26.978319	615	415	496	22
26.923208	615	427	495	7
26.942739	609	429	488	4
26.962270	612	430	512	0
26.981802	608	425	499	0
27.001333	611	426	503	1
27.020864	625	413	475	23
27.040395	616	420	476	11
27.059927	598	424	465	11
27.079458	595	405	471	9
27.098989	596	400	467	5
27.118638	587	399	468	4
27.138169	565	397	479	11
27.157700	558	400	470	2
27.177232	562	397	476	2
27.196763	545	400	483	10
27.216294	541	396	501	0
27.235825	536	402	506	7
27.255357	535	402	519	0
27.274888	544	408	524	3
27.294419	538	415	523	8
27.314644	526	414	520	1
27.334175	515	416	518	3
27.353706	533	402	522	16
27.373237	524	411	496	9
27.392769	541	395	527	18
27.412300	518	400	417	25
27.431831	499	407	433	14
27.451362	498	407	433	0
27.470894	504	408	481	23
27.490425	520	402	484	4
27.501790	528	394	493	6
27.521321	492	396	491	1
27.540852	488	399	494	2
27.560384	523	398	477	2
27.579915	535	399	464	5
27.599446	509	389	486	0
27.618977	501	385	495	2
27.638509	488	398	485	9
27.658040	482	417	487	16
27.677571	505	423	500	12
27.712052	506	415	480	12
27.731583	481	409	497	6
27.751114	501	395	512	8
27.770645	529	392	514	3
27.790177	527	384	521	7
27.809708	526	387	498	2
27.829239	525	367	461	27
27.848770	533	355	412	33
27.868302	540	346	416	6
27.887833	542	355	439	18
27.976079	522	371	471	28
27.995610	487	386	511	18
28.015141	475	397	531	6
28.034672	500	398	511	7
28.054204	523	389	478	13
28.073735	533	388	455	9
28.093266	530	387	447	3
28.112797	527	387	471	9
28.132329	533	398	474	10
28.151860	531	410	469	9
28.086596	514	413	474	6
28.106127	504	408	460	10
28.125658	500	411	448	3
28.145190	486	408	422	19
28.164721	483	416	446	19
28.184252	474	412	461	1
28.203783	472	414	463	1
28.223315	474	411	453	6
28.242846	485	408	451	0
28.262377	484	411	460	6
28.281705	485	406	468	0
28.301236	490	399	478	2
28.320767	498	399	469	1
28.340298	494	397	458	6
28.359830	499	397	437	9
28.379361	494	399	426	5
28.398892	489	406	450	18
28.418423	484	417	463	14
28.437955	483	422	456	0
28.457486	487	428	448	1
28.476797	476	431	443	3
28.496328	473	432	447	2
28.515859	464	434	449	0
28.535390	458	438	451	1
28.554922	452	443	440	6
28.574453	469	446	428	1
28.593984	469	439	433	0
28.613515	475	434	436	0
28.633047	460	439	452	7
28.652578	445	437	456	7
28.702529	446	444	437	5
28.722060	460	434	419	11
28.741591	459	430	424	0
28.761122	456	424	430	1
28.780654	449	445	441	16
28.800185	431	439	457	5
28.819716	451	430	442	1
28.839247	462	431	424	5
28.858779	465	442	415	1
28.878310	469	447	413	2
28.824016	446	444	437	5
28.843547	460	434	419	11
28.863078	459	430	424	0
28.882610	456	424	430	1
28.902141	449	445	441	16
28.921672	431	439	457	5
28.941203	451	430	442	1
28.960735	462	431	424	5
28.980266	465	442	415	1
28.999797	469	447	413	2
28.825800	446	444	437	5
28.845331	460	434	419	11
28.864862	459	430	424	0
28.884393	456	424	430	1
28.903925	449	445	441	16
28.923456	431	439	457	5
28.942987	451	430	442	1
28.962518	462	431	424	5
28.982050	465	442	415	1
29.001581	469	447	413	2
28.871849	452	448	449	17
28.891380	447	437	464	2
28.910911	464	433	443	5
28.930443	484	427	420	12
28.949974	493	428	410	5
28.969505	484	428	428	11
28.989036	475	433	448	13
29.008568	467	440	450	3
29.028099	467	434	439	10
29.047630	468	431	414	18
29.092171	468	427	402	11
29.111702	460	437	417	14
29.131233	448	450	441	17
29.150764	448	451	437	2
29.170296	453	452	419	9
29.189827	459	448	407	8
29.209358	465	444	411	3
29.228889	465	444	417	4
29.248421	470	442	417	0
29.267952	474	452	413	3
29.278576	474	466	419	11
29.298107	485	470	428	12
29.317638	500	474	420	2
29.337169	505	470	398	21
29.356701	504	469	393	5
29.376232	495	467	398	3
29.395763	487	480	412	15
29.415294	485	490	423	12
29.434826	483	497	417	4
29.454357	489	499	403	11
29.462763	487	495	383	20
29.482294	481	493	383	1
29.501825	479	496	400	16
29.521357	487	504	417	19
29.540888	483	511	420	2
29.560419	495	504	424	6
29.579950	501	487	412	13
29.599482	488	493	383	28
29.619013	483	502	385	1
29.638544	481	510	414	27
29.660321	479	504	409	5
29.679852	475	493	391	19
29.699383	466	495	379	13
29.718915	472	512	398	20
29.738446	485	521	416	20
29.757977	491	528	414	1
29.777508	483	513	411	3
29.797040	484	501	413	1
29.816571	497	504	412	2
29.836102	488	525	404	9
29.854648	475	542	406	4
29.874179	470	557	415	1
29.893710	477	539	413	6
29.913241	478	526	400	9
29.932773	482	529	412	12
29.952304	465	547	433	7
29.971835	458	556	439	2
29.991366	462	548	429	2
30.010898	459	544	411	15
30.030429	451	547	405	9
30.042703	447	562	413	0
30.062234	442	580	431	1
30.081765	448	586	445	8
30.101296	462	578	437	6
30.120828	469	542	426	10
30.140359	465	529	409	13
30.159890	446	545	414	8
30.179421	439	568	436	3
30.198953	450	569	445	11
30.218484	459	544	424	0
30.244809	445	549	422	10
30.264340	438	571	452	6
30.283871	455	579	462	10
30.303402	448	580	443	14
30.322934	441	566	423	9
30.342465	446	558	431	11
30.361996	458	566	446	13
30.381527	454	561	437	5
30.401059	444	548	416	16
30.420590	441	544	405	9
30.440819	439	552	403	4
30.460350	438	555	418	10
30.479881	436	560	432	6
30.499413	445	570	446	9
30.518944	452	571	456	9
30.538475	445	567	453	3
30.558006	448	570	449	2
30.577538	436	563	441	8
30.597069	435	551	423	8
30.616600	431	562	434	0
30.636977	448	578	461	17
30.656508	449	575	460	1
30.676039	449	559	444	0
30.695570	450	562	451	3
30.715102	455	570	461	4
30.734633	450	565	447	8
30.754164	441	559	432	12
30.773695	438	572	435	5
30.793227	439	577	444	3
30.812758	437	577	436	5
30.829813	440	564	424	0
30.849344	447	588	445	4
30.868875	448	591	456	4
30.888407	447	562	430	0
30.907938	444	563	435	1
30.927469	439	578	446	3
30.947000	429	573	441	6
30.966532	429	576	441	1
30.986063	435	581	451	6
31.005594	446	565	440	8
31.026316	455	564	435	2
31.045847	466	557	436	9
31.065378	460	557	430	7
31.084909	446	567	434	9
31.104441	436	574	435	8
31.123972	439	583	447	3
31.143503	437	578	436	4
31.163034	444	565	431	7
31.182566	449	570	438	5
31.202097	447	574	441	1
31.213789	446	572	438	1
31.233320	443	569	441	1
31.252851	443	576	448	0
31.272382	450	571	447	6
31.291914	452	565	443	1
31.311445	452	565	439	2
31.330976	449	561	431	5
31.350507	451	565	445	8
31.370039	445	573	459	0
31.389570	444	571	449	4
31.420429	446	565	436	3
31.439960	447	559	434	1
31.459491	440	555	430	5
31.479023	430	555	420	13
31.498554	425	575	433	2
31.518085	440	585	458	17
31.537616	442	579	451	1
31.557148	444	567	435	2
31.576679	451	554	424	1
31.596210	453	564	436	5
31.608228	462	580	456	8
31.627759	457	583	458	3
31.647290	450	567	439	5
31.666821	447	563	422	11
31.686353	440	569	417	9
31.705884	438	572	431	7
31.725415	437	576	441	3
31.744946	434	578	448	0
31.764478	443	571	444	7
31.784009	453	561	435	4
31.807391	456	559	434	1
31.826922	460	562	435	1
31.846453	452	562	427	9
31.865984	448	560	430	0
31.885516	444	561	429	3
31.905047	442	565	427	4
31.924578	436	569	431	2
31.944109	438	575	436	1
31.963641	446	573	443	10
31.983172	446	575	448	1
31.991878	446	577	445	2
32.011409	447	574	448	4
32.030940	451	582	456	1
32.050472	449	589	461	3
32.070003	452	584	457	3
32.089534	455	577	451	2
32.109065	453	579	445	5
32.128597	449	581	449	1
32.148128	444	586	455	2
32.167659	443	595	467	1
32.203136	443	597	471	0
32.222667	445	590	462	2
32.242198	440	588	453	5
32.261729	441	581	453	4
32.281261	443	591	457	3
32.300792	447	598	456	3
32.320323	445	593	471	8
32.339854	442	594	473	1
32.359386	447	592	471	3
32.378917	442	585	460	2
32.278175	443	597	471	3
32.297706	445	590	462	2
32.317237	440	588	453	5
32.336768	441	581	453	4
32.356300	443	591	457	3
32.375831	447	598	456	3
32.395362	445	593	471	8
32.414893	442	594	473	1
32.434425	447	592	471	3
32.453956	442	585	460	2
32.593579	446	593	468	0
32.613110	451	607	475	5
32.632641	453	612	474	3
32.652173	440	608	472	4
32.671704	448	600	473	10
32.691235	446	584	468	8
32.710766	441	586	475	1
32.730298	440	613	491	16
32.749829	454	612	505	9
32.769360	456	601	493	8
32.607880	440	595	491	5
32.627411	444	603	506	1
32.646942	461	613	507	0
32.666473	470	616	495	0
32.686005	462	616	480	6
32.705536	453	605	466	0
32.725067	459	575	456	19
32.744598	452	561	450	0
32.764130	451	564	467	7
32.783661	468	602	487	11
32.780993	456	643	511	39
32.800524	451	659	525	17
32.820055	454	624	485	30
32.839586	432	568	441	8
32.859118	432	565	433	3
32.878649	452	611	475	2
32.898180	468	644	507	17
32.917711	474	634	493	10
32.937243	455	617	481	5
32.956774	457	616	490	3
32.979944	482	611	479	11
32.999475	474	612	480	3
33.019006	470	620	488	6
33.038538	458	621	490	5
33.058069	462	624	495	0
33.077600	461	629	501	4
33.097131	469	622	489	7
33.116663	464	605	473	8
33.136194	454	598	480	3
33.155725	452	616	499	12
33.174855	467	617	498	5
33.194386	462	617	484	4
33.213917	461	624	494	4
33.233449	461	619	490	3
33.252980	454	615	484	0
33.272511	457	618	494	0
33.292042	464	618	496	3
33.311574	468	613	489	4
33.331105	464	613	483	2
33.350636	459	616	485	4
33.358843	461	621	495	1
33.378374	464	618	494	3
33.397905	464	612	484	3
33.417437	463	608	478	1
33.436968	461	606	480	1
33.456499	464	614	493	2
33.476030	469	612	496	4
33.495562	464	605	481	0
33.515093	459	603	482	0
33.534624	458	613	488	7
33.568952	460	620	493	4
33.588483	461	618	491	1
33.608014	458	612	489	3
33.627546	454	612	483	3
33.647077	452	613	495	0
33.666608	459	613	493	3
33.686139	461	609	480	1
33.705671	457	605	479	1
33.725202	457	609	487	1
33.744733	464	617	486	4
33.772127	463	611	481	3
33.791658	460	610	484	0
33.811189	458	612	486	2
33.830720	451	608	480	1
33.850252	453	601	479	6
33.869783	456	595	471	3
33.889314	455	598	474	1
33.908845	456	609	486	5
33.928377	459	607	487	3
33.947908	455	602	478	0
33.944774	456	598	477	3
33.964305	454	604	483	4
33.983836	457	608	486	1
34.003367	459	611	492	0
34.022899	458	608	492	2
34.042430	453	615	478	11
34.061961	446	614	467	6
34.081492	438	614	461	6
34.101024	434	621	471	4
34.120555	434	619	490	5
34.140968	447	617	496	9
34.160499	452	613	489	4
34.180030	450	608	486	2
34.199562	447	595	502	11
34.219093	448	603	503	5
34.238624	447	603	495	1
34.258155	444	598	495	2
34.277687	441	607	494	9
34.297218	440	607	489	1
34.316749	444	606	487	2
34.342180	449	600	480	5
34.361711	449	596	479	2
34.381242	445	605	487	7
34.400774	444	610	503	2
34.420305	443	609	500	0
34.439836	456	597	485	14
34.459367	454	603	478	7
34.478899	452	616	480	11
34.498430	453	606	481	9
34.517961	448	598	466	1
34.597662	442	603	457	10
34.617193	438	611	467	4
34.636724	440	611	476	3
34.656255	445	599	478	12
34.675787	445	604	484	2
34.695318	452	609	482	0
34.714849	458	599	481	10
34.734380	451	603	484	6
34.753912	454	602	476	0
34.773443	457	596	472	4
34.770361	450	594	465	4
34.789892	451	588	472	7
34.809423	440	596	470	12
34.828954	445	605	489	1
34.848486	450	607	490	1
34.868017	453	605	480	0
34.887548	452	594	463	1
34.907079	444	592	462	3
34.926611	450	601	473	1
34.946142	454	603	467	1
34.953362	457	600	474	6
34.972893	448	600	481	2
34.992424	438	606	484	9
35.011955	442	610	490	0
35.031487	449	612	490	2
35.051018	448	606	477	1
35.070549	443	605	460	7
35.090080	440	593	457	5
35.109612	442	590	464	6
35.129143	444	602	477	2
35.117876	442	618	477	13
35.137407	448	614	480	7
35.156938	456	605	482	11
35.176470	455	592	477	8
35.196001	455	587	473	2
35.215532	445	593	478	8
35.235063	440	604	496	7
35.254595	444	610	494	2
35.274126	440	598	469	0
35.293657	433	591	455	5
35.313073	444	593	471	11
35.332604	454	596	478	5
35.352135	451	583	451	4
35.371666	434	587	441	17
35.391198	434	602	467	2
35.410729	437	599	478	7
35.430260	431	591	474	0
35.449791	439	582	470	9
35.469323	443	575	461	3
35.488854	442	563	446	2
35.508104	430	570	447	10
35.527635	426	582	475	2
35.547166	434	582	481	7
35.566698	441	564	473	13
35.586229	441	559	452	7
35.605760	438	573	439	16
35.625291	430	571	416	18
35.644823	432	573	429	8
35.664354	434	581	454	11
35.683885	434	586	464	1
35.719864	440	586	480	9
35.739395	438	573	479	6
35.758926	453	563	435	8
35.778457	460	550	388	30
35.797989	445	555	378	16
35.817520	426	577	421	14
35.837051	430	580	465	24
35.856582	439	573	480	16
35.876114	447	554	447	0
35.895645	436	546	423	20
35.906912	436	558	442	8
35.926443	448	574	483	19
35.945974	452	548	489	20
35.965506	450	542	435	29
35.985037	438	550	399	37
36.004568	435	542	368	25
36.024099	417	547	372	6
36.043631	408	566	453	41
36.063162	427	564	507	31
36.082693	439	528	456	6
36.096503	442	524	393	45
36.116034	447	533	382	8
36.135565	441	538	403	14
36.155097	439	547	443	26
36.174628	441	549	466	14
36.194159	447	553	474	6
36.213690	450	562	448	16
36.233222	451	577	432	17
36.252753	463	573	430	6
36.272284	451	589	438	9
36.290011	430	611	461	15
36.309542	418	635	492	17
36.329073	452	644	485	8
36.348604	457	631	351	60
36.368136	423	615	285	57
36.387667	363	635	295	25
36.407198	281	709	344	56
36.426729	296	662	339	32
36.446261	324	615	350	46
36.465792	357	596	371	42
36.495905	449	541	376	73
36.515436	497	459	360	9
36.534967	412	543	342	37
36.554498	459	543	400	71
36.574030	460	538	429	26
36.593561	462	517	446	18
36.613092	467	527	443	0
36.632623	449	519	458	0
36.652155	405	478	500	29
36.671686	398	457	565	24
36.683688	411	422	595	21
36.703219	440	405	666	42
36.722750	357	433	666	31
36.742281	557	470	711	24
36.761813	506	516	588	131
36.781344	479	516	490	36
36.800875	514	509	377	95
36.820406	502	488	381	1
36.839938	490	445	406	6
36.859469	490	468	372	21
36.874681	490	479	331	36
36.894212	485	491	329	0
36.913743	472	496	357	25
36.933275	458	485	401	34
36.952806	449	485	422	13
36.972337	451	476	437	9
36.991868	451	478	428	6
37.011400	460	491	439	17
37.030931	457	499	423	13
37.050462	453	510	408	14
37.070012	451	509	396	11
37.089543	446	506	378	18
37.109074	433	518	344	36
37.128606	408	540	319	35
37.148137	389	566	303	27
37.167668	400	562	334	32
37.187199	411	510	335	12
37.206731	418	451	383	32
37.226262	460	392	461	30
37.245793	479	408	460	19
37.266009	490	422	434	0
37.285540	486	425	474	22
37.305071	513	413	521	0
37.324603	501	401	571	26
37.344134	506	416	586	4
37.363665	543	416	591	6
37.383196	510	500	554	84
37.402728	463	515	492	9
37.422259	473	507	460	12
37.441790	464	501	405	52
37.461073	397	546	357	78
37.480604	442	420	321	27
37.500135	393	486	297	23
37.519666	391	512	308	9
37.539198	412	477	363	54
37.558729	513	539	491	148
37.578260	362	540	509	118
37.597791	442	525	425	40
37.617323	410	488	437	16
37.636854	449	468	406	2
37.657668	417	477	374	40
37.677199	436	479	415	43
37.696730	457	474	445	32
37.716261	461	477	453	9
37.735793	473	467	440	7
37.755324	470	471	424	12
37.774855	462	479	425	0
37.794386	438	495	426	9
37.813918	426	502	428	5
37.833449	421	503	427	4
37.859455	427	498	431	6
37.878986	432	487	442	9
37.898517	426	494	433	8
37.918048	417	498	420	14
37.937580	414	492	413	7
37.957111	417	492	430	13
37.976642	420	501	452	16
37.996173	420	499	441	6
38.015705	424	498	428	5
38.035236	427	499	424	0
38.049190	425	501	426	0
38.068721	413	514	445	3
38.088252	418	512	450	6
38.107784	424	508	431	7
38.127315	420	506	435	0
38.146846	424	511	449	11
38.166377	418	521	457	1
38.185909	415	518	450	5
38.205440	415	511	442	4
38.224971	415	516	441	0
38.242001	420	521	449	8
38.261532	422	519	439	4
38.281063	416	518	426	12
38.300595	421	513	435	9
38.320126	415	518	443	0
38.339657	417	514	444	2
38.359188	421	515	443	2
38.378720	426	513	441	2
38.398251	420	508	432	10
38.417782	400	518	443	9
38.437120	404	528	452	7
38.456651	403	517	441	5
38.476182	418	502	431	5
38.495713	418	510	446	9
38.515245	424	526	461	12
38.534776	413	522	436	22
38.554307	408	514	419	14
38.573838	405	527	452	15
38.593370	414	536	460	10
38.612901	407	539	450	11
38.641810	413	532	443	2
38.661341	389	541	436	25
38.680872	393	547	440	4
38.700403	408	541	463	24
38.719935	426	533	472	21
38.739466	433	519	457	0
38.758997	419	520	439	21
38.778528	413	527	453	2
38.798060	396	550	483	9
38.817591	407	570	505	5
38.898259	409	556	482	4
38.917790	408	540	451	7
38.937321	403	527	436	9
38.956852	389	529	448	5
38.976384	405	535	493	28
38.995915	416	547	510	8
39.015446	437	537	480	16
39.034977	419	514	458	22
39.054509	400	498	433	30
39.074040	383	510	437	11
39.026877	384	524	454	8
39.046408	395	519	449	7
39.065939	394	498	438	6
39.085470	400	489	450	9
39.105002	390	512	460	2
39.124533	418	517	474	31
39.144064	402	510	472	15
39.163595	392	511	470	10
39.183127	395	514	473	3
39.202658	378	553	485	19
39.224193	409	577	493	19
39.243724	431	542	470	27
39.263255	423	513	431	24
39.282787	419	514	431	2
39.302318	423	528	452	14
39.321849	426	541	477	11
39.341380	435	532	480	11
39.360912	426	518	450	20
39.380443	426	519	439	6
39.399974	421	528	443	2
39.415132	413	537	458	0
39.434663	419	531	462	8
39.454194	407	523	444	18
39.473726	405	523	433	7
39.493257	394	542	433	11
39.512788	390	559	454	2
39.532319	398	557	471	13
39.551851	410	538	470	15
39.571382	395	543	467	15
39.590913	406	549	473	10
39.612553	415	536	465	8
39.632084	410	538	457	8
39.651615	408	529	460	1
39.671146	403	539	465	4
39.690678	405	548	449	7
39.710209	414	526	456	15
39.729740	438	500	438	8
39.749271	440	483	456	9
39.768803	422	546	464	11
39.788334	445	560	502	24
39.806625	455	543	484	12
39.826156	444	533	472	10
39.845687	456	527	456	1
39.865218	455	547	447	12
39.884750	452	563	463	0
39.904281	467	558	469	15
39.923812	462	549	463	1
39.943343	477	564	448	10
39.962875	466	555	441	5
39.982406	474	566	427	12
40.001068	441	580	425	23
40.020599	417	598	423	24
40.040130	436	591	451	30
40.059661	443	604	441	9
40.079193	455	617	444	2
40.098724	447	628	435	16
40.118255	458	608	447	25
40.137786	470	596	432	4
40.157318	441	624	422	36
40.176849	473	614	447	33
40.198999	465	631	443	18
40.218530	459	632	452	1
40.238061	463	617	467	19
40.257592	443	639	453	31
40.277124	463	623	479	30
40.296655	490	620	479	10
40.316186	506	616	455	3
40.335717	501	608	439	2
40.355249	483	614	455	0
40.374780	468	623	462	9
40.392146	483	639	459	11
40.411677	489	638	480	8
40.431208	501	629	469	6
40.450739	490	625	469	2
40.470271	502	628	468	1
40.489802	509	628	469	0
40.509333	514	630	468	2
40.528864	500	623	465	4
40.548396	495	616	455	1
40.567927	486	612	445	3
40.590395	496	608	451	8
40.609926	505	608	452	1
40.629457	505	607	451	0
40.648988	503	606	451	0
40.668520	487	602	443	3
40.688051	488	596	433	1
40.707582	497	595	425	3
40.727113	502	604	427	4
40.746645	503	610	437	1
40.766176	496	606	455	12
40.782720	499	607	467	5
40.802251	521	579	463	22
40.821782	543	572	464	0
40.841314	519	599	415	47
40.860845	495	609	435	5
40.880376	507	606	462	18
40.899907	509	577	460	23
40.919439	511	588	435	24
40.938970	528	586	427	5
40.958501	529	603	422	15
40.978171	511	613	452	11
40.997702	525	605	493	21
41.017233	536	602	474	4
41.036764	533	602	441	15
41.056296	531	596	423	7
41.075827	539	584	416	0
41.095358	538	568	423	14
41.114889	526	573	402	18
41.134421	511	585	382	22
41.153952	492	569	341	32
41.173017	488	596	397	36
41.192548	504	584	439	41
41.212079	494	625	416	46
41.231611	494	619	428	12
41.251142	515	600	437	21
41.270673	525	585	434	8
41.290204	528	582	433	0
41.309736	530	574	413	11
41.329267	529	606	421	13
41.348798	513	602	452	23
41.369144	518	609	487	7
41.388675	515	601	483	6
41.408206	508	607	473	9
41.427737	527	593	448	1
41.447269	513	588	404	27
41.466800	510	576	410	11
41.486331	503	586	410	5
41.505862	508	590	436	17
41.525394	508	588	438	2
41.544925	510	592	441	0
41.573284	517	591	451	7
41.592815	513	600	430	20
41.612346	515	598	427	0
41.631877	514	568	418	11
41.651409	512	573	422	0
41.670940	523	581	436	5
41.690471	518	583	425	9
41.710002	529	552	396	11
41.729534	521	568	410	7
41.749065	521	569	437	22
41.768831	514	565	400	29
41.788362	513	586	412	0
41.807893	505	586	430	13
41.827425	519	577	451	21
41.846956	543	614	466	26
41.866487	514	579	425	6
41.886018	522	577	419	4
41.905550	527	571	421	4
41.925081	513	571	429	7
41.944612	500	557	437	13
41.955161	546	589	452	15
41.974692	499	591	434	8
41.994223	495	617	427	24
42.013755	513	596	428	17
42.033286	510	569	380	24
42.052817	486	590	383	9
42.072348	517	559	420	49
42.091880	524	583	433	3
42.111411	536	562	427	5
42.130942	515	579	433	2
42.150315	510	575	455	18
42.169846	508	576	423	24
42.189377	510	562	413	1
42.208909	507	566	413	1
42.228440	523	572	415	1
42.247971	534	564	409	2
42.267502	534	577	425	6
42.287034	536	517	438	32
42.306565	500	581	403	51
42.326096	486	621	412	20
42.345222	485	576	373	5
42.364753	470	614	389	9
42.384284	497	590	421	44
42.403816	510	596	418	5
42.423347	584	552	433	11
42.442878	538	593	424	8
42.462409	539	612	399	30
42.481941	524	538	502	122
42.501472	487	594	488	58
42.521003	490	610	468	20
42.544550	498	608	471	4
42.564081	575	546	473	23
42.583612	498	663	412	100
42.603143	556	538	494	127
42.622675	486	522	494	21
42.642206	568	587	541	64
42.661737	570	619	449	39
42.681268	593	666	385	78
42.700800	613	613	384	23
42.720331	562	609	362	6
42.747892	532	581	332	8
42.767423	502	554	334	10
42.786954	490	533	395	62
42.806485	506	539	450	52
42.826017	527	599	458	35
42.845548	560	617	503	12
42.865079	583	637	499	28
42.884610	553	670	468	24
42.904142	530	622	460	46
42.923673	487	591	431	7
42.989818	480	548	427	18
43.009349	512	550	424	1
43.028880	520	600	413	36
43.048412	527	613	440	7
43.067943	531	611	469	15
43.087474	539	607	490	8
43.107005	540	610	474	7
43.126537	534	604	460	0
43.146068	461	599	343	88
43.165599	514	593	445	91
43.118513	480	548	427	7
43.138044	512	550	424	1
43.157575	520	600	413	36
43.177106	527	613	440	7
43.196638	531	611	469	15
43.216169	539	607	490	8
43.235700	540	610	474	7
43.255231	534	604	460	0
43.274763	461	599	343	88
43.294294	514	593	445	91
43.352395	491	604	451	7
43.371926	484	628	450	22
43.391457	493	613	459	18
43.410989	505	571	438	20
43.430520	489	597	457	8
43.450051	461	597	458	9
43.469582	491	620	465	6
43.489114	481	600	458	11
43.508645	483	601	453	2
43.528176	472	603	461	1
43.522578	463	619	469	13
43.542109	474	607	454	7
43.561640	486	594	451	12
43.581172	495	597	458	3
43.600703	485	604	459	7
43.620234	479	597	450	0
43.639765	494	608	470	3
43.659297	460	631	406	61
43.678828	490	603	464	62
43.698359	505	591	456	8
43.716901	493	686	428	97
43.736432	494	613	459	78
43.755963	521	580	493	44
43.775495	514	607	454	40
43.795026	513	615	443	12
43.814557	510	596	461	25
43.834088	503	607	446	17
43.853620	506	600	459	13
43.873151	503	608	441	16
43.892682	407	613	520	26
43.910025	497	607	438	24
43.929556	452	639	465	26
43.949087	502	596	432	31
43.968618	549	612	457	3
43.988150	520	605	449	7
44.007681	481	592	435	2
44.027212	467	625	484	9
44.046743	470	622	466	1
44.066275	462	640	496	11
44.085806	477	602	480	36
44.105242	493	609	469	6
44.124773	489	624	467	15
44.144304	471	624	458	8
44.163836	478	611	451	9
44.183367	520	609	462	11
44.202898	483	619	469	9
44.222429	489	617	472	4
44.241961	506	612	466	4
44.261492	487	596	434	7
44.281023	492	599	450	8
44.301231	492	602	467	6
44.320762	488	602	452	8
44.340293	480	601	437	9
44.359824	505	594	449	17
44.379356	496	658	494	44
44.398887	499	610	476	42
44.418418	486	617	472	10
44.437949	496	616	466	0
44.457481	487	626	466	10
44.477012	504	590	478	39
44.496229	508	627	482	33
44.515760	509	615	471	8
44.535291	504	617	472	1
44.554822	501	617	474	0
44.574354	506	619	468	3
44.593885	512	617	468	2
44.613416	502	619	471	1
44.632947	502	619	473	0
44.652479	505	616	473	3
44.672010	511	614	472	1
44.691852	512	631	463	19
44.711383	499	610	464	18
44.730914	515	605	470	7
44.750446	490	618	482	10
44.769977	494	624	488	3
44.789508	508	637	476	14
44.809039	484	614	476	18
44.828571	510	620	472	3
44.848102	530	628	463	12
44.867633	515	618	467	12
44.886517	488	633	478	12
44.906048	500	614	462	13
44.925579	496	617	464	2
44.945111	500	617	465	0
44.964642	492	610	462	3
44.984173	496	613	466	0
45.003704	506	606	464	6
45.023236	512	608	465	1
45.042767	505	615	467	5
45.062298	493	618	468	3
45.082349	491	618	465	1
45.101880	501	619	461	1
45.121411	509	619	464	1
45.140943	505	612	460	4
45.160474	496	612	463	0
45.180005	494	617	475	0
45.199536	474	637	511	17
45.219068	502	611	469	22
45.238599	522	615	470	3
45.258130	515	619	466	4
45.489134	488	616	470	1
45.508665	492	618	476	0
45.528196	496	614	470	2
45.547728	498	612	469	1
45.567259	492	617	475	3
45.586790	487	620	473	4
45.606321	487	619	474	1
45.625853	495	619	464	2
45.645384	499	617	475	6
45.664915	497	615	467	1
45.671685	494	619	472	2
45.691216	489	624	485	1
45.710747	489	618	466	0
45.730278	500	617	472	4
45.749810	502	613	476	5
45.769341	496	615	481	1
45.788872	491	622	484	6
45.808403	488	627	486	4
45.827935	491	622	477	2
45.847466	488	617	474	3
45.876188	489	619	479	0
45.895719	486	621	480	2
45.915250	482	624	482	3
45.934782	494	617	474	6
45.954313	497	616	477	2
45.973844	493	619	481	2
45.993375	486	629	495	8
46.012907	488	621	483	5
46.032438	492	616	481	4
46.051969	491	616	480	0
46.059245	491	622	485	4
46.078776	484	627	494	4
46.098307	483	624	493	2
46.117838	477	625	491	2
46.137370	489	614	485	12
46.156901	496	622	493	4
46.176432	490	624	490	3
46.195963	490	624	485	1
46.215495	487	625	486	1
46.235026	492	618	485	7
46.313520	496	623	495	2
46.333051	491	625	497	2
46.352582	495	624	486	0
46.372113	492	625	487	1
46.391645	492	627	493	0
46.411176	496	622	499	6
46.430707	489	630	503	8
46.450238	490	625	491	3
46.469770	493	617	479	5
46.489301	488	619	479	2
46.315237	496	623	495	1
46.334768	491	625	497	2
46.354299	495	624	486	0
46.373831	492	625	487	1
46.393362	492	627	493	0
46.412893	496	622	499	6
46.432424	489	630	503	8
46.451956	490	625	491	3
46.471487	493	617	479	5
46.491018	488	619	479	2
46.449265	489	621	485	0
46.468796	489	625	484	4
46.488327	482	618	477	3
46.507859	476	625	487	5
46.527390	483	620	486	6
46.546921	484	625	487	4
46.566452	507	608	481	18
46.585984	505	618	492	7
46.605515	485	618	485	4
46.625046	482	621	483	4
46.781753	485	628	480	6
46.801284	487	614	475	11
46.820815	493	616	483	1
46.840347	483	625	490	9
46.859878	477	625	489	1
46.879409	489	622	484	4
46.898940	488	617	486	5
46.918472	490	622	497	2
46.938003	490	629	502	6
46.957534	488	615	479	8
46.841318	492	621	482	4
46.860849	499	623	483	0
46.880380	498	626	491	1
46.899911	496	623	489	2
46.919443	503	616	491	8
46.938974	489	621	492	6
46.958505	482	625	493	5
46.978036	489	630	484	4
46.997568	492	655	487	23
47.017099	529	619	513	38
47.036648	485	612	477	0
47.056179	491	603	464	4
47.075710	478	618	484	9
47.095242	483	622	489	1
47.114773	495	610	489	13
47.134304	499	603	482	5
47.153835	488	603	452	14
47.173367	496	622	472	6
47.192898	493	639	505	10
47.212429	500	626	493	12
47.231559	492	631	482	8
47.251090	480	630	473	3
47.270621	477	621	472	7
47.290153	484	620	479	4
47.309684	485	622	497	2
47.329215	508	606	475	13
47.348746	506	610	484	0
47.368278	495	606	484	2
47.387809	483	624	506	16
47.407340	456	627	510	12
47.428704	498	614	473	17
47.448235	519	595	467	15
47.467766	508	614	507	7
47.487298	469	637	508	30
47.506829	433	634	493	14
47.526360	462	606	486	36
47.545891	494	613	486	3
47.565423	517	609	428	22
47.584954	531	581	404	1
47.604485	500	588	456	34
47.624424	472	625	517	24
47.643955	494	637	547	11
47.663486	469	643	511	6
47.683017	491	619	455	14
47.702549	505	610	435	1
47.722080	479	611	464	9
47.741611	487	617	444	12
47.761142	478	623	450	4
47.780674	453	671	460	45
47.800205	451	713	476	35
47.817775	442	722	478	10
47.837306	463	723	496	6
47.856837	458	736	522	13
47.876369	480	693	502	46
47.895900	496	652	505	42
47.915431	516	593	416	15
47.934962	588	526	320	81
47.954494	557	549	326	12
47.974025	455	633	438	42
47.993556	503	601	424	27
48.014184	461	597	415	13
48.033715	445	591	459	22
48.053246	450	621	485	11
48.072778	525	631	505	8
48.092309	512	616	490	13
48.111840	465	636	475	31
48.131371	478	611	469	24
48.150903	493	583	415	8
48.170434	471	581	380	32
48.189965	459	592	403	9
48.209340	447	584	480	43
48.228871	555	601	491	1
48.248402	499	646	536	35
48.267934	540	648	472	7
48.287465	555	608	428	9
48.306996	489	594	473	40
48.326527	514	586	497	18
48.346059	514	614	515	26
48.365590	533	611	489	1
48.385121	527	619	500	4
48.403582	556	606	524	4
48.423113	533	631	512	16
48.442644	543	622	522	6
48.462176	552	643	575	36
48.481707	594	661	618	49
48.501238	599	644	608	15
48.520769	546	598	509	92
48.540301	501	600	386	61
48.559832	448	656	385	48
48.579363	457	528	305	12
48.600850	492	583	303	6
48.620381	552	595	369	51
48.639912	550	601	507	73
48.659443	592	576	567	19
48.678975	685	579	621	98
48.698506	619	539	437	81
48.718037	581	560	391	13
48.737568	580	566	388	4
48.757100	500	620	391	11
48.776631	462	588	495	70
48.794193	541	590	631	52
48.813724	579	623	488	13
48.833255	535	639	476	2
48.852787	603	625	238	176
48.872318	493	580	549	230
48.891849	477	647	366	122
48.911380	502	606	434	79
48.930912	495	629	502	3
48.950443	575	649	514	32
48.969974	567	663	481	12
48.988760	538	664	527	8
49.008291	537	649	555	9
49.027822	535	641	543	11
49.047354	544	646	526	3
49.066885	555	627	515	15
49.086416	534	634	500	1
49.105947	520	621	478	10
49.125479	533	604	439	4
49.145010	558	616	416	29
49.164541	575	529	367	10
49.185400	501	491	295	59
49.204931	539	549	407	103
49.224462	612	542	403	36
49.243994	547	572	477	73
49.263525	578	592	465	36
49.283056	574	586	472	9
49.302587	568	582	454	2
49.322119	550	587	432	9
49.341650	518	590	450	16
49.361181	507	595	461	2
49.578390	520	582	479	19
49.597921	530	598	434	39
49.617452	529	615	440	9
49.636983	529	619	491	16
49.656515	553	614	495	0
49.676046	552	592	434	7
49.695577	526	573	399	10
49.715108	544	577	399	5
49.734640	563	597	431	6
49.754171	570	609	453	0
49.587466	580	621	458	11
49.606997	565	626	453	0
49.626528	545	618	445	9
49.646060	550	604	454	14
49.665591	553	605	465	3
49.685122	549	608	467	0
49.704653	543	608	458	2
49.724185	541	607	458	1
49.743716	535	613	464	1
49.763247	535	606	453	0
49.777843	537	593	454	10
49.797374	550	587	455	1
49.816905	551	598	457	7
49.836437	544	597	448	1
49.855968	541	599	453	2
49.875499	557	606	460	7
49.895030	554	606	461	1
49.914562	558	604	461	0
49.934093	564	607	448	10
49.953624	558	614	440	7
49.965751	571	613	442	3
49.985282	561	613	442	4
50.004813	572	618	440	9
50.024344	566	620	440	0
50.043876	563	621	429	5
50.063407	583	611	441	5
50.082938	573	620	430	7
50.102469	577	602	425	7
50.122001	564	595	445	22
50.141532	586	582	433	10
50.162050	533	553	445	47
50.181581	537	544	431	9
50.201112	542	535	432	2
50.220644	545	533	441	7
50.240175	526	552	501	37
50.259706	527	551	489	3
50.279237	550	567	472	30
50.298769	543	580	473	6
50.318300	544	580	477	1
50.337831	544	591	447	24
50.358795	567	621	455	27
50.378326	561	617	461	8
50.397857	584	635	433	36
50.417388	512	640	480	31
50.436920	482	747	480	107
50.456451	545	596	444	126
50.475982	569	596	513	11
50.495513	563	613	447	28
50.515045	568	601	431	2
50.534576	575	592	405	14
50.566347	566	588	398	0
50.585878	547	593	424	22
50.605409	538	611	425	9
50.624940	533	616	447	9
50.644472	535	616	461	6
50.664003	541	603	467	12
50.683534	543	596	476	9
50.703065	545	598	469	5
50.722597	546	606	467	7
50.742128	540	615	458	9
50.749426	554	619	473	1
50.768957	538	617	494	11
50.788488	528	622	472	8
50.808019	517	617	484	9
50.827551	531	628	473	15
50.847082	536	636	487	4
50.866613	513	644	474	8
50.886144	505	648	478	2
50.905676	498	656	502	4
50.925207	505	658	488	3
50.946150	516	681	501	21
50.965681	509	673	480	5
50.985212	523	670	488	3
51.004744	528	671	488	1
51.024275	516	678	484	6
51.043806	531	681	506	1
51.063337	531	669	504	11
51.082869	526	650	524	19
51.102400	542	639	465	0
51.121931	509	591	494	57
51.138500	520	531	484	46
51.158031	473	453	505	36
51.177562	516	391	514	50
51.197093	503	477	460	57
51.216625	498	514	434	15
51.236156	504	537	471	30
51.255687	486	515	482	8
51.275218	490	490	496	4
51.294750	516	491	506	12
51.314281	507	496	510	5
51.333542	465	508	509	30
51.353073	478	512	526	10
51.372604	505	526	531	12
51.392135	524	544	517	9
51.411667	533	534	511	4
51.431198	510	499	512	17
51.450729	484	469	497	40
51.470260	503	478	479	5
51.489792	490	516	471	1
51.509323	508	531	509	27
51.529518	530	519	545	18
51.549049	550	525	563	26
51.568580	555	536	575	15
51.588111	525	536	556	28
51.607643	488	556	532	2
51.627174	522	548	531	12
51.646705	552	524	531	3
51.666236	559	506	510	1
51.685768	459	518	423	56
51.705299	493	461	335	81
51.724738	594	396	287	80
51.744269	657	515	401	83
51.763800	608	467	164	181
51.783331	948	890	665	233
51.802863	902	752	356	113
51.822394	857	872	150	132
51.841925	976	956	331	51
51.861456	701	886	705	205
51.880988	737	753	820	10
51.900519	417	415	976	32
