-0.074778	543	387	510	128
-0.055247	549	387	502	1
-0.035716	550	395	500	7
-0.016185	555	396	492	1
0.003347	552	398	492	2
0.022878	549	395	497	1
0.042409	556	392	508	4
0.061940	560	391	517	2
0.081472	549	388	516	0
0.101003	538	390	512	4
0.177141	530	399	505	10
0.196672	521	410	497	11
0.216203	520	407	504	2
0.235734	525	400	517	7
0.255266	534	396	527	6
0.274797	539	392	536	6
0.294328	527	399	525	10
0.313859	519	402	518	4
0.333391	512	397	517	4
0.352922	524	400	518	2
0.319092	512	403	521	3
0.338623	520	399	537	6
0.358154	520	393	540	6
0.377686	520	398	534	6
0.397217	528	397	536	2
0.416748	524	406	526	10
0.436279	520	412	530	5
0.455811	511	414	528	2
0.475342	522	407	529	7
0.494873	529	397	529	10
0.512126	538	393	529	5
0.531657	531	391	527	0
0.551188	528	395	526	4
0.570719	519	401	525	6
0.590251	514	402	521	1
0.609782	513	389	521	12
0.629313	522	380	522	9
0.648844	536	392	529	9
0.668376	531	400	520	9
0.687907	529	407	512	7
0.707073	529	400	512	6
0.726604	533	401	523	0
0.746135	531	397	533	4
0.765666	530	391	530	5
0.785198	528	388	530	2
0.804729	528	387	533	1
0.824260	525	394	535	6
0.843791	525	399	527	6
0.863323	525	400	523	1
0.882854	530	400	531	1
0.909323	534	400	536	1
0.928854	539	390	549	13
0.948385	529	399	543	11
0.967916	513	409	540	11
0.987448	494	411	549	2
1.006979	488	410	542	0
1.026510	491	412	553	1
1.046041	517	404	554	5
1.065573	523	400	539	0
1.085104	530	401	525	2
1.099100	533	403	538	0
1.118631	521	398	548	5
1.138162	530	399	554	2
1.157693	547	393	546	6
1.177225	563	393	535	2
1.196756	557	406	526	15
1.216287	527	418	520	20
1.235818	509	416	527	1
1.255350	506	403	544	16
1.274881	516	391	550	13
1.294169	536	387	557	8
1.313700	533	388	557	1
1.333231	515	407	542	24
1.352762	506	414	533	8
1.372294	505	418	536	3
1.391825	524	400	560	25
1.411356	531	383	572	21
1.430887	537	387	583	2
1.450419	515	402	567	22
1.469950	506	418	553	20
1.489140	509	422	547	6
1.508671	527	420	559	7
1.528202	417	354	523	80
1.547734	534	431	559	88
1.567265	573	437	587	26
1.586796	524	390	595	25
1.606327	531	468	571	72
1.625859	496	370	538	69
1.645390	511	422	603	17
1.664921	462	387	590	27
1.685297	578	603	591	18
1.704828	488	394	599	11
1.724359	721	496	641	97
1.743891	638	610	610	58
1.763422	445	526	636	45
1.782953	616	520	560	26
1.802484	493	466	560	45
1.822016	552	472	621	53
1.841547	512	430	571	21
1.861078	553	421	620	46
2.271156	613	621	741	125
2.290687	615	431	478	137
2.310218	510	420	633	16
2.329750	578	305	588	78
2.349281	540	402	593	90
2.368812	525	441	589	33
2.388343	528	421	562	0
2.407875	514	450	561	26
2.427406	529	350	614	113
2.446937	539	421	603	60
2.466148	558	464	617	7
2.485679	523	439	577	25
2.505210	538	444	568	6
2.524741	558	436	601	33
2.544273	542	430	602	0
2.563804	524	434	599	7
2.583335	525	443	587	14
2.602866	535	441	582	0
2.622398	545	428	597	21
2.641929	538	419	597	4
2.662273	532	415	596	1
2.681804	531	421	583	12
2.701335	532	424	567	11
2.720866	545	424	563	1
2.740398	535	421	577	7
2.759929	532	414	579	6
2.779460	522	416	564	10
2.798991	522	416	573	4
2.818523	533	422	576	1
2.838054	517	415	561	3
2.857169	496	390	535	16
2.876700	495	383	524	5
2.896231	534	391	552	1
2.915762	542	389	569	9
2.935294	530	382	567	3
2.954825	509	388	551	12
2.974356	486	410	519	24
2.993887	514	436	537	25
3.013419	543	432	570	23
3.032950	555	415	581	23
3.052089	557	414	575	1
3.071620	532	423	540	29
3.091151	511	440	561	8
3.110682	504	442	648	66
3.130214	505	402	664	34
3.149745	497	385	672	17
3.169276	460	363	647	2
3.188807	417	350	555	15
3.208339	462	361	506	33
3.227870	479	377	518	20
3.247312	537	373	540	4
3.266843	557	362	555	18
3.286374	570	364	580	10
3.305906	581	366	618	20
3.325437	596	403	572	43
3.344968	571	405	563	17
3.364499	596	445	584	3
3.384031	609	473	541	20
3.403562	623	483	505	6
3.423093	609	500	458	3
3.443178	593	488	434	3
3.462709	585	480	420	6
3.482240	600	486	438	3
3.501771	577	466	433	5
3.521303	588	449	456	1
3.540834	610	449	488	5
3.560365	596	431	486	0
3.579896	602	406	495	20
3.599428	639	416	509	19
3.618959	622	403	513	4
3.698006	652	394	525	28
3.717537	663	359	577	41
3.737068	580	418	551	102
3.756599	577	408	551	6
3.776131	592	390	570	28
3.795662	585	381	594	13
3.815193	563	380	598	5
3.834724	537	387	597	12
3.854256	542	407	559	34
3.873787	559	419	532	12
3.834203	546	426	528	12
3.853734	544	419	523	5
3.873265	547	413	511	6
3.892797	571	423	517	1
3.912328	591	458	486	7
3.931859	591	446	457	17
3.951390	600	437	507	0
3.970922	534	414	554	6
3.990453	563	398	554	22
4.009984	559	384	569	16
4.224177	555	474	471	77
4.243708	564	430	497	27
4.263239	566	400	549	31
4.282770	588	377	572	36
4.302302	584	331	635	64
4.321833	571	327	618	9
4.341364	592	365	545	50
4.360895	597	395	499	25
4.380427	591	394	502	2
4.399958	580	400	500	10
4.419226	571	397	501	1
4.438757	560	394	505	2
4.458288	575	406	501	3
4.477819	565	398	509	1
4.497351	555	392	521	2
4.516882	553	390	519	1
4.536413	539	387	514	0
4.555944	531	384	526	2
4.575476	527	387	530	2
4.595007	524	402	535	14
4.617722	532	410	555	0
4.637253	533	426	562	10
4.656784	541	443	562	11
4.676316	552	450	566	1
4.695847	556	450	556	3
4.715378	556	450	558	1
4.734909	558	446	565	7
4.754441	558	448	569	0
4.773972	558	441	563	1
4.793503	553	442	568	0
4.821999	545	442	567	3
4.841530	543	434	557	0
4.861061	545	425	555	7
4.880593	544	422	560	4
4.900124	552	414	546	4
4.919655	550	406	527	2
4.939186	552	405	527	1
4.958718	551	402	524	2
4.978249	554	388	529	14
4.997780	553	377	520	9
5.005185	553	382	523	4
5.024716	556	386	527	2
5.044247	551	391	526	6
5.063778	549	388	526	2
5.083310	553	390	520	1
5.102841	553	394	523	3
5.122372	550	397	532	2
5.141903	549	407	546	6
5.161435	551	413	551	3
5.180966	548	412	533	4
5.201218	546	417	529	6
5.220749	542	418	529	2
5.240280	542	419	530	0
5.259811	561	418	539	10
5.279343	560	413	541	4
5.298874	551	413	539	4
5.318405	550	419	545	4
5.337936	540	429	547	11
5.357468	537	422	536	2
5.376999	544	410	542	14
5.396164	551	409	552	6
5.415695	543	415	553	7
5.435226	539	421	543	9
5.454757	542	414	529	4
5.474289	563	404	537	18
5.493820	569	399	534	6
5.513351	577	404	535	0
5.532882	579	409	536	2
5.552414	577	411	516	5
5.571945	568	396	522	9
5.592451	568	388	520	7
5.611982	564	384	540	4
5.631513	578	382	567	14
5.651045	573	371	579	11
5.670576	568	359	574	6
5.690107	562	382	556	28
5.709638	552	413	538	36
5.729170	553	439	514	26
5.748701	544	456	497	17
5.768232	547	463	470	7
5.787238	567	455	460	21
5.806769	568	443	480	0
5.826300	564	418	521	13
5.845831	568	392	543	28
5.865363	570	375	575	25
5.884894	583	365	571	12
5.904425	569	379	547	24
5.923956	548	398	518	29
5.943488	554	426	495	22
5.963019	558	449	492	16
5.982255	531	457	501	21
6.001786	528	448	482	13
6.021317	524	417	494	24
6.040848	528	395	520	20
6.060380	539	391	546	10
6.079911	551	408	543	13
6.099442	566	384	530	24
6.118973	579	369	576	30
6.138505	570	382	559	20
6.158036	586	398	517	13
6.177298	586	414	516	13
6.196829	577	422	525	11
6.216360	571	417	534	2
6.235892	564	415	547	1
6.255423	559	423	551	7
6.274954	551	418	550	0
6.294485	547	409	550	6
6.314017	551	413	549	2
6.333548	575	424	543	0
6.353079	584	425	540	3
6.358190	583	428	549	0
6.377721	570	433	571	1
6.397252	545	432	562	14
6.416784	548	428	534	5
6.436315	553	426	529	2
6.455846	569	432	539	5
6.475377	564	430	547	1
6.494909	574	418	561	19
6.514440	582	407	570	16
6.533971	571	409	568	7
6.577303	570	412	552	8
6.596834	570	408	550	2
6.616365	565	396	555	9
6.635896	583	392	561	13
6.655428	603	384	559	16
6.674959	586	380	552	7
6.694490	530	388	521	30
6.714021	564	400	493	0
6.733553	565	400	523	0
6.753084	557	393	548	7
6.771291	548	384	553	6
6.790822	557	407	538	21
6.810353	552	422	532	16
6.829885	584	439	526	2
6.849416	594	444	514	3
6.868947	593	436	522	4
6.888478	583	401	553	26
6.908010	567	374	598	33
6.927541	606	411	566	23
6.947072	577	437	495	47
6.966307	558	431	498	6
6.985838	547	429	535	1
7.005369	555	439	514	8
7.024900	557	420	517	17
7.044432	545	377	593	58
7.063963	540	367	643	36
7.083494	538	351	650	16
7.103025	509	302	697	66
7.122557	577	384	622	99
7.142088	663	474	510	25
7.162286	678	507	465	16
7.181817	738	479	440	66
7.201348	646	506	418	75
7.220880	571	516	362	2
7.240411	558	537	441	73
7.259942	535	518	518	63
7.279473	515	484	541	15
7.299005	493	406	581	87
7.318536	491	316	613	93
7.338067	565	346	577	35
7.356234	555	390	544	52
7.375765	569	420	540	21
7.395296	613	405	549	39
7.414828	630	410	542	7
7.434359	635	422	543	3
7.453890	599	451	540	45
7.473421	598	402	545	33
7.492953	585	401	556	3
7.512484	541	395	564	8
7.532015	541	340	561	49
7.552396	578	354	554	4
7.571927	619	371	555	5
7.591458	543	398	565	52
7.610990	512	441	554	46
7.630521	549	402	551	39
7.650052	560	389	544	13
7.669583	551	420	532	33
7.689115	521	462	517	50
7.708646	565	461	513	22
7.728177	615	426	545	64
7.747523	592	428	561	12
7.767054	625	373	571	62
7.786585	647	363	589	26
7.806117	615	365	609	11
7.825648	605	379	604	17
7.845179	548	402	602	39
7.864710	581	400	561	6
7.884242	576	426	538	30
7.903773	540	435	518	28
7.923304	547	426	522	11
7.942351	556	422	530	8
7.961882	542	439	551	13
7.981413	565	434	557	16
8.000944	568	442	552	6
8.020476	567	443	548	2
8.040007	562	433	545	3
8.059538	556	424	553	7
8.079069	549	413	569	13
8.098601	555	406	575	10
8.118132	549	426	566	22
8.138365	551	438	556	13
8.157896	566	442	542	1
8.177427	571	438	545	6
8.196959	571	438	549	1
8.216490	586	433	548	12
8.236021	595	431	554	9
8.255552	598	432	564	5
8.275084	598	429	560	0
8.294615	596	423	540	3
8.314146	582	413	530	2
8.672282	563	429	540	21
8.691813	549	435	534	13
8.711344	547	429	546	8
8.730875	558	424	560	14
8.750407	563	422	567	6
8.769938	573	421	566	4
8.789469	563	429	555	15
8.809000	561	430	545	5
8.828532	557	424	550	4
8.848063	561	421	561	8
8.718623	563	419	563	3
8.738154	563	419	555	3
8.757685	560	418	548	2
8.777216	560	418	545	0
8.796748	560	414	545	3
8.816279	558	413	551	1
8.835810	561	409	554	5
8.855341	559	404	553	3
8.874873	552	407	552	5
8.894404	554	407	548	0
8.919785	551	408	548	1
8.939316	548	413	546	6
8.958847	551	414	544	0
8.978379	556	414	547	2
8.997910	554	411	552	3
9.017441	554	408	558	4
9.036972	559	413	555	3
9.056504	562	414	552	0
9.076035	558	412	552	0
9.095566	561	414	545	2
9.106349	561	413	541	0
9.125880	564	412	543	2
9.145411	566	410	550	4
9.164943	562	409	549	1
9.184474	561	408	548	0
9.204005	567	407	549	3
9.223536	572	409	552	1
9.243068	566	407	551	1
9.262599	562	409	550	3
9.282130	558	412	551	3
9.302371	562	412	550	1
9.321902	559	416	553	3
9.341433	559	413	550	1
9.360965	557	419	548	6
9.380496	559	420	551	1
9.400027	559	422	556	0
9.419558	564	421	556	3
9.439090	568	424	558	0
9.458621	564	421	557	0
9.478152	558	419	551	3
9.497393	558	421	556	0
9.516924	561	426	557	2
9.536455	564	423	552	1
9.555986	568	423	551	1
9.575518	571	424	552	1
9.595049	571	423	555	1
9.614580	569	421	554	0
9.634111	570	420	551	0
9.653643	566	421	550	3
9.673174	561	417	548	0
9.694482	557	415	548	0
9.714013	558	409	552	6
9.733544	560	410	556	1
9.753076	561	413	555	2
9.772607	558	412	554	0
9.792138	556	409	548	0
9.811669	552	410	547	2
9.831201	557	414	551	0
9.850732	559	414	550	0
9.870263	565	411	550	5
9.903817	566	411	553	1
9.923348	563	411	555	0
9.942879	559	413	552	4
9.962410	560	415	551	1
9.981942	564	418	550	1
10.001473	561	420	551	2
10.021004	560	417	548	1
10.040535	561	416	545	0
10.060067	565	417	549	2
10.079598	569	413	551	5
10.083396	569	411	554	2
10.102927	566	413	553	3
10.122458	567	411	550	1
10.141989	567	415	547	4
10.161521	566	415	547	0
10.181052	562	412	546	0
10.200583	563	411	550	2
10.220114	562	409	557	3
10.239646	562	403	569	9
10.259177	557	393	579	11
10.279411	531	385	576	0
10.298942	553	394	558	10
10.318473	569	435	508	37
10.338005	540	461	496	35
10.357536	544	471	506	7
10.377067	531	481	515	15
10.396598	515	465	515	10
10.416130	532	459	518	9
10.435661	536	456	525	5
10.455192	531	430	530	23
10.474388	547	410	543	26
10.493919	564	418	549	1
10.513450	572	425	552	0
10.532981	587	406	558	24
10.552513	577	404	567	0
10.572044	572	413	568	8
10.591575	580	421	566	2
10.611106	580	425	563	4
10.630638	580	418	564	5
10.650169	580	399	566	15
10.670970	563	395	569	2
10.690501	563	396	569	0
10.710032	578	395	576	9
10.729563	580	400	581	0
10.749095	571	412	582	12
10.768626	572	434	574	19
10.788157	576	443	568	6
10.807688	582	424	574	18
10.827220	552	458	572	38
10.846751	556	449	577	10
10.866453	558	443	575	3
10.885984	543	432	592	13
10.905515	552	406	610	32
10.925046	557	405	611	2
10.944578	535	390	596	2
10.964109	576	373	572	14
10.983640	628	361	577	36
11.003171	610	384	567	30
11.022703	590	432	562	47
11.042234	570	461	559	31
11.060366	556	452	553	5
11.079897	556	437	552	10
11.099428	548	438	560	0
11.118959	563	428	570	18
11.138491	589	421	578	22
11.158022	608	414	582	17
11.177553	572	436	579	36
11.197084	564	434	574	5
11.216616	587	414	567	22
11.236147	599	402	564	14
11.267439	599	411	565	6
11.286970	583	432	568	22
11.306501	590	417	573	16
11.326032	593	399	577	16
11.345564	551	435	576	46
11.365095	505	456	570	26
11.384626	563	436	558	21
11.404157	586	448	549	2
11.423689	584	478	542	19
11.443220	580	486	533	9
11.463569	590	473	540	15
11.483100	606	427	545	39
11.502631	583	408	569	7
11.522162	576	435	599	5
11.541694	551	437	626	9
11.561225	570	412	614	12
11.580756	564	430	582	34
11.600287	561	416	569	2
11.619819	575	422	553	4
11.639350	581	428	551	1
11.656288	584	416	559	13
11.675819	579	410	569	5
11.695350	548	434	577	26
11.714881	553	436	571	3
11.734413	576	432	559	8
11.753944	592	441	560	4
11.773475	566	439	573	7
11.793006	573	398	595	44
11.812538	603	357	612	52
11.832069	632	332	625	38
11.849800	623	336	625	7
11.869331	605	383	617	46
11.888862	572	404	575	51
11.908393	588	397	559	6
11.927925	573	404	550	15
11.947456	549	440	572	28
11.966987	568	460	537	20
11.986518	574	453	540	9
12.006050	576	454	543	1
12.025581	585	444	543	12
12.037452	598	436	538	13
12.056983	586	448	537	16
12.076514	579	459	529	13
12.096045	575	449	515	2
12.115577	558	447	501	8
12.135108	566	449	487	6
12.154639	564	460	483	7
12.174170	578	465	499	3
12.193702	576	460	507	0
12.213233	575	456	519	1
12.244521	569	461	513	8
12.264052	576	435	510	23
12.283583	586	419	527	19
12.303114	577	421	540	4
12.322646	575	419	531	1
12.342177	574	436	522	15
12.361708	583	444	515	0
12.381239	603	415	515	34
12.400771	593	403	529	3
12.420302	594	413	559	0
12.428525	588	414	566	1
12.448056	581	415	566	4
12.467587	578	401	544	2
12.487118	585	404	518	2
12.506650	582	412	517	8
12.526181	573	423	526	13
12.545712	585	430	527	2
12.565243	586	431	521	0
12.584775	578	428	519	3
12.604306	586	422	531	10
12.626406	587	419	540	4
12.645937	575	418	548	3
12.665468	564	415	546	3
12.684999	587	420	543	7
12.704531	595	426	541	0
12.724062	596	425	542	1
12.743593	579	420	544	6
12.763124	559	420	541	10
12.782656	549	418	543	1
12.802187	570	418	547	10
12.817510	569	421	546	3
12.837041	582	411	540	13
12.856572	585	413	539	0
12.876103	583	416	544	2
12.895635	577	416	544	3
12.915166	572	421	542	7
12.934697	580	424	540	1
12.954228	585	426	542	2
12.973760	576	430	542	8
12.993291	570	431	538	5
13.024508	567	435	535	5
13.044039	568	435	538	1
13.063570	572	432	543	5
13.083102	572	428	540	2
13.102633	570	428	540	1
13.122164	576	426	538	4
13.141695	582	435	538	3
13.161227	578	448	527	14
13.180758	559	476	494	31
13.200289	601	469	485	40
13.208525	591	430	505	11
13.228056	575	418	547	4
13.247587	512	400	598	22
13.267118	478	348	669	88
13.286650	523	406	616	80
13.306181	573	452	577	41
13.325712	591	409	566	33
13.345243	627	386	570	39
13.364775	626	358	583	24
13.384306	624	358	596	3
13.403533	609	365	600	11
13.423064	583	390	573	43
13.442595	597	413	546	18
13.462126	582	426	551	17
13.481658	586	431	553	0
13.501189	580	441	546	13
13.520720	571	443	532	11
13.540251	598	434	528	24
13.559783	603	439	521	0
13.579314	594	455	509	17
13.600637	607	446	502	16
13.620168	600	458	488	10
13.639699	569	458	479	20
13.659230	578	462	476	5
13.678762	553	473	480	25
13.698293	578	470	505	13
13.717824	614	399	563	81
13.737355	546	419	564	48
13.756887	549	390	562	25
13.776418	583	354	562	43
13.795900	588	397	571	30
13.815431	562	417	560	32
13.834962	593	416	546	12
13.854493	574	421	544	15
13.874025	576	410	547	10
13.893556	599	412	535	9
13.913087	581	424	532	20
13.932618	570	416	535	0
13.952150	577	425	540	2
13.971681	578	436	541	7
13.997478	577	433	533	0
14.017009	568	425	527	0
14.036540	549	414	537	3
14.056072	558	409	546	10
14.075603	570	414	546	1
14.095134	573	415	545	0
14.114665	577	405	546	10
14.134197	572	411	549	6
14.153728	588	418	539	0
14.173259	571	418	539	9
14.184467	564	413	538	0
14.203998	562	414	538	1
14.223529	562	422	542	5
14.243061	580	417	543	13
14.262592	580	412	544	4
14.282123	582	413	545	0
14.301654	576	416	543	6
14.321186	565	419	538	9
14.340717	568	420	538	0
14.360248	580	427	538	1
14.380610	588	425	537	6
14.400141	579	419	541	0
14.419672	564	422	544	9
14.439204	563	421	543	0
14.458735	566	423	542	0
14.478266	559	428	539	8
14.497797	575	430	541	7
14.517329	612	425	545	29
14.536860	608	412	558	9
14.556391	578	400	571	3
14.575623	560	405	575	9
14.595154	540	427	566	28
14.614685	583	436	556	8
14.634217	627	423	555	38
14.653748	609	415	561	5
14.673279	589	450	555	37
14.692810	593	432	565	17
14.712342	592	420	572	10
14.731873	583	424	567	10
14.751404	568	428	571	8
14.779335	558	428	572	3
14.798866	527	439	574	16
14.818397	544	441	573	1
14.837929	585	439	572	20
14.857460	606	428	569	18
14.876991	614	416	568	12
14.896522	609	431	577	8
14.916054	590	431	588	6
14.935585	584	433	590	3
14.955116	600	445	565	9
14.966577	604	450	555	3
14.986108	600	457	549	8
15.005639	581	476	551	23
15.025171	515	492	566	29
15.044702	498	504	574	6
15.064233	479	510	590	20
15.083764	542	433	617	50
15.103296	549	340	654	91
15.122827	536	392	640	49
15.142358	600	415	566	35
15.161558	601	464	556	31
15.181089	605	478	534	8
15.200620	582	459	524	12
15.220151	524	489	553	40
15.239683	499	496	560	3
15.259214	511	455	575	32
15.278745	584	397	566	61
15.298276	629	395	565	27
15.317808	635	390	580	12
15.337339	620	380	593	2
15.356945	582	365	612	2
15.376476	575	397	635	11
15.396007	619	421	568	28
15.415539	576	484	556	68
15.435070	563	531	544	19
15.454601	566	499	527	5
15.474132	646	450	518	90
15.493664	656	410	533	29
15.513195	601	434	543	55
15.532726	563	443	552	27
15.551570	548	459	560	14
15.571101	583	395	594	79
15.590632	518	441	578	62
15.610163	510	433	581	7
15.629695	573	407	582	35
15.649226	564	434	582	23
15.668757	566	397	574	24
15.688288	625	375	599	56
15.707820	634	373	581	0
15.727351	599	395	562	43
15.750163	588	429	557	32
15.769694	635	411	565	46
15.789225	630	356	583	40
15.808757	648	368	565	3
15.828288	578	428	569	83
15.847819	547	485	551	62
15.867350	578	459	562	39
15.886882	623	434	556	44
15.906413	621	456	529	18
15.925944	593	417	527	2
15.942571	593	380	571	39
15.962102	546	443	595	52
15.981633	540	486	605	12
16.001164	594	470	593	22
16.020696	577	451	600	2
16.040227	553	415	594	8
16.059758	533	419	591	9
16.079289	541	445	600	9
16.098821	542	459	598	8
16.118352	562	461	591	1
16.137650	560	462	593	0
16.157181	579	446	597	20
16.176712	581	447	608	8
16.196244	582	450	606	2
16.215775	564	461	594	22
16.235306	546	472	574	28
16.254837	533	474	571	7
16.274369	524	469	588	14
16.293900	530	458	595	12
16.313431	533	460	606	8
16.333500	549	463	611	7
16.353031	563	441	611	15
16.372562	564	439	611	1
16.392093	564	444	598	12
16.411625	565	437	588	2
16.431156	569	449	596	0
16.450687	564	463	613	4
16.470218	553	446	617	6
16.489750	541	429	616	5
16.509281	521	438	613	10
16.528622	522	469	610	18
16.548153	530	490	598	16
16.567684	534	486	571	22
16.587215	563	465	567	20
16.606747	545	468	592	8
16.626278	548	448	634	45
16.645809	594	416	647	42
16.665340	545	459	635	46
16.684872	546	452	589	34
16.704403	550	466	587	7
16.725196	572	444	602	31
16.744727	585	435	605	13
16.764258	566	451	614	10
16.783789	547	468	607	20
16.803321	544	461	592	10
16.822852	531	455	601	7
16.842383	529	466	628	18
16.861914	559	457	631	13
16.881446	542	468	628	11
16.900977	544	474	597	29
16.920062	553	485	586	9
16.939593	559	511	600	10
16.959124	554	489	617	15
16.978656	537	458	655	39
16.998187	551	457	645	5
17.017718	579	481	612	24
17.037249	582	460	593	5
17.056781	576	483	590	14
17.076312	576	519	595	0
17.095843	558	525	596	8
17.112771	548	469	608	14
17.132302	497	468	660	43
17.151833	570	472	616	29
17.171365	558	488	595	27
17.190896	575	471	586	7
17.210427	568	476	593	0
17.229958	542	461	614	13
17.249490	563	472	620	8
17.269021	576	475	610	3
17.288552	593	455	590	3
17.309629	579	450	606	4
17.329160	584	437	598	3
17.348691	554	411	638	31
17.368222	560	449	643	13
17.387754	551	458	631	16
17.407285	516	451	625	7
17.426816	508	453	599	23
17.446347	516	460	593	8
17.465879	539	457	602	12
17.485410	547	483	615	3
17.505622	563	484	613	3
17.525153	563	434	619	25
17.544684	551	482	610	32
17.564215	558	542	589	15
17.583747	557	527	577	14
17.603278	565	484	576	7
17.622809	568	489	594	14
17.642340	585	460	621	39
17.661872	581	405	649	45
17.681403	633	419	623	1
17.740727	633	505	597	40
17.760258	607	476	576	27
17.779789	571	445	571	13
17.799320	553	470	582	15
17.818852	565	464	591	15
17.838383	539	441	647	48
17.857914	618	439	608	5
17.877445	589	540	616	28
17.896977	579	524	595	25
17.916508	556	496	586	19
17.896649	551	466	586	7
17.916180	514	451	632	39
17.935711	527	410	634	25
17.955242	568	491	628	29
17.974774	594	505	611	1
17.994305	597	473	598	1
18.013836	596	452	589	1
18.033367	567	482	613	9
18.052899	574	490	618	5
18.072430	601	486	606	7
18.091721	597	505	597	11
18.111252	591	495	584	12
18.130783	576	484	583	8
18.150315	570	465	600	15
18.169846	570	454	612	13
18.189377	566	433	628	21
18.208908	583	419	610	2
18.228440	593	463	565	44
18.247971	599	442	582	23
18.267502	588	453	587	9
18.285694	600	473	585	1
18.305225	566	497	593	22
18.324756	576	588	583	23
18.344287	581	452	575	11
18.363819	521	508	603	19
18.383350	550	598	594	33
18.402881	571	447	590	7
18.422412	593	395	594	46
18.441944	638	436	604	9
18.461475	654	431	620	22
18.482695	658	406	611	9
18.502226	624	447	610	43
18.521757	591	468	593	40
18.541288	561	459	577	24
18.560820	555	454	568	5
18.580351	554	467	564	10
18.599882	552	477	569	2
18.619413	569	447	577	30
18.638945	594	453	587	17
18.658476	597	461	610	13
18.684159	614	447	613	18
18.703690	609	457	618	3
18.723221	606	457	600	13
18.742753	588	485	590	27
18.762284	578	493	583	13
18.781815	576	486	574	5
18.801346	586	471	571	10
18.820878	588	460	579	10
18.840409	589	455	584	5
18.859940	585	444	579	0
18.873657	565	474	584	23
18.893188	583	492	580	3
18.912719	592	446	580	23
18.932250	580	446	591	0
18.951782	569	451	603	0
18.971313	536	491	636	4
18.990844	575	512	612	9
19.010375	581	511	604	3
19.029907	577	526	589	13
19.049438	572	538	583	5
19.054688	583	503	577	0
19.074219	596	472	575	15
19.093750	596	446	579	13
19.113281	626	438	573	22
19.132813	642	420	567	19
19.152344	648	419	566	4
19.171875	637	447	572	20
19.191406	602	432	578	15
19.210938	580	451	593	15
19.230469	563	442	592	4
19.263927	580	455	569	12
19.283458	572	458	566	8
19.302989	577	442	584	22
19.322520	589	449	598	11
19.342052	590	464	590	11
19.361583	586	478	604	2
19.381114	581	484	607	2
19.400645	588	473	612	10
19.420177	584	467	614	1
19.439708	577	479	621	1
19.458692	565	480	592	29
19.478223	518	459	594	3
19.497754	540	492	591	11
19.517286	547	500	605	13
19.536817	556	498	615	12
19.556348	539	476	623	6
19.575879	524	464	629	7
19.595411	545	486	626	5
19.614942	544	479	620	4
19.634473	541	474	612	6
19.655725	539	474	616	3
19.675256	525	473	612	5
19.694787	560	498	632	21
19.714319	550	487	617	15
19.733850	545	479	612	4
19.753381	552	485	613	1
19.772912	562	502	621	8
19.792444	561	491	616	3
19.811975	564	499	615	0
19.831506	557	464	625	14
19.849706	540	482	641	4
19.869237	543	458	629	2
19.888768	530	487	641	0
19.908299	519	496	636	7
19.927831	528	504	622	13
19.947362	555	481	629	17
19.966893	559	473	630	4
19.986424	546	508	625	14
20.005956	535	531	611	14
20.025487	532	533	598	12
20.044833	518	531	585	15
20.064364	573	528	605	36
20.083895	589	465	638	42
20.103426	566	472	638	12
20.122958	565	517	621	21
20.142489	565	509	623	1
20.162020	560	498	620	4
20.181551	570	501	621	4
20.201083	574	494	633	13
20.220614	576	507	633	0
20.246801	582	515	646	14
20.266332	593	511	637	2
20.285863	585	470	641	5
20.305394	602	483	646	9
20.324926	574	457	630	19
20.344457	558	470	630	10
20.363988	543	505	634	7
20.383519	560	514	632	3
20.403051	566	499	626	2
20.422582	559	489	617	9
20.419839	553	497	624	2
20.439370	569	503	635	15
20.458901	567	478	629	2
20.478432	568	462	627	3
20.497964	563	470	636	3
20.517495	564	472	634	1
20.537026	568	471	627	4
20.556557	568	469	622	3
20.576089	579	469	621	4
20.595620	580	466	619	0
20.619388	579	468	618	1
20.638919	586	469	615	1
20.658450	591	468	601	7
20.677981	591	464	603	2
20.697513	590	454	609	7
20.717044	595	454	610	3
20.736575	599	454	604	1
20.756106	600	455	599	3
20.775638	588	452	607	0
20.795169	581	455	608	4
20.817204	588	452	606	3
20.836735	607	452	602	9
20.856266	604	459	594	9
20.875798	584	469	582	24
20.895329	572	467	572	13
20.914860	563	471	555	17
20.934391	571	480	547	2
20.953923	591	471	549	20
20.973454	599	462	548	10
20.992985	594	471	546	8
21.006858	591	476	544	5
21.026389	589	476	549	0
21.045920	586	463	553	5
21.065451	581	462	559	0
21.084983	581	462	552	3
21.104514	589	468	544	0
21.124045	597	474	541	3
21.143576	590	482	536	10
21.163108	574	474	546	6
21.182639	586	442	566	35
21.202790	602	430	569	19
21.222321	633	445	566	14
21.241852	543	477	557	83
21.261384	619	456	546	60
21.280915	570	444	588	8
21.300446	543	413	580	6
21.319977	577	403	582	20
21.339509	619	457	552	18
21.359040	590	452	568	13
21.378571	629	423	578	47
21.397795	592	404	580	10
21.417326	581	433	549	39
21.436857	609	436	535	14
21.456388	613	431	552	10
21.475920	604	440	555	11
21.495451	603	449	534	11
21.514982	607	455	521	1
21.534513	609	443	525	8
21.554045	589	435	537	8
21.573576	581	441	542	8
21.593069	591	449	527	1
21.612600	576	448	528	10
21.632131	586	435	539	18
21.651663	553	433	550	13
21.671194	581	451	513	4
21.690725	581	474	524	12
21.710256	551	465	539	12
21.729788	607	439	570	66
21.749319	589	425	603	14
21.768850	586	430	566	24
21.789749	602	438	566	5
21.809280	617	442	557	5
21.828811	635	429	560	21
21.848342	618	434	555	17
21.867874	604	437	538	16
21.887405	602	438	534	2
21.906936	605	441	532	0
21.926467	605	447	532	3
21.945999	606	443	537	4
21.965530	606	438	542	4
21.986906	607	433	550	5
22.006437	611	438	542	2
22.025968	610	445	531	6
22.045500	608	450	527	4
22.065031	611	449	529	3
22.084562	613	448	537	3
22.104093	613	445	544	3
22.123625	610	448	538	5
22.143156	608	450	533	3
22.162687	603	451	533	4
22.172710	610	450	531	5
22.192241	619	449	531	8
22.211772	619	447	535	1
22.231303	613	451	528	8
22.250835	618	451	523	3
22.270366	611	450	523	5
22.289897	614	447	529	4
22.309428	630	434	544	22
22.328960	617	427	550	4
22.348491	615	429	541	4
22.381569	618	422	549	8
22.401100	622	417	560	9
22.420631	627	393	581	26
22.440162	631	387	611	19
22.459694	621	415	568	42
22.479225	581	445	510	60
22.498756	548	467	468	23
22.518287	566	494	444	16
22.537819	565	501	433	7
22.557350	575	489	453	6
22.574170	556	474	473	19
22.593701	579	435	509	32
22.613232	638	387	585	89
22.632763	611	403	559	37
22.652295	632	414	533	1
22.671826	625	422	521	11
22.691357	611	415	515	6
22.710888	586	403	512	6
22.730420	581	418	505	14
22.749951	571	430	506	15
22.767952	562	426	501	1
22.787483	560	413	505	10
22.807014	562	418	514	3
22.826545	571	415	533	8
22.846077	569	419	539	3
22.865608	571	410	543	9
22.885139	564	425	538	17
22.904670	577	433	521	1
22.924202	590	441	520	3
22.943733	601	442	524	8
22.961721	610	440	527	8
22.981252	609	438	540	2
23.000783	607	428	532	3
23.020314	599	425	538	2
23.039846	591	432	547	7
23.059377	572	442	546	19
23.078908	564	433	547	2
23.098439	567	433	547	1
23.117971	569	432	548	2
23.137502	572	432	556	4
23.154808	577	421	559	12
23.174339	577	422	567	2
23.193870	585	419	560	3
23.213402	588	421	561	0
23.232933	591	422	558	0
23.252464	589	434	549	12
23.271995	574	433	552	7
23.291527	570	435	553	3
23.311058	582	425	560	16
23.330589	597	430	563	7
23.348850	602	437	569	1
23.368381	590	437	578	3
23.387912	576	447	570	18
23.407444	576	442	563	0
23.426975	569	437	566	0
23.446506	582	420	567	19
23.466037	550	429	594	5
23.485569	543	443	569	27
23.505100	546	429	554	4
23.524631	557	430	561	6
23.543929	551	429	569	2
23.563460	539	429	566	5
23.582991	542	422	572	9
23.602522	552	415	576	10
23.622054	558	423	580	1
23.641585	551	428	562	15
23.661116	545	423	568	4
23.680647	548	423	571	2
23.700179	549	408	578	15
23.719710	548	397	582	10
23.741427	538	410	575	16
23.760958	533	426	570	16
23.780489	526	417	580	11
23.800020	542	411	590	13
23.819552	566	392	580	17
23.839083	575	382	604	23
23.858614	558	376	609	1
23.878145	540	402	606	25
23.897677	522	442	574	53
23.917208	521	472	547	40
23.934893	537	473	536	1
23.954424	547	458	543	19
23.973955	538	443	559	16
23.993486	518	444	567	0
24.013018	500	435	568	8
24.032549	534	428	552	0
24.052080	548	417	563	18
24.071611	542	409	563	5
24.091143	527	398	582	15
24.110674	533	405	576	8
24.129831	555	403	569	3
24.149362	546	400	568	0
24.168893	523	415	561	20
24.188425	531	415	549	3
24.207956	551	410	560	13
24.227487	549	410	565	1
24.247018	531	403	579	8
24.266550	517	419	584	11
24.286081	524	433	574	16
24.305612	523	427	561	2
24.326820	526	417	566	11
24.346351	520	411	584	14
24.365882	523	413	596	6
24.385413	534	404	597	8
24.404945	553	406	579	7
24.424476	573	416	566	6
24.444007	568	428	554	16
24.463538	554	432	559	7
24.483070	554	419	562	11
24.502601	566	400	578	27
24.520858	552	401	584	2
24.540389	537	411	576	16
24.559920	539	431	559	24
24.579452	544	427	551	1
24.598983	538	414	565	15
24.618514	509	417	584	4
24.638045	480	418	586	4
24.657577	478	445	572	27
24.677108	516	447	562	14
24.696639	525	434	556	8
24.716930	525	405	577	35
24.736461	523	406	594	8
24.755992	523	408	585	6
24.775523	536	409	561	10
24.795055	552	408	565	6
24.814586	550	409	567	0
24.834117	546	411	566	3
24.853648	550	412	574	4
24.873180	555	422	570	8
24.892711	557	423	566	1
24.915429	547	424	574	0
24.934960	536	428	580	2
24.954491	544	426	580	3
24.974022	557	421	581	8
24.993554	558	428	576	7
25.013085	556	436	570	9
25.032616	565	431	565	5
25.052147	560	427	561	1
25.071679	540	409	566	10
25.091210	540	401	590	18
25.107884	550	401	589	1
25.127415	554	408	570	14
25.146946	557	417	549	14
25.166477	540	432	546	20
25.186009	514	436	541	9
25.205540	511	426	554	14
25.225071	532	426	543	2
25.244602	548	390	569	45
25.264134	563	407	561	12
25.283665	542	403	535	11
25.301875	533	401	523	1
25.321406	560	416	514	6
25.340937	569	403	522	16
25.360468	559	406	538	4
25.380000	559	392	527	10
25.399531	566	400	533	3
25.419062	579	400	532	5
25.438593	586	405	529	0
25.458125	586	408	529	2
25.477656	586	410	522	2
25.496908	589	414	524	1
25.516439	584	415	526	3
25.535970	578	412	533	0
25.555501	570	406	534	1
25.575033	569	401	525	2
25.594564	576	399	538	6
25.614095	568	398	539	2
25.633626	554	406	526	14
25.653158	558	402	518	4
25.672689	567	409	525	1
25.706564	572	396	549	18
25.726095	570	403	552	5
25.745626	567	409	565	1
25.765157	572	421	566	6
25.784689	568	421	557	5
25.804220	567	424	560	1
25.823751	558	439	553	18
25.843282	549	438	560	0
25.862814	552	429	565	10
25.882345	554	420	572	11
25.751305	572	396	549	18
25.770836	570	403	552	5
25.790367	567	409	565	1
25.809898	572	421	566	6
25.829430	568	421	557	5
25.848961	567	424	560	1
25.868492	558	439	553	18
25.888023	549	438	560	0
25.907555	552	429	565	10
25.927086	554	420	572	11
25.885896	556	417	573	3
25.905427	551	425	567	11
25.924958	549	433	565	7
25.944489	542	439	563	8
25.964021	536	438	563	0
25.983552	533	434	558	0
26.003083	534	425	560	8
26.022614	549	415	550	8
26.042146	561	411	549	7
26.061677	561	405	541	3
26.081913	561	407	528	4
26.101444	567	415	524	4
26.120975	548	424	499	16
26.140507	566	410	527	20
26.160038	571	396	545	17
26.179569	579	389	561	14
26.199100	582	391	548	4
26.218632	585	403	550	7
26.238163	589	420	547	11
26.257694	586	409	564	12
26.291902	588	405	579	10
26.311433	585	408	562	10
26.330964	579	408	537	10
26.350496	579	423	530	13
26.370027	577	437	519	13
26.389558	561	448	518	18
26.409089	553	447	526	2
26.428621	557	429	536	19
26.448152	553	411	549	17
26.467683	545	390	556	18
26.477691	534	393	568	0
26.497222	541	411	529	26
26.516753	528	413	521	5
26.536284	528	419	508	6
26.555816	532	406	520	13
26.575347	536	395	544	15
26.594878	532	396	552	0
26.614409	525	396	550	1
26.633941	530	408	544	12
26.653472	533	424	525	18
26.672235	540	419	532	7
26.691766	546	410	539	11
26.711297	553	408	529	2
26.730829	561	413	533	0
26.750360	564	414	523	0
26.769891	566	408	526	6
26.789422	570	407	513	1
26.808954	569	401	522	5
26.828485	557	396	526	0
26.848016	544	396	521	4
27.058951	538	408	501	12
27.078482	538	406	500	2
27.098013	548	390	508	17
27.117544	558	384	500	9
27.137076	560	386	490	0
27.156607	549	393	479	7
27.176138	548	400	486	8
27.195669	557	402	489	0
27.215201	564	397	497	6
27.234732	566	398	489	1
27.254844	575	410	492	6
27.274375	569	415	489	6
27.293906	570	407	499	5
27.313437	560	397	522	4
27.332969	547	401	505	8
27.352500	549	407	504	4
27.372031	532	414	512	11
27.391562	535	436	493	18
27.411094	536	437	489	0
27.430625	567	417	502	28
27.482343	520	383	560	27
27.501874	527	386	519	10
27.521405	528	382	530	5
27.540936	542	408	516	23
27.560468	558	436	498	18
27.579999	554	432	478	6
27.599530	554	426	482	3
27.619061	565	432	478	1
27.638593	538	390	562	32
27.658124	532	381	567	9
27.651516	523	377	535	6
27.671047	506	360	548	18
27.690578	531	375	543	14
27.710109	544	380	574	7
27.729641	562	416	541	37
27.749172	577	426	508	4
27.768703	558	429	520	12
27.788234	588	452	470	10
27.807766	597	458	463	6
27.827297	574	429	489	5
27.971680	567	422	468	8
27.991211	555	408	494	0
28.010742	549	410	491	3
28.030273	550	420	497	9
28.049805	549	429	514	9
28.069336	559	427	519	6
28.088867	556	424	509	1
28.108398	550	424	506	2
28.127930	574	421	519	14
28.147461	593	409	535	22
28.038330	608	404	541	14
28.057861	604	393	538	5
28.077392	585	393	524	12
28.096924	584	395	540	0
28.116455	584	392	534	1
28.135986	571	402	531	15
28.155517	567	393	541	8
28.175049	565	387	544	5
28.194580	558	388	536	5
28.214111	553	387	538	0
28.233992	562	395	544	2
28.253523	567	406	544	7
28.273054	567	415	534	9
28.292585	573	424	539	3
28.312117	579	426	552	5
28.331648	577	425	556	1
28.351179	573	426	554	3
28.370710	579	427	555	2
28.390242	595	430	563	10
28.409773	594	438	557	8
28.428966	600	440	552	1
28.448497	594	433	545	1
28.468028	607	444	566	10
28.487560	600	430	562	1
28.507091	588	429	562	7
28.526622	593	430	572	6
28.546153	588	430	580	0
28.565685	585	440	580	7
28.585216	589	450	581	2
28.604747	583	456	586	3
28.628121	588	453	583	2
28.647652	582	454	583	4
28.667183	566	460	582	12
28.686714	565	459	587	3
28.706246	573	442	602	23
28.725777	600	410	636	53
28.745308	524	413	641	20
28.764839	544	498	573	92
28.784371	522	502	573	7
28.803902	581	447	640	96
28.834660	527	438	648	3
28.854191	518	405	630	3
28.873722	555	398	615	0
28.893254	577	380	635	32
28.912785	538	423	610	56
28.932316	558	456	561	47
28.951847	575	427	572	34
28.971379	571	401	609	37
28.990910	556	411	609	11
29.010441	560	421	608	6
29.085992	566	419	596	4
29.105523	589	413	587	9
29.125054	582	414	588	3
29.144586	573	423	589	9
29.164117	545	430	592	13
29.183648	540	436	596	2
29.203179	546	433	595	2
29.222711	538	439	589	10
29.242242	524	436	592	1
29.261773	509	441	590	5
29.087824	566	419	596	30
29.107355	589	413	587	9
29.126886	582	414	588	3
29.146417	573	423	589	9
29.165949	545	430	592	13
29.185480	540	436	596	2
29.205011	546	433	595	2
29.224542	538	439	589	10
29.244074	524	436	592	1
29.263605	509	441	590	5
29.089164	566	419	596	30
29.108695	589	413	587	9
29.128226	582	414	588	3
29.147758	573	423	589	9
29.167289	545	430	592	13
29.186820	540	436	596	2
29.206351	546	433	595	2
29.225883	538	439	589	10
29.245414	524	436	592	1
29.264945	509	441	590	5
29.238159	494	458	593	6
29.257690	490	465	591	4
29.277221	482	469	597	5
29.296752	477	456	609	17
29.316284	476	443	620	15
29.335815	487	435	624	5
29.355346	488	443	616	11
29.374877	484	457	608	12
29.394409	485	473	595	18
29.413940	482	464	603	11
29.239915	494	458	593	8
29.259446	490	465	591	4
29.278977	482	469	597	5
29.298508	477	456	609	17
29.318040	476	443	620	15
29.337571	487	435	624	5
29.357102	488	443	616	11
29.376633	484	457	608	12
29.396165	485	473	595	18
29.415696	482	464	603	11
29.403016	478	465	611	7
29.422547	475	473	598	13
29.442078	471	476	604	5
29.461610	467	460	608	11
29.481141	465	461	609	1
29.500672	472	471	615	1
29.520203	464	487	612	4
29.539735	486	505	599	22
29.559266	475	525	591	2
29.578797	480	510	599	4
29.602513	477	502	600	2
29.622044	473	505	612	12
29.641575	443	507	610	12
29.661107	438	498	657	43
29.680638	415	512	654	8
29.700169	439	521	620	41
29.719700	461	495	610	18
29.739232	471	490	629	14
29.758763	477	483	636	6
29.778294	467	479	650	16
29.796819	472	493	621	31
29.816350	444	533	593	9
29.835881	434	540	603	15
29.855412	435	538	615	8
29.874944	437	524	607	9
29.894475	458	501	612	7
29.914006	457	516	591	17
29.933537	460	519	617	21
29.953069	454	519	619	4
29.972600	443	524	613	0
30.015714	442	512	608	4
30.035245	445	509	615	4
30.054776	455	527	624	3
30.074307	453	505	629	4
30.093839	455	500	632	2
30.113370	459	518	612	20
30.132901	458	526	614	2
30.152432	458	532	616	2
30.171964	466	522	622	0
30.191495	448	523	626	11
30.185057	433	526	626	8
30.204588	447	549	588	32
30.224119	475	524	599	11
30.243650	487	505	627	22
30.263182	453	528	627	12
30.282713	425	531	631	18
30.302244	445	523	623	18
30.321775	462	528	614	15
30.341307	462	509	628	11
30.360838	453	497	644	19
30.381084	433	544	627	2
30.400615	446	559	606	19
30.420146	457	548	602	12
30.439677	463	540	619	9
30.459209	456	517	632	11
30.478740	455	509	628	3
30.498271	443	532	633	11
30.517802	462	547	616	20
30.537334	479	518	625	2
30.556865	470	514	637	14
30.578356	450	519	627	1
30.597887	458	522	612	16
30.617418	453	517	617	6
30.636950	462	525	622	0
30.656481	466	533	622	0
30.676012	468	540	614	6
30.695543	463	530	611	2
30.715075	450	523	607	2
30.734606	452	533	615	7
30.754137	461	512	620	1
30.772224	462	516	632	10
30.791755	444	537	636	13
30.811286	442	537	621	11
30.830817	448	512	617	8
30.850349	450	514	623	4
30.869880	456	519	629	2
30.889411	453	527	630	2
30.908942	464	542	631	1
30.928474	472	523	623	13
30.948005	460	510	620	1
30.966053	455	495	622	5
30.985584	447	530	616	1
31.005115	478	533	609	19
31.024647	486	520	613	0
31.044178	466	510	621	13
31.063709	454	508	628	11
31.083240	462	521	640	7
31.102772	466	505	634	7
31.122303	474	487	638	3
31.141834	470	494	636	1
31.175550	471	514	623	13
31.195081	468	531	630	9
31.214612	473	525	622	9
31.234143	465	514	622	2
31.253675	454	495	632	14
31.273206	452	504	639	6
31.292737	462	510	628	14
31.312268	462	519	617	9
31.331800	466	517	620	0
31.351331	462	509	624	5
31.417185	456	527	624	3
31.436716	457	543	619	1
31.456247	477	514	624	6
31.475779	477	512	627	2
31.495310	471	515	637	11
31.514841	472	514	644	6
31.534372	476	501	635	9
31.553904	480	505	626	10
31.573435	467	511	619	2
31.592966	474	507	614	7
31.597179	476	504	617	2
31.616710	473	508	625	8
31.636241	471	505	629	4
31.655772	467	494	630	3
31.675304	458	497	628	1
31.694835	473	508	622	12
31.714366	484	510	628	2
31.733897	497	503	633	2
31.753429	485	490	636	6
31.772960	468	487	641	9
31.750153	478	498	628	16
31.769684	493	512	623	9
31.789215	488	501	628	6
31.808747	484	499	635	7
31.828278	478	496	637	3
31.847809	471	496	620	13
31.867340	468	512	615	4
31.886872	465	520	631	16
31.906403	469	507	639	5
31.925934	478	496	638	2
31.944099	482	510	636	3
31.963630	490	510	629	8
31.983161	482	505	627	0
32.002692	472	506	631	6
32.022224	476	501	630	1
32.041755	476	495	630	0
32.061286	468	496	627	0
32.080817	467	504	622	5
32.100349	472	502	621	2
32.119880	472	501	620	0
32.139116	474	504	621	0
32.158647	474	503	625	3
32.178178	475	499	628	2
32.197710	471	500	629	2
32.217241	472	502	628	1
32.236772	477	504	627	2
32.256303	479	504	634	6
32.275835	479	505	634	0
32.295366	477	505	630	3
32.314897	467	511	624	2
32.588965	474	494	630	4
32.608496	462	513	634	6
32.628027	479	504	628	10
32.647558	488	475	636	10
32.667090	487	496	638	2
32.686621	492	523	625	14
32.706152	487	504	624	0
32.725683	484	494	622	0
32.745215	492	480	626	5
32.764746	492	475	631	6
32.605178	494	475	630	1
32.624709	498	493	628	6
32.644240	498	517	624	5
32.663771	502	491	629	6
32.683303	496	484	629	2
32.702834	493	488	629	0
32.722365	493	492	622	7
32.741896	492	499	624	1
32.761428	492	499	631	6
32.780959	490	484	631	2
32.719275	480	479	637	8
32.738806	477	494	631	7
32.758337	484	501	620	13
32.777869	489	504	624	2
32.797400	493	498	630	5
32.816931	494	492	631	1
32.836462	500	478	630	1
32.855994	511	470	635	6
32.875525	510	466	639	5
32.895056	495	480	638	3
32.919983	485	509	619	20
32.939514	482	511	597	20
32.959045	501	477	610	14
32.978576	515	450	642	39
32.998108	521	444	644	4
33.017639	489	465	640	10
33.037170	487	487	611	33
33.056701	489	481	611	1
33.076233	500	463	628	20
33.095764	502	460	636	8
33.115315	492	472	636	3
33.134846	484	494	617	21
33.154377	492	503	605	14
33.173908	511	479	622	19
33.193440	510	463	635	17
33.212971	504	467	633	3
33.232502	500	478	625	10
33.252033	479	496	625	0
33.271565	492	498	612	15
33.291096	508	479	629	18
33.311119	502	462	642	18
33.330650	491	464	635	5
33.350181	492	471	634	3
33.369713	498	471	632	2
33.389244	484	484	626	6
33.408775	487	491	606	21
33.428306	494	464	630	29
33.447838	494	472	625	7
33.467369	488	477	618	7
33.486900	498	469	625	7
33.521139	498	465	630	6
33.540670	500	470	622	9
33.560201	503	467	626	4
33.579732	498	470	627	0
33.599264	496	481	623	6
33.618795	500	481	614	9
33.638326	510	464	621	11
33.657857	507	457	632	12
33.677389	508	466	629	6
33.696920	506	470	624	6
33.719978	499	474	620	4
33.739509	494	481	616	5
33.759040	498	476	609	5
33.778572	506	460	619	14
33.798103	495	465	630	9
33.817634	499	468	627	4
33.837165	504	464	626	0
33.856697	500	470	622	5
33.876228	512	464	619	1
33.895759	505	460	627	9
33.913459	502	465	623	5
33.932990	501	470	618	6
33.952521	516	465	609	6
33.972053	519	458	616	9
33.991584	521	447	627	15
34.011115	516	447	634	5
34.030646	507	477	617	27
34.050178	502	488	595	23
34.069709	513	465	607	19
34.089240	509	452	627	23
33.915021	502	465	623	8
33.934552	501	470	618	6
33.954083	516	465	609	6
33.973614	519	458	616	9
33.993146	521	447	627	15
34.012677	516	447	634	5
34.032208	507	477	617	27
34.051739	502	488	595	23
34.071271	513	465	607	19
34.090802	509	452	627	23
34.093169	522	440	631	9
34.112700	519	435	631	2
34.132231	513	447	620	15
34.151762	516	457	604	18
34.171294	526	467	596	10
34.190825	532	451	609	20
34.210356	404	496	624	40
34.229887	582	471	650	3
34.249419	503	475	608	56
34.268950	506	472	624	15
34.290392	515	462	606	12
34.309923	520	464	603	3
34.329454	518	460	617	14
34.348985	504	461	624	6
34.368517	514	455	622	0
34.388048	512	443	626	9
34.407579	508	442	626	0
34.427110	514	453	608	21
34.446642	522	460	602	8
34.466173	520	453	615	14
34.595003	514	447	626	12
34.614534	507	456	628	2
34.634065	513	461	619	10
34.653596	514	451	613	0
34.673128	516	450	608	3
34.692659	516	454	604	5
34.712190	520	455	608	3
34.731721	518	447	621	15
34.751253	509	442	628	8
34.770784	497	456	618	14
34.767704	465	475	614	2
34.787235	533	480	609	13
34.806766	519	461	597	4
34.826298	510	443	629	36
34.845829	517	449	621	9
34.865360	503	436	633	17
34.884891	495	455	620	19
34.904423	513	486	601	30
34.923954	527	463	603	11
34.943485	509	460	618	13
34.951562	514	462	611	7
34.971093	504	464	611	0
34.990624	512	454	612	5
35.010155	523	442	625	17
35.029687	520	431	635	14
35.049218	518	441	628	11
35.068749	519	453	609	22
35.088280	479	504	603	16
35.107812	538	490	598	4
35.127343	521	462	588	1
35.072105	514	443	638	52
35.091636	505	432	654	19
35.111167	492	445	632	24
35.130698	500	460	612	25
35.150230	509	456	594	14
35.169761	520	452	597	5
35.189292	528	447	602	7
35.208823	513	439	627	24
35.228355	499	436	641	14
35.247886	497	447	619	24
35.265223	502	473	611	19
35.284754	519	468	606	2
35.304285	521	467	605	0
35.323817	515	467	606	0
35.343348	513	451	607	8
35.362879	520	440	618	15
35.382410	520	434	627	10
35.401942	521	429	626	2
35.421473	485	451	616	17
35.441004	512	479	610	20
35.460234	539	492	594	14
35.479765	527	438	618	41
35.499296	508	445	632	7
35.518827	516	449	612	19
35.538359	514	454	617	1
35.557890	517	477	606	19
35.577421	531	454	600	6
35.596952	538	442	603	10
35.616484	540	431	606	9
35.636015	521	448	616	4
35.867801	509	437	592	12
35.887332	517	430	607	15
35.906863	528	432	615	5
35.926394	522	441	599	18
35.945926	515	450	589	13
35.965457	522	448	591	3
35.984988	541	428	610	30
36.004519	552	420	611	8
36.024051	544	425	604	10
36.043582	520	437	601	13
36.048345	505	449	587	18
36.067876	500	439	596	13
36.087407	519	430	619	23
36.106939	541	442	608	12
36.126470	537	442	604	4
36.146001	508	435	603	0
36.165532	506	438	594	8
36.185064	502	439	587	5
36.204595	510	428	589	8
36.224126	526	413	591	13
36.262867	538	401	592	11
36.282398	521	401	598	1
36.301929	501	411	575	21
36.321460	477	399	565	10
36.340992	451	389	568	18
36.360523	507	391	617	12
36.380054	497	366	610	16
36.399585	485	399	616	20
36.419117	482	504	583	78
36.438648	448	485	563	8
36.439323	564	277	564	160
36.458854	562	584	681	55
36.478385	557	484	585	100
36.497916	582	595	693	120
36.517448	539	482	587	125
36.536979	554	471	597	18
36.556510	540	521	631	19
36.576041	573	477	629	13
36.595573	567	438	636	18
36.615104	535	418	658	20
36.660100	504	417	664	4
36.679631	502	428	649	18
36.699162	486	481	620	45
36.718693	503	502	585	41
36.738225	520	473	620	40
36.757756	497	484	632	9
36.777287	544	444	616	4
36.796818	543	417	630	26
36.816350	538	456	603	44
36.835881	523	468	581	27
36.827257	497	501	586	6
36.846788	483	546	593	16
36.866319	484	498	628	27
36.885850	481	436	652	42
36.905382	490	430	644	5
36.924913	480	454	631	20
36.944444	479	480	614	24
36.963975	482	503	598	20
36.983507	484	486	636	38
37.003038	495	448	659	31
37.022380	507	450	644	15
37.041911	499	483	621	32
37.061442	493	501	603	19
37.080973	496	509	604	0
37.100505	502	491	629	25
37.120036	506	445	645	29
37.139567	521	442	643	0
37.159098	515	472	621	32
37.178630	487	520	607	17
37.198161	519	572	630	34
37.218316	505	488	667	24
37.237847	518	512	687	18
37.257378	522	534	649	35
37.276910	509	533	625	24
37.296441	510	555	610	7
37.315972	512	539	610	5
37.335503	521	508	632	18
37.355035	538	473	654	29
37.374566	542	490	633	22
37.394097	544	493	597	33
37.413321	527	536	598	2
37.432852	528	536	612	13
37.452383	531	468	635	27
37.471915	495	446	642	14
37.491446	466	531	632	16
37.510977	463	568	613	4
37.530508	487	554	631	3
37.550040	495	567	626	0
37.569571	515	509	631	8
37.589102	464	485	689	66
37.609220	501	517	656	40
37.628751	516	541	621	31
37.648282	520	508	647	22
37.667814	502	515	630	16
37.687345	495	608	612	21
37.706876	499	561	633	8
37.726407	515	490	636	5
37.745939	523	481	643	9
37.765470	512	487	633	11
37.785001	490	539	622	8
37.832260	505	553	614	5
37.851791	526	509	620	1
37.871322	534	476	636	22
37.890853	502	482	656	16
37.910385	486	571	619	22
37.929916	524	571	604	14
37.949447	542	500	632	14
37.968978	533	456	664	39
37.988510	480	524	657	14
38.008041	526	562	605	42
37.833954	505	553	614	3
37.853485	526	509	620	1
37.873016	534	476	636	22
37.892548	502	482	656	16
37.912079	486	571	619	22
37.931610	524	571	604	14
37.951141	542	500	632	14
37.970673	533	456	664	39
37.990204	480	524	657	14
38.009735	526	562	605	42
38.001292	552	531	622	12
38.020823	547	489	641	17
38.040354	514	463	659	19
38.059886	492	543	642	19
38.079417	510	586	601	19
38.098948	542	555	610	4
38.118479	523	500	652	29
38.138011	490	513	655	3
38.157542	527	538	619	33
38.177073	532	513	639	17
38.194312	521	492	644	5
38.213843	499	530	624	19
38.233374	515	571	611	1
38.252906	541	530	627	4
38.272437	527	500	637	6
38.291968	513	498	650	12
38.311499	505	517	646	4
38.331031	505	551	620	19
38.350562	529	554	620	2
38.370093	523	527	639	11
38.389293	520	510	648	7
38.408824	518	512	632	16
38.428355	518	535	620	9
38.447886	532	546	621	5
38.467418	536	515	633	7
38.486949	509	516	644	8
38.506480	515	577	613	11
38.526011	532	549	609	14
38.545543	528	513	640	23
38.565074	528	516	640	0
38.632150	522	529	635	4
38.651681	524	525	643	7
38.671212	530	501	654	11
38.690743	521	486	653	0
38.710275	515	541	626	25
38.729806	522	562	623	4
38.749337	528	537	640	9
38.768868	522	504	640	2
38.788400	523	526	628	11
38.807931	523	591	615	12
38.892962	537	532	626	11
38.912493	523	496	645	15
38.932024	522	516	627	18
38.951555	537	560	616	1
38.971087	548	581	614	11
38.990618	527	494	635	3
39.010149	507	452	650	25
39.029680	519	567	623	26
39.049212	561	665	602	60
39.068743	558	513	618	68
38.894420	537	532	626	2
38.913951	523	496	645	15
38.933482	522	516	627	18
38.953013	537	560	616	1
38.972545	548	581	614	11
38.992076	527	494	635	3
39.011607	507	452	650	25
39.031138	519	567	623	26
39.050670	561	665	602	60
39.070201	558	513	618	68
38.895820	537	532	626	2
38.915351	523	496	645	15
38.934882	522	516	627	18
38.954413	537	560	616	1
38.973945	548	581	614	11
38.993476	527	494	635	3
39.013007	507	452	650	25
39.032538	519	567	623	26
39.052070	561	665	602	60
39.071601	558	513	618	68
38.978332	538	446	656	44
38.997863	510	428	658	7
39.017394	531	578	608	50
39.036926	573	693	578	84
39.056457	565	546	590	101
39.075988	561	483	626	27
39.095519	552	469	652	24
39.115051	552	509	627	30
39.134582	587	594	610	26
39.154113	599	556	620	2
39.186150	559	511	640	9
39.205681	538	501	643	2
39.225212	534	524	620	23
39.244744	544	561	613	5
39.264275	547	524	627	4
39.283806	540	505	646	16
39.303337	524	532	642	4
39.322869	529	555	622	12
39.342400	545	531	624	1
39.361931	549	485	648	25
39.367404	552	466	638	3
39.386935	548	497	621	24
39.406466	554	554	604	6
39.425997	566	536	606	1
39.445529	534	515	632	11
39.465060	539	525	640	9
39.484591	547	581	624	4
39.504122	559	538	614	20
39.523654	548	483	632	13
39.543185	547	472	643	12
39.563332	546	507	639	9
39.582863	548	556	622	7
39.602394	570	578	603	2
39.621926	567	537	610	11
39.641457	546	461	646	32
39.660988	543	516	639	16
39.680519	544	589	609	2
39.700051	556	587	594	8
39.719582	563	472	623	9
39.739113	561	412	664	59
39.759876	521	483	671	26
39.779407	555	661	608	20
39.798938	568	626	568	43
39.818470	554	500	591	48
39.838001	567	460	636	55
39.857532	562	445	645	11
39.877063	575	497	624	27
39.896595	586	559	605	1
39.916126	592	534	595	10
39.935657	589	496	599	0
39.953304	569	495	607	5
39.972835	562	516	608	3
39.992366	576	527	609	8
40.011898	579	529	596	8
40.031429	595	508	593	7
40.050960	589	470	596	5
40.070491	596	474	604	8
40.090023	613	474	614	18
40.109554	609	499	606	12
40.129085	615	471	592	1
40.151384	580	464	596	18
40.170915	603	480	590	5
40.190446	584	514	608	4
40.209977	600	513	578	10
40.229509	596	512	591	5
40.249040	590	486	590	1
40.268571	599	479	606	18
40.288102	595	505	592	16
40.307634	613	510	570	0
40.327165	595	522	584	6
40.344468	613	500	587	16
40.363999	607	478	605	10
40.383530	602	480	598	8
40.403061	589	503	594	15
40.422593	591	517	580	8
40.442124	598	496	585	9
40.461655	604	481	608	22
40.481186	597	484	604	8
40.500718	610	470	597	8
40.520249	595	474	602	8
40.539369	587	479	584	19
40.558900	586	481	594	5
40.578431	594	481	597	7
40.597962	599	478	592	0
40.617494	605	473	586	2
40.637025	598	463	606	11
40.656556	600	444	599	4
40.676087	578	463	602	19
40.695619	573	482	603	8
40.715150	584	482	613	14
40.737760	587	517	613	1
40.757291	615	502	592	4
40.776822	587	507	595	18
40.796354	587	502	585	6
40.815885	577	486	581	6
40.835416	586	477	591	15
40.854947	576	480	608	5
40.874479	579	493	611	1
40.894010	583	490	604	2
40.913541	582	483	602	0
40.930586	588	488	602	2
40.950117	588	485	604	2
40.969648	586	494	602	4
40.989179	588	502	599	1
41.008711	586	499	607	5
41.028242	590	492	609	4
41.047773	571	510	609	12
41.067304	594	525	599	6
41.086836	582	515	584	19
41.106367	589	492	612	27
41.125351	588	472	609	1
41.144882	583	492	611	6
41.164413	593	505	599	4
41.183944	584	519	595	8
41.203476	577	522	615	12
41.223007	587	511	609	0
41.242538	588	494	606	0
41.262069	587	484	599	3
41.281601	598	476	589	2
41.301132	599	483	594	2
41.321580	601	489	597	2
41.341111	590	491	605	2
41.360642	580	483	605	4
41.380173	575	480	607	0
41.399705	585	472	596	0
41.419236	604	487	591	5
41.438767	590	474	608	5
41.458298	593	484	595	10
41.477830	581	488	605	1
41.497361	590	478	611	12
41.516557	579	495	615	6
41.536088	595	495	592	7
41.555619	598	511	589	1
41.575150	576	517	608	0
41.594682	572	520	609	1
41.614213	573	511	592	13
41.633744	585	487	605	20
41.653275	590	479	603	3
41.672807	582	483	605	4
41.692338	582	491	599	6
41.711663	590	484	594	2
41.731194	588	474	602	7
41.750725	581	474	613	4
41.770257	578	488	607	9
41.789788	595	505	591	3
41.809319	590	482	602	8
41.828850	590	472	606	5
41.848382	575	476	616	1
41.867913	557	497	621	7
41.887444	562	516	601	16
41.907392	594	496	585	8
41.926923	587	477	613	19
41.946454	581	478	616	1
41.965986	569	495	605	18
41.985517	576	501	603	1
42.005048	591	483	590	2
42.024579	593	462	598	13
42.044111	593	457	604	6
42.063642	604	492	603	3
42.083173	601	492	602	2
42.102387	571	490	620	3
42.121918	583	495	596	13
42.141449	584	493	605	7
42.160980	589	490	600	0
42.180512	573	496	610	2
42.200043	572	499	608	2
42.219574	572	515	600	7
42.239105	581	506	594	0
42.258637	582	482	621	25
42.278168	571	476	634	7
42.297432	563	495	624	15
42.316963	567	511	604	17
42.336494	586	513	598	6
42.356025	585	508	612	10
42.375557	574	510	631	10
42.395088	559	496	643	5
42.414619	549	470	660	18
42.434150	585	450	634	3
42.453682	602	433	632	14
42.473213	585	447	620	23
42.492556	586	475	598	26
42.512087	550	474	609	8
42.531618	563	494	589	16
42.551150	606	522	574	18
42.570681	524	519	613	11
42.590212	452	503	674	71
42.609743	456	532	661	12
42.629275	536	627	571	28
42.648806	537	651	545	13
42.668337	568	644	547	2
42.743373	599	561	569	32
42.762904	574	522	607	1
42.782435	585	422	686	95
42.801966	676	319	666	87
42.821498	635	335	686	19
42.841029	604	374	649	61
42.860560	572	446	641	58
42.880091	558	503	629	30
42.899623	577	470	655	36
42.919154	595	466	667	19
42.744961	599	561	569	66
42.764492	574	522	607	1
42.784023	585	422	686	95
42.803555	676	319	666	87
42.823086	635	335	686	19
42.842617	604	374	649	61
42.862148	572	446	641	58
42.881680	558	503	629	30
42.901211	577	470	655	36
42.920742	595	466	667	19
42.893478	599	474	658	7
42.913009	585	485	652	13
42.932540	570	485	660	1
42.952071	558	482	667	3
42.971603	566	471	655	6
42.991134	563	463	655	1
43.010665	557	463	664	6
43.030196	573	454	662	6
43.049728	562	473	659	11
43.069259	561	451	656	3
42.983638	599	474	658	10
43.003169	585	485	652	13
43.022700	570	485	660	1
43.042232	558	482	667	3
43.061763	566	471	655	6
43.081294	563	463	655	1
43.100825	557	463	664	6
43.120357	573	454	662	6
43.139888	562	473	659	11
43.159419	561	451	656	3
42.985249	599	474	658	10
43.004780	585	485	652	13
43.024311	570	485	660	1
43.043843	558	482	667	3
43.063374	566	471	655	6
43.082905	563	463	655	1
43.102436	557	463	664	6
43.121968	573	454	662	6
43.141499	562	473	659	11
43.161030	561	451	656	3
43.127486	551	456	655	5
43.147017	557	451	662	9
43.166548	582	443	663	12
43.186080	573	452	678	6
43.205611	516	476	660	34
43.225142	526	474	627	30
43.244673	527	466	623	0
43.264205	550	435	602	3
43.283736	522	467	591	32
43.303267	522	451	586	4
43.346486	515	473	599	1
43.366017	514	451	582	2
43.385548	479	505	529	55
43.405080	529	459	501	18
43.424611	555	479	489	2
43.444142	546	452	497	11
43.463673	524	463	508	19
43.483205	535	449	514	16
43.502736	516	450	509	4
43.522267	530	452	495	2
43.348207	515	473	599	30
43.367738	514	451	582	2
43.387269	479	505	529	55
43.406801	529	459	501	18
43.426332	555	479	489	2
43.445863	546	452	497	11
43.465394	524	463	508	19
43.484926	535	449	514	16
43.504457	516	450	509	4
43.523988	530	452	495	2
43.349579	515	473	599	30
43.369110	514	451	582	2
43.388641	479	505	529	55
43.408173	529	459	501	18
43.427704	555	479	489	2
43.447235	546	452	497	11
43.466766	524	463	508	19
43.486298	535	449	514	16
43.505829	516	450	509	4
43.525360	530	452	495	2
43.667656	496	393	523	55
43.687187	464	373	535	28
43.706718	460	371	532	2
43.726249	444	408	516	27
43.745781	446	409	506	1
43.765312	456	418	505	12
43.784843	484	433	520	25
43.804374	514	435	503	6
43.823906	529	402	513	33
43.843437	460	381	553	35
43.861441	403	384	552	26
43.880972	448	323	557	31
43.900503	450	346	544	24
43.920034	486	344	543	7
43.939566	514	374	524	34
43.959097	526	401	497	25
43.978628	514	401	505	1
43.998159	499	400	506	1
44.017691	503	400	505	0
44.037222	523	404	500	3
44.058065	502	402	507	1
44.077596	489	395	501	9
44.097127	497	387	499	6
44.116658	513	397	498	10
44.136190	505	403	503	6
44.155721	495	397	508	6
44.175252	478	389	521	11
44.194783	467	399	519	6
44.214315	459	412	512	8
44.233846	461	423	509	10
44.252329	462	431	507	7
44.271860	458	441	502	5
44.291391	462	433	506	3
44.310922	464	431	509	0
44.330454	468	428	512	0
44.349985	454	413	515	19
44.369516	448	400	515	14
44.389047	456	407	509	9
44.408579	465	413	521	9
44.428110	476	418	517	9
44.447507	480	415	514	1
44.467038	479	407	503	8
44.486569	475	398	496	10
44.506100	476	398	490	0
44.525632	483	400	498	5
44.545163	486	398	502	0
44.564694	490	402	495	3
44.584225	480	367	525	35
44.603757	455	322	573	58
44.623288	432	324	572	5
44.644921	422	369	518	43
44.664452	429	433	462	44
44.683983	501	455	483	60
44.703515	547	505	486	20
44.723046	520	459	485	15
44.742577	534	446	472	20
44.762108	528	433	472	9
44.781640	535	414	484	14
44.801171	526	360	556	54
44.820702	464	331	564	35
44.839132	477	339	535	16
44.858663	496	348	524	12
44.878194	497	371	520	23
44.897726	508	401	501	30
44.917257	505	420	492	17
44.936788	496	425	485	1
44.956319	499	423	487	0
44.975851	494	421	488	2
44.995382	486	411	498	9
45.014913	484	397	504	13
45.033522	480	392	509	5
45.053053	480	392	509	0
45.072584	475	391	507	2
45.092115	479	388	508	1
45.111647	489	397	499	10
45.131178	494	398	502	2
45.150709	497	394	506	3
45.170240	496	390	507	4
45.189772	496	387	504	3
45.209303	497	392	499	4
45.228514	502	398	500	6
45.248045	505	399	500	1
45.267576	500	393	504	6
45.287107	499	394	508	1
45.306639	500	399	509	5
45.326170	492	402	505	1
45.345701	492	400	505	1
45.365232	490	402	504	1
45.384764	484	398	507	5
45.404295	483	402	505	3
45.486667	483	401	505	0
45.506198	483	405	503	3
45.525729	489	407	503	3
45.545260	490	409	502	2
45.564792	489	408	499	1
45.584323	487	405	501	3
45.603854	480	398	502	8
45.623385	475	394	504	5
45.642917	477	397	500	3
45.662448	476	400	495	1
45.622195	478	399	498	0
45.641726	477	398	494	1
45.661257	480	398	496	1
45.680789	487	397	495	0
45.700320	496	396	498	0
45.719851	508	402	502	7
45.739382	507	406	505	4
45.758914	506	405	506	0
45.778445	505	409	498	3
45.797976	496	401	501	8
45.872849	498	396	508	4
45.892380	498	396	504	0
45.911911	499	393	506	2
45.931442	500	390	509	2
45.950974	501	395	506	4
45.970505	501	394	506	0
45.990036	501	392	506	1
46.009567	504	395	502	2
46.029099	512	394	501	0
46.048630	514	393	504	0
46.010544	505	391	506	2
46.030075	501	393	503	1
46.049606	497	398	500	4
46.069138	497	398	503	0
46.088669	495	396	502	2
46.108200	498	396	501	0
46.127731	498	396	501	0
46.147263	496	396	499	0
46.166794	493	401	494	3
46.186325	501	399	493	1
46.248358	494	400	497	0
46.267889	489	390	506	9
46.287420	487	393	501	2
46.306952	484	399	499	4
46.326483	483	396	501	2
46.346014	475	402	498	3
46.365545	488	410	493	10
46.385077	487	412	490	1
46.404608	481	389	500	22
46.424139	487	378	509	8
46.400561	495	387	506	10
46.420092	500	400	498	12
46.439623	499	407	495	6
46.459155	499	405	495	1
46.478686	501	401	503	2
46.498217	500	399	502	2
46.517748	505	398	501	0
46.537280	503	397	505	0
46.556811	500	400	509	2
46.576342	499	407	499	6
46.597614	497	409	492	0
46.617145	494	399	494	9
46.636676	494	398	500	0
46.656208	488	399	503	0
46.675739	479	399	502	2
46.695270	472	400	496	1
46.714801	473	406	495	5
46.734333	473	415	498	8
46.753864	475	424	496	8
46.773395	479	421	489	2
46.628195	497	409	492	6
46.647726	494	399	494	9
46.667257	494	398	500	0
46.686789	488	399	503	0
46.706320	479	399	502	2
46.725851	472	400	496	1
46.745382	473	406	495	5
46.764914	473	415	498	8
46.784445	475	424	496	8
46.803976	479	421	489	2
46.777852	497	409	492	6
46.797383	494	399	494	9
46.816914	494	398	500	0
46.836446	488	399	503	0
46.855977	479	399	502	2
46.875508	472	400	496	1
46.895039	473	406	495	5
46.914571	473	415	498	8
46.934102	475	424	496	8
46.953633	479	421	489	2
46.792620	482	412	496	6
46.812151	483	407	501	3
46.831682	485	404	504	2
46.851213	492	420	492	15
46.870745	496	422	480	0
46.890276	495	394	484	25
46.909807	471	334	526	60
46.929338	446	283	573	62
46.948870	444	267	590	19
46.968401	480	335	548	82
46.990621	504	394	497	64
47.010152	541	477	430	25
47.029683	578	524	434	9
47.049215	539	513	451	36
47.068746	532	483	442	11
47.088277	533	464	455	0
47.107808	503	438	495	0
47.127340	518	373	521	62
47.146871	425	292	587	108
47.166402	390	299	544	0
47.184839	494	336	519	70
47.204370	515	383	494	46
47.223901	486	383	494	2
47.243433	507	423	471	34
47.262964	526	452	466	21
47.282495	505	422	481	18
47.302026	520	417	502	0
47.321558	528	411	514	6
47.341089	520	387	519	23
47.360620	492	356	516	31
47.379611	487	363	512	6
47.399142	498	390	504	28
47.418673	496	419	499	27
47.438205	499	434	487	12
47.457736	490	425	482	11
47.477267	474	411	493	14
47.496798	484	399	491	8
47.516330	486	394	496	3
47.535861	481	394	509	0
47.555392	489	407	509	14
47.576579	495	419	478	7
47.596110	495	409	473	10
47.615641	486	389	476	19
47.635173	477	376	486	12
47.654704	492	388	495	16
47.674235	500	406	491	18
47.693766	520	425	472	12
47.713298	521	404	470	20
47.732829	510	386	474	15
47.752360	527	357	487	26
47.774643	524	347	480	10
47.794174	530	341	459	11
47.813705	540	348	429	5
47.833236	540	358	396	8
47.852768	518	360	411	12
47.872299	524	372	437	23
47.891830	508	393	458	28
47.911361	496	401	491	16
47.930893	491	400	512	0
47.950424	499	414	509	15
47.965651	505	417	496	2
47.985182	491	413	498	5
48.004713	478	398	515	16
48.024245	484	386	509	10
48.043776	488	390	508	4
48.063307	498	427	496	36
48.082838	506	451	503	25
48.102370	517	444	524	7
48.121901	465	384	562	76
48.141432	455	364	559	20
48.160616	472	397	529	42
48.180147	489	449	508	55
48.199678	506	452	501	5
48.219209	469	413	501	47
48.238741	479	404	522	4
48.258272	477	374	557	35
48.277803	449	375	564	10
48.297334	456	382	555	11
48.316866	500	422	534	54
48.336397	518	443	514	24
48.356642	510	401	523	42
48.376173	473	378	546	32
48.395704	468	393	569	4
48.415236	486	431	560	41
48.434767	486	427	536	5
48.454298	489	450	531	23
48.473829	438	418	542	54
48.493361	457	413	552	3
48.512892	443	384	546	29
48.532423	434	379	559	11
48.550639	455	384	573	8
48.570170	457	413	554	32
48.589701	463	458	570	27
48.609232	462	469	572	4
48.628764	450	427	561	26
48.648295	446	399	589	35
48.667826	487	406	590	17
48.687357	511	414	578	15
48.706889	525	424	563	15
48.726420	528	453	556	27
48.747473	519	441	563	12
48.767004	504	397	589	50
48.786535	481	373	602	29
48.806067	479	352	614	24
48.825598	225	477	504	96
48.845129	536	473	609	181
48.864660	499	544	545	59
48.884192	499	464	568	27
48.903723	445	386	573	80
48.923254	439	356	642	60
48.946328	492	416	595	87
48.965859	513	453	570	45
48.985390	525	446	588	18
49.004921	518	411	595	29
49.024453	504	390	617	30
49.043984	473	394	607	4
49.063515	449	431	599	21
49.083046	519	481	626	16
49.102578	507	474	576	43
49.122109	484	469	586	15
49.137670	468	462	594	15
49.157201	479	442	592	5
49.176732	493	422	603	18
49.196264	498	436	615	0
49.215795	441	480	623	6
49.235326	471	493	592	43
49.254857	486	465	578	6
49.274389	486	424	605	45
49.293920	489	405	628	28
49.313451	498	395	647	19
49.541853	485	444	621	47
49.561384	520	477	580	54
49.580915	551	471	570	4
49.600446	535	443	596	30
49.619978	500	435	614	17
49.639509	519	417	610	8
49.659040	514	418	592	13
49.678571	531	420	594	1
49.698103	522	431	607	0
49.717634	505	453	597	21
49.547668	485	444	621	27
49.567199	520	477	580	54
49.586730	551	471	570	4
49.606261	535	443	596	30
49.625793	500	435	614	17
49.645324	519	417	610	8
49.664855	514	418	592	13
49.684386	531	420	594	1
49.703918	522	431	607	0
49.723449	505	453	597	21
49.577073	485	444	621	27
49.596604	520	477	580	54
49.616135	551	471	570	4
49.635667	535	443	596	30
49.655198	500	435	614	17
49.674729	519	417	610	8
49.694260	514	418	592	13
49.713792	531	420	594	1
49.733323	522	431	607	0
49.752854	505	453	597	21
49.585453	499	447	585	5
49.604984	503	425	590	18
49.624515	511	426	595	2
49.644047	508	426	608	9
49.663578	508	423	607	1
49.683109	518	422	600	4
49.702640	528	428	593	8
49.722172	528	429	593	0
49.741703	528	435	592	4
49.761234	533	439	589	4
49.734626	528	431	600	12
49.754157	528	421	607	11
49.773688	528	414	614	9
49.793220	530	428	611	11
49.812751	526	444	603	16
49.832282	518	454	593	14
49.851813	527	446	590	3
49.871345	528	451	601	5
49.890876	516	442	611	12
49.910407	511	436	610	2
49.922668	510	436	608	1
49.942199	512	444	600	11
49.961730	521	451	591	10
49.981261	528	452	590	0
50.000793	528	463	597	0
50.020324	530	470	607	6
50.039855	532	461	626	21
50.059386	512	432	661	42
50.078918	502	416	664	10
50.098449	527	381	681	34
50.114673	548	376	671	2
50.134204	543	348	668	16
50.153735	502	350	632	26
50.173266	576	406	562	68
50.192798	593	522	516	51
50.212329	522	570	482	15
50.231860	469	592	415	66
50.251391	594	496	432	17
50.270923	567	523	486	53
50.290454	496	534	525	31
50.308753	523	445	566	56
50.328284	586	323	644	155
50.347815	591	224	955	292
50.367347	677	259	659	198
50.386878	606	411	604	170
50.406409	519	488	563	109
50.425940	492	519	530	28
50.445472	522	476	513	9
50.465003	486	457	541	30
50.484534	515	455	600	37
50.503748	577	435	635	54
50.523279	574	408	663	34
50.542810	557	407	652	12
50.562341	546	444	601	63
50.581873	543	449	583	17
50.601404	541	439	585	7
50.620935	538	434	591	6
50.640466	527	439	592	4
50.659998	529	438	600	6
50.679529	540	440	616	13
50.702031	546	436	621	7
50.721562	536	425	623	5
50.741093	532	434	610	16
50.760624	524	449	591	25
50.780156	512	466	587	13
50.799687	519	472	591	0
50.819218	521	464	611	21
50.838749	524	453	624	16
50.858281	523	442	620	2
50.877812	516	435	620	3
50.894706	504	457	624	7
50.914237	508	506	599	37
50.933768	517	535	603	6
50.953300	526	540	627	25
50.972831	537	538	648	21
50.992362	541	531	675	25
51.011893	535	541	684	9
51.031425	522	582	682	8
51.050956	511	611	676	7
51.070487	484	656	674	26
51.089720	507	633	648	36
51.109251	554	503	590	93
51.128782	526	454	554	16
51.148314	577	359	558	99
51.167845	662	295	556	94
51.187376	622	352	571	64
51.206907	548	375	566	51
51.226439	333	451	521	37
51.245970	539	478	520	145
51.265501	593	421	526	78
51.284899	492	525	488	88
51.304430	486	570	443	59
51.323961	580	525	500	23
51.343493	550	554	490	9
51.363024	553	587	494	26
51.382555	545	570	519	20
51.402086	549	532	541	16
51.421618	534	504	563	5
51.441149	511	482	588	25
51.460680	522	477	600	13
51.482730	525	503	608	2
51.502261	550	507	562	34
51.521792	529	521	539	29
51.541323	533	529	523	3
51.560855	525	528	513	8
51.580386	516	523	508	8
51.599917	510	524	508	0
51.619448	529	526	503	10
51.638980	531	524	501	1
51.658511	521	539	501	5
