-0.119733	604	521	449	111
-0.100202	609	516	442	7
-0.080671	605	515	439	1
-0.061140	603	511	432	2
-0.041608	607	517	438	0
-0.022077	608	516	431	5
-0.002546	605	514	431	2
0.016985	605	518	433	1
0.036517	606	524	436	0
0.056048	602	519	440	6
0.074091	591	520	450	14
0.093622	594	528	455	0
0.113153	604	525	430	22
0.132684	605	522	424	4
0.152216	599	526	430	8
0.171747	608	515	437	1
0.191278	603	510	439	5
0.210809	601	506	448	6
0.230341	603	505	441	5
0.249872	606	513	435	5
0.276990	606	517	433	1
0.296521	605	535	433	1
0.316052	614	525	419	14
0.335583	612	520	421	3
0.355115	606	530	436	13
0.374646	601	530	444	8
0.394177	605	523	435	7
0.413708	612	521	430	8
0.433240	604	523	431	6
0.452771	599	520	440	9
0.466141	600	525	453	6
0.485672	608	508	450	7
0.505203	614	503	440	10
0.524734	610	501	440	3
0.544266	613	510	446	1
0.563797	620	505	433	13
0.583328	625	503	434	3
0.602859	620	506	442	8
0.622391	614	512	456	12
0.641922	617	519	456	2
0.661079	621	508	439	12
0.680610	623	508	434	4
0.700141	612	520	436	9
0.719672	613	525	444	3
0.739204	604	525	456	13
0.758735	611	515	459	3
0.778266	611	511	444	7
0.797797	616	520	439	7
0.817329	614	520	442	3
0.836860	609	519	447	6
0.878170	606	522	451	4
0.897701	611	524	453	3
0.917232	609	507	457	4
0.936764	602	497	465	8
0.956295	604	491	471	0
0.975826	608	492	459	8
0.995357	608	495	448	5
1.014889	609	497	450	0
1.034420	614	502	443	7
1.053951	625	501	438	11
1.056106	623	500	438	1
1.075637	618	514	462	16
1.095168	611	515	458	4
1.114700	614	521	458	2
1.134231	617	522	455	4
1.153762	615	527	454	0
1.173293	608	528	449	3
1.192825	607	531	449	0
1.212356	606	543	446	3
1.231887	617	546	448	8
1.251078	628	536	442	10
1.270609	627	532	440	0
1.290140	622	530	452	10
1.309671	623	527	462	3
1.329203	623	532	457	2
1.348734	626	535	450	6
1.368265	622	540	443	1
1.387796	615	537	442	5
1.407328	624	539	450	3
1.426859	628	528	449	2
1.446184	626	525	454	4
1.465715	621	519	455	5
1.485246	617	517	449	0
1.504777	620	515	446	4
1.524309	622	515	445	2
1.543840	625	510	443	3
1.563371	619	512	445	6
1.582902	619	521	451	2
1.602434	620	526	450	1
1.621965	612	525	450	6
1.643127	612	521	451	0
1.662658	606	513	448	3
1.682189	607	525	451	0
1.701720	607	527	440	6
1.721252	601	532	440	3
1.740783	598	530	450	8
1.760314	596	518	452	4
1.779845	603	525	459	2
1.799377	600	530	450	3
1.818908	590	532	458	12
1.837168	594	518	477	7
1.856699	607	505	484	9
1.876230	587	522	476	15
1.895761	591	529	466	9
1.915293	602	519	460	11
1.934824	590	519	472	16
1.954355	578	521	485	16
1.973886	589	528	488	10
1.993418	595	520	474	9
2.012949	580	520	457	3
2.032170	587	534	473	0
2.051701	582	506	466	3
2.071232	580	489	460	4
2.090764	589	490	458	7
2.110295	603	489	449	16
2.129826	597	505	444	3
2.149357	595	516	451	5
2.168889	610	526	465	6
2.188420	616	526	454	10
2.207951	617	527	458	0
2.228016	620	535	463	1
2.247547	635	556	458	20
2.267078	634	564	428	15
2.286609	644	561	432	4
2.306141	644	542	435	6
2.325672	624	533	452	26
2.345203	626	545	467	1
2.364734	626	536	451	4
2.384266	623	527	441	1
2.403797	618	517	438	3
2.423004	612	519	450	11
2.442535	607	518	464	11
2.462066	599	513	465	7
2.481597	603	516	465	3
2.501129	601	511	451	5
2.520660	600	492	439	8
2.540191	602	494	442	0
2.559722	595	508	437	3
2.579254	606	524	440	7
2.598785	615	523	429	13
2.620868	609	516	431	6
2.640399	600	520	452	19
2.659930	603	540	463	0
2.679461	610	548	458	10
2.698993	613	542	450	4
2.718524	608	534	449	5
2.738055	603	533	449	4
2.757586	603	538	452	0
2.777118	621	550	436	26
2.796649	629	555	417	18
2.815869	623	540	418	8
2.835400	599	520	420	21
2.854931	612	550	448	2
2.874463	628	570	440	23
2.893994	643	563	426	16
2.913525	624	520	416	17
2.933056	586	499	415	25
2.952588	577	530	445	27
2.972119	602	576	421	48
2.991650	595	574	372	31
3.009194	568	539	371	20
3.028725	568	549	386	11
3.048256	572	577	374	21
3.067787	563	582	364	7
3.087319	554	582	377	13
3.106850	554	550	384	17
3.126381	564	549	401	11
3.145912	582	537	393	12
3.165444	590	527	417	16
3.184975	625	518	463	0
3.205902	642	507	487	9
3.225433	642	497	507	1
3.244964	627	479	490	9
3.264495	610	483	476	13
3.284027	590	528	462	14
3.303558	580	529	447	1
3.323089	575	520	447	4
3.342620	569	531	442	1
3.362152	573	535	423	18
3.381683	571	539	395	23
3.696388	574	556	419	13
3.715919	574	534	409	2
3.735450	584	524	400	11
3.754982	555	528	403	15
3.774513	560	494	378	25
3.794044	548	566	413	25
3.813575	546	550	408	2
3.833107	546	549	409	1
3.852638	552	535	420	11
3.872169	557	547	412	12
3.791254	560	540	390	18
3.810785	578	546	388	10
3.830316	564	538	379	0
3.849848	552	551	408	27
3.869379	550	572	431	10
3.888910	562	577	420	15
3.908441	576	568	395	21
3.927973	588	567	384	14
3.947504	557	538	400	35
3.967035	560	546	442	32
3.986105	563	538	429	9
4.005636	568	531	416	11
4.025167	569	518	411	3
4.044698	586	538	416	7
4.064230	579	553	393	18
4.083761	582	554	387	6
4.103292	574	520	409	28
4.122823	569	522	439	27
4.142355	576	544	429	16
4.161886	577	566	391	38
4.181167	571	552	388	4
4.200698	565	536	414	29
4.220229	579	536	439	12
4.239760	583	537	446	1
4.259292	574	528	439	3
4.278823	567	511	410	18
4.298354	568	529	409	2
4.317885	579	537	442	18
4.337417	592	530	455	0
4.356948	593	528	448	4
4.376482	600	544	434	17
4.396013	604	557	412	21
4.415544	616	558	429	2
4.435076	618	551	442	7
4.454607	612	532	440	8
4.474138	613	526	438	1
4.493669	619	539	432	10
4.513201	628	553	429	12
4.532732	635	552	428	5
4.552263	636	546	425	1
4.573252	615	536	415	11
4.592783	594	537	437	29
4.612314	576	521	436	14
4.631845	579	518	438	0
4.651377	573	521	415	14
4.670908	563	521	411	1
4.690439	563	519	415	3
4.709970	566	521	408	7
4.729502	571	521	402	7
4.749033	564	519	422	20
4.820187	561	514	439	16
4.839718	571	515	434	9
4.859249	579	518	414	21
4.878781	580	524	409	5
4.898312	586	530	412	1
4.917843	596	538	421	0
4.937374	598	541	435	7
4.956906	606	542	445	0
4.976437	604	545	438	3
4.995968	607	559	438	6
4.962205	616	559	432	10
4.981736	620	559	446	4
5.001267	616	544	465	16
5.020798	613	534	459	2
5.040330	617	546	446	12
5.059861	616	561	435	9
5.079392	615	553	442	7
5.098923	615	536	448	7
5.118455	612	531	432	5
5.137986	604	537	415	6
5.158245	594	538	415	6
5.177776	594	534	438	17
5.197307	592	519	455	14
5.216839	589	514	459	4
5.236370	587	517	455	0
5.255901	589	524	438	13
5.275432	587	525	444	5
5.294964	588	518	459	9
5.314495	592	515	445	11
5.334026	591	525	413	22
5.353246	601	532	404	14
5.372777	600	521	426	17
5.392308	601	502	448	13
5.411839	602	500	435	8
5.431371	604	516	410	18
5.450902	600	528	412	3
5.470433	594	526	429	16
5.489964	596	516	453	14
5.509496	592	521	445	2
5.529027	594	541	429	15
5.548150	590	546	427	0
5.567681	594	547	445	8
5.587212	601	538	451	0
5.606744	598	529	437	4
5.626275	596	526	419	10
5.645806	592	522	418	2
5.665337	596	525	439	11
5.684869	600	524	441	1
5.704400	604	525	411	23
5.723931	598	528	391	12
5.744261	592	524	414	22
5.763792	589	521	425	10
5.783323	587	533	428	1
5.802855	590	537	433	0
5.822386	588	533	444	9
5.841917	586	524	451	7
5.861448	585	515	433	10
5.880980	588	523	424	9
5.900511	587	523	431	5
5.920042	588	526	434	1
5.939249	592	533	423	11
5.958780	590	526	418	1
5.978311	588	516	426	8
5.997843	585	520	435	8
6.017374	583	534	450	9
6.036905	599	547	464	8
6.056436	583	541	437	1
6.075968	570	529	423	0
6.095499	581	538	425	6
6.115030	594	549	402	28
6.134278	597	562	374	27
6.153809	577	567	412	38
6.173340	566	553	445	36
6.192872	563	551	445	2
6.212403	580	557	415	33
6.231934	597	573	375	45
6.251465	597	573	358	13
6.270997	587	561	395	38
6.290528	579	549	435	38
6.310059	564	552	431	4
6.330302	575	556	417	17
6.349833	574	553	393	18
6.369364	575	544	414	19
6.388896	577	532	431	15
6.408427	591	495	440	2
6.427958	613	457	440	27
6.447489	616	448	426	13
6.467021	604	476	413	9
6.486552	597	501	391	8
6.506083	602	510	393	0
6.520319	602	507	422	21
6.539850	595	511	428	9
6.559381	603	523	434	2
6.578912	605	513	434	1
6.598444	598	510	425	0
6.617975	603	529	437	3
6.637506	616	524	448	3
6.657037	609	511	449	7
6.676569	613	512	452	1
6.696100	611	527	443	4
6.720456	614	522	437	5
6.739987	580	516	435	24
6.759518	582	515	459	14
6.779049	591	508	443	17
6.798581	604	510	418	26
6.818112	591	515	418	8
6.837643	580	521	438	21
6.857174	586	527	436	6
6.876706	578	517	416	9
6.896237	579	504	425	6
6.908404	582	499	429	0
6.927935	586	505	423	6
6.947466	592	520	411	13
6.966997	597	532	399	13
6.986529	597	528	396	1
7.006060	598	504	408	9
7.025591	581	500	409	10
7.045122	593	494	395	18
7.064654	563	496	386	6
7.084185	574	516	436	38
7.104291	606	547	470	10
7.123822	584	508	430	0
7.143353	563	529	433	13
7.162884	570	585	419	36
7.182416	587	603	398	32
7.201947	580	540	389	20
7.221478	575	490	414	24
7.241009	571	493	435	19
7.260541	585	520	440	3
7.280072	586	524	439	1
7.298432	577	515	445	11
7.317963	588	486	432	19
7.337494	600	497	416	17
7.357025	602	503	404	9
7.376557	597	517	418	14
7.396088	586	524	453	31
7.415619	595	502	451	8
7.435150	605	497	431	20
7.454682	608	501	417	11
7.474213	610	506	432	8
7.494493	623	489	448	3
7.514024	610	484	456	13
7.533555	614	493	455	2
7.553087	607	502	447	2
7.572618	610	507	452	0
7.592149	614	498	447	6
7.611680	621	489	438	11
7.631212	614	496	429	1
7.650743	609	507	429	4
7.670274	608	513	434	4
7.690296	614	518	440	1
7.709827	605	507	436	4
7.729358	598	496	433	2
7.748889	599	493	421	9
7.768421	597	492	413	4
7.787952	602	490	430	8
7.807483	606	491	452	10
7.827014	609	499	467	5
7.846546	617	499	467	7
7.866077	613	503	454	1
7.884345	608	509	443	1
7.903876	608	512	446	1
7.923407	620	514	456	5
7.942939	615	510	447	0
7.962470	612	497	450	3
7.982001	614	494	460	2
8.001532	614	499	459	0
8.021064	610	507	454	1
8.040595	611	508	456	0
8.060126	617	491	455	7
8.080395	613	484	453	1
8.099926	608	492	451	4
8.119457	599	493	446	4
8.138988	596	488	449	3
8.158520	608	481	455	8
8.178051	608	493	442	4
8.197582	612	503	433	7
8.217113	607	501	430	1
8.236645	611	488	439	0
8.256176	598	491	455	20
8.276669	601	492	474	6
8.296200	604	482	474	5
8.315731	614	485	481	6
8.335263	632	474	470	22
8.354794	623	473	441	4
8.374325	612	496	439	12
8.393856	618	504	453	3
8.413388	622	505	468	2
8.432919	619	508	473	4
8.452450	607	499	461	5
8.473011	606	486	462	0
8.492542	617	470	466	12
8.512073	615	481	471	6
8.531605	614	490	459	1
8.551136	606	499	446	1
8.570667	608	497	447	1
8.590198	614	487	453	3
8.609730	614	496	447	1
8.629261	613	501	443	0
8.648792	616	494	453	1
8.707235	610	482	461	6
8.726766	610	476	465	0
8.746297	615	491	460	2
8.765829	619	512	447	7
8.785360	625	509	447	5
8.804891	624	490	462	5
8.824422	615	487	476	12
8.843954	618	485	480	2
8.863485	618	491	472	1
8.883016	621	497	463	5
8.862224	625	500	459	4
8.881755	623	499	460	2
8.901286	622	495	466	2
8.920817	620	484	468	0
8.940349	618	482	467	0
8.959880	619	487	463	1
8.979411	617	489	452	2
8.998942	620	488	451	3
9.018474	620	482	457	1
9.038005	619	485	463	4
9.064224	619	484	461	1
9.083755	619	487	459	0
9.103286	622	492	460	1
9.122818	622	495	462	1
9.142349	620	488	463	1
9.161880	619	486	467	2
9.181411	618	486	466	0
9.200943	618	492	463	0
9.220474	617	496	461	0
9.240005	620	496	464	1
9.259499	619	495	467	1
9.279030	615	494	470	4
9.298561	616	492	468	2
9.318093	619	487	463	5
9.337624	617	487	458	0
9.357155	614	488	457	2
9.376686	614	490	462	2
9.396218	615	488	461	1
9.415749	612	489	458	1
9.435280	609	492	458	3
9.454691	612	494	461	0
9.474222	612	496	460	0
9.493753	609	492	456	0
9.513284	610	490	459	0
9.532816	610	490	458	0
9.552347	613	494	455	3
9.571878	611	494	459	3
9.591409	613	490	462	1
9.610941	612	490	460	0
9.630472	618	492	459	5
9.652031	620	493	457	2
9.671562	621	491	461	0
9.691093	616	488	469	7
9.710624	616	489	471	0
9.730156	621	489	467	6
9.749687	628	492	455	10
9.769218	626	499	453	1
9.788749	625	495	469	6
9.808281	622	489	477	4
9.827812	619	489	475	2
9.902550	618	491	465	2
9.922081	617	491	464	0
9.941612	618	488	466	0
9.961143	619	491	467	0
9.980675	617	494	465	1
10.000206	613	493	464	3
10.019737	616	492	464	2
10.039268	621	489	459	7
10.058800	621	491	456	0
10.078331	617	490	454	2
10.040330	615	493	458	4
10.059861	620	495	462	2
10.079392	620	490	460	1
10.098923	620	488	461	0
10.118455	618	490	463	2
10.137986	620	494	462	1
10.157517	620	494	459	1
10.177048	619	494	462	2
10.196580	619	494	461	0
10.216111	620	499	449	5
10.236388	617	505	439	2
10.255919	618	486	442	1
10.275450	619	480	461	6
10.294981	628	485	468	4
10.314513	631	486	470	1
10.334044	625	484	467	4
10.353575	619	483	461	2
10.373106	623	495	457	3
10.392638	624	499	451	3
10.412169	624	492	452	0
10.431403	620	494	468	10
10.450934	621	490	473	0
10.470465	618	483	474	1
10.489996	618	481	477	0
10.509528	613	487	481	7
10.529059	610	493	478	3
10.548590	613	496	470	5
10.568121	613	487	452	9
10.587653	613	480	444	5
10.607184	611	484	450	5
10.627468	614	482	454	0
10.646999	612	482	450	0
10.666530	614	487	448	1
10.686061	614	492	446	0
10.705593	603	498	445	9
10.725124	601	495	456	7
10.744655	598	495	462	5
10.764186	601	500	452	7
10.783718	607	507	443	9
10.803249	607	512	436	4
10.824400	599	513	437	6
10.843931	605	497	435	6
10.863462	598	494	429	0
10.882993	600	488	427	3
10.902525	601	487	429	0
10.922056	594	493	442	14
10.941587	600	489	455	2
10.961118	603	490	452	3
10.980650	614	498	451	8
11.000181	632	501	464	10
11.017457	616	490	449	6
11.036988	606	475	447	3
11.056519	609	466	442	8
11.076051	604	474	430	0
11.095582	607	490	429	0
11.115113	604	496	435	7
11.134644	607	490	450	5
11.154176	601	488	454	6
11.173707	596	494	454	5
11.193238	598	488	449	5
11.212865	593	481	440	3
11.232396	596	469	445	3
11.251927	598	469	450	1
11.271458	600	473	450	0
11.290990	600	473	440	5
11.310521	592	477	429	0
11.330052	599	480	426	5
11.349583	606	484	428	2
11.369115	608	493	438	6
11.388646	609	501	450	7
11.407446	609	503	451	0
11.426977	612	498	445	6
11.446508	608	501	441	1
11.466039	601	497	435	1
11.485571	595	488	440	6
11.505102	596	477	451	2
11.524633	600	473	449	5
11.544164	603	482	443	3
11.563696	602	493	434	2
11.583227	596	491	433	3
11.600454	596	485	448	8
11.619985	595	480	454	2
11.639516	587	481	444	0
11.659048	594	484	438	8
11.678579	600	486	431	8
11.698110	602	490	435	1
11.717641	596	486	444	9
11.737173	592	480	443	0
11.756704	585	476	427	7
11.776235	582	477	411	10
11.794496	589	472	409	6
11.814027	581	480	421	16
11.833558	587	484	456	20
11.853090	599	487	474	0
11.872621	621	489	466	22
11.892152	620	502	453	2
11.911683	609	495	448	6
11.931215	609	488	449	0
11.950746	609	491	438	5
11.970277	619	486	435	10
11.994480	620	473	439	1
12.014011	611	466	441	5
12.033542	603	473	444	10
12.053073	609	477	448	1
12.072605	609	476	447	0
12.092136	603	482	449	7
12.111667	608	484	443	6
12.131198	608	482	431	7
12.150730	605	477	430	0
12.170261	601	477	445	12
12.189468	598	475	455	7
12.208999	595	475	446	2
12.228530	597	476	434	8
12.248061	600	479	435	0
12.267593	604	476	441	0
12.287124	601	466	443	0
12.306655	597	471	448	7
12.326186	597	479	449	3
12.345718	607	491	451	4
12.365249	613	488	444	9
12.384499	603	473	440	1
12.404030	594	473	447	10
12.423561	596	480	449	1
12.443093	606	481	440	12
12.462624	608	473	439	4
12.482155	606	466	452	6
12.501686	599	470	459	10
12.521218	606	475	459	3
12.540749	611	487	444	8
12.560280	622	495	433	13
12.583143	613	499	427	3
12.602674	611	487	444	9
12.622205	601	478	456	12
12.641737	595	479	459	6
12.661268	605	483	455	9
12.680799	611	483	442	11
12.700330	609	481	434	3
12.719862	609	485	435	1
12.739393	608	498	439	5
12.758924	607	504	442	3
12.777245	606	504	450	5
12.796776	600	496	453	5
12.816307	607	492	448	9
12.835839	606	494	443	1
12.855370	606	501	448	3
12.874901	606	495	452	1
12.894432	605	494	453	1
12.913964	605	491	452	1
12.933495	606	485	442	7
12.953026	604	482	430	6
12.969466	605	485	428	1
12.988997	604	491	440	9
13.008528	602	489	441	1
13.028059	599	486	439	0
13.047591	600	486	442	1
13.067122	598	490	450	7
13.086653	609	492	449	9
13.106184	610	495	436	7
13.125716	612	491	441	0
13.145247	614	486	452	3
13.165527	623	502	466	0
13.185058	617	506	445	4
13.204589	615	488	442	2
13.224120	598	504	417	1
13.243652	603	510	393	21
13.263183	612	502	416	10
13.282714	600	469	458	27
13.302245	589	461	486	15
13.321777	590	475	489	6
13.341308	603	519	446	23
13.360532	615	548	418	31
13.380063	608	533	425	12
13.399594	594	498	443	23
13.419126	594	483	453	2
13.438657	603	481	450	9
13.458188	606	484	442	6
13.477719	606	490	439	0
13.497251	610	487	439	3
13.516782	613	477	440	4
13.536313	611	470	438	1
13.555544	608	485	435	4
13.575075	608	492	435	1
13.594606	605	494	443	7
13.614137	597	500	446	8
13.633669	601	510	450	0
13.653200	604	514	448	3
13.672731	610	511	448	4
13.692262	613	501	445	4
13.711794	609	494	438	1
13.731325	594	471	429	0
13.752358	594	487	448	16
13.771889	611	492	450	11
13.791420	605	480	435	6
13.810951	607	480	434	2
13.830483	610	489	441	3
13.850014	609	496	444	3
13.869545	611	494	448	0
13.889076	606	492	450	4
13.908608	601	495	457	8
13.928139	608	505	454	6
13.940125	619	507	439	17
13.959656	617	489	444	2
13.979187	612	482	452	6
13.998719	607	501	454	8
14.018250	608	515	448	3
14.037781	616	513	446	7
14.057312	614	488	438	5
14.076844	611	486	437	1
14.096375	608	498	441	6
14.115906	613	508	447	0
14.141523	610	500	452	4
14.161054	606	492	453	2
14.180585	607	493	446	4
14.200116	619	499	439	12
14.219648	618	499	431	3
14.239179	615	486	440	5
14.258710	608	478	446	6
14.278241	610	488	451	3
14.297773	609	502	443	1
14.317304	618	505	438	10
14.337569	614	492	432	1
14.357100	611	488	440	6
14.376631	613	487	444	0
14.396163	613	489	439	2
14.415694	620	486	436	7
14.435225	615	478	433	0
14.454756	621	483	436	1
14.474288	627	496	433	4
14.493819	633	489	423	11
14.513350	624	476	419	1
14.532847	624	483	424	4
14.552378	617	501	424	7
14.571909	621	514	438	5
14.591440	624	512	443	0
14.610972	617	517	440	4
14.630503	611	519	419	8
14.650034	616	523	414	7
14.669565	619	524	431	8
14.689097	611	528	456	19
14.708628	608	531	465	6
14.746216	618	528	457	11
14.765747	628	519	423	25
14.785278	622	522	403	8
14.804810	609	527	419	19
14.824341	603	524	449	23
14.843872	601	528	474	13
14.863403	597	516	456	3
14.882935	588	538	430	12
14.902466	592	552	426	9
14.921997	588	548	428	5
14.924704	567	538	443	26
14.944235	559	524	468	26
14.963766	568	511	471	3
14.983298	575	519	452	17
15.002829	571	526	418	24
15.022360	587	530	414	12
15.041891	555	549	439	32
15.061423	562	541	477	24
15.080954	573	504	470	6
15.100485	575	513	430	28
15.118620	630	516	378	75
15.138151	623	540	368	5
15.157682	632	509	425	35
15.177213	592	500	478	60
15.196745	595	491	495	0
15.216276	595	493	412	44
15.235807	587	512	346	50
15.255338	594	554	385	25
15.274870	556	596	458	47
15.294401	513	593	528	26
15.314004	500	532	505	58
15.333535	539	553	457	49
15.353066	619	576	390	100
15.372597	649	551	358	35
15.392129	632	469	328	14
15.411660	607	424	353	18
15.431191	605	500	391	51
15.450722	613	553	402	1
15.470254	612	564	422	10
15.489785	594	526	427	25
15.508598	574	512	428	14
15.528129	582	505	454	13
15.547660	567	525	451	8
15.567192	564	525	452	2
15.586723	573	566	480	7
15.606254	555	566	448	6
15.625785	549	502	392	31
15.645317	543	487	411	17
15.664848	560	528	471	43
15.684379	585	548	451	36
15.705697	604	538	398	47
15.725228	580	510	394	12
15.744759	612	482	422	1
15.764291	601	462	393	18
15.783822	593	493	394	12
15.803353	608	543	393	11
15.822884	601	500	389	3
15.842416	589	462	411	15
15.861947	578	448	414	2
15.881478	592	510	424	15
15.899756	610	564	457	4
15.919287	619	495	434	9
15.938818	589	427	384	38
15.958349	574	438	362	6
15.977881	611	479	379	9
15.997412	593	505	386	19
16.016943	553	525	415	43
16.036474	554	535	443	22
16.056006	565	538	435	13
16.075537	584	518	390	44
16.094593	590	508	364	25
16.114124	571	517	374	17
16.133655	552	528	408	37
16.153187	542	535	421	14
16.172718	557	546	433	1
16.192249	568	543	420	15
16.211780	564	519	416	2
16.231312	566	511	414	2
16.250843	559	529	410	1
16.270374	567	544	417	0
16.290573	565	534	404	7
16.310104	553	525	397	0
16.329635	560	521	398	1
16.349166	564	524	401	0
16.368698	559	534	404	3
16.388229	562	548	404	4
16.407760	561	559	408	0
16.427291	557	550	419	14
16.446823	547	534	420	9
16.466354	549	540	423	0
16.485759	555	552	428	2
16.505290	572	532	426	4
16.524821	578	520	396	26
16.544353	582	526	389	8
16.563884	583	531	395	4
16.583415	570	523	413	22
16.602946	564	518	409	0
16.622478	564	528	399	9
16.642009	562	547	396	5
16.661540	561	556	400	1
16.681645	558	558	399	0
16.701176	564	562	421	14
16.720707	547	543	430	21
16.740238	550	536	439	8
16.759770	550	532	426	10
16.779301	562	564	418	22
16.798832	542	560	418	8
16.818363	547	529	423	12
16.837895	534	511	409	8
16.857426	534	538	413	0
16.876647	549	569	426	4
16.896178	553	566	410	12
16.915709	538	546	388	8
16.935241	551	529	387	0
16.954772	552	525	392	4
16.974303	543	511	395	6
16.993834	538	539	414	16
17.013366	543	568	411	14
17.032897	527	571	391	15
17.052428	517	554	409	24
17.066674	514	528	418	15
17.086205	532	525	422	2
17.105736	529	534	422	1
17.125268	514	527	417	2
17.144799	519	513	431	14
17.164330	539	499	433	3
17.183861	541	497	411	21
17.203393	540	513	410	0
17.222924	545	512	409	2
17.242455	538	523	412	4
17.266635	545	517	414	0
17.286166	556	525	392	24
17.305697	541	564	416	15
17.325228	568	569	448	10
17.344760	584	563	436	14
17.364291	566	557	390	24
17.383822	578	535	379	9
17.403353	591	534	395	7
17.422885	593	546	423	17
17.442416	596	550	419	5
17.462645	590	539	390	16
17.482176	593	552	381	11
17.501707	570	554	389	16
17.521239	562	572	411	14
17.540770	585	575	416	8
17.560301	578	566	383	18
17.579832	541	547	372	7
17.599364	528	535	388	20
17.618895	529	518	401	14
17.638426	535	518	411	8
17.735380	538	530	422	8
17.754911	545	539	438	9
17.774442	555	536	450	6
17.793973	557	519	438	7
17.813505	544	503	430	1
17.833036	528	506	424	1
17.852567	540	523	425	2
17.872098	557	536	439	3
17.891630	572	532	426	17
17.911161	556	551	396	23
17.739340	538	530	422	34
17.758871	545	539	438	9
17.778402	555	536	450	6
17.797934	557	519	438	7
17.817465	544	503	430	1
17.836996	528	506	424	1
17.856527	540	523	425	2
17.876059	557	536	439	3
17.895590	572	532	426	17
17.915121	556	551	396	23
17.853673	552	595	376	34
17.873204	569	595	388	4
17.892735	579	575	417	27
17.912266	597	551	424	3
17.931798	620	553	408	27
17.951329	633	545	384	23
17.970860	632	521	378	0
17.990391	629	511	385	7
18.009923	624	494	382	0
18.029454	613	511	380	6
18.048664	610	528	382	2
18.068195	614	534	389	2
18.087726	590	528	389	14
18.107258	564	524	386	9
18.126789	519	554	412	28
18.146320	497	559	453	31
18.165851	477	567	483	5
18.185383	495	586	504	4
18.204914	495	616	528	30
18.224445	484	605	529	7
18.246705	457	572	507	17
18.266236	468	576	499	2
18.285767	528	601	484	15
18.305299	546	606	457	19
18.324830	562	565	399	20
18.344361	586	541	332	62
18.363892	634	521	296	51
18.383424	635	524	302	4
18.402955	618	530	349	48
18.422486	596	528	389	45
18.441690	587	553	407	14
18.461221	591	577	426	1
18.480752	584	566	432	13
18.500283	583	549	424	1
18.519815	588	535	420	2
18.539346	604	537	423	8
18.558877	609	535	421	4
18.578408	606	534	407	7
18.597940	605	551	387	17
18.617471	604	586	374	21
18.636316	607	605	367	15
18.655847	605	592	366	6
18.675378	587	587	391	29
18.694910	576	581	406	19
18.714441	562	576	411	12
18.733972	551	577	412	4
18.753503	524	578	419	10
18.773035	504	573	435	16
18.792566	486	544	460	32
18.812097	509	509	465	19
18.830668	538	487	456	19
18.850199	564	487	454	15
18.869730	566	482	454	2
18.889261	534	475	442	2
18.908793	517	484	436	1
18.928324	544	494	425	13
18.947855	572	484	413	24
18.967386	556	490	411	6
18.986918	513	516	412	12
19.006449	506	551	401	17
19.024675	538	576	382	29
19.044206	572	586	372	22
19.063737	587	596	375	8
19.083268	591	595	393	12
19.102800	594	573	394	9
19.122331	584	549	395	13
19.141862	574	541	411	20
19.161393	577	546	432	13
19.180925	587	554	458	7
19.200456	586	558	454	3
19.219687	571	550	433	0
19.239218	576	549	425	8
19.258749	583	551	414	12
19.278280	582	545	424	9
19.297812	581	534	432	9
19.317343	581	522	422	5
19.336874	589	526	395	26
19.356405	594	539	390	8
19.375937	587	540	396	8
19.395468	566	525	417	30
19.414672	571	513	429	8
19.434203	573	507	434	2
19.453734	572	511	415	14
19.473265	579	521	411	7
19.492797	585	516	412	2
19.512328	588	512	416	1
19.531859	578	520	410	0
19.551390	573	525	407	0
19.570922	572	528	413	5
19.590453	577	520	425	7
19.611649	588	504	428	4
19.631180	591	499	423	6
19.650711	585	504	426	6
19.670243	579	510	431	7
19.689774	588	514	430	6
19.709305	593	515	404	23
19.728836	603	522	386	20
19.748368	606	519	396	6
19.767899	604	508	419	18
19.787430	601	502	425	6
19.805786	598	506	410	8
19.825317	599	503	405	4
19.844848	588	487	415	12
19.864379	569	459	440	19
19.883911	554	443	448	2
19.903442	584	479	414	22
19.922973	576	538	397	8
19.942504	591	526	418	10
19.962036	580	491	419	6
19.981567	580	517	420	2
20.001737	591	522	404	19
20.021268	584	514	404	4
20.040799	572	494	428	25
20.060330	591	499	438	4
20.079862	584	510	404	20
20.099393	555	523	385	4
20.118924	563	508	402	13
20.138455	555	516	412	12
20.157987	560	502	412	2
20.177518	553	483	407	5
20.230688	572	486	402	11
20.250219	592	481	388	22
20.269750	580	457	411	17
20.289282	564	466	436	30
20.308813	560	491	429	4
20.328344	588	498	406	33
20.347875	608	489	378	35
20.367407	599	474	383	6
20.386938	577	478	426	47
20.406469	580	496	444	15
20.232539	572	486	402	30
20.252070	592	481	388	22
20.271601	580	457	411	17
20.291132	564	466	436	30
20.310664	560	491	429	4
20.330195	588	498	406	33
20.349726	608	489	378	35
20.369257	599	474	383	6
20.388789	577	478	426	47
20.408320	580	496	444	15
20.398321	586	502	408	30
20.417852	593	512	383	24
20.437383	583	511	388	9
20.456914	583	505	415	22
20.476446	578	495	429	13
20.495977	577	490	434	3
20.515508	580	511	430	2
20.535039	584	518	418	12
20.554571	585	515	421	1
20.574102	584	504	430	7
20.591124	581	501	430	1
20.610655	582	513	430	0
20.630186	585	520	428	3
20.649718	587	513	423	4
20.669249	587	504	425	1
20.688780	577	500	430	9
20.708311	577	511	438	6
20.727843	580	512	436	3
20.747374	590	504	428	12
20.766905	589	497	424	2
20.784692	582	495	423	3
20.804223	584	509	423	0
20.823754	590	512	419	6
20.843286	596	501	422	2
20.862817	597	492	434	6
20.882348	592	494	438	6
20.901879	600	511	441	2
20.921411	608	518	431	12
20.940942	608	522	425	4
20.960473	604	510	429	6
20.974877	591	505	438	15
20.994408	595	518	447	2
21.013939	601	517	435	12
21.033470	603	509	428	6
21.053002	593	502	420	0
21.072533	596	499	420	2
21.092064	600	500	427	2
21.111595	601	501	436	5
21.131127	602	504	433	2
21.150658	606	509	428	6
21.173737	601	504	430	4
21.193268	596	497	440	9
21.212799	593	499	439	1
21.232331	591	505	435	0
21.251862	604	503	433	11
21.271393	588	495	429	7
21.290924	598	504	447	5
21.310456	605	509	441	8
21.329987	602	500	444	3
21.349518	591	499	432	0
21.366791	597	506	420	12
21.386322	602	523	443	11
21.405853	614	512	452	4
21.425385	609	511	438	3
21.444916	610	511	435	2
21.464447	606	511	433	1
21.483978	603	518	445	9
21.503510	610	513	451	2
21.523041	619	515	443	11
21.542572	620	513	435	5
21.561820	621	512	433	1
21.581351	616	503	444	10
21.600882	613	492	455	6
21.620414	613	492	452	1
21.639945	613	492	440	6
21.659476	619	499	441	3
21.679007	614	494	435	0
21.698539	613	490	429	3
21.718070	605	484	429	4
21.737601	596	477	430	5
21.756664	603	483	440	2
21.776195	595	486	439	6
21.795726	602	494	434	6
21.815258	603	504	425	5
21.834789	607	513	433	2
21.854320	608	506	450	9
21.873851	609	502	459	3
21.893383	609	502	446	6
21.912914	610	501	440	4
21.932445	611	501	439	1
21.985484	603	498	443	8
22.005015	595	500	448	9
22.024546	599	504	448	2
22.044077	600	503	444	3
22.063609	600	501	455	6
22.083140	599	493	454	0
22.102671	600	495	443	6
22.122202	603	497	438	5
22.141734	602	492	437	0
22.161265	599	489	440	3
22.163201	602	488	444	0
22.182732	606	485	442	4
22.202263	604	489	445	4
22.221795	602	492	437	2
22.241326	605	491	437	2
22.260857	611	485	444	1
22.280388	609	481	443	0
22.299920	607	483	440	0
22.319451	607	485	439	0
22.338982	609	486	441	0
22.379786	608	487	450	6
22.399317	608	481	458	2
22.418848	613	479	451	8
22.438380	613	479	445	3
22.457911	604	473	442	3
22.477442	610	477	457	4
22.496973	615	489	462	0
22.516505	618	502	464	0
22.536036	619	502	458	3
22.555567	621	490	445	9
22.542802	618	498	442	2
22.562333	621	501	450	1
22.581864	612	497	462	13
22.601396	610	489	463	0
22.620927	616	495	455	7
22.640458	623	510	461	2
22.659989	617	513	458	4
22.679521	621	506	459	3
22.699052	630	506	457	8
22.718583	637	510	456	6
22.740010	643	503	455	6
22.759541	639	486	448	1
22.779072	633	492	451	7
22.798604	636	510	453	0
22.818135	630	503	445	1
22.837666	624	494	446	4
22.857197	620	497	447	4
22.876729	621	507	454	3
22.896260	609	500	452	8
22.915791	606	501	459	6
22.929225	604	511	445	5
22.948756	604	518	437	5
22.968287	598	516	441	7
22.987818	594	514	470	19
23.007350	589	511	467	2
23.026881	608	501	460	20
23.046412	604	501	450	1
23.065943	608	513	445	5
23.085475	606	512	438	2
23.105006	615	493	454	0
23.122927	607	487	456	6
23.142458	620	508	442	15
23.161989	625	501	432	10
23.181520	625	486	435	0
23.201052	608	494	445	20
23.220583	617	508	452	2
23.240114	620	510	441	8
23.259645	623	504	426	11
23.279177	623	507	423	1
23.298708	621	519	423	1
23.316910	617	527	430	6
23.336441	607	525	449	19
23.355972	591	512	464	22
23.375504	585	500	457	0
23.395035	588	521	439	13
23.414566	591	547	437	8
23.434097	578	563	449	9
23.453629	582	546	464	13
23.473160	587	509	451	5
23.492691	578	503	450	5
23.511924	574	528	468	13
23.531455	594	536	485	11
23.550986	606	520	466	15
23.570518	590	517	444	1
23.590049	569	541	456	18
23.609580	587	542	471	5
23.629111	631	530	466	38
23.648643	651	499	413	42
23.668174	643	509	390	7
23.687705	639	549	416	15
23.708973	644	543	446	12
23.728504	642	530	434	1
23.748035	638	533	417	6
23.767566	636	553	418	1
23.787098	632	555	427	7
23.806629	617	554	441	19
23.826160	576	554	460	40
23.845691	559	554	488	25
23.865223	557	549	505	8
23.884754	565	530	492	0
23.904547	569	524	458	19
23.924078	570	551	450	13
23.943609	565	550	471	16
23.963140	567	534	484	11
23.982672	568	514	477	0
24.002203	577	525	469	12
24.021734	590	555	467	20
24.041265	603	570	477	13
24.060797	617	555	471	7
24.080328	625	528	440	14
24.097987	630	531	419	16
24.117518	625	578	447	5
24.137049	637	571	457	2
24.156580	646	545	442	5
24.176112	640	539	419	5
24.195643	637	566	440	6
24.215174	633	573	455	7
24.234705	628	544	434	3
24.254237	614	542	414	1
24.273768	612	558	418	0
24.295189	618	566	432	1
24.314720	624	570	443	0
24.334251	623	555	429	1
24.353782	614	548	423	5
24.373314	593	572	439	15
24.392845	588	593	462	2
24.412376	573	580	469	20
24.431907	579	547	470	14
24.451439	584	546	449	15
24.470970	577	573	454	4
24.489744	584	576	485	6
24.509275	592	548	480	6
24.528806	582	568	451	15
24.548337	584	570	439	9
24.567869	585	572	456	7
24.587400	572	551	479	31
24.606931	561	542	477	11
24.626462	566	558	463	18
24.645994	568	557	448	9
24.665525	568	544	429	8
24.684927	569	561	439	0
24.704458	580	569	439	10
24.723989	590	560	447	2
24.743520	592	560	443	3
24.763052	594	561	444	1
24.782583	602	575	452	7
24.802114	596	572	435	3
24.821645	594	568	431	0
24.841177	587	568	440	10
24.860708	580	569	454	12
24.884921	583	556	440	4
24.904452	594	548	428	12
24.923983	591	543	435	8
24.943515	583	551	451	13
24.963046	577	562	453	0
24.982577	575	551	418	18
25.002108	587	550	414	9
25.021640	578	553	449	29
25.041171	584	542	471	11
25.060702	585	533	471	1
25.076888	593	545	458	16
25.096419	591	557	449	7
25.115950	588	546	458	11
25.135482	585	527	489	21
25.155013	609	531	479	26
25.174544	614	531	442	20
25.194075	595	552	426	0
25.213607	593	573	464	13
25.233138	614	569	475	10
25.252669	641	553	441	30
25.270279	631	557	418	5
25.289810	620	559	473	34
25.309341	647	555	518	17
25.328872	651	531	494	0
25.348404	643	512	443	6
25.367935	627	541	436	7
25.387466	640	574	479	5
25.406997	645	557	488	3
25.426529	635	534	478	12
25.446060	624	520	467	8
25.464884	619	527	462	1
25.484415	626	544	469	6
25.503946	646	549	465	20
25.523478	643	534	443	2
25.543009	642	531	444	1
25.562540	638	535	462	10
25.582071	663	539	460	24
25.601603	670	543	429	19
25.621134	666	544	413	4
25.640665	664	560	432	7
25.664765	661	568	446	6
25.684296	646	563	437	10
25.703827	635	563	432	6
25.723358	623	560	437	13
25.742890	616	556	448	12
25.762421	607	543	450	12
25.781952	596	526	450	12
25.801483	597	518	465	8
25.821015	586	515	472	13
25.840546	567	514	484	22
25.854028	561	516	504	11
25.873559	563	508	516	1
25.893090	568	503	512	5
25.912621	575	502	492	10
25.932153	577	503	474	8
25.951684	578	501	470	3
25.971215	587	494	472	7
25.990746	594	522	473	4
26.010278	596	536	464	8
26.029809	618	550	463	23
26.049993	639	549	450	23
26.069524	645	530	443	4
26.089055	659	521	446	10
26.108587	676	512	439	18
26.128118	678	501	427	7
26.147649	673	518	427	4
26.167180	650	560	434	16
26.186712	619	580	450	24
26.206243	600	587	454	11
26.225774	608	579	440	8
26.289482	607	546	431	8
26.309013	592	508	444	24
26.328544	565	534	474	36
26.348075	551	565	498	1
26.367607	569	571	507	14
26.387138	576	559	485	1
26.406669	577	539	480	6
26.426200	581	530	494	3
26.445732	588	545	489	12
26.465263	606	560	480	24
26.444866	607	537	462	0
26.464397	627	518	466	13
26.483928	622	521	445	5
26.503459	632	535	449	8
26.522991	610	555	442	9
26.542522	618	560	448	4
26.562053	615	556	453	6
26.581584	609	541	448	6
26.601116	600	535	453	11
26.620647	599	530	468	9
26.636567	614	507	461	15
26.656098	612	494	424	20
26.675629	609	527	418	1
26.695160	605	552	419	1
26.714692	597	580	413	9
26.734223	600	582	406	7
26.753754	609	569	398	5
26.773285	602	561	412	16
26.792817	602	556	427	11
26.812348	600	550	426	2
26.832133	602	555	427	2
26.851664	605	557	428	2
26.871195	609	547	429	0
26.890727	606	539	432	6
26.910258	600	540	441	9
26.929789	604	545	443	3
26.949320	608	548	432	10
26.968852	602	543	433	6
26.988383	598	535	434	5
27.007914	593	537	432	1
27.026937	603	541	432	8
27.046468	608	538	438	0
27.065999	605	524	436	3
27.085531	604	521	434	0
27.105062	609	523	450	5
27.124593	612	518	454	0
27.144124	605	510	455	6
27.163656	609	513	456	2
27.183187	613	519	444	9
27.202718	611	531	430	7
27.224669	608	533	428	0
27.244200	601	518	442	15
27.263731	600	511	444	2
27.283262	591	524	440	3
27.302794	595	530	438	5
27.322325	594	520	431	2
27.341856	596	517	436	2
27.361387	599	516	435	2
27.380919	591	516	427	0
27.400450	588	515	424	0
27.480657	582	532	427	4
27.500188	581	543	431	1
27.519719	577	527	433	7
27.539250	577	525	436	2
27.558782	594	524	431	15
27.578313	611	517	414	23
27.597844	596	510	400	0
27.617375	583	537	428	27
27.636907	589	546	426	7
27.656438	602	543	414	16
27.620927	603	509	409	0
27.640458	587	494	423	19
27.659989	578	510	439	19
27.679521	574	536	433	4
27.699052	580	545	429	9
27.718583	588	506	440	7
27.738114	584	468	450	0
27.757646	583	487	460	13
27.777177	603	515	452	17
27.796708	610	509	412	31
27.969927	606	499	408	0
27.989458	609	495	437	17
28.008989	607	504	447	8
28.028521	598	510	431	2
28.048052	613	525	430	12
28.067583	621	511	418	13
28.087114	615	504	414	1
28.106646	612	508	425	9
28.126177	600	512	426	9
28.145708	609	519	443	3
28.008014	609	518	435	4
28.027545	617	519	418	17
28.047076	609	530	421	6
28.066607	605	538	430	7
28.086139	603	545	437	4
28.105670	606	540	434	2
28.125201	607	525	435	2
28.144732	605	524	436	2
28.164264	609	535	435	5
28.183795	613	531	443	2
28.204802	608	526	447	7
28.224333	611	526	444	4
28.243864	618	515	436	9
28.263396	613	513	431	0
28.282927	618	516	433	2
28.302458	622	503	429	5
28.321989	623	492	425	4
28.341521	621	493	416	4
28.361052	618	497	422	6
28.380583	613	487	436	11
28.399279	613	484	441	2
28.418810	608	504	441	6
28.438341	602	520	436	1
28.457872	602	514	444	5
28.477404	601	508	459	9
28.496935	596	499	452	0
28.516466	594	502	440	5
28.535997	594	509	439	0
28.555529	583	514	445	12
28.575060	586	505	451	1
28.600086	585	496	442	6
28.619617	584	514	430	6
28.639148	600	511	419	18
28.658679	600	516	416	2
28.678211	597	509	413	0
28.697742	592	503	420	8
28.717273	588	504	434	13
28.736804	566	501	429	9
28.756336	573	495	438	2
28.775867	575	504	429	7
28.833163	577	507	402	23
28.852694	588	505	392	14
28.872225	589	512	412	16
28.891757	585	518	430	16
28.911288	577	536	447	14
28.930819	592	532	449	8
28.950350	605	527	431	20
28.969882	605	539	428	3
28.989413	609	540	421	7
29.008944	612	545	417	5
28.987727	614	539	407	7
29.007258	617	548	417	2
29.026789	622	561	433	2
29.046320	621	556	428	0
29.065852	622	551	413	8
29.085383	615	555	414	4
29.104914	615	563	425	4
29.124445	621	558	429	0
29.143977	616	553	427	4
29.163508	614	559	423	2
29.177728	614	548	427	5
29.197259	610	540	433	8
29.216790	611	534	427	3
29.236321	605	541	422	0
29.255853	610	554	431	1
29.275384	599	556	432	7
29.294915	595	553	443	10
29.314446	596	560	456	3
29.333978	594	556	448	1
29.353509	590	558	440	2
29.377714	585	558	448	8
29.397245	582	564	452	1
29.416776	585	569	454	3
29.436307	577	567	446	1
29.455839	573	576	455	2
29.475370	584	571	471	3
29.494901	571	562	452	3
29.514432	567	567	443	6
29.533964	564	596	450	12
29.553495	572	590	451	0
29.573089	582	571	438	1
29.592620	580	570	431	2
29.612151	573	581	439	3
29.631682	568	592	443	2
29.651214	575	581	441	2
29.670745	575	579	432	4
29.690276	568	572	434	8
29.709807	561	571	445	11
29.729339	552	586	448	3
29.748870	542	608	446	14
29.774000	556	593	446	6
29.793531	555	559	439	16
29.813062	548	556	439	4
29.832593	531	576	450	1
29.852125	528	605	465	14
29.871656	532	614	462	9
29.891187	535	600	444	1
29.910718	538	588	430	1
29.930250	534	584	427	1
29.949781	530	595	434	1
30.159738	523	583	424	1
30.179269	516	588	442	10
30.198800	523	594	447	1
30.218332	525	596	433	10
30.237863	514	592	421	5
30.257394	529	584	433	12
30.276925	543	612	437	20
30.296457	533	637	431	21
30.315988	511	616	446	27
30.335519	513	585	451	28
30.350763	535	575	432	9
30.370294	551	588	426	16
30.389825	564	591	405	21
30.409357	560	581	386	8
30.428888	537	579	400	18
30.448419	527	589	429	18
30.467950	530	599	447	4
30.487482	543	602	442	8
30.507013	543	606	420	16
30.526544	553	598	411	3
30.550143	549	591	412	6
30.569674	527	587	432	22
30.589205	526	588	450	11
30.608737	537	583	451	2
30.628268	545	583	446	5
30.647799	534	592	436	10
30.667330	528	594	431	3
30.686862	532	585	430	4
30.706393	548	584	423	8
30.725924	551	586	410	11
30.751857	547	590	411	0
30.771388	539	587	424	13
30.790919	524	590	437	9
30.810451	527	607	448	6
30.829982	536	613	437	12
30.849513	560	604	419	11
30.869044	556	592	406	0
30.888576	537	587	426	23
30.908107	536	597	441	3
30.927638	542	602	430	12
30.937565	553	597	411	12
30.957096	555	592	415	5
30.976627	546	588	433	18
30.996159	547	594	442	1
31.015690	552	596	435	7
31.035221	559	587	424	4
31.054752	566	580	421	0
31.074284	558	578	431	11
31.093815	547	595	437	3
31.113346	548	607	439	7
31.174199	555	603	431	4
31.193730	559	591	423	1
31.213261	560	583	416	0
31.232792	547	580	416	5
31.252324	544	603	435	0
31.271855	547	604	441	2
31.291386	546	589	431	4
31.310917	539	580	420	0
31.330449	541	586	420	4
31.349980	542	594	419	5
31.329435	536	589	417	2
31.348966	540	580	416	3
31.368497	551	580	413	5
31.388028	547	586	412	2
31.407560	544	580	424	13
31.427091	534	573	427	8
31.446622	531	579	434	2
31.466153	527	593	440	4
31.485685	529	599	434	8
31.505216	552	582	425	0
31.595793	552	583	417	6
31.615324	543	594	423	0
31.634855	538	598	432	4
31.654387	535	592	445	13
31.673918	545	584	437	2
31.693449	556	584	424	12
31.712980	557	591	412	13
31.732512	546	593	419	7
31.752043	538	596	430	7
31.771574	553	596	432	2
31.724042	566	597	417	15
31.743573	558	596	405	5
31.763104	552	588	418	16
31.782635	551	575	429	16
31.802167	544	576	432	3
31.821698	549	576	429	3
31.841229	563	581	411	21
31.860760	563	580	396	11
31.880292	555	571	394	5
31.899823	546	578	412	14
31.915827	550	583	429	8
31.935358	544	578	420	2
31.954889	542	575	409	6
31.974421	539	579	412	1
31.993952	530	572	419	11
32.013483	528	572	431	10
32.033014	528	575	430	2
32.052546	535	576	420	9
32.072077	534	571	406	8
32.091608	528	577	403	4
32.110157	525	576	411	7
32.129688	526	578	416	2
32.149219	527	578	415	0
32.168751	538	572	407	5
32.188282	542	567	393	10
32.207813	534	560	391	2
32.227344	528	562	415	21
32.246876	527	559	417	3
32.266407	527	565	411	7
32.285938	528	570	400	12
32.588351	535	563	393	4
32.607882	528	555	403	13
32.627413	521	551	417	15
32.646945	519	559	428	6
32.666476	524	556	427	0
32.686007	526	552	415	9
32.705538	517	557	410	5
32.725070	508	572	398	17
32.744601	517	574	391	7
32.764132	517	565	401	12
32.604083	510	559	423	22
32.623614	515	558	422	0
32.643145	516	564	415	9
32.662677	508	565	408	6
32.682208	505	561	406	0
32.701739	512	561	411	4
32.721270	522	557	407	2
32.740802	526	548	403	0
32.760333	524	547	395	7
32.779864	515	551	387	8
32.705572	512	551	398	10
32.725103	504	543	413	16
32.744634	509	536	423	11
32.764165	517	536	426	2
32.783697	531	536	407	19
32.803228	537	545	382	27
32.822759	530	573	370	19
32.842290	506	571	385	15
32.861822	504	556	425	42
32.881353	526	540	436	15
32.893656	533	538	402	32
32.913187	525	560	380	26
32.932718	521	567	402	17
32.952250	525	561	418	16
32.971781	524	559	418	1
32.991312	523	561	403	14
33.010843	524	561	392	10
33.030375	521	564	395	1
33.049906	519	567	406	8
33.069437	526	565	416	9
33.084857	518	560	410	2
33.104388	513	552	405	1
33.123919	515	551	404	0
33.143450	524	553	396	8
33.162982	519	556	395	1
33.182513	509	562	406	7
33.202044	516	563	404	2
33.221575	519	558	392	9
33.241107	513	559	397	4
33.260638	516	557	399	2
33.280875	521	554	394	3
33.300406	514	553	396	2
33.319937	510	554	399	2
33.339468	512	553	402	3
33.359000	517	552	399	2
33.378531	516	555	396	3
33.398062	512	559	403	5
33.417593	509	559	411	7
33.437125	512	552	414	5
33.456656	518	546	412	0
33.477932	516	550	404	8
33.497463	518	559	402	5
33.516994	511	556	402	1
33.536525	514	554	412	9
33.556057	517	550	407	3
33.575588	515	553	400	7
33.595119	515	552	397	2
33.614650	508	560	409	8
33.634182	509	569	413	0
33.653713	508	559	404	3
33.718889	505	557	407	3
33.738420	510	559	410	2
33.757951	517	558	400	8
33.777483	518	557	396	3
33.797014	510	559	407	9
33.816545	517	559	411	3
33.836076	520	560	407	4
33.855608	515	552	398	5
33.875139	516	548	397	0
33.894670	512	549	403	5
33.872861	517	552	411	6
33.892392	514	557	406	6
33.911923	513	554	399	5
33.931454	526	552	401	1
33.950986	512	547	406	7
33.970517	509	542	419	13
33.990048	515	542	416	2
34.009579	513	549	400	17
34.029111	519	550	388	11
34.048642	528	563	399	4
34.067825	524	553	391	3
34.087356	523	550	394	3
34.106887	523	553	400	4
34.126419	507	558	397	4
34.145950	488	569	408	2
34.165481	493	585	419	1
34.185012	503	577	407	4
34.204544	505	559	394	3
34.224075	495	539	383	5
34.243606	490	542	384	0
34.289438	482	566	396	1
34.308969	490	573	406	7
34.328500	502	576	417	9
34.348032	502	552	410	4
34.367563	497	540	400	6
34.387094	493	551	401	2
34.406625	500	559	405	1
34.426157	509	558	403	0
34.445688	514	549	394	5
34.465219	507	558	403	5
34.593865	510	557	405	2
34.613396	517	558	396	8
34.632927	513	554	384	9
34.652458	520	550	380	2
34.671990	520	548	391	11
34.691521	516	548	406	14
34.711052	515	548	409	2
34.730583	503	552	417	5
34.750115	500	555	415	3
34.769646	502	555	409	5
34.766377	491	552	403	5
34.785908	501	555	403	0
34.805439	514	549	391	8
34.824970	501	552	399	6
34.844502	489	558	421	15
34.864033	487	560	424	1
34.883564	494	549	409	7
34.903095	495	550	408	1
34.922627	497	556	403	6
34.942158	508	554	394	6
34.950139	502	552	410	15
34.969670	500	541	418	10
34.989201	509	539	415	1
35.008733	501	547	398	19
35.028264	493	561	394	9
35.047795	498	564	402	6
35.067326	502	556	406	7
35.086858	496	553	406	0
35.106389	502	551	400	4
35.125920	506	550	387	11
35.070528	509	560	384	5
35.090059	505	565	396	9
35.109590	493	551	409	15
35.129122	481	545	410	0
35.148653	496	551	408	0
35.168184	493	560	411	1
35.187715	497	568	423	7
35.207247	499	566	422	0
35.226778	492	556	420	1
35.246309	491	547	417	0
35.237937	485	547	405	12
35.257468	483	561	400	9
35.276999	485	564	406	4
35.296530	495	554	414	13
35.316062	490	551	412	1
35.335593	490	556	406	7
35.355124	490	568	407	4
35.374655	495	567	406	0
35.394187	496	554	396	3
35.413718	497	545	397	3
35.434951	501	551	405	6
35.454482	497	543	406	2
35.474013	501	542	408	2
35.493545	494	542	408	0
35.513076	500	548	413	3
35.532607	508	540	400	9
35.552138	506	530	391	6
35.571670	494	537	403	9
35.591201	493	557	429	16
35.610732	496	554	418	7
35.630584	503	558	404	13
35.650115	500	560	388	15
35.669646	499	548	387	2
35.689178	504	552	404	15
35.708709	519	555	404	1
35.728240	511	569	383	24
35.747771	501	586	377	13
35.767303	494	574	400	25
35.786834	489	560	422	24
35.806365	506	544	428	14
35.865012	513	549	408	20
35.884543	517	559	400	11
35.904074	518	571	409	2
35.923605	498	555	414	10
35.943137	511	543	423	13
35.962668	516	538	397	23
35.982199	507	556	381	20
36.001730	505	576	409	16
36.021262	502	567	410	5
36.040793	500	558	399	6
35.866454	513	549	408	12
35.885985	517	559	400	11
35.905516	518	571	409	2
35.925047	498	555	414	10
35.944579	511	543	423	13
35.964110	516	538	397	23
35.983641	507	556	381	20
36.003172	505	576	409	16
36.022704	502	567	410	5
36.042235	500	558	399	6
36.022909	501	563	395	5
36.042440	511	555	397	5
36.061971	515	550	400	4
36.081502	517	554	400	1
36.101034	510	551	388	10
36.120565	508	552	380	7
36.140096	507	555	388	6
36.159627	518	559	399	8
36.179159	515	562	389	10
36.198690	519	567	397	5
36.259984	515	579	395	7
36.279515	505	596	394	10
36.299046	501	604	392	6
36.318578	507	608	395	0
36.338109	519	618	386	13
36.357640	521	632	362	27
36.377171	505	656	348	26
36.396703	485	659	365	8
36.416234	451	659	373	1
36.435765	440	666	391	2
36.261455	515	579	395	73
36.280986	505	596	394	10
36.300517	501	604	392	6
36.320049	507	608	395	0
36.339580	519	618	386	13
36.359111	521	632	362	27
36.378642	505	656	348	26
36.398174	485	659	365	8
36.417705	451	659	373	1
36.437236	440	666	391	2
36.438004	440	664	405	9
36.457535	417	671	445	2
36.477066	424	648	490	33
36.496598	440	588	463	47
36.516129	444	521	425	4
36.535660	508	465	422	9
36.555191	521	471	404	14
36.574723	557	468	393	18
36.594254	568	458	388	11
36.613785	549	475	386	9
36.657429	569	493	408	16
36.676960	576	468	390	24
36.696491	562	458	394	5
36.716022	554	443	402	2
36.735554	540	440	402	2
36.755085	559	446	420	11
36.774616	618	397	408	65
36.794147	530	435	393	44
36.813679	514	499	431	60
36.833210	493	546	429	9
36.658779	569	493	408	28
36.678310	576	468	390	24
36.697841	562	458	394	5
36.717372	554	443	402	2
36.736904	540	440	402	2
36.756435	559	446	420	11
36.775966	618	397	408	65
36.795497	530	435	393	44
36.815029	514	499	431	60
36.834560	493	546	429	9
36.800268	520	601	424	33
36.819799	530	598	416	4
36.839330	501	545	386	0
36.858861	489	524	393	8
36.878393	487	525	414	19
36.897924	478	546	414	7
36.917455	494	575	407	14
36.936986	513	593	384	27
36.956518	532	585	372	7
36.976049	523	555	379	18
36.992522	506	533	392	18
37.012053	498	545	403	7
37.031584	504	576	403	11
37.051116	518	589	403	6
37.070647	525	589	384	16
37.090178	513	596	373	12
37.109709	509	605	383	3
37.129241	488	614	396	2
37.148772	477	622	435	17
37.168303	496	610	446	19
37.187371	496	569	393	13
37.206902	529	499	360	20
37.226433	533	466	351	15
37.245965	528	446	370	11
37.265496	529	427	406	20
37.285027	546	413	421	1
37.304558	541	424	418	6
37.324090	536	460	415	19
37.343621	546	474	409	2
37.363152	563	454	404	17
37.386890	508	511	427	47
37.406421	520	557	444	3
37.425952	546	569	404	44
37.445483	529	576	364	35
37.465015	495	582	376	8
37.484546	483	573	426	44
37.504077	477	558	444	20
37.523608	478	527	422	8
37.543140	483	531	392	27
37.562671	455	580	380	34
37.597575	493	581	397	23
37.617106	510	566	383	4
37.636637	504	558	383	2
37.656168	502	544	371	7
37.675700	502	546	384	12
37.695231	517	540	401	18
37.714762	519	524	397	1
37.734293	516	512	399	2
37.753825	506	524	407	7
37.773356	512	529	413	5
37.776108	509	530	410	3
37.795639	503	538	403	8
37.815170	502	545	408	2
37.834702	498	547	412	2
37.854233	491	529	402	6
37.873764	497	536	411	8
37.893295	496	522	388	20
37.912827	499	544	378	12
37.932358	508	549	391	11
37.951889	514	551	417	23
37.974568	498	543	407	7
37.994099	502	520	391	11
38.013630	509	531	392	0
38.033161	493	541	398	2
38.052693	497	545	419	19
38.072224	501	539	416	0
38.091755	503	533	388	25
38.111286	496	546	367	23
38.130818	500	550	384	15
38.150349	491	538	408	24
38.162306	486	531	423	14
38.181837	487	533	405	17
38.201368	494	549	400	7
38.220900	499	548	400	0
38.240431	494	538	393	4
38.259962	492	539	397	3
38.279493	492	545	406	7
38.299025	483	544	407	0
38.318556	481	528	408	3
38.338087	499	518	402	1
38.366369	498	524	389	13
38.385900	483	543	391	3
38.405431	483	539	420	28
38.424963	491	534	431	13
38.444494	500	534	403	25
38.464025	493	530	382	20
38.483556	483	515	390	7
38.503088	482	515	413	21
38.522619	497	545	416	0
38.542150	502	566	391	30
38.630856	492	557	378	9
38.650387	486	535	388	13
38.669918	489	535	392	4
38.689450	485	543	393	1
38.708981	492	548	394	0
38.728512	492	552	397	1
38.748043	504	547	409	14
38.767575	497	538	395	11
38.787106	496	542	381	14
38.806637	500	532	397	17
38.891104	489	526	416	17
38.910635	480	518	420	2
38.930166	490	517	404	12
38.949697	489	535	384	21
38.969229	475	559	378	14
38.988760	488	563	415	34
39.008291	483	542	427	17
39.027822	483	502	417	5
39.047354	494	490	403	12
39.066885	478	515	390	14
38.955420	470	532	386	7
38.974951	491	524	408	27
38.994482	485	495	416	5
39.014014	478	491	423	3
39.033545	492	494	414	4
39.053076	501	504	384	27
39.072607	500	519	370	13
39.092139	502	514	395	25
39.111670	496	491	422	23
39.131201	491	474	427	1
39.184583	483	481	409	15
39.204114	474	512	377	28
39.223645	483	530	388	11
39.243176	496	547	407	16
39.262708	510	538	407	3
39.282239	498	526	382	23
39.301770	490	546	376	10
39.321301	514	555	376	0
39.340833	533	537	376	2
39.360364	519	523	378	5
39.338436	494	528	393	13
39.357967	507	533	427	33
39.377498	518	528	427	0
39.397029	514	527	412	14
39.416561	504	540	406	8
39.436092	496	535	395	10
39.455623	494	534	382	12
39.475154	513	542	371	11
39.494686	506	543	373	1
39.514217	495	545	408	32
39.531411	486	548	428	15
39.550942	485	533	410	12
39.570473	490	527	396	11
39.590004	488	527	394	2
39.609536	486	542	399	1
39.629067	489	546	397	2
39.648598	485	531	391	3
39.668129	488	524	409	18
39.687661	492	516	412	4
39.707192	485	521	404	9
39.728303	484	523	398	6
39.747834	484	516	399	1
39.767365	497	513	399	2
39.786896	508	515	383	15
39.806428	508	539	371	14
39.825959	505	552	383	8
39.845490	484	542	408	23
39.865021	494	536	432	26
39.884553	503	537	420	10
39.904084	509	535	404	14
39.922370	501	534	389	14
39.941901	493	536	392	1
39.961432	499	527	402	12
39.980963	516	522	405	4
40.000495	512	531	400	6
40.020026	500	539	392	9
40.039557	498	550	398	2
40.059088	497	556	397	3
40.078620	498	552	400	4
40.098151	495	555	397	4
40.123898	497	540	398	5
40.143429	482	547	399	3
40.162960	498	550	409	11
40.182492	497	541	397	8
40.202023	492	550	409	7
40.221554	494	554	410	0
40.241085	488	555	398	12
40.260617	481	562	405	2
40.280148	485	545	410	11
40.299679	479	542	405	5
40.314095	487	541	404	1
40.333626	489	549	396	9
40.353157	489	539	391	2
40.372689	488	531	395	5
40.392220	485	537	401	3
40.411751	486	550	404	0
40.431282	491	561	407	0
40.450814	492	558	401	4
40.470345	484	555	398	3
40.489876	479	563	406	2
40.508585	485	565	413	6
40.528116	490	574	416	0
40.547647	488	571	415	0
40.567178	493	568	411	0
40.586710	492	565	399	9
40.606241	493	560	397	0
40.625772	495	548	404	10
40.645303	489	549	416	9
40.664835	490	558	420	0
40.684366	482	563	401	20
40.705134	486	560	398	0
40.724665	487	555	398	2
40.744196	485	554	405	6
40.763727	489	558	415	8
40.783259	494	560	415	0
40.802790	490	562	409	6
40.822321	483	557	411	2
40.841852	479	554	421	8
40.861384	490	551	418	1
40.880915	487	563	412	10
40.899247	498	563	404	5
40.918778	489	570	401	7
40.938309	489	563	407	8
40.957840	488	563	416	7
40.977372	491	569	415	3
40.996903	496	578	408	9
41.016434	495	576	403	3
41.035965	485	576	400	4
41.055497	480	572	408	7
41.075028	499	561	416	15
41.094420	501	562	414	2
41.113951	483	554	400	12
41.133482	475	562	401	4
41.153013	477	577	411	2
41.172545	504	566	417	15
41.192076	492	580	410	14
41.211607	499	576	396	8
41.231138	491	580	390	8
41.250670	481	574	392	2
41.270201	488	559	409	22
41.289169	494	555	418	10
41.308700	491	556	413	5
41.328231	507	550	408	0
41.347763	484	565	395	20
41.367294	492	574	401	2
41.386825	498	576	402	0
41.406356	482	580	413	4
41.425888	482	566	429	20
41.445419	480	558	423	1
41.464950	483	557	416	4
41.485442	486	554	415	1
41.504973	491	552	401	10
41.524504	483	567	405	3
41.544035	505	571	416	10
41.563567	506	574	402	13
41.583098	495	571	389	11
41.602629	488	569	389	0
41.622160	492	572	409	16
41.641692	501	556	426	23
41.661223	484	542	416	7
41.681514	475	558	416	8
41.701045	490	565	410	4
41.720576	506	558	415	9
41.740108	498	552	410	2
41.759639	485	559	402	12
41.779170	496	569	405	0
41.798701	489	582	401	10
41.818233	502	567	412	18
41.837764	497	561	406	3
41.857295	484	564	407	2
41.875577	485	560	412	6
41.895108	495	564	423	9
41.914639	507	568	420	3
41.934170	502	568	407	11
41.953702	494	573	394	14
41.973233	496	583	403	2
41.992764	494	580	412	8
42.012295	481	580	421	4
42.031827	469	583	425	2
42.051358	480	570	427	12
42.071764	476	552	411	6
42.091295	489	546	397	7
42.110826	490	556	388	11
42.130358	503	560	396	7
42.149889	503	563	401	3
42.169420	491	566	407	2
42.188951	489	561	412	6
42.208483	488	551	415	6
42.228014	490	555	419	2
42.247545	496	564	404	16
42.269450	502	552	382	15
42.288981	491	547	384	2
42.308512	497	553	397	11
42.328043	484	582	394	17
42.347575	483	595	402	0
42.367106	474	572	399	7
42.386637	462	557	401	3
42.406168	485	540	404	15
42.425700	472	545	391	16
42.445231	479	579	406	1
42.461501	485	606	401	18
42.481032	506	600	398	3
42.500563	509	573	406	21
42.520094	480	564	421	12
42.539626	495	567	448	23
42.559157	501	557	445	4
42.578688	512	549	452	10
42.598219	495	549	436	15
42.617751	511	568	419	22
42.637282	496	624	387	60
42.659178	479	647	376	25
42.678709	470	616	417	47
42.698240	418	578	448	15
42.717772	398	545	513	12
42.737303	430	531	503	34
42.756834	430	548	439	30
42.776365	467	547	414	2
42.795897	482	562	401	12
42.815428	489	575	384	19
42.834959	510	555	371	2
42.850473	489	555	379	5
42.870004	478	559	406	20
42.889535	477	564	423	11
42.909066	479	560	429	7
42.928598	481	564	419	9
42.948129	494	573	414	5
42.967660	498	575	418	2
42.987191	496	575	427	7
43.006723	500	585	428	4
43.026254	509	586	419	6
43.126056	510	588	408	9
43.145587	510	598	418	1
43.165118	500	596	422	3
43.184649	498	590	432	11
43.204181	505	602	428	10
43.223712	503	611	411	18
43.243243	505	599	414	10
43.262774	510	591	432	18
43.282306	518	580	421	1
43.301837	519	575	421	2
43.247495	532	576	428	3
43.267026	524	586	425	7
43.286557	536	592	423	7
43.306088	546	595	408	15
43.325620	539	600	411	0
43.345151	543	599	437	17
43.364682	549	590	429	0
43.384213	544	584	418	2
43.403745	532	590	412	5
43.423276	520	607	437	7
43.463382	536	602	428	4
43.482913	550	584	406	8
43.502444	534	588	411	5
43.521976	525	598	433	10
43.541507	534	602	430	6
43.561038	534	605	420	8
43.580569	535	586	414	7
43.600101	535	568	420	14
43.619632	534	572	424	1
43.639163	531	596	414	21
43.464995	536	602	428	5
43.484526	550	584	406	8
43.504057	534	588	411	5
43.523588	525	598	433	10
43.543120	534	602	430	6
43.562651	534	605	420	8
43.582182	535	586	414	7
43.601713	535	568	420	14
43.621245	534	572	424	1
43.640776	531	596	414	21
43.646491	527	593	422	8
43.666022	536	583	429	10
43.685553	527	589	426	4
43.705085	538	598	431	4
43.724616	534	595	426	0
43.744147	532	583	418	2
43.763678	527	597	423	4
43.783210	536	617	437	7
43.802741	518	597	431	13
43.822272	538	592	439	6
43.831614	547	599	423	17
43.851145	543	595	401	12
43.870676	510	578	410	20
43.890208	502	600	439	6
43.909739	527	607	440	5
43.929270	545	602	445	3
43.948801	551	593	446	5
43.968333	549	590	435	4
43.987864	563	575	417	9
44.007395	567	581	406	13
44.025585	554	606	417	2
44.045116	561	610	424	0
44.064647	566	588	405	1
44.084178	543	593	423	17
44.103710	526	603	453	14
44.123241	517	614	451	9
44.142772	542	616	421	22
44.162303	551	615	397	17
44.181835	540	603	402	13
44.201366	535	597	430	25
44.220495	517	605	444	5
44.240026	513	591	441	9
44.259557	516	574	438	9
44.279088	511	577	437	2
44.298620	513	584	445	0
44.318151	513	597	442	11
44.337682	510	605	435	10
44.357213	510	608	428	6
44.376745	517	595	432	12
44.396276	516	592	444	10
44.417553	515	596	447	1
44.437084	520	598	436	8
44.456615	515	623	432	21
44.476146	517	634	427	11
44.495678	527	622	431	11
44.515209	532	606	450	23
44.534740	528	594	457	14
44.554271	505	599	451	6
44.573803	504	609	447	10
44.593334	532	604	438	2
44.633170	544	583	428	5
44.652701	527	588	434	4
44.672232	525	612	463	2
44.691763	552	605	460	1
44.711295	554	595	427	12
44.730826	544	608	411	16
44.750357	540	619	413	5
44.769888	536	632	425	1
44.789420	528	625	443	16
44.808951	518	612	454	17
44.808455	529	595	452	11
44.827986	531	583	425	10
44.847517	511	597	422	9
44.867049	521	606	449	10
44.886580	539	600	441	2
44.906111	552	600	418	18
44.925642	561	605	405	15
44.945174	560	611	412	1
44.964705	557	600	434	22
44.984236	543	593	447	17
45.003493	528	594	454	6
45.023024	524	594	450	1
45.042555	541	593	434	12
45.062087	552	597	419	16
45.081618	551	607	416	8
45.101149	541	614	424	2
45.120680	533	609	436	12
45.140212	536	592	438	13
45.159743	543	583	434	1
45.179274	535	601	435	9
45.197567	535	611	440	4
45.217098	537	610	436	1
45.236629	540	600	434	5
45.256160	538	595	437	6
45.275692	528	595	443	5
45.295223	525	599	446	0
45.314754	524	600	438	5
45.334285	527	593	425	4
45.353817	531	600	419	9
45.373348	524	611	423	4
45.484797	518	615	430	1
45.504328	519	605	430	7
45.523859	520	596	430	6
45.543391	517	597	429	1
45.562922	519	606	427	8
45.582453	522	613	428	4
45.601984	525	604	432	9
45.621516	519	596	433	7
45.641047	519	593	439	6
45.660578	525	596	440	2
45.598327	536	600	427	13
45.617858	541	597	421	3
45.637389	542	593	421	2
45.656920	538	589	429	9
45.676452	531	593	434	2
45.695983	532	596	434	2
45.715514	538	599	430	5
45.735045	540	605	424	8
45.754577	537	605	419	2
45.774108	537	594	421	8
45.872035	532	594	425	3
45.891566	532	597	425	2
45.911097	533	596	422	1
45.930629	532	597	416	4
45.950160	530	599	421	2
45.969691	530	596	426	5
45.989222	524	593	426	2
46.008754	521	595	427	0
46.028285	524	596	423	3
46.047816	523	599	420	4
45.982562	527	603	424	0
46.002093	524	607	430	1
46.021624	515	603	435	6
46.041156	514	592	432	6
46.060687	510	590	432	1
46.080218	514	590	425	5
46.099749	513	598	422	7
46.119281	515	605	434	3
46.138812	516	605	438	2
46.158343	514	592	443	13
46.247146	510	580	438	5
46.266677	507	591	438	7
46.286208	511	601	434	9
46.305739	512	609	432	7
46.325271	503	619	431	8
46.344802	507	604	429	10
46.364333	513	595	422	1
46.383864	508	604	418	9
46.403396	515	606	421	0
46.422927	518	612	425	1
46.371606	529	604	430	8
46.391137	519	594	423	3
46.410668	509	593	423	0
46.430199	513	599	431	1
46.449731	522	603	429	4
46.469262	533	592	420	0
46.488793	518	590	415	0
46.508324	503	605	436	4
46.527856	504	610	447	2
46.547387	506	609	441	2
46.581420	519	594	423	0
46.600951	525	579	418	5
46.620482	517	592	435	5
46.640013	505	612	436	14
46.659545	502	616	428	8
46.679076	514	609	424	3
46.698607	516	598	429	11
46.718138	507	597	440	8
46.737670	507	589	443	7
46.757201	508	587	421	14
46.787335	522	604	414	16
46.806866	512	614	433	5
46.826397	499	601	452	20
46.845928	498	593	439	1
46.865460	505	607	426	18
46.884991	517	617	428	6
46.904522	512	611	432	7
46.924053	487	612	446	4
46.943585	490	608	465	13
46.963116	503	589	444	6
46.958611	506	585	414	19
46.978142	518	619	424	16
46.997673	518	645	424	20
47.017205	532	635	439	15
47.036736	538	607	452	29
47.056267	523	588	440	10
47.075798	523	608	457	5
47.095330	531	621	447	17
47.114861	548	603	435	3
47.134392	542	583	427	9
47.152714	518	576	418	0
47.172245	480	574	418	3
47.191776	496	590	453	17
47.211308	509	621	436	33
47.230839	519	635	417	22
47.250370	527	630	419	4
47.269901	516	615	423	14
47.289433	503	611	440	13
47.308964	519	597	456	20
47.328495	525	586	451	5
47.347591	513	596	452	6
47.367122	505	597	447	4
47.386653	488	595	446	1
47.406184	501	600	456	3
47.425716	518	616	446	18
47.445247	522	621	424	17
47.464778	527	586	424	24
47.484309	526	569	435	19
47.503841	519	601	432	23
47.523372	524	631	438	20
47.543602	536	607	452	25
47.563133	519	573	440	20
47.582664	496	574	427	11
47.602196	497	595	426	14
47.621727	519	612	430	9
47.641258	535	609	436	4
47.660789	538	602	463	19
47.680321	526	608	463	2
47.699852	500	612	448	10
47.719383	515	614	416	20
47.936752	516	599	421	14
47.956283	489	560	450	44
47.975814	482	519	468	28
47.995346	495	529	475	9
48.014877	543	565	443	48
48.034408	578	624	392	84
48.053939	578	663	366	43
48.073471	543	667	381	14
48.093002	519	607	429	78
48.112533	522	572	482	58
48.128673	506	559	470	4
48.148204	508	570	441	28
48.167735	532	596	443	18
48.187267	543	588	432	4
48.206798	544	582	429	1
48.226329	546	596	425	12
48.245860	566	592	419	8
48.265392	563	569	419	13
48.284923	554	565	442	23
48.304454	535	579	448	1
48.324658	550	612	441	32
48.344189	548	640	430	27
48.363720	512	638	444	13
48.383251	485	621	492	29
48.402783	476	599	505	19
48.422314	486	589	486	9
48.441845	487	610	465	26
48.461376	494	634	456	23
48.480908	507	651	439	21
48.500439	503	660	405	25
48.518638	512	649	390	0
48.538169	522	624	427	42
48.557700	526	569	472	69
48.577231	519	544	460	9
48.596763	521	582	434	43
48.616294	540	585	422	14
48.635825	550	583	412	9
48.655356	524	614	400	23
48.674888	515	619	420	10
48.694419	514	595	450	37
48.718839	531	550	478	49
48.738370	525	526	474	11
48.757901	544	574	483	33
48.777432	522	605	463	30
48.796964	483	644	448	43
48.816495	492	624	451	20
48.836026	513	584	434	22
48.855557	512	561	421	2
48.875089	479	589	423	18
48.894620	514	641	460	16
48.909692	520	659	463	16
48.929223	512	649	445	2
48.948754	517	636	426	1
48.968286	518	624	423	7
48.987817	529	642	427	13
49.007348	524	641	418	3
49.026879	513	649	420	4
49.046411	511	647	422	2
49.065942	505	632	434	18
49.085473	495	618	438	12
49.105671	508	600	431	10
49.125202	514	599	433	2
49.144733	515	582	434	12
49.164264	503	568	448	19
49.183796	496	554	460	16
49.203327	503	528	443	2
49.222858	521	523	422	19
49.242389	498	556	436	2
49.261921	503	578	471	10
49.281452	495	591	459	18
49.336466	500	589	438	10
49.355997	522	558	414	1
49.375528	527	546	409	0
49.395060	516	569	443	19
49.414591	499	591	439	18
49.434122	499	614	429	23
49.453653	501	621	422	9
49.473185	504	620	453	18
49.492716	507	602	465	21
49.512247	499	588	452	3
49.350775	500	589	438	9
49.370306	522	558	414	1
49.389837	527	546	409	0
49.409369	516	569	443	19
49.428900	499	591	439	18
49.448431	499	614	429	23
49.467962	501	621	422	9
49.487494	504	620	453	18
49.507025	507	602	465	21
49.526556	499	588	452	3
49.584448	498	598	414	33
49.603979	508	611	405	14
49.623510	527	637	427	6
49.643041	537	640	434	0
49.662573	536	617	411	4
49.682104	527	593	403	11
49.701635	519	587	419	16
49.721166	519	600	437	3
49.740698	525	611	430	13
49.760229	537	619	420	14
49.689722	532	621	420	0
49.709253	523	616	427	9
49.728784	516	601	432	15
49.748316	517	589	435	10
49.767847	518	589	429	4
49.787378	516	594	424	6
49.806909	511	600	423	4
49.826441	517	601	427	1
49.845972	524	595	428	4
49.865503	530	599	419	9
49.879720	522	590	407	2
49.899251	519	592	420	9
49.918782	527	594	423	0
49.938313	530	595	419	4
49.957845	528	604	415	8
49.977376	526	612	402	14
49.996907	521	616	384	15
50.016438	512	613	382	0
50.035970	509	606	384	5
50.055501	499	603	395	10
50.082681	499	584	411	24
50.102212	502	570	403	0
50.121743	512	570	388	13
50.141274	530	578	405	9
50.160806	547	570	430	20
50.180337	562	570	454	10
50.199868	560	576	468	4
50.219399	540	575	475	13
50.238931	541	567	484	10
50.258462	541	577	476	11
50.276923	528	577	460	5
50.296454	511	570	459	6
50.315985	484	569	441	16
50.335516	486	546	419	7
50.355048	490	559	398	22
50.374579	502	596	396	18
50.394110	516	634	404	19
50.413641	527	637	430	12
50.433173	522	612	434	23
50.452704	527	591	431	13
50.471816	527	585	427	1
50.491347	510	590	423	5
50.510878	488	587	421	1
50.530410	483	596	422	6
50.549941	487	606	426	3
50.569472	486	612	436	1
50.589003	490	625	438	8
50.608535	502	631	429	8
50.628066	512	616	425	9
50.647597	514	597	428	16
50.670668	504	590	434	8
50.690199	494	583	431	1
50.709730	489	581	431	0
50.729261	490	586	433	1
50.748793	496	595	438	1
50.768324	497	604	429	12
50.787855	502	608	417	10
50.807386	497	606	413	1
50.826918	474	608	427	3
50.846449	457	610	427	7
50.862677	455	620	430	6
50.882208	481	616	438	15
50.901739	473	618	432	7
50.921271	471	607	395	17
50.940802	464	608	371	21
50.960333	447	607	358	15
50.979864	427	606	364	2
50.999396	414	612	374	1
51.018927	420	628	366	11
51.038458	423	614	359	3
51.057750	435	594	355	11
51.077281	468	585	360	18
51.096812	497	579	396	39
51.116343	525	559	449	55
51.135875	562	534	497	23
51.155406	597	546	526	35
51.174937	605	539	536	7
51.194468	582	506	520	29
51.214000	556	486	527	17
51.233531	540	477	542	0
51.253517	529	469	546	3
51.273048	478	474	557	10
51.292579	480	490	567	0
51.312110	510	523	540	37
51.331642	530	546	528	11
51.351173	521	551	513	1
51.370704	510	529	493	14
51.390235	506	522	493	3
51.409767	513	507	500	9
51.429298	523	492	505	10
51.450760	530	471	487	27
51.470291	508	459	472	15
51.489822	436	471	468	30
51.509353	471	485	512	47
51.528885	504	496	539	16
51.548416	504	503	525	14
51.567947	503	506	505	4
51.587478	511	507	497	2
51.607010	504	516	498	0
51.626541	495	531	512	8
51.647288	497	546	526	14
51.666819	479	546	528	10
51.686350	420	546	528	49
51.705882	361	522	569	62
51.725413	443	481	606	41
51.744944	496	475	577	44
51.764475	288	545	518	150
51.784007	12	1000	130	569
51.803538	194	1023	45	34
51.823069	900	608	165	232
