-0.072789	557	409	570	126
-0.053258	560	403	563	3
-0.033727	559	406	555	5
-0.014195	557	401	553	2
0.005336	557	399	558	3
0.024867	561	406	563	2
0.044398	565	409	568	1
0.063930	562	405	563	0
0.083461	553	404	554	5
0.102992	555	404	558	2
0.178153	557	401	567	6
0.197684	559	401	570	1
0.217215	558	401	563	3
0.236747	564	405	556	3
0.256278	558	401	553	0
0.275809	554	397	555	2
0.295340	550	398	557	1
0.314872	545	394	555	1
0.334403	548	397	556	1
0.353934	549	395	558	2
0.180109	557	401	567	0
0.199640	559	401	570	1
0.219171	558	401	563	3
0.238703	564	405	556	3
0.258234	558	401	553	0
0.277765	554	397	555	2
0.297296	550	398	557	1
0.316828	545	394	555	1
0.336359	548	397	556	1
0.355890	549	395	558	2
0.320820	550	392	560	3
0.340351	548	389	559	1
0.359882	549	393	559	3
0.379414	551	388	559	5
0.398945	545	394	562	5
0.418476	550	394	571	4
0.438007	551	403	570	7
0.457539	553	403	562	2
0.477070	555	403	555	1
0.496601	550	400	553	0
0.513823	551	400	560	2
0.533354	551	394	560	5
0.552885	555	400	547	8
0.572417	559	395	543	4
0.591948	563	389	551	8
0.611479	567	390	554	1
0.631010	568	398	547	8
0.650542	568	401	545	3
0.670073	558	400	551	1
0.689604	560	404	562	1
0.708727	554	402	558	1
0.728258	557	403	549	2
0.747789	568	405	541	0
0.767320	566	400	541	3
0.786852	569	392	562	14
0.806383	582	395	585	12
0.825914	583	391	571	2
0.845445	587	394	550	7
0.864977	592	402	555	2
0.884508	591	403	585	10
0.911181	583	416	603	3
0.930712	562	425	585	26
0.950243	544	434	560	27
0.969774	538	446	550	16
0.989306	541	441	552	6
1.008837	557	425	554	20
1.028368	584	423	552	14
1.047899	604	414	545	17
1.067431	614	400	540	15
1.086962	622	401	540	4
1.100806	619	401	536	2
1.120337	608	403	532	9
1.139868	599	413	531	13
1.159400	589	416	529	8
1.178931	574	415	524	8
1.198462	571	423	521	8
1.217993	573	418	518	5
1.237525	583	414	512	8
1.257056	597	417	508	6
1.276587	605	415	513	6
1.295890	619	409	529	15
1.315421	627	410	534	5
1.334952	624	407	513	1
1.354484	625	418	498	5
1.374015	627	433	500	7
1.393546	623	420	499	4
1.413077	624	424	508	2
1.432609	620	430	509	6
1.452140	620	431	505	0
1.471671	622	439	503	2
1.490870	624	443	497	0
1.510401	627	435	493	7
1.529932	632	441	493	1
1.549464	636	448	502	0
1.568995	636	441	508	3
1.588526	643	447	517	3
1.608057	632	449	512	10
1.627589	627	447	500	2
1.647120	628	444	486	4
1.666651	626	457	485	7
1.686889	633	462	496	2
1.706420	633	459	504	0
1.725951	637	467	513	0
1.745482	637	466	507	0
1.765014	641	470	503	2
1.784545	635	463	498	2
1.804076	633	458	520	0
1.823607	635	472	524	2
1.843139	626	467	519	7
1.862670	615	466	527	8
1.880215	616	477	527	3
1.899746	591	467	515	19
1.919277	570	458	528	10
1.938808	565	458	569	13
1.958340	602	473	589	29
1.977871	568	470	555	42
1.997402	509	458	510	28
2.016933	520	442	516	16
2.036465	557	457	561	15
2.055996	580	451	580	27
2.075169	572	444	558	12
2.094700	576	439	525	3
2.114231	593	426	524	20
2.133763	604	429	536	7
2.153294	600	417	544	7
2.172825	614	429	550	3
2.192356	608	428	528	8
2.211888	609	425	503	2
2.231419	608	415	489	7
2.250950	622	423	498	3
2.272999	627	421	525	5
2.292530	631	416	535	7
2.312061	638	410	511	7
2.331593	633	405	476	3
2.351124	629	408	485	6
2.370655	629	408	523	1
2.390186	626	415	538	5
2.409718	607	422	526	20
2.429249	603	433	530	9
2.448780	584	419	539	1
2.467945	575	411	534	0
2.487476	575	424	522	12
2.507007	578	441	534	9
2.526538	576	432	565	15
2.546070	568	411	580	18
2.565601	579	409	532	9
2.585132	596	413	500	5
2.604663	605	402	513	13
2.624195	612	396	561	16
2.643726	601	393	559	4
2.663364	593	394	511	12
2.682895	588	404	493	9
2.702426	580	409	515	9
2.721957	574	409	553	3
2.741489	559	411	552	8
2.761020	548	402	516	2
2.780551	558	391	491	15
2.800082	570	392	498	2
2.819614	590	390	516	10
2.839145	583	382	515	3
2.858808	584	368	505	12
2.878339	588	372	506	1
2.897870	575	380	507	13
2.917402	569	392	520	13
2.936933	541	387	540	1
2.956464	521	370	552	16
2.975995	523	367	541	0
2.995527	529	375	533	8
3.015058	534	371	558	10
3.034589	531	343	553	25
3.053801	521	331	531	7
3.073332	521	337	530	6
3.092863	526	357	554	14
3.112395	531	368	563	7
3.131926	530	362	531	1
3.151457	532	369	514	7
3.170988	536	390	529	18
3.190520	540	407	534	14
3.210051	551	441	507	29
3.229582	554	466	480	11
3.248983	537	457	469	4
3.268514	517	441	475	6
3.288045	521	423	502	9
3.307576	528	413	534	12
3.327108	536	389	549	27
3.346639	542	380	548	9
3.366170	530	374	535	0
3.385701	516	380	530	7
3.405233	492	375	522	5
3.424764	484	391	523	14
3.444952	484	394	514	3
3.464483	491	400	498	6
3.484014	502	394	492	5
3.503546	525	400	530	5
3.523077	527	388	519	10
3.542608	525	378	473	15
3.562139	518	382	457	1
3.581671	519	386	479	10
3.601202	501	381	496	1
3.620733	488	378	518	3
3.699473	489	381	530	2
3.719004	491	386	545	2
3.738535	504	379	565	11
3.758066	510	379	558	2
3.777598	507	377	522	5
3.797129	509	375	528	2
3.816660	512	381	525	6
3.836191	505	382	512	1
3.855723	500	379	497	4
3.875254	498	371	486	9
3.836007	490	360	530	10
3.855538	507	366	590	10
3.875069	511	375	578	13
3.894600	513	366	488	4
3.914132	521	375	441	6
3.933663	534	385	485	22
3.953194	527	370	535	12
3.972725	526	381	546	8
3.992257	520	384	524	7
4.011788	515	387	526	2
4.029171	500	374	546	16
4.048702	509	388	539	15
4.068233	513	391	505	5
4.087765	515	376	501	15
4.107296	531	376	531	2
4.126827	542	377	555	6
4.146358	536	373	544	0
4.165890	535	372	535	0
4.185421	538	378	530	6
4.204952	533	386	517	9
4.225869	536	399	515	12
4.245400	537	408	522	8
4.264931	526	402	529	4
4.284462	527	400	541	4
4.303994	526	391	537	7
4.323525	523	382	528	7
4.343056	530	379	542	6
4.362587	542	381	558	4
4.382119	545	382	532	6
4.401650	539	382	494	1
4.420970	536	389	502	8
4.440501	539	391	530	0
4.460032	536	396	537	4
4.479563	532	399	520	6
4.499095	537	399	505	0
4.518626	545	393	513	7
4.538157	559	390	521	7
4.557688	572	387	514	7
4.577220	586	388	503	6
4.596751	597	394	505	0
4.624871	596	387	508	5
4.644402	590	383	504	0
4.663933	580	389	500	9
4.683465	575	397	505	9
4.702996	564	399	542	3
4.722527	553	396	579	12
4.742058	542	395	575	3
4.761590	534	403	544	20
4.781121	533	409	530	9
4.800652	543	410	545	4
4.823587	545	401	540	7
4.843118	552	386	510	13
4.862649	574	390	489	6
4.882180	584	388	497	5
4.901712	595	379	527	13
4.921243	600	385	536	1
4.940774	599	392	510	8
4.960305	586	393	500	7
4.979837	581	395	527	3
4.999368	574	401	535	7
5.006930	563	408	508	13
5.026461	561	405	493	3
5.045992	563	409	511	4
5.065523	565	398	524	11
5.085055	567	400	530	0
5.104586	581	396	537	11
5.124117	598	400	539	6
5.143648	605	397	511	4
5.163180	599	390	486	4
5.182711	601	386	515	2
5.202903	596	389	552	0
5.222434	589	399	561	8
5.241965	566	412	545	26
5.261497	547	429	538	24
5.281028	530	435	543	8
5.300559	526	440	551	1
5.320090	524	430	537	3
5.339622	529	417	521	10
5.359153	554	405	528	19
5.378684	590	393	543	29
5.397938	610	386	535	15
5.417469	625	384	525	9
5.437000	625	378	523	4
5.456532	608	372	542	3
5.476063	595	381	558	10
5.495594	575	403	540	32
5.515125	544	417	509	28
5.534657	517	425	502	12
5.554188	505	427	526	1
5.573719	513	417	551	16
5.593230	529	409	545	6
5.612761	561	400	523	13
5.632292	585	394	511	16
5.651824	588	371	531	22
5.671355	613	369	577	25
5.690886	619	372	558	4
5.710417	594	373	495	19
5.729949	582	390	490	19
5.749480	555	388	517	11
5.769011	537	401	539	14
5.788998	525	414	528	16
5.808529	520	422	509	9
5.828060	528	420	511	2
5.847591	544	412	525	12
5.867123	564	404	536	16
5.886654	578	394	547	17
5.906185	588	378	570	24
5.925716	600	379	585	10
5.945248	594	369	564	2
5.964779	578	379	525	23
5.983973	558	394	523	21
6.003504	539	405	542	12
6.023035	525	416	550	10
6.042567	511	425	522	16
6.062098	501	418	487	10
6.081629	523	410	507	4
6.101160	542	385	548	32
6.120692	559	361	558	29
6.140223	562	340	539	16
6.159754	568	337	530	3
6.178966	568	350	531	12
6.198497	555	369	505	22
6.218028	530	384	486	17
6.237560	514	391	505	10
6.257091	498	385	522	6
6.276622	505	381	511	3
6.296153	534	380	517	2
6.315685	550	367	538	18
6.335216	555	358	553	12
6.354747	558	357	544	0
6.385220	556	379	504	24
6.404751	544	391	494	13
6.424282	528	400	501	12
6.443814	512	404	504	5
6.463345	501	410	502	5
6.482876	493	407	505	3
6.502407	505	397	528	9
6.521939	520	380	534	17
6.541470	530	373	519	6
6.561001	535	365	514	8
6.581345	534	371	546	2
6.600876	531	384	552	11
6.620407	514	392	518	15
6.639939	503	403	488	8
6.659470	499	407	510	6
6.679001	508	412	531	3
6.698532	512	415	492	2
6.718064	522	411	466	12
6.737595	532	405	483	1
6.757126	534	399	511	2
6.773117	537	391	516	8
6.792648	538	394	501	2
6.812179	532	395	498	1
6.831711	526	394	515	0
6.851242	534	399	525	3
6.870773	536	395	511	3
6.890304	530	385	499	9
6.909836	534	377	512	7
6.929367	530	371	532	6
6.948898	527	382	535	10
6.967958	531	386	510	5
6.987489	515	372	471	18
7.007020	514	368	504	1
7.026551	540	373	558	4
7.046083	539	387	533	19
7.065614	522	371	487	13
7.085145	523	368	515	0
7.104676	565	403	554	16
7.124208	552	392	518	1
7.143739	534	379	471	14
7.164085	555	398	494	17
7.183616	569	401	501	2
7.203147	553	384	464	17
7.222678	548	372	466	8
7.242210	558	377	537	6
7.261741	587	393	569	6
7.281272	571	395	511	20
7.300803	559	398	463	1
7.320335	547	396	496	10
7.339866	532	373	537	20
7.357976	550	419	523	41
7.377507	539	411	486	6
7.397038	546	398	485	14
7.416569	555	385	499	12
7.436101	574	396	530	1
7.455632	589	392	551	15
7.475163	586	387	546	1
7.494694	597	402	539	7
7.514226	585	397	519	5
7.533757	574	403	500	10
7.556731	574	419	512	14
7.576262	573	418	525	1
7.595793	579	425	520	2
7.615324	580	415	497	9
7.634856	573	405	490	5
7.654387	586	405	520	5
7.673918	610	410	544	14
7.693449	619	416	523	0
7.712981	609	406	474	4
7.732512	604	407	484	6
7.749174	597	390	527	7
7.768705	597	390	544	2
7.788236	590	410	525	23
7.807767	583	427	500	17
7.827299	581	428	499	1
7.846830	575	428	514	4
7.866361	588	432	512	5
7.885892	599	435	510	5
7.905424	611	429	511	12
7.924955	628	428	518	14
7.944104	638	424	524	10
7.963635	643	428	518	1
7.983166	634	422	496	3
8.002697	629	430	507	9
8.022229	623	440	524	10
8.041760	614	444	521	9
8.061291	603	445	512	9
8.080822	600	448	504	3
8.100354	602	448	510	1
8.119885	617	458	527	8
8.140148	620	447	514	7
8.159679	610	430	501	2
8.179210	620	426	516	9
8.198741	624	429	526	1
8.218273	624	434	495	2
8.237804	625	437	481	1
8.257335	619	440	516	10
8.276866	620	441	543	3
8.296398	617	450	515	10
8.315929	609	453	485	5
8.322339	615	465	496	2
8.341870	612	453	514	1
8.361401	612	445	520	4
8.380933	613	442	519	2
8.400464	622	455	526	1
8.419995	629	449	507	8
8.439526	628	446	492	1
8.459058	635	441	496	7
8.478589	629	443	511	7
8.498120	616	442	511	10
8.677124	608	445	517	8
8.696655	600	450	523	8
8.716186	597	447	517	1
8.735718	595	444	512	0
8.755249	605	447	509	6
8.774780	623	449	515	14
8.794311	633	450	521	8
8.813843	635	434	527	10
8.833374	647	441	528	6
8.852905	643	441	495	3
8.699280	608	445	517	32
8.718811	600	450	523	8
8.738342	597	447	517	1
8.757874	595	444	512	0
8.777405	605	447	509	6
8.796936	623	449	515	14
8.816467	633	450	521	8
8.835999	635	434	527	10
8.855530	647	441	528	6
8.875061	643	441	495	3
8.700090	608	445	517	32
8.719621	600	450	523	8
8.739152	597	447	517	1
8.758683	595	444	512	0
8.778215	605	447	509	6
8.797746	623	449	515	14
8.817277	633	450	521	8
8.836808	635	434	527	10
8.856340	647	441	528	6
8.875871	643	441	495	3
8.720423	636	449	496	9
8.739954	626	446	516	8
8.759485	624	454	516	5
8.779016	612	452	501	9
8.798548	610	453	510	2
8.818079	613	453	525	3
8.837610	618	453	519	3
8.857141	617	448	500	2
8.876673	623	443	497	8
8.896204	626	442	513	2
8.921210	629	445	521	1
8.940741	626	445	509	2
8.960272	622	446	499	3
8.979804	618	444	510	2
8.999335	615	445	515	3
9.018866	613	446	512	2
9.038397	612	444	507	0
9.057929	616	445	513	2
9.077460	621	447	516	3
9.096991	622	445	503	2
9.108132	622	442	503	1
9.127663	622	440	513	0
9.147194	622	443	515	1
9.166725	620	446	504	3
9.186257	616	445	503	2
9.205788	616	449	509	2
9.225319	614	447	511	0
9.244850	617	450	512	0
9.264382	620	449	508	3
9.283913	623	447	511	3
9.304074	627	448	514	2
9.323605	625	445	507	0
9.343136	624	443	504	0
9.362668	622	445	515	2
9.382199	618	447	522	4
9.401730	616	449	515	3
9.421261	611	447	506	3
9.440793	613	447	514	1
9.460324	614	447	518	0
9.479855	618	447	513	3
9.499116	619	443	508	3
9.518647	619	441	513	1
9.538178	620	442	516	0
9.557709	620	442	513	0
9.577241	625	444	506	3
9.596772	621	448	513	5
9.616303	619	445	512	0
9.635834	619	444	512	0
9.655366	622	443	514	3
9.674897	623	445	511	0
9.695565	625	447	505	0
9.715096	623	447	500	1
9.734627	623	445	509	0
9.754158	622	441	517	1
9.773690	623	446	511	1
9.793221	624	451	511	1
9.812752	621	449	507	1
9.832283	617	447	505	2
9.851815	616	447	507	0
9.871346	615	446	507	0
9.905262	617	450	515	0
9.924793	616	447	514	0
9.944324	616	445	508	1
9.963856	619	446	502	2
9.983387	620	442	510	2
10.002918	620	441	518	0
10.022449	619	440	516	0
10.041981	621	440	502	1
10.061512	622	441	495	1
10.081043	617	442	511	5
10.085175	621	444	525	2
10.104706	615	440	510	3
10.124237	614	443	498	1
10.143769	614	440	508	0
10.163300	614	441	516	0
10.182831	615	442	503	0
10.202362	617	441	499	2
10.221894	616	435	502	2
10.241425	616	433	518	0
10.260956	619	428	512	5
10.281042	624	442	502	3
10.300573	625	445	514	1
10.320104	619	443	534	2
10.339635	619	444	523	1
10.359167	609	443	491	6
10.378698	614	445	487	3
10.398229	617	442	500	2
10.417760	623	447	514	1
10.437292	625	448	513	1
10.456823	626	455	507	2
10.476110	621	455	501	4
10.495641	620	462	503	4
10.515172	618	461	498	0
10.534703	618	464	499	1
10.554235	616	458	507	0
10.573766	621	454	523	6
10.593297	627	448	523	8
10.612828	629	452	511	0
10.632360	638	457	507	6
10.651891	630	451	496	3
10.672864	622	445	505	4
10.692395	622	443	522	1
10.711926	630	459	530	0
10.731457	623	459	513	7
10.750989	610	449	499	5
10.770520	612	446	501	3
10.790051	620	450	511	4
10.809582	623	451	512	2
10.829114	620	443	500	2
10.848645	628	446	498	5
10.867584	630	444	511	2
10.887115	627	441	524	0
10.906646	629	443	520	0
10.926178	629	456	507	6
10.945709	623	456	496	4
10.965240	626	466	491	0
10.984771	622	462	486	1
11.004303	626	478	506	4
11.023834	621	471	517	2
11.043365	626	470	523	5
11.062088	627	464	506	2
11.081619	630	465	486	4
11.101150	637	469	486	5
11.120682	640	466	499	1
11.140213	639	460	519	0
11.159744	631	456	519	5
11.179275	629	463	506	4
11.198807	626	472	494	4
11.218338	623	474	490	2
11.237869	620	479	507	6
11.269103	621	480	518	0
11.288634	619	475	519	0
11.308165	625	476	519	5
11.327697	637	475	515	11
11.347228	645	468	504	9
11.366759	643	458	486	3
11.386290	645	466	485	0
11.405822	640	468	493	6
11.425353	627	462	507	11
11.444884	626	465	514	2
11.465196	621	472	502	6
11.484727	621	478	498	1
11.504258	625	480	501	2
11.523789	625	471	509	2
11.543321	624	462	513	2
11.562852	628	467	518	1
11.582383	638	473	513	7
11.601914	637	471	499	0
11.621446	635	479	497	3
11.640977	629	473	502	4
11.658243	621	468	517	6
11.677774	619	466	521	0
11.697305	622	470	510	0
11.716836	632	482	493	7
11.736368	635	482	484	4
11.755899	632	476	492	2
11.775430	630	460	516	2
11.794961	626	435	545	12
11.814493	634	451	535	3
11.834024	634	461	493	4
11.851387	636	473	474	1
11.870918	631	478	492	10
11.890449	620	463	526	5
11.909981	624	471	533	1
11.929512	622	481	505	6
11.949043	626	485	484	5
11.968574	634	481	486	8
11.988106	634	461	508	3
12.007637	642	453	528	11
12.027168	646	459	515	0
12.039171	646	466	495	1
12.058702	639	467	494	6
12.078233	631	468	503	8
12.097764	624	469	511	7
12.117296	618	467	511	4
12.136827	620	472	516	0
12.156358	618	462	504	2
12.175889	624	466	503	3
12.195421	633	467	507	7
12.214952	638	467	511	4
12.246251	634	458	504	0
12.265782	629	453	508	2
12.285313	626	451	527	0
12.304844	632	466	530	0
12.324376	627	467	501	5
12.343907	618	468	490	7
12.363438	618	464	514	0
12.382969	625	454	530	11
12.402501	626	461	514	3
12.422032	627	466	493	0
12.430302	625	461	499	0
12.449833	625	446	522	6
12.469364	632	454	533	3
12.488895	632	462	509	4
12.508427	628	467	485	2
12.527958	627	474	491	4
12.547489	621	458	524	0
12.567020	630	459	529	8
12.586552	624	459	499	5
12.606083	630	459	490	6
12.642100	632	457	506	0
12.661631	634	459	516	0
12.681162	631	458	515	2
12.700694	625	456	513	4
12.720225	627	465	516	1
12.739756	625	465	501	1
12.759287	625	459	489	4
12.778819	627	456	492	2
12.798350	632	461	512	0
12.817881	634	463	521	1
12.819223	627	456	507	3
12.838754	627	457	505	0
12.858285	626	459	516	1
12.877816	627	468	516	2
12.897348	624	464	504	1
12.916879	623	460	506	0
12.936410	626	459	516	3
12.955941	625	463	506	2
12.975473	623	461	496	0
12.995004	625	459	511	1
13.026271	629	458	526	4
13.045802	633	466	520	0
13.065333	629	461	505	1
13.084864	627	461	504	1
13.104396	626	457	509	0
13.123927	624	459	514	2
13.143458	629	465	515	2
13.162989	634	466	504	4
13.182521	644	472	481	10
13.202052	658	488	473	11
13.210254	643	489	494	18
13.229785	630	445	525	2
13.249316	615	428	533	1
13.268847	601	425	534	8
13.288379	608	442	542	3
13.307910	602	450	518	13
13.327441	604	456	489	0
13.346972	608	465	469	5
13.366504	617	476	476	1
13.386035	627	469	507	6
13.405273	640	448	536	22
13.424804	645	453	529	1
13.444335	646	446	498	3
13.463866	637	450	493	9
13.483398	632	459	515	9
13.502929	624	465	516	9
13.522460	610	466	502	12
13.541991	604	469	495	5
13.561523	609	469	509	3
13.581054	622	462	523	15
13.602625	626	455	512	6
13.622156	632	449	500	8
13.641687	641	446	502	9
13.661218	645	445	511	3
13.680750	639	450	488	5
13.700281	628	456	472	8
13.719812	616	460	493	17
13.739343	610	457	530	4
13.758875	620	465	530	5
13.778406	608	459	497	8
13.797790	617	462	494	7
13.817321	624	451	509	9
13.836852	638	444	519	15
13.856384	629	442	494	5
13.875915	636	454	499	0
13.895446	638	456	516	0
13.914977	629	462	496	9
13.934509	619	456	476	2
13.954040	616	464	494	10
13.973571	616	449	543	9
13.999206	621	459	532	2
14.018737	616	456	483	1
14.038268	636	466	462	19
14.057800	629	454	488	8
14.077331	633	439	524	9
14.096862	632	446	524	4
14.116393	627	452	484	4
14.135925	625	464	489	7
14.155456	622	458	512	2
14.174987	620	458	516	1
14.186265	620	459	493	0
14.205796	627	462	489	5
14.225327	630	456	496	4
14.244859	636	455	521	5
14.264390	636	458	522	1
14.283921	634	460	492	1
14.303452	632	465	487	2
14.322984	631	465	507	3
14.342515	631	460	512	1
14.362046	628	466	498	4
14.382309	633	471	505	2
14.401840	633	465	522	2
14.421371	636	469	525	1
14.440902	641	469	497	4
14.460434	644	463	484	6
14.479965	657	466	518	8
14.499496	668	475	543	11
14.519027	665	483	517	7
14.538559	659	466	498	1
14.558090	656	471	518	4
14.586140	668	490	533	9
14.605671	662	484	514	6
14.625202	646	467	499	10
14.644733	666	492	534	14
14.664265	666	498	530	1
14.683796	644	469	492	15
14.703327	643	478	479	0
14.722858	650	493	500	0
14.742390	641	491	514	9
14.761921	642	504	524	0
14.780425	642	505	524	0
14.799956	633	496	508	8
14.819487	632	496	498	0
14.839019	649	508	522	15
14.858550	633	493	534	12
14.878081	623	477	513	8
14.897612	614	467	490	2
14.917144	628	489	508	4
14.936675	617	485	514	9
14.956206	627	480	528	12
14.968289	638	484	545	12
14.987820	646	500	531	2
15.007351	640	491	491	4
15.026882	636	493	459	4
15.046414	649	502	467	8
15.065945	651	527	520	4
15.085476	630	464	556	5
15.105007	649	457	625	51
15.124539	651	491	574	32
15.144070	651	489	479	8
15.163036	635	517	436	0
15.182567	622	504	452	19
15.202098	612	484	532	19
15.221629	603	419	635	73
15.241161	580	449	549	79
15.260692	554	427	405	43
15.280223	554	469	379	2
15.299754	593	508	480	58
15.319286	651	480	584	72
15.338817	636	425	673	61
15.358265	604	441	607	70
15.377796	650	455	558	6
15.397327	648	481	528	15
15.416858	639	440	492	6
15.436390	629	450	534	13
15.455921	635	483	601	20
15.475452	609	482	647	14
15.494983	595	482	603	42
15.514515	591	499	543	40
15.534046	561	500	491	31
15.562150	605	501	510	39
15.581681	580	515	574	1
15.601212	626	467	647	90
15.620744	619	525	621	29
15.640275	586	463	588	36
15.659806	617	469	585	18
15.679337	605	456	614	14
15.698869	623	481	656	35
15.718400	621	502	612	36
15.737931	577	492	539	75
15.760220	600	512	548	21
15.779751	621	541	600	47
15.799282	649	501	696	86
15.818814	656	511	665	19
15.838345	570	493	544	141
15.857876	594	496	517	14
15.877407	656	555	600	90
15.896939	634	483	646	9
15.916470	589	485	587	72
15.936001	606	522	549	9
15.944258	638	557	584	50
15.963789	661	561	612	34
15.983320	583	479	647	29
16.002851	570	494	638	16
16.022383	632	534	633	31
16.041914	621	516	606	27
16.061445	551	470	559	69
16.080976	592	480	562	25
16.100508	646	535	599	61
16.120039	665	536	618	26
16.139326	627	495	607	37
16.158857	599	470	583	30
16.178388	604	479	575	3
16.197920	601	485	585	1
16.217451	607	504	590	4
16.236982	616	517	593	8
16.256513	635	536	595	18
16.276045	621	521	591	15
16.295576	581	482	585	30
16.315107	597	508	567	3
16.335203	615	520	581	22
16.354734	625	511	593	14
16.374265	632	513	595	6
16.393796	627	518	579	12
16.413328	616	516	568	15
16.432859	618	499	568	2
16.452390	615	502	573	0
16.471921	635	519	568	15
16.491453	628	518	566	7
16.510984	617	511	578	4
16.530354	630	533	589	18
16.549885	639	532	588	6
16.569416	616	521	575	27
16.588948	599	520	557	23
16.608479	599	520	561	1
16.628010	615	522	584	25
16.647541	635	499	596	23
16.667073	627	505	572	19
16.686604	624	517	543	13
16.706135	627	493	535	2
16.727149	625	482	544	2
16.746680	622	486	562	2
16.766211	637	502	577	17
16.785743	636	495	563	6
16.805274	593	486	540	45
16.824805	590	503	537	7
16.844336	627	520	548	38
16.863868	614	496	563	5
16.883399	607	492	565	4
16.902930	614	486	571	10
16.921617	653	500	572	33
16.941148	664	496	556	5
16.960679	627	467	534	33
16.980211	623	472	542	3
16.999742	686	529	568	61
17.019273	666	503	585	12
17.038804	615	468	556	50
17.058336	592	482	521	34
17.077867	595	478	517	3
17.097398	568	438	529	4
17.114429	561	448	550	5
17.133960	609	495	573	26
17.153491	618	490	601	24
17.173023	577	458	603	15
17.192554	565	459	587	18
17.212085	593	483	567	3
17.231616	607	498	552	1
17.251148	584	467	539	14
17.270679	586	470	557	7
17.290210	633	467	590	54
17.311257	675	491	579	26
17.330788	636	485	537	48
17.350319	612	466	520	18
17.369850	648	485	559	36
17.389382	699	511	592	56
17.408913	661	492	563	44
17.428444	616	497	510	53
17.447975	629	503	504	12
17.467507	639	504	547	14
17.487038	664	493	584	37
17.507344	684	502	564	10
17.526875	670	515	524	21
17.546406	666	492	502	2
17.565938	666	476	520	2
17.585469	685	487	542	18
17.605000	664	472	548	16
17.624531	633	453	542	23
17.644063	618	455	536	15
17.663594	594	459	530	23
17.683125	562	454	535	19
17.742185	553	469	563	1
17.761716	564	484	595	23
17.781247	571	497	613	16
17.800778	513	467	597	21
17.820310	531	455	561	18
17.839841	565	471	527	8
17.859372	585	490	519	7
17.878903	667	528	513	79
17.898435	689	490	508	22
17.917966	721	494	499	31
17.898410	732	501	523	10
17.917941	727	490	556	0
17.937472	736	518	579	13
17.957004	701	522	577	33
17.976535	651	527	556	53
17.996066	624	531	546	27
18.015597	614	534	555	5
18.035129	627	534	561	14
18.054660	634	534	550	2
18.074191	623	530	531	15
18.093474	621	509	528	3
18.113005	666	512	539	46
18.132536	673	485	559	13
18.152067	652	432	543	5
18.171599	644	444	488	13
18.191130	603	430	434	5
18.210661	583	459	407	7
18.230192	578	483	457	46
18.249724	589	493	487	7
18.269255	534	463	469	14
18.287373	523	467	458	2
18.306904	596	503	505	13
18.326435	658	563	566	79
18.345967	702	535	649	71
18.365498	764	562	639	51
18.385029	726	537	556	66
18.404560	674	462	457	41
18.424092	673	501	452	6
18.443623	691	499	530	8
18.463154	688	515	575	6
18.484434	646	515	578	37
18.503965	623	525	554	30
18.523496	613	531	527	15
18.543027	612	523	505	3
18.562559	630	535	509	19
18.582090	653	549	526	26
18.601621	661	541	530	6
18.621152	650	516	528	13
18.640684	692	544	539	45
18.660215	734	566	545	46
18.694307	712	532	513	29
18.713838	690	514	468	17
18.733369	698	540	495	5
18.752901	675	539	526	23
18.772432	653	529	531	22
18.791963	620	510	487	32
18.811494	579	480	444	10
18.831026	572	491	450	11
18.850557	556	477	506	32
18.870088	521	419	601	72
18.875364	594	479	646	31
18.894895	610	491	674	29
18.914426	555	468	630	57
18.933958	543	486	571	61
18.953489	544	484	534	23
18.973020	574	500	515	15
18.992551	624	503	488	51
19.012083	673	526	457	55
19.031614	740	582	449	75
19.051145	736	497	491	21
19.081702	741	496	572	11
19.101233	798	540	592	61
19.120764	747	520	564	57
19.140296	666	522	478	82
19.159827	604	515	438	39
19.179358	609	523	493	18
19.198889	638	540	557	37
19.218421	637	539	573	4
19.237952	575	503	529	75
19.257483	521	481	450	4
19.265545	612	520	452	46
19.285076	673	560	480	54
19.304607	680	552	514	1
19.324138	623	398	538	11
19.343670	724	503	541	52
19.363201	710	458	474	5
19.382732	710	484	486	7
19.402263	675	480	519	35
19.421795	639	483	530	34
19.441326	623	502	503	19
19.460435	593	497	489	26
19.479966	588	497	503	7
19.499497	589	495	516	0
19.519028	583	478	506	0
19.538560	604	479	491	21
19.558091	632	481	482	27
19.577622	658	462	484	29
19.597153	683	457	509	22
19.616685	686	452	526	4
19.636216	670	451	513	15
19.658070	643	455	496	25
19.677601	638	469	501	10
19.697132	614	465	498	20
19.716664	609	470	496	6
19.736195	596	457	484	2
19.755726	598	455	480	3
19.775257	603	454	477	5
19.794789	609	447	482	7
19.814320	610	431	495	7
19.833851	617	414	526	16
19.851420	636	405	550	23
19.870951	636	401	534	0
19.890482	638	415	491	7
19.910013	638	440	481	11
19.929545	616	427	488	11
19.949076	611	415	509	2
19.968607	592	433	504	25
19.988138	582	444	486	11
20.007670	570	428	474	7
20.027201	575	421	480	6
20.046490	594	432	497	0
20.066021	605	430	512	8
20.085552	604	406	511	16
20.105083	598	396	489	5
20.124615	595	392	486	1
20.144146	600	400	526	5
20.163677	603	397	525	4
20.183208	582	407	480	17
20.202740	558	409	480	12
20.222271	554	381	545	24
20.387793	555	395	587	4
20.407324	551	402	551	22
20.426855	557	412	513	13
20.446387	558	400	503	11
20.465918	567	385	503	17
20.485449	567	395	501	8
20.504980	576	400	506	0
20.524512	587	403	517	3
20.544043	588	403	515	0
20.563574	586	395	501	5
20.389532	555	395	587	6
20.409063	551	402	551	22
20.428594	557	412	513	13
20.448126	558	400	503	11
20.467657	567	385	503	17
20.487188	567	395	501	8
20.506719	576	400	506	0
20.526251	587	403	517	3
20.545782	588	403	515	0
20.565313	586	395	501	5
20.465769	589	399	512	2
20.485300	589	399	515	0
20.504831	579	398	517	4
20.524363	572	398	524	2
20.543894	570	406	518	8
20.563425	563	410	502	6
20.582956	558	412	507	4
20.602488	560	408	523	4
20.622019	566	409	520	1
20.641550	568	411	501	0
20.664230	574	407	503	6
20.683761	579	402	528	7
20.703292	586	401	538	6
20.722823	583	402	517	4
20.742355	585	408	502	3
20.761886	578	405	514	1
20.781417	575	409	535	2
20.800948	568	405	532	0
20.820480	562	412	509	10
20.840011	560	406	497	5
20.858749	559	402	518	2
20.878280	567	407	544	3
20.897811	571	405	549	4
20.917342	572	408	530	6
20.936874	576	406	509	2
20.956405	582	411	508	0
20.975936	581	411	506	0
20.995467	576	409	507	1
21.014999	574	410	504	1
21.034530	578	415	510	2
21.052694	584	418	516	1
21.072225	582	417	507	0
21.091756	586	414	508	4
21.111288	592	411	526	6
21.130819	602	412	533	6
21.150350	607	414	513	0
21.169881	607	410	492	4
21.189413	616	417	492	1
21.208944	608	416	493	5
21.228475	597	415	504	7
21.249762	591	415	517	4
21.269293	586	419	515	6
21.288824	585	420	509	1
21.308356	593	429	513	1
21.327887	597	426	524	5
21.347418	596	414	537	9
21.366949	607	411	548	11
21.386481	613	407	530	3
21.406012	612	411	498	3
21.425543	609	408	492	0
21.443784	604	406	515	3
21.463315	606	415	520	5
21.482846	594	419	501	10
21.502378	590	425	492	5
21.521909	582	422	497	3
21.541440	581	423	511	2
21.560971	586	421	520	4
21.580503	595	421	504	5
21.600034	606	425	492	6
21.619565	615	425	500	5
21.834812	605	435	510	14
21.854343	611	438	506	2
21.873874	623	433	508	12
21.893405	628	436	501	2
21.912937	627	439	483	0
21.932468	626	437	478	1
21.951999	622	440	492	7
21.971530	617	439	514	5
21.991062	620	448	504	2
22.010593	605	453	484	12
22.029768	606	453	496	1
22.049299	611	459	527	1
22.068830	616	458	536	6
22.088362	614	452	513	1
22.107893	614	455	496	0
22.127424	626	457	514	8
22.146955	637	459	529	10
22.166487	639	450	525	5
22.186018	637	449	515	1
22.205549	640	453	524	1
22.230853	647	460	541	6
22.250384	640	458	531	7
22.269915	624	453	516	13
22.289447	629	462	522	0
22.308978	629	465	538	1
22.328509	630	463	539	1
22.348040	626	461	530	4
22.367572	627	462	520	0
22.387103	631	465	527	3
22.406634	630	465	537	0
22.422919	633	469	539	1
22.442450	632	466	532	1
22.461981	630	467	527	2
22.481513	630	469	527	0
22.501044	634	473	532	3
22.520575	630	471	524	4
22.540106	619	464	506	8
22.559638	621	463	500	2
22.579169	627	477	514	0
22.598700	632	475	522	5
22.620797	622	470	512	8
22.640328	616	466	504	3
22.659859	627	473	533	9
22.679390	642	477	552	17
22.698922	648	478	542	2
22.718453	646	470	516	2
22.737984	658	472	510	10
22.757515	659	470	508	1
22.777047	652	470	499	6
22.796578	649	480	498	5
22.812861	636	482	498	13
22.832392	637	488	506	0
22.851923	640	489	507	2
22.871454	641	491	507	0
22.890986	639	487	506	1
22.910517	640	481	508	2
22.930048	647	480	509	7
22.949579	653	493	512	3
22.969111	652	492	517	0
22.988642	642	477	506	6
23.006746	628	482	486	12
23.026277	626	485	475	0
23.045808	623	495	509	10
23.065340	625	501	538	4
23.084871	626	513	527	1
23.104402	610	497	501	15
23.123933	628	513	516	16
23.143465	638	505	527	11
23.162996	641	491	522	3
23.182527	653	498	524	11
23.212826	672	516	529	18
23.232357	665	496	514	7
23.251888	664	501	498	0
23.271420	661	500	498	2
23.290951	667	517	516	4
23.310482	671	528	525	5
23.330013	664	506	518	8
23.349545	649	500	496	13
23.369076	633	493	491	14
23.388607	649	506	516	12
23.407065	666	516	538	19
23.426596	684	519	532	17
23.446127	628	473	506	50
23.465658	596	461	479	18
23.485190	598	448	472	10
23.504721	617	479	495	3
23.524252	621	492	520	0
23.543783	608	487	541	7
23.563315	578	469	558	12
23.582846	569	482	551	15
23.602933	575	486	526	5
23.622464	582	500	501	2
23.641995	565	486	485	6
23.661526	579	466	509	16
23.681058	605	464	536	26
23.700589	673	492	555	60
23.720120	706	505	555	30
23.739651	706	480	530	1
23.759183	698	479	500	8
23.778714	714	475	495	16
23.797126	715	483	517	0
23.816657	712	486	531	2
23.836188	672	470	520	36
23.855720	631	479	488	39
23.875251	590	468	478	30
23.894782	572	475	497	23
23.914313	577	489	528	1
23.933845	571	488	544	0
23.953376	536	491	521	38
23.972907	525	493	480	6
23.980874	542	501	467	15
24.000405	562	501	483	3
24.019936	595	496	492	28
24.039468	615	486	479	24
24.058999	604	474	486	8
24.078530	640	479	520	29
24.098061	707	480	563	71
24.117593	731	481	565	23
24.137124	709	488	505	28
24.156655	670	468	447	22
24.187874	668	463	430	6
24.207405	682	488	467	5
24.226936	676	497	511	12
24.246468	659	484	536	13
24.265999	656	476	531	1
24.285530	650	481	504	7
24.305061	632	471	480	10
24.324593	658	484	492	19
24.344124	664	460	534	12
24.363655	688	473	553	22
24.373990	680	470	544	8
24.393521	661	464	520	19
24.413052	638	458	497	18
24.432584	632	466	497	8
24.452115	623	469	515	10
24.471646	628	472	514	3
24.491177	604	469	497	20
24.510709	567	451	503	20
24.530240	589	473	541	8
24.549771	601	467	568	23
24.578867	582	463	560	16
24.598398	537	453	536	29
24.617929	519	452	529	5
24.637460	543	462	551	7
24.656992	580	472	578	32
24.676523	584	456	578	9
24.696054	591	446	536	6
24.715585	586	456	487	9
24.735117	592	431	501	18
24.754648	644	430	569	51
24.765051	688	447	601	42
24.784582	676	442	580	16
24.804113	623	428	526	50
24.823644	603	434	506	19
24.843176	618	454	546	5
24.862707	622	452	567	11
24.882238	602	449	555	18
24.901769	571	454	534	32
24.921301	557	441	535	1
24.940832	581	454	560	14
24.960901	615	466	581	30
24.980432	615	457	582	3
24.999963	594	434	570	8
25.019495	602	425	540	1
25.039026	611	444	512	8
25.058557	605	434	521	1
25.078088	613	439	557	10
25.097620	601	436	582	3
25.117151	596	454	576	15
25.136682	572	455	546	31
25.153869	532	449	520	22
25.173400	527	458	545	1
25.192931	577	470	593	46
25.212462	615	474	582	18
25.231994	603	473	484	27
25.251525	593	447	408	44
25.271056	676	494	512	18
25.290587	719	429	633	88
25.310119	723	423	557	20
25.329650	747	472	469	8
25.359921	704	452	545	38
25.379452	676	471	590	17
25.398983	627	485	541	64
25.418514	591	465	495	28
25.438046	591	484	506	9
25.457577	574	464	532	3
25.477108	584	468	565	18
25.496639	617	468	557	22
25.516171	633	454	517	11
25.535702	675	457	527	38
25.554876	698	437	541	29
25.574407	701	445	540	0
25.593938	689	452	554	10
25.613470	672	457	553	17
25.633001	653	461	545	20
25.652532	648	457	529	5
25.672063	650	456	524	1
25.691595	664	445	531	17
25.711126	681	439	533	18
25.730657	692	440	532	9
25.757977	694	431	519	4
25.777508	680	435	512	14
25.797039	654	441	540	23
25.816571	623	454	565	25
25.836102	598	460	565	22
25.855633	584	482	559	22
25.875164	555	490	550	29
25.894696	535	500	560	6
25.914227	534	504	573	10
25.933758	510	504	577	0
25.943920	472	514	551	9
25.963451	502	515	546	20
25.982982	527	505	561	16
26.002513	559	487	547	11
26.022045	587	496	530	15
26.041576	634	519	510	43
26.061107	695	497	509	61
26.080638	753	470	555	64
26.100170	784	465	608	43
26.119701	790	452	547	5
26.139861	770	492	526	27
26.159392	709	498	558	56
26.178923	671	510	576	31
26.198454	644	490	553	31
26.217986	560	451	520	61
26.237517	550	444	531	2
26.257048	586	446	557	28
26.276579	599	451	553	5
26.296111	610	448	515	3
26.315642	627	444	497	17
26.328133	634	416	513	20
26.347664	636	420	529	0
26.367195	622	432	514	19
26.386726	609	449	496	19
26.406258	597	475	480	18
26.425789	568	489	484	31
26.445320	551	480	512	16
26.464851	531	455	575	36
26.484383	597	478	645	74
26.503914	645	475	627	18
26.533947	567	402	490	54
26.553478	655	457	458	37
26.573009	676	401	522	35
26.592541	674	410	614	18
26.612072	674	406	583	10
26.631603	644	427	520	49
26.651134	620	433	514	23
26.670666	585	434	547	21
26.690197	568	431	569	1
26.709728	548	431	557	14
26.800014	539	422	515	5
26.819545	551	410	487	18
26.839076	574	397	507	18
26.858608	598	375	539	33
26.878139	625	371	538	18
26.897670	641	368	521	10
26.917201	632	367	536	3
26.936733	624	372	534	9
26.956264	599	388	506	29
26.975795	573	402	505	25
26.807549	539	422	515	31
26.827080	551	410	487	18
26.846611	574	397	507	18
26.866143	598	375	539	33
26.885674	625	371	538	18
26.905205	641	368	521	10
26.924736	632	367	536	3
26.944268	624	372	534	9
26.963799	599	388	506	29
26.983330	573	402	505	25
26.921865	549	415	542	17
26.941396	530	416	539	6
26.960927	523	417	510	5
26.980458	525	415	485	5
26.999990	540	404	514	10
27.019521	565	391	548	25
27.039052	574	381	525	8
27.058583	583	380	500	4
27.078115	588	381	520	1
27.097646	583	387	539	5
27.116906	566	401	526	22
27.136437	548	409	505	14
27.155968	533	414	514	9
27.175499	530	418	532	2
27.195031	530	417	531	0
27.214562	539	411	514	6
27.234093	551	400	503	14
27.253624	560	392	507	10
27.273156	565	383	521	10
27.292687	566	388	541	1
27.312892	566	393	532	6
27.332423	558	396	505	7
27.351954	544	403	491	9
27.371485	538	400	522	0
27.391017	543	401	545	4
27.410548	541	399	533	1
27.430079	550	394	512	5
27.449610	555	390	504	5
27.469142	560	384	517	7
27.488673	559	380	537	5
27.500183	556	379	528	1
27.519714	543	378	505	3
27.539245	545	387	509	8
27.558776	538	395	520	9
27.578308	546	397	517	0
27.597839	548	388	493	10
27.617370	553	387	497	1
27.636901	558	381	529	7
27.656433	562	379	534	3
27.675964	558	382	520	5
27.696341	566	386	524	0
27.715872	583	401	521	5
27.735403	566	400	509	7
27.754935	553	397	527	1
27.774466	544	404	547	5
27.793997	534	410	547	7
27.813528	533	413	527	7
27.833060	531	404	507	7
27.852591	542	398	516	8
27.872122	560	389	525	14
27.973304	560	379	499	9
27.992835	567	378	483	5
28.012366	570	372	498	4
28.031898	566	377	515	6
28.051429	560	386	518	10
28.070960	546	391	521	8
28.090491	541	398	521	8
28.110023	536	394	517	2
28.129554	538	389	512	5
28.149085	548	384	513	7
28.084890	563	380	514	8
28.104421	569	371	508	10
28.123952	578	372	504	2
28.143483	583	374	511	0
28.163015	581	379	520	5
28.182546	581	379	512	0
28.202077	573	388	509	11
28.221608	566	391	504	5
28.241140	562	407	496	15
28.260671	557	400	500	3
28.279987	567	402	514	1
28.299518	587	404	517	8
28.319049	600	409	512	3
28.338581	597	401	490	6
28.358112	591	392	504	2
28.377643	625	418	536	5
28.397174	637	414	560	16
28.416706	630	420	540	13
28.436237	591	416	504	27
28.455768	587	416	489	0
28.474996	598	435	507	8
28.494527	592	435	531	2
28.514058	599	439	539	4
28.533590	608	449	532	0
28.553121	593	443	504	9
28.572652	594	440	484	5
28.592183	615	451	510	7
28.611715	614	439	532	7
28.631246	623	438	526	7
28.650777	602	422	491	5
28.692585	627	447	487	5
28.712116	632	447	500	2
28.731647	625	448	493	5
28.751179	611	438	496	6
28.770710	617	459	500	6
28.790241	612	451	508	1
28.809772	618	454	503	3
28.829304	604	441	501	4
28.848835	626	455	523	11
28.868366	653	469	531	20
28.869978	636	465	484	13
28.889509	631	448	453	11
28.909040	631	440	482	5
28.928571	628	425	530	3
28.948103	653	473	517	0
28.967634	641	473	464	3
28.987165	639	477	444	5
29.006696	630	471	469	16
29.026228	644	460	499	10
29.045759	661	476	476	14
29.090532	663	480	460	5
29.110063	670	480	466	4
29.129594	671	481	469	0
29.149126	669	484	470	2
29.168657	660	487	465	7
29.188188	661	499	468	1
29.207719	654	501	479	9
29.227251	647	492	484	6
29.246782	650	502	489	0
29.266313	653	513	490	2
29.276920	641	500	480	9
29.296451	638	500	480	2
29.315982	646	505	494	4
29.335514	645	510	494	1
29.355045	637	505	479	4
29.374576	630	506	472	4
29.394107	625	504	476	5
29.413639	622	500	481	3
29.433170	619	504	482	3
29.452701	618	507	482	1
29.460962	617	508	474	1
29.480493	612	502	464	0
29.500024	615	506	469	0
29.519556	612	512	473	4
29.539087	611	504	467	1
29.558618	610	497	463	1
29.578149	607	494	459	0
29.597681	617	501	458	8
29.617212	625	501	464	4
29.636743	630	505	473	1
29.659165	622	491	477	7
29.678696	623	484	474	3
29.698227	631	496	470	6
29.717758	623	495	472	7
29.737290	621	496	477	3
29.756821	612	491	469	4
29.776352	601	479	472	7
29.795883	600	472	481	1
29.815415	602	474	487	0
29.834946	609	493	473	5
29.852928	614	482	471	7
29.872459	593	451	475	6
29.891990	605	466	461	7
29.911521	609	475	451	4
29.931053	590	457	464	13
29.950584	586	453	486	8
29.970115	604	473	501	2
29.989646	620	476	515	13
30.009178	625	485	499	3
30.028709	601	458	465	2
30.041052	576	432	438	12
30.060583	585	441	443	3
30.080114	623	477	463	3
30.099645	650	485	480	17
30.119177	612	459	474	24
30.138708	598	443	451	6
30.158239	619	472	454	2
30.177770	611	462	483	13
30.197302	613	460	497	0
30.216833	620	472	493	2
30.243073	614	473	477	2
30.262604	599	458	459	0
30.282135	594	465	470	11
30.301666	642	490	486	30
30.321198	661	492	467	22
30.340729	606	464	413	12
30.360260	591	445	386	18
30.379791	620	479	433	25
30.399323	628	464	504	12
30.418854	630	449	547	12
30.439062	642	467	533	0
30.458593	646	490	485	0
30.478124	600	456	444	13
30.497655	607	459	431	11
30.517187	635	493	455	1
30.536718	625	473	484	14
30.556249	615	473	480	8
30.575780	610	477	467	1
30.595312	617	483	464	5
30.614843	617	488	470	3
30.635872	614	480	470	0
30.655403	602	466	460	1
30.674934	603	464	458	2
30.694465	617	471	471	3
30.713997	630	479	478	7
30.733528	623	471	476	3
30.753059	617	469	480	5
30.772590	631	476	487	8
30.792122	626	466	489	1
30.811653	627	467	467	6
30.828075	628	472	444	8
30.847606	628	470	439	3
30.867137	635	475	457	3
30.886668	636	473	486	7
30.906200	648	480	493	8
30.925731	632	468	471	6
30.945262	608	457	447	5
30.964793	623	474	450	4
30.984325	629	493	469	6
31.003856	628	490	487	5
31.024245	622	491	486	5
31.043776	621	493	460	7
31.063307	599	477	440	4
31.082839	607	477	447	2
31.102370	624	482	474	1
31.121901	642	490	490	11
31.141432	644	483	486	3
31.160964	633	466	472	2
31.180495	634	465	463	4
31.200026	651	484	468	8
31.212383	655	490	479	0
31.231914	643	483	490	12
31.251445	641	478	487	0
31.270977	627	471	480	9
31.290508	622	476	480	6
31.310039	611	466	502	10
31.329570	612	455	527	6
31.349102	629	461	526	12
31.368633	620	474	504	13
31.388164	610	461	488	1
31.418948	608	455	496	0
31.438479	621	460	511	7
31.458010	634	462	513	11
31.477541	621	450	497	5
31.497073	620	453	475	2
31.516604	626	459	469	4
31.536135	624	461	479	5
31.555666	621	460	488	4
31.575198	637	479	491	7
31.594729	628	471	486	5
31.605984	613	456	475	4
31.625515	616	465	465	2
31.645046	626	474	473	2
31.664577	629	473	491	1
31.684109	632	466	507	3
31.703640	635	462	511	4
31.723171	633	458	502	0
31.742702	632	464	496	2
31.762234	639	468	501	4
31.781765	636	465	508	2
31.806080	632	463	514	3
31.825611	630	468	511	3
31.845142	622	462	504	4
31.864673	616	463	499	5
31.884205	613	464	512	3
31.903736	618	466	529	4
31.923267	624	468	528	4
31.942798	609	457	516	9
31.962330	609	452	521	2
31.981861	626	461	536	12
31.990179	635	460	544	10
32.009710	633	461	530	4
32.029241	627	463	519	7
32.048773	625	461	524	0
32.068304	625	456	535	3
32.087835	626	464	536	2
32.107366	624	469	533	4
32.126898	622	466	528	1
32.146429	624	470	524	0
32.165960	632	479	521	4
32.591244	629	480	537	0
32.610775	631	486	537	0
32.630306	637	488	535	4
32.649837	624	476	527	10
32.669369	624	485	517	3
32.688900	627	487	519	2
32.708431	635	492	528	7
32.727962	644	508	531	7
32.747494	639	503	527	5
32.767025	619	483	531	15
32.606390	621	487	529	0
32.625921	636	508	525	11
32.645452	638	508	522	1
32.664984	617	480	527	15
32.684515	626	491	538	8
32.704046	646	512	550	20
32.723577	649	487	562	8
32.743109	638	477	561	8
32.762640	657	510	549	10
32.782171	654	517	539	5
32.778988	636	486	528	16
32.798519	628	491	544	5
32.818050	628	498	565	6
32.837581	626	502	561	3
32.857113	622	502	543	9
32.876644	617	494	523	7
32.896175	613	486	518	2
32.915706	618	482	538	8
32.935238	627	482	556	13
32.954769	636	491	562	8
32.978165	642	500	551	0
32.997696	630	486	533	13
33.017227	630	483	531	0
33.036758	625	478	535	2
33.056290	619	473	551	0
33.075821	618	480	562	1
33.095352	620	487	558	1
33.114883	620	482	544	3
33.134415	619	469	533	0
33.153946	630	476	533	7
33.173119	636	482	538	5
33.192650	634	472	546	2
33.212181	633	464	555	4
33.231713	637	461	565	7
33.251244	643	466	556	0
33.270775	632	461	536	13
33.290306	634	467	536	0
33.309838	627	461	564	3
33.329369	623	459	585	6
33.348900	625	463	586	0
33.357075	617	456	563	14
33.376606	607	449	546	10
33.396137	617	462	548	2
33.415668	613	453	545	0
33.435200	614	453	543	0
33.454731	616	456	547	1
33.474262	608	447	548	1
33.493793	609	449	555	2
33.513325	608	452	555	2
33.532856	603	448	551	3
33.563164	599	446	555	0
33.582695	599	445	560	2
33.602226	599	450	563	1
33.621758	601	452	550	4
33.641289	600	452	541	3
33.660820	601	448	545	4
33.680351	608	442	554	11
33.699883	616	443	556	6
33.719414	627	448	543	2
33.738945	626	449	527	4
33.759166	627	451	538	1
33.778697	626	448	558	5
33.798228	622	452	561	4
33.817760	612	454	552	12
33.837291	607	458	549	6
33.856822	606	458	556	1
33.876353	607	459	566	4
33.895885	605	459	569	0
33.915416	600	454	563	4
33.934947	601	454	570	3
33.943082	606	459	582	7
33.962613	613	461	585	6
33.982144	618	466	571	4
34.001676	604	459	548	17
34.021207	597	452	549	1
34.040738	610	455	563	13
34.060269	625	469	582	15
34.079801	633	474	588	8
34.099332	622	461	579	9
34.118863	605	454	563	17
34.139198	604	453	555	3
34.158729	608	449	562	7
34.178260	611	452	571	4
34.197792	617	463	566	2
34.217323	612	461	564	4
34.236854	606	452	569	1
34.256385	610	454	585	10
34.275917	613	461	578	4
34.295448	617	463	586	6
34.314979	607	461	579	10
34.596366	613	480	586	2
34.615897	599	474	577	14
34.635428	598	458	579	6
34.654959	598	459	595	9
34.674491	616	468	604	14
34.694022	623	479	599	0
34.713553	607	469	584	18
34.733084	597	455	564	11
34.752616	584	449	553	10
34.772147	582	442	564	7
34.768945	599	450	581	15
34.788476	614	463	592	11
34.808007	615	463	593	1
34.827538	601	455	579	14
34.847070	577	435	567	10
34.866601	570	435	564	5
34.886132	580	449	582	6
34.905663	595	455	597	15
34.925195	589	446	591	3
34.944726	564	436	574	17
34.952209	556	430	564	4
34.971740	571	442	571	2
34.991271	589	451	586	14
35.010803	598	446	585	7
35.030334	589	439	571	9
35.049865	575	425	574	2
35.069396	586	433	581	4
35.088928	593	425	601	20
35.108459	600	431	600	0
35.127990	595	428	593	5
35.116094	569	417	579	13
35.135625	562	417	571	6
35.155156	565	423	577	0
35.174687	563	427	582	0
35.194219	552	435	579	11
35.213750	550	437	586	2
35.233281	558	440	586	1
35.252812	558	435	574	3
35.272344	541	425	565	3
35.291875	544	423	571	5
35.311348	559	418	595	22
35.330879	587	433	602	7
35.350410	580	418	588	2
35.369941	575	417	572	9
35.389473	581	423	575	0
35.409004	591	427	594	13
35.428535	591	428	601	3
35.448066	571	428	596	13
35.467598	555	434	597	9
35.487129	571	457	612	5
35.506393	582	461	616	6
35.525924	548	441	596	19
35.545455	530	440	575	18
35.564986	543	445	575	0
35.584518	560	452	592	13
35.604049	567	449	608	16
35.623580	557	425	616	15
35.643111	569	429	607	4
35.662643	580	432	599	2
35.682174	572	425	601	1
35.707486	588	434	607	6
35.727017	583	430	612	3
35.746548	579	428	606	4
35.766079	574	435	594	14
35.785611	561	422	585	2
35.805142	552	420	581	4
35.824673	562	428	583	0
35.844204	569	434	582	1
35.863736	552	429	580	4
35.883267	561	448	590	2
35.905239	568	455	604	9
35.924770	550	438	609	5
35.944301	545	431	596	6
35.963832	545	438	581	14
35.983364	547	435	584	4
36.002895	559	429	602	20
36.022426	564	410	621	26
36.041957	587	425	616	3
36.061489	587	428	605	8
36.081020	577	426	609	1
36.094260	580	428	617	5
36.113791	575	441	616	9
36.133322	562	440	605	13
36.152853	538	428	604	0
36.172385	548	429	607	3
36.191916	574	443	598	4
36.211447	557	425	577	8
36.230978	542	414	566	1
36.250510	561	413	586	17
36.270041	598	418	606	25
36.288315	596	400	601	7
36.307846	569	372	584	1
36.327377	598	378	580	5
36.346909	619	371	592	21
36.366440	611	344	595	17
36.385971	622	319	595	25
36.405502	637	310	610	19
36.425034	678	353	638	5
36.444565	719	387	626	5
36.464096	701	405	591	36
36.494279	638	392	541	54
36.513810	593	418	532	50
36.533341	572	478	584	25
36.552872	637	513	671	102
36.572404	616	570	798	107
36.591935	466	721	735	0
36.611466	564	571	607	185
36.630997	398	429	565	27
36.650529	477	438	557	57
36.670060	558	454	570	0
36.682658	581	430	574	29
36.702189	541	395	553	3
36.721720	504	350	539	37
36.741251	545	366	572	3
36.760783	599	420	634	14
36.780314	607	438	651	8
36.799845	595	459	601	51
36.819376	533	424	507	42
36.838908	453	379	413	85
36.858439	513	417	391	22
36.873398	519	439	450	57
36.892929	498	403	545	18
36.912460	539	368	623	69
36.931992	600	395	633	6
36.951523	587	392	551	43
36.971054	548	355	463	21
36.990585	561	350	446	13
37.010117	600	370	510	14
37.029648	623	375	566	17
37.049179	612	379	570	8
37.068303	586	382	529	25
37.087834	569	381	494	6
37.107365	561	377	488	1
37.126896	555	386	512	12
37.146428	557	401	546	8
37.165959	564	397	570	14
37.185490	566	397	561	2
37.205021	568	414	538	20
37.224553	569	413	516	1
37.244084	578	413	528	5
37.264344	581	414	570	13
37.283875	595	412	622	37
37.303406	607	421	654	23
37.322937	604	435	627	27
37.342469	561	432	569	56
37.362000	522	432	525	28
37.381531	524	442	530	8
37.401062	548	463	551	1
37.420594	563	457	572	23
37.440125	541	436	573	5
37.459292	535	440	547	18
37.478823	539	443	513	9
37.498354	554	424	480	28
37.517885	566	405	469	24
37.537417	567	383	502	13
37.556948	647	453	529	7
37.576479	694	484	543	38
37.596010	708	438	560	28
37.615542	666	400	557	19
37.635073	698	469	532	3
37.655283	693	480	533	6
37.674814	666	432	558	5
37.694345	669	458	561	6
37.713876	648	459	553	21
37.733408	604	451	547	35
37.752939	598	474	543	16
37.772470	582	455	555	0
37.792001	572	441	563	6
37.811533	563	448	558	12
37.831064	545	448	547	13
37.835294	545	432	534	9
37.854825	557	427	530	8
37.874356	581	437	536	6
37.893888	609	450	545	15
37.913419	615	433	555	16
37.932950	639	436	557	17
37.952481	649	434	552	7
37.972013	642	428	541	5
37.991544	629	433	535	14
38.011075	622	434	545	4
38.047337	617	441	557	4
38.066868	610	437	561	1
38.086399	598	446	551	17
38.105931	584	450	542	15
38.125462	589	446	546	7
38.144993	592	438	551	8
38.164524	596	434	552	5
38.184056	592	443	543	11
38.203587	609	448	540	9
38.223118	624	455	542	9
38.240289	617	437	545	3
38.259820	611	419	555	9
38.279351	615	436	570	1
38.298882	641	458	575	12
38.318414	635	460	538	17
38.337945	597	436	512	22
38.357476	584	427	507	2
38.377007	605	453	537	1
38.396539	635	476	569	27
38.416070	634	470	576	3
38.435321	603	449	547	27
38.454852	590	444	519	12
38.474383	612	465	520	7
38.493915	634	479	539	18
38.513446	636	465	552	9
38.532977	622	449	548	6
38.552508	634	450	540	7
38.572040	635	450	534	0
38.591571	636	454	531	1
38.611102	637	454	545	3
38.638231	641	446	574	15
38.657762	647	442	596	16
38.677293	649	439	580	4
38.696825	630	447	539	32
38.716356	604	446	513	24
38.735887	608	454	529	0
38.755418	617	462	552	9
38.774950	616	464	561	1
38.794481	609	459	534	11
38.814012	593	459	507	15
38.897205	597	451	505	7
38.916736	614	445	531	18
38.936267	620	435	561	17
38.955798	629	436	571	10
38.975330	644	443	554	3
38.994861	619	430	525	19
39.014392	607	418	520	1
39.033923	608	422	543	1
39.053455	618	432	573	10
39.072986	625	443	573	0
39.025342	594	441	543	32
39.044873	562	436	521	21
39.064404	554	436	544	1
39.083935	583	450	579	23
39.103467	588	454	592	9
39.122998	553	435	558	26
39.142529	543	421	527	1
39.162060	568	427	503	4
39.181592	617	445	517	22
39.201123	659	452	535	35
39.222614	663	441	535	8
39.242145	656	424	526	0
39.261676	671	435	528	8
39.281208	657	431	543	8
39.300739	678	465	554	8
39.320270	664	475	546	17
39.339801	623	455	525	34
39.359333	603	461	497	20
39.378864	583	454	488	10
39.398395	574	446	508	4
39.413285	589	450	534	10
39.432816	600	452	542	9
39.452347	602	448	517	0
39.471879	609	445	487	9
39.491410	607	435	476	6
39.510941	631	429	519	17
39.530472	648	431	546	16
39.550004	650	430	545	1
39.569535	630	427	511	18
39.589066	613	428	488	11
39.610529	611	434	507	7
39.630060	605	433	535	1
39.649591	601	443	534	9
39.669122	594	448	515	10
39.688654	585	436	507	1
39.708185	590	427	522	10
39.727716	603	434	532	5
39.747247	620	442	527	8
39.766779	618	445	520	3
39.786310	620	425	527	13
39.805445	632	429	544	9
39.824976	648	450	558	7
39.844507	652	453	552	0
39.864038	642	446	516	11
39.883570	620	448	482	16
39.903101	618	456	493	7
39.922632	618	460	514	3
39.942163	619	463	527	0
39.961695	612	463	525	6
39.981226	600	446	514	2
39.999351	603	444	510	3
40.018882	621	457	522	8
40.038413	627	448	536	11
40.057945	634	444	529	6
40.077476	633	445	502	2
40.097007	622	436	495	3
40.116538	620	432	513	0
40.136070	629	432	532	8
40.155601	632	449	525	6
40.175132	612	443	514	14
40.197275	593	420	513	1
40.216806	600	421	519	4
40.236337	615	431	521	4
40.255868	625	445	517	0
40.275400	610	426	511	1
40.294931	592	404	507	4
40.314462	598	409	510	0
40.333993	604	418	513	2
40.353525	605	431	520	7
40.373056	577	409	526	0
40.390408	579	412	530	0
40.409939	575	417	525	6
40.429470	562	410	515	1
40.449002	562	410	506	0
40.468533	570	405	506	8
40.488064	578	409	509	0
40.507595	578	401	511	6
40.527127	586	397	516	7
40.546658	600	402	519	4
40.566189	592	392	518	3
40.588276	590	398	508	6
40.607807	578	400	504	7
40.627338	569	398	513	2
40.646869	566	404	522	6
40.666401	559	405	526	3
40.685932	559	408	518	3
40.705463	553	406	508	0
40.724994	554	403	502	3
40.744526	564	400	507	6
40.764057	566	388	514	11
40.781314	573	389	521	2
40.800845	586	402	525	4
40.820376	590	408	525	2
40.839907	581	406	517	4
40.859439	561	394	499	1
40.878970	550	391	494	0
40.898501	559	404	501	9
40.918032	563	411	513	5
40.937564	564	408	516	3
40.957095	559	399	512	6
40.976417	559	393	511	5
40.995948	580	403	513	0
41.015479	581	400	517	3
41.035011	584	399	516	2
41.054542	578	392	513	2
41.074073	588	398	511	0
41.093604	580	399	508	5
41.113136	569	396	512	2
41.132667	569	400	522	3
41.152198	569	394	528	5
41.171542	568	397	520	3
41.191073	566	398	512	2
41.210604	580	403	507	2
41.230135	566	391	510	3
41.249667	580	399	517	0
41.269198	582	394	520	5
41.288729	581	395	521	1
41.308260	578	391	518	1
41.327792	576	396	512	5
41.347323	568	398	509	5
41.367376	574	414	507	10
41.386907	571	413	507	0
41.406438	562	409	510	0
41.425970	563	403	514	5
41.445501	570	398	519	7
41.465032	577	401	517	0
41.484563	574	397	516	1
41.504095	568	388	508	5
41.523626	567	388	512	0
41.543157	575	400	526	6
41.562595	578	400	530	1
41.582126	571	395	522	0
41.601657	567	397	508	3
41.621188	566	403	504	5
41.640720	571	400	511	4
41.660251	563	389	521	6
41.679782	566	395	524	4
41.699313	572	400	528	1
41.718845	574	402	518	1
41.738376	574	403	510	0
41.761831	563	398	499	0
41.781362	566	400	511	1
41.800893	572	403	525	0
41.820425	573	399	527	4
41.839956	567	394	515	0
41.859487	565	398	513	4
41.879018	574	400	516	2
41.898550	574	402	520	1
41.918081	570	399	513	0
41.937612	562	398	513	2
41.953449	565	394	522	5
41.972980	567	395	527	0
41.992511	568	395	520	0
42.012043	568	396	510	1
42.031574	569	399	502	1
42.051105	558	393	501	1
42.070636	550	382	504	7
42.090168	551	386	512	3
42.109699	559	392	518	2
42.129230	564	400	523	5
42.148494	572	405	531	0
42.168025	567	402	536	1
42.187556	557	393	533	3
42.207088	558	390	528	2
42.226619	566	394	517	1
42.246150	569	404	517	7
42.265681	564	398	526	3
42.285213	564	387	538	11
42.304744	570	389	540	0
42.324275	576	398	536	5
42.343488	586	400	526	2
42.363019	568	386	504	3
42.382550	560	386	495	2
42.402081	549	381	513	0
42.421613	547	376	537	6
42.441144	576	403	540	13
42.460675	574	415	543	10
42.480206	571	396	545	15
42.499738	558	373	526	12
42.519269	554	380	505	8
42.538653	583	427	492	26
42.558184	581	425	493	0
42.577715	563	437	499	21
42.597246	554	425	519	5
42.616778	550	408	532	15
42.636309	579	430	532	4
42.655840	591	424	543	14
42.675371	620	433	549	16
42.694903	592	359	528	34
42.714434	573	322	487	27
42.746461	587	349	478	18
42.765992	606	380	525	20
42.785523	624	392	570	11
42.805054	614	383	582	4
42.824586	569	388	564	32
42.844117	569	404	542	20
42.863648	559	407	534	8
42.883179	563	429	528	18
42.902711	558	422	526	3
42.922242	539	401	526	13
42.986627	551	396	525	7
43.006158	580	416	524	4
43.025689	592	416	523	7
43.045220	582	399	523	7
43.064752	574	387	523	6
43.084283	587	405	524	8
43.103814	578	401	529	0
43.123345	581	415	526	10
43.142877	576	412	524	0
43.162408	580	419	516	4
42.988061	551	396	525	7
43.007592	580	416	524	4
43.027123	592	416	523	7
43.046654	582	399	523	7
43.066186	574	387	523	6
43.085717	587	405	524	8
43.105248	578	401	529	0
43.124779	581	415	526	10
43.144311	576	412	524	0
43.163842	580	419	516	4
43.128787	569	411	504	0
43.148318	571	414	499	1
43.167849	567	407	496	4
43.187381	571	398	505	8
43.206912	571	391	511	6
43.226443	569	390	512	0
43.245974	574	396	526	2
43.265506	591	404	536	3
43.285037	583	398	534	0
43.304568	571	396	524	5
43.350968	574	408	515	9
43.370499	574	411	520	2
43.390030	579	413	525	1
43.409561	575	412	527	1
43.429093	565	404	524	1
43.448624	597	427	522	0
43.468155	586	411	516	4
43.487686	590	416	504	1
43.507218	567	397	500	4
43.526749	588	417	509	6
43.506666	588	414	511	2
43.526197	581	411	502	1
43.545728	573	408	498	1
43.565259	581	410	513	1
43.584791	589	414	531	2
43.604322	597	419	535	2
43.623853	592	414	531	0
43.643384	596	407	526	7
43.662916	598	408	520	0
43.682447	595	411	517	4
43.714500	589	408	525	0
43.734031	596	414	527	0
43.753562	603	422	519	1
43.773093	578	400	514	1
43.792625	585	405	528	0
43.812156	616	410	543	18
43.831687	633	422	540	4
43.851218	621	419	522	9
43.870750	593	398	510	3
43.890281	584	387	525	4
43.908325	616	422	539	4
43.927856	608	413	534	0
43.947387	593	432	508	25
43.966918	574	417	481	3
43.986450	589	437	475	3
44.005981	600	448	506	4
44.025512	609	458	527	3
44.045043	628	452	551	24
44.064575	643	441	550	17
44.084106	645	453	525	7
44.103530	642	449	500	1
44.123061	652	443	488	12
44.142592	650	429	484	5
44.162123	633	413	490	5
44.181655	634	427	513	9
44.201186	639	438	536	0
44.220717	629	433	541	4
44.240248	604	432	535	20
44.259780	582	424	517	11
44.279311	559	413	505	2
44.299484	551	415	497	4
44.319015	549	421	505	7
44.338546	546	424	516	4
44.358078	549	428	519	2
44.377609	548	415	508	11
44.397140	573	425	491	4
44.416671	583	439	488	3
44.436203	577	423	495	6
44.455734	597	421	504	13
44.475265	637	456	507	12
44.494551	639	465	505	1
44.514082	626	425	500	8
44.533613	650	447	491	10
44.553144	652	460	486	2
44.572676	663	469	475	9
44.592207	636	447	475	16
44.611738	626	445	487	10
44.631269	611	439	521	11
44.650801	634	470	544	9
44.670332	640	484	556	5
44.690909	664	512	528	14
44.710440	640	492	481	19
44.729971	582	441	450	15
44.749502	594	440	456	5
44.769034	629	467	510	2
44.788565	668	477	555	40
44.808096	673	473	553	5
44.827627	652	464	521	22
44.847159	624	443	489	14
44.866690	614	433	480	0
45.080556	634	463	492	0
45.100087	634	456	498	1
45.119618	627	451	505	4
45.139149	627	448	510	1
45.158681	633	457	511	1
45.178212	639	472	501	0
45.197743	633	472	493	4
45.217274	614	451	483	6
45.236806	596	442	480	8
45.256337	598	450	491	5
45.260504	607	457	509	1
45.280035	609	458	518	1
45.299566	605	456	515	2
45.319098	611	451	510	7
45.338629	625	450	506	12
45.358160	639	449	504	12
45.377691	638	441	501	3
45.397223	640	442	497	1
45.416754	636	433	501	0
45.436285	645	442	509	2
45.487484	637	442	514	7
45.507015	628	450	513	11
45.526546	620	459	508	11
45.546077	612	455	515	5
45.565609	617	453	527	6
45.585140	623	456	529	4
45.604671	631	466	525	2
45.624202	627	460	524	1
45.643734	630	459	520	2
45.663265	632	460	518	1
45.669448	637	471	519	0
45.688979	630	465	522	4
45.708510	632	472	529	0
45.728041	625	470	537	4
45.747573	629	468	543	5
45.767104	633	468	546	4
45.786635	637	475	546	1
45.806166	647	479	547	8
45.825698	644	476	531	5
45.845229	633	472	520	10
45.874405	636	471	526	3
45.893936	640	467	535	6
45.913467	644	476	548	3
45.932998	645	482	559	2
45.952530	640	478	542	8
45.972061	622	465	519	15
45.991592	615	462	526	4
46.011123	624	465	541	9
46.030655	637	477	564	14
46.050186	626	467	556	9
46.057606	614	457	529	13
46.077137	619	460	530	3
46.096668	615	456	532	1
46.116199	611	456	532	3
46.135731	603	451	524	5
46.155262	596	450	521	5
46.174793	590	451	518	5
46.194324	587	455	530	3
46.213856	583	450	542	3
46.233387	586	447	543	4
46.250000	607	449	550	16
46.269531	624	447	560	17
46.289062	649	455	561	18
46.308594	657	455	547	3
46.328125	664	451	529	4
46.347656	662	463	533	5
46.367187	650	470	541	12
46.386719	628	473	542	21
46.406250	617	475	543	10
46.425781	610	472	544	4
46.447553	612	466	551	6
46.467084	612	450	543	4
46.486615	625	448	527	9
46.506146	631	449	521	4
46.525678	636	451	530	4
46.545209	626	438	530	2
46.564740	625	445	522	5
46.584271	617	452	531	9
46.603803	604	455	552	7
46.623334	595	453	566	0
46.778593	592	453	553	7
46.798124	595	441	535	4
46.817655	614	441	536	14
46.837187	627	444	538	9
46.856718	630	444	544	3
46.876249	626	439	550	0
46.895780	612	430	546	6
46.915312	606	444	541	14
46.934843	604	452	523	9
46.954374	603	453	516	1
46.779168	592	453	553	0
46.798699	595	441	535	4
46.818230	614	441	536	14
46.837761	627	444	538	9
46.857293	630	444	544	3
46.876824	626	439	550	0
46.896355	612	430	546	6
46.915886	606	444	541	14
46.935418	604	452	523	9
46.954949	603	453	516	1
46.839598	608	453	524	4
46.859129	619	452	527	10
46.878660	618	435	530	8
46.898191	626	430	538	10
46.917723	638	432	540	9
46.937254	639	443	539	4
46.956785	646	458	528	1
46.976316	637	471	521	13
46.995848	607	447	517	16
47.015379	613	446	567	17
47.020540	631	455	592	21
47.040071	630	468	538	25
47.059602	620	463	495	8
47.079134	628	471	519	3
47.098665	624	458	552	7
47.118196	621	471	546	9
47.137727	607	475	522	18
47.157259	581	453	536	8
47.176790	596	452	580	29
47.196321	608	454	585	10
47.215613	608	443	552	9
47.235144	618	429	516	9
47.254675	655	438	513	26
47.274206	666	427	513	14
47.293738	645	422	525	14
47.313269	626	434	539	20
47.332800	600	447	553	23
47.352331	575	455	556	21
47.371863	561	456	529	19
47.391394	561	447	509	5
47.426614	580	459	520	5
47.446145	601	454	544	24
47.465676	619	430	568	35
47.485208	637	431	539	5
47.504739	662	441	523	14
47.524270	645	433	526	10
47.543801	621	436	537	20
47.563333	595	442	530	25
47.582864	575	435	518	10
47.602395	568	431	522	0
47.607549	581	430	543	12
47.627080	599	434	554	12
47.646611	611	429	532	6
47.666142	613	416	507	8
47.685674	615	418	500	0
47.705205	603	413	517	5
47.724736	607	415	546	5
47.744267	599	403	536	1
47.763799	617	417	518	0
47.783330	626	414	514	8
47.801652	627	396	523	13
47.821183	639	381	513	18
47.840714	657	377	522	15
47.860245	666	366	535	15
47.879777	677	372	517	2
47.899308	688	409	509	12
47.918839	663	409	525	20
47.938370	611	391	560	19
47.957902	593	406	584	11
47.977433	600	444	598	11
48.013190	616	468	604	5
48.032721	626	471	591	1
48.052252	607	481	565	31
48.071784	615	485	553	0
48.091315	618	467	547	6
48.110846	615	453	537	0
48.130377	635	460	526	12
48.149909	645	469	525	6
48.169440	634	445	541	1
48.188971	618	421	560	5
48.207600	642	443	568	9
48.227131	656	490	544	8
48.246662	620	480	534	34
48.266193	580	464	550	23
48.285725	587	469	576	16
48.305256	606	485	582	12
48.324787	603	503	569	12
48.344318	586	503	551	23
48.363850	571	483	528	16
48.383381	560	446	517	14
48.387680	564	430	507	15
48.407211	604	442	503	18
48.426742	644	448	516	30
48.446274	663	433	534	25
48.465805	697	433	553	33
48.485336	725	459	555	18
48.504867	709	462	549	17
48.524399	681	461	561	23
48.543930	668	465	574	8
48.563461	638	458	566	26
48.598901	601	471	550	42
48.618432	580	479	552	19
48.637963	563	468	580	10
48.657495	560	465	602	16
48.677026	584	496	596	0
48.696557	584	496	567	19
48.716088	547	461	532	26
48.735620	501	409	500	39
48.755151	528	416	512	6
48.774682	598	473	543	2
48.792804	643	487	584	52
48.812335	638	463	582	0
48.831866	609	431	538	23
48.851398	582	413	494	6
48.870929	588	408	505	6
48.890460	642	424	549	32
48.909991	677	450	559	21
48.929523	657	438	530	18
48.949054	625	410	503	11
48.968585	612	390	525	5
48.972688	644	417	560	11
48.992219	653	430	580	7
49.011750	621	419	564	24
49.031281	608	420	531	18
49.050813	605	420	521	3
49.070344	601	421	523	3
49.089875	613	436	528	0
49.109406	618	437	532	3
49.128938	590	413	529	4
49.148469	594	426	514	8
49.183663	606	456	501	8
49.203194	562	422	513	7
49.222725	520	388	542	24
49.242256	504	393	570	4
49.261788	518	409	586	5
49.281319	539	447	581	28
49.300850	532	461	556	28
49.320381	513	441	517	0
49.339913	485	419	480	30
49.359444	477	409	508	6
49.576092	511	410	557	2
49.595623	583	428	565	10
49.615154	587	421	515	4
49.634686	538	364	430	53
49.654217	557	349	430	16
49.673748	596	366	534	18
49.693279	656	412	631	42
49.712811	651	426	624	13
49.732342	572	364	503	38
49.751873	542	363	395	31
49.586451	562	406	436	52
49.605982	561	395	538	10
49.625513	572	386	599	34
49.645045	559	397	556	32
49.664576	534	400	475	11
49.684107	548	392	447	21
49.703638	559	392	497	11
49.723170	563	388	538	6
49.742701	571	387	544	5
49.762232	563	382	513	2
49.775885	559	383	495	1
49.795416	560	389	511	6
49.814947	562	390	533	1
49.834478	556	387	529	0
49.854010	542	386	509	4
49.873541	546	391	508	3
49.893072	548	389	525	3
49.912603	549	384	526	5
49.932135	542	380	514	1
49.951666	539	379	517	0
49.949599	538	372	532	7
49.969130	537	368	540	5
49.988661	527	363	537	3
50.008193	528	356	539	7
50.027724	521	348	544	8
50.047255	519	352	559	0
50.066786	520	359	576	0
50.086318	519	354	576	4
50.105849	523	366	551	19
50.125380	550	393	505	26
50.144536	542	409	471	10
50.164067	549	420	472	7
50.183598	547	426	498	13
50.203130	546	426	522	0
50.222661	552	438	523	8
50.242192	544	438	511	4
50.261723	544	430	490	10
50.281255	533	421	480	7
50.300786	536	431	501	13
50.320317	503	386	527	42
50.357302	497	377	562	17
50.376833	521	388	573	6
50.396364	506	377	528	2
50.415895	493	373	479	8
50.435427	488	369	464	8
50.454958	499	385	491	23
50.474489	483	379	518	6
50.494020	499	392	524	14
50.513552	496	389	499	3
50.533083	495	384	475	9
50.550728	491	371	492	9
50.570259	500	365	529	4
50.589790	517	372	526	7
50.609322	512	370	481	4
50.628853	506	375	454	3
50.648384	500	380	477	11
50.667915	505	389	515	13
50.687447	503	396	518	6
50.706978	487	396	491	4
50.726509	479	391	486	7
50.731078	486	392	502	4
50.750609	494	390	506	0
50.770140	500	386	500	3
50.789671	503	377	500	8
50.809203	514	377	502	0
50.828734	499	360	487	19
50.848265	488	357	479	5
50.867796	481	360	498	4
50.887328	485	368	514	9
50.906859	473	363	501	7
50.944688	449	350	476	23
50.964219	462	352	514	9
50.983750	468	331	550	22
51.003282	477	316	552	12
51.022813	470	305	514	8
51.042344	467	299	502	6
51.061875	469	300	549	1
51.081407	495	326	591	16
51.100938	525	370	574	47
51.120469	533	421	517	61
51.136714	519	459	460	18
51.156245	526	486	466	19
51.175776	532	525	484	17
51.195307	492	536	501	3
51.214839	386	609	536	127
51.234370	548	604	555	53
51.253901	483	537	512	69
51.273432	462	499	490	17
51.292964	524	511	514	43
51.312495	530	510	533	15
51.331749	528	497	537	5
51.351280	551	511	524	7
51.370811	541	512	498	8
51.390342	518	491	476	9
51.409874	523	486	500	11
51.429405	526	486	517	0
51.448936	514	487	522	2
51.468467	517	504	525	10
51.487999	527	515	528	6
51.507530	512	497	517	6
51.527894	489	487	500	20
51.547425	500	495	506	14
51.566956	512	504	514	13
51.586488	504	505	515	2
51.606019	511	507	520	1
51.625550	495	501	520	12
51.645081	475	482	520	26
51.664613	472	465	529	15
51.684144	507	465	518	16
51.703675	510	466	497	0
51.712781	468	445	482	37
51.732312	525	458	487	24
51.751843	536	497	503	31
51.771374	313	249	565	304
51.790906	338	59	584	156
51.810437	278	1	555	73
51.829968	584	40	836	13
51.849499	760	402	702	245
51.869031	917	328	498	113
51.888562	913	377	542	20
