0.000000	525	525
0.051282	525	525
0.102564	526	526
0.153846	526	526
0.205128	527	527
0.256410	528	528
0.307692	528	528
0.358974	529	529
0.410256	529	529
0.461538	530	530
0.512821	531	531
0.564103	531	531
0.615385	531	531
0.666667	532	532
0.717949	532	532
0.769231	533	533
0.820513	533	533
0.871795	533	533
0.923077	534	534
0.974359	534	534
1.025641	534	534
1.076923	534	534
1.128205	534	534
1.179487	534	534
1.230769	534	534
1.282051	534	534
1.333333	534	534
1.384615	534	534
1.435897	534	534
1.487180	534	534
1.538462	534	534
1.589744	534	534
1.641026	533	533
1.692308	533	533
1.743590	533	533
1.794872	532	532
1.846154	532	532
1.897436	531	531
1.948718	531	531
2.000000	530	530
2.051282	530	530
2.102564	529	529
2.153847	529	529
2.205129	528	528
2.256411	528	528
2.307693	527	527
2.358975	526	526
2.410257	526	526
2.461540	525	525
2.512822	524	524
2.564104	524	524
2.615386	523	523
2.666668	522	522
2.717950	522	522
2.769233	521	521
2.820515	521	521
2.871797	520	520
2.923079	519	519
2.974361	519	519
3.025643	518	518
3.076926	518	518
3.128208	517	517
3.179490	517	517
3.230772	517	517
3.282054	516	516
3.333336	516	516
3.384619	516	516
3.435901	515	515
3.487183	515	515
3.538465	515	515
3.589747	515	515
3.641029	515	515
3.692312	515	515
3.743594	515	515
3.794876	515	515
3.846158	515	515
3.897440	515	515
3.948722	515	515
4.000004	515	515
4.051286	515	515
4.102568	515	515
4.153850	516	516
4.205132	516	516
4.256414	516	516
4.307696	517	517
4.358978	517	517
4.410260	518	518
4.461542	518	518
4.512824	519	519
4.564106	519	519
4.615387	520	520
4.666669	520	520
4.717951	521	521
4.769233	522	522
4.820515	522	522
4.871797	523	523
4.923079	524	524
4.974361	524	524
5.025643	525	525
5.076925	525	525
5.128207	526	526
5.179489	527	527
5.230771	527	527
5.282053	528	528
5.333334	529	529
5.384616	529	529
5.435898	530	530
5.487180	530	530
5.538462	531	531
5.589744	531	531
5.641026	532	532
5.692308	532	532
5.743590	533	533
5.794872	533	533
5.846154	533	533
5.897436	534	534
5.948718	534	534
6.000000	534	534
6.051281	534	534
6.102563	534	534
6.153845	534	534
6.205127	534	534
6.256409	534	534
6.307691	534	534
6.358973	534	534
6.410255	534	534
6.461537	534	534
6.512819	534	534
6.564101	534	534
6.615383	533	533
6.666665	533	533
6.717947	533	533
6.769228	532	532
6.820510	532	532
6.871792	532	532
6.923074	531	531
6.974356	531	531
7.025638	530	530
7.076920	530	530
7.128202	529	529
7.179484	528	528
7.230766	528	528
7.282048	527	527
7.333330	527	527
7.384612	526	526
7.435894	525	525
7.487175	525	525
7.538457	524	524
7.589739	523	523
7.641021	523	523
7.692303	522	522
7.743585	522	522
7.794867	521	521
7.846149	520	520
7.897431	520	520
7.948713	519	519
7.999995	519	519
8.051277	518	518
8.102559	518	518
8.153841	517	517
8.205123	517	517
8.256405	516	516
8.307687	516	516
8.358969	516	516
8.410251	515	515
8.461533	515	515
8.512815	515	515
8.564096	515	515
8.615378	515	515
8.666660	515	515
8.717942	515	515
8.769224	515	515
8.820506	515	515
8.871788	515	515
8.923070	515	515
8.974352	515	515
9.025634	515	515
9.076916	515	515
9.128198	516	516
9.179480	516	516
9.230762	516	516
9.282043	517	517
9.333325	517	517
9.384607	517	517
9.435889	518	518
9.487171	518	518
9.538453	519	519
9.589735	520	520
9.641017	520	520
9.692299	521	521
9.743581	521	521
9.794863	522	522
9.846145	523	523
9.897427	523	523
9.948709	524	524
9.999990	524	524
10.051272	525	525
10.102554	526	526
10.153836	526	526
10.205118	527	527
10.256400	528	528
10.307682	528	528
10.358964	529	529
10.410246	529	529
10.461528	530	530
10.512810	530	530
10.564092	531	531
10.615374	531	531
10.666656	532	532
10.717937	532	532
10.769219	533	533
10.820501	533	533
10.871783	533	533
10.923065	534	534
10.974347	534	534
11.025629	534	534
11.076911	534	534
11.128193	534	534
11.179475	534	534
11.230757	534	534
11.282039	534	534
11.333321	534	534
11.384603	534	534
11.435884	534	534
11.487166	534	534
11.538448	534	534
11.589730	534	534
11.641012	533	533
11.692294	533	533
11.743576	533	533
11.794858	532	532
11.846140	532	532
11.897422	531	531
11.948704	531	531
11.999986	530	530
12.051268	530	530
12.102550	529	529
12.153831	529	529
12.205113	528	528
12.256395	528	528
12.307677	527	527
12.358959	526	526
12.410241	526	526
12.461523	525	525
12.512805	524	524
12.564087	524	524
12.615369	523	523
12.666651	523	523
12.717933	522	522
12.769215	521	521
12.820497	521	521
12.871778	520	520
12.923060	520	520
12.974342	519	519
13.025624	518	518
13.076906	518	518
13.128188	517	517
13.179470	517	517
13.230752	517	517
13.282034	516	516
13.333316	516	516
13.384598	516	516
13.435880	515	515
13.487162	515	515
13.538444	515	515
13.589725	515	515
13.641007	515	515
13.692289	515	515
13.743571	515	515
13.794853	515	515
13.846135	515	515
13.897417	515	515
13.948699	515	515
13.999981	515	515
14.051263	515	515
14.102545	515	515
14.153827	516	516
14.205109	516	516
14.256391	516	516
14.307673	517	517
14.358954	517	517
14.410236	518	518
14.461518	518	518
14.512800	519	519
14.564082	519	519
14.615364	520	520
14.666646	520	520
14.717928	521	521
14.769210	522	522
14.820492	522	522
14.871774	523	523
14.923056	523	523
14.974338	524	524
15.025620	525	525
15.076901	525	525
15.128183	526	526
15.179465	527	527
15.230747	527	527
15.282029	528	528
15.333311	528	528
15.384593	529	529
15.435875	530	530
15.487157	530	530
15.538439	531	531
15.589721	531	531
15.641003	532	532
15.692285	532	532
15.743567	532	532
15.794848	533	533
15.846130	533	533
15.897412	533	533
15.948694	534	534
15.999976	534	534
16.051258	534	534
16.102541	534	534
16.153824	534	534
16.205107	534	534
16.256390	534	534
16.307673	534	534
16.358955	534	534
16.410238	534	534
16.461521	534	534
16.512804	534	534
16.564087	534	534
16.615370	534	534
16.666653	533	533
16.717936	533	533
16.769218	533	533
16.820501	532	532
16.871784	532	532
16.923067	531	531
16.974350	531	531
17.025633	530	530
17.076916	530	530
17.128199	529	529
17.179482	529	529
17.230764	528	528
17.282047	527	527
17.333330	527	527
17.384613	526	526
17.435896	525	525
17.487179	525	525
17.538462	524	524
17.589745	523	523
17.641027	523	523
17.692310	522	522
17.743593	522	522
17.794876	521	521
17.846159	520	520
17.897442	520	520
17.948725	519	519
18.000008	519	519
18.051291	518	518
18.102573	518	518
18.153856	517	517
18.205139	517	517
18.256422	516	516
18.307705	516	516
18.358988	516	516
18.410271	515	515
18.461554	515	515
18.512836	515	515
18.564119	515	515
18.615402	515	515
18.666685	515	515
18.717968	515	515
18.769251	515	515
18.820534	515	515
18.871817	515	515
18.923100	515	515
18.974382	515	515
19.025665	515	515
19.076948	515	515
19.128231	516	516
19.179514	516	516
19.230797	516	516
19.282080	517	517
19.333363	517	517
19.384645	517	517
19.435928	518	518
19.487211	518	518
19.538494	519	519
19.589777	519	519
19.641060	520	520
19.692343	521	521
19.743626	521	521
19.794909	522	522
19.846191	522	522
19.897474	523	523
19.948757	524	524
20.000040	524	524
20.051323	525	525
20.102606	526	526
20.153889	526	526
20.205172	527	527
20.256454	528	528
20.307737	528	528
20.359020	529	529
20.410303	529	529
20.461586	530	530
20.512869	530	530
20.564152	531	531
20.615435	531	531
20.666718	532	532
20.718000	532	532
20.769283	533	533
20.820566	533	533
20.871849	533	533
20.923132	534	534
20.974415	534	534
21.025698	534	534
21.076981	534	534
21.128263	534	534
21.179546	534	534
21.230829	534	534
21.282112	534	534
21.333395	534	534
21.384678	534	534
21.435961	534	534
21.487244	534	534
21.538527	534	534
21.589809	534	534
21.641092	533	533
21.692375	533	533
21.743658	533	533
21.794941	532	532
21.846224	532	532
21.897507	531	531
21.948790	531	531
22.000072	530	530
22.051355	530	530
22.102638	529	529
22.153921	529	529
22.205204	528	528
22.256487	528	528
22.307770	527	527
22.359053	526	526
22.410336	526	526
22.461618	525	525
22.512901	524	524
22.564184	524	524
22.615467	523	523
22.666750	523	523
22.718033	522	522
22.769316	521	521
22.820599	521	521
22.871881	520	520
22.923164	520	520
22.974447	519	519
23.025730	518	518
23.077013	518	518
23.128296	518	518
23.179579	517	517
23.230862	517	517
23.282145	516	516
23.333427	516	516
23.384710	516	516
23.435993	515	515
23.487276	515	515
23.538559	515	515
23.589842	515	515
23.641125	515	515
23.692408	515	515
23.743690	515	515
23.794973	515	515
23.846256	515	515
23.897539	515	515
23.948822	515	515
24.000105	515	515
24.051388	515	515
24.102671	515	515
24.153954	516	516
24.205236	516	516
24.256519	516	516
24.307802	517	517
24.359085	517	517
24.410368	518	518
24.461651	518	518
24.512934	519	519
24.564217	519	519
24.615499	520	520
24.666782	520	520
24.718065	521	521
24.769348	521	521
24.820631	522	522
24.871914	523	523
24.923197	523	523
24.974480	524	524
25.025763	525	525
25.077045	525	525
25.128328	526	526
25.179611	527	527
25.230894	527	527
25.282177	528	528
25.333460	528	528
25.384743	529	529
25.436026	530	530
25.487309	530	530
25.538591	531	531
25.589874	531	531
25.641157	532	532
25.692440	532	532
25.743723	532	532
25.795006	533	533
25.846289	533	533
25.897572	533	533
25.948854	534	534
26.000137	534	534
26.051420	534	534
26.102703	534	534
26.153986	534	534
26.205269	534	534
26.256552	534	534
26.307835	534	534
26.359118	534	534
26.410400	534	534
26.461683	534	534
26.512966	534	534
26.564249	534	534
26.615532	534	534
26.666815	533	533
26.718098	533	533
26.769381	533	533
26.820663	532	532
26.871946	532	532
26.923229	531	531
26.974512	531	531
27.025795	530	530
27.077078	530	530
27.128361	529	529
27.179644	529	529
27.230927	528	528
27.282209	527	527
27.333492	527	527
27.384775	526	526
27.436058	525	525
27.487341	525	525
27.538624	524	524
27.589907	524	524
27.641190	523	523
27.692472	522	522
27.743755	522	522
27.795038	521	521
27.846321	520	520
27.897604	520	520
27.948887	519	519
28.000170	519	519
28.051453	518	518
28.102736	518	518
28.154018	517	517
28.205301	517	517
28.256584	516	516
28.307867	516	516
28.359150	516	516
28.410433	515	515
28.461716	515	515
28.512999	515	515
28.564281	515	515
28.615564	515	515
28.666847	515	515
28.718130	515	515
28.769413	515	515
28.820696	515	515
28.871979	515	515
28.923262	515	515
28.974545	515	515
29.025827	515	515
29.077110	515	515
29.128393	516	516
29.179676	516	516
29.230959	516	516
29.282242	517	517
29.333525	517	517
29.384808	517	517
29.436090	518	518
29.487373	518	518
29.538656	519	519
29.589939	519	519
29.641222	520	520
29.692505	521	521
29.743788	521	521
29.795071	522	522
29.846354	522	522
29.897636	523	523
29.948919	524	524
30.000202	524	524
30.051485	525	525
30.102768	526	526
30.154051	526	526
30.205334	527	527
30.256617	527	527
30.307899	528	528
30.359182	529	529
30.410465	529	529
30.461748	530	530
30.513031	530	530
30.564314	531	531
30.615597	531	531
30.666880	532	532
30.718163	532	532
30.769445	533	533
30.820728	533	533
30.872011	533	533
30.923294	534	534
30.974577	534	534
31.025860	534	534
31.077143	534	534
31.128426	534	534
31.179708	534	534
31.230991	534	534
31.282274	534	534
31.333557	534	534
31.384840	534	534
31.436123	534	534
31.487406	534	534
31.538689	534	534
31.589972	534	534
31.641254	533	533
31.692537	533	533
31.743820	533	533
31.795103	532	532
31.846386	532	532
31.897669	532	532
31.948952	531	531
32.000233	531	531
32.051514	530	530
32.102795	529	529
32.154076	529	529
32.205357	528	528
32.256638	528	528
32.307919	527	527
32.359200	526	526
32.410480	526	526
32.461761	525	525
32.513042	525	525
32.564323	524	524
32.615604	523	523
32.666885	523	523
32.718166	522	522
32.769447	521	521
32.820728	521	521
32.872009	520	520
32.923290	520	520
32.974571	519	519
33.025852	519	519
33.077133	518	518
33.128414	518	518
33.179695	517	517
33.230976	517	517
33.282257	516	516
33.333538	516	516
33.384819	516	516
33.436100	515	515
33.487381	515	515
33.538662	515	515
33.589943	515	515
33.641224	515	515
33.692505	515	515
33.743786	515	515
33.795067	515	515
33.846348	515	515
33.897629	515	515
33.948910	515	515
34.000191	515	515
34.051472	515	515
34.102753	515	515
34.154034	516	516
34.205315	516	516
34.256596	516	516
34.307877	517	517
34.359158	517	517
34.410439	518	518
34.461720	518	518
34.513000	519	519
34.564281	519	519
34.615562	520	520
34.666843	520	520
34.718124	521	521
34.769405	521	521
34.820686	522	522
34.871967	523	523
34.923248	523	523
34.974529	524	524
35.025810	525	525
35.077091	525	525
35.128372	526	526
35.179653	527	527
35.230934	527	527
35.282215	528	528
35.333496	528	528
35.384777	529	529
35.436058	530	530
35.487339	530	530
35.538620	531	531
35.589901	531	531
35.641182	532	532
35.692463	532	532
35.743744	532	532
35.795025	533	533
35.846306	533	533
35.897587	533	533
35.948868	534	534
36.000149	534	534
36.051430	534	534
36.102711	534	534
36.153992	534	534
36.205273	534	534
36.256554	534	534
36.307835	534	534
36.359116	534	534
36.410397	534	534
36.461678	534	534
36.512959	534	534
36.564240	534	534
36.615520	534	534
36.666801	533	533
36.718082	533	533
36.769363	533	533
36.820644	532	532
36.871925	532	532
36.923206	531	531
36.974487	531	531
37.025768	530	530
37.077049	530	530
37.128330	529	529
37.179611	529	529
37.230892	528	528
37.282173	527	527
37.333454	527	527
37.384735	526	526
37.436016	526	526
37.487297	525	525
37.538578	524	524
37.589859	524	524
37.641140	523	523
37.692421	522	522
37.743702	522	522
37.794983	521	521
37.846264	521	521
37.897545	520	520
37.948826	519	519
38.000107	519	519
38.051388	518	518
38.102669	518	518
38.153950	517	517
38.205231	517	517
38.256512	517	517
38.307793	516	516
38.359074	516	516
38.410355	516	516
38.461636	515	515
38.512917	515	515
38.564198	515	515
38.615479	515	515
38.666759	515	515
38.718040	515	515
38.769321	515	515
38.820602	515	515
38.871883	515	515
38.923164	515	515
38.974445	515	515
39.025726	515	515
39.077007	515	515
39.128288	515	515
39.179569	516	516
39.230850	516	516
39.282131	517	517
39.333412	517	517
39.384693	517	517
39.435974	518	518
39.487255	518	518
39.538536	519	519
39.589817	519	519
39.641098	520	520
39.692379	520	520
39.743660	521	521
39.794941	522	522
39.846222	522	522
39.897503	523	523
39.948784	524	524
40.000065	524	524
40.051346	525	525
40.102627	526	526
40.153908	526	526
40.205189	527	527
40.256470	527	527
40.307751	528	528
40.359032	529	529
40.410313	529	529
40.461594	530	530
40.512875	530	530
40.564156	531	531
40.615437	531	531
40.666718	532	532
40.717999	532	532
40.769279	533	533
40.820560	533	533
40.871841	533	533
40.923122	534	534
40.974403	534	534
41.025684	534	534
41.076965	534	534
41.128246	534	534
41.179527	534	534
41.230808	534	534
41.282089	534	534
41.333370	534	534
41.384651	534	534
41.435932	534	534
41.487213	534	534
41.538494	534	534
41.589775	534	534
41.641056	533	533
41.692337	533	533
41.743618	533	533
41.794899	532	532
41.846180	532	532
41.897461	532	532
41.948742	531	531
42.000023	531	531
42.051304	530	530
42.102585	530	530
42.153866	529	529
42.205147	528	528
42.256428	528	528
42.307709	527	527
42.358990	527	527
42.410271	526	526
42.461552	525	525
42.512833	525	525
42.564114	524	524
42.615395	523	523
42.666676	523	523
42.717957	522	522
42.769238	521	521
42.820518	521	521
42.871799	520	520
42.923080	520	520
42.974361	519	519
43.025642	519	519
43.076923	518	518
43.128204	518	518
43.179485	517	517
43.230766	517	517
43.282047	516	516
43.333328	516	516
43.384609	516	516
43.435890	515	515
43.487171	515	515
43.538452	515	515
43.589733	515	515
43.641014	515	515
43.692295	515	515
43.743576	515	515
43.794857	515	515
43.846138	515	515
43.897419	515	515
43.948700	515	515
43.999981	515	515
44.051262	515	515
44.102543	515	515
44.153824	516	516
44.205105	516	516
44.256386	516	516
44.307667	517	517
44.358948	517	517
44.410229	518	518
44.461510	518	518
44.512791	519	519
44.564072	519	519
44.615353	520	520
44.666634	520	520
44.717915	521	521
44.769196	521	521
44.820477	522	522
44.871758	523	523
44.923038	523	523
44.974319	524	524
45.025600	525	525
45.076881	525	525
45.128162	526	526
45.179443	526	526
45.230724	527	527
45.282005	528	528
45.333286	528	528
45.384567	529	529
45.435848	529	529
45.487129	530	530
45.538410	531	531
45.589691	531	531
45.640972	532	532
45.692253	532	532
45.743534	532	532
45.794815	533	533
45.846096	533	533
45.897377	533	533
45.948658	534	534
45.999939	534	534
46.051220	534	534
46.102501	534	534
46.153782	534	534
46.205063	534	534
46.256344	534	534
46.307625	534	534
46.358906	534	534
46.410187	534	534
46.461468	534	534
46.512749	534	534
46.564030	534	534
46.615311	534	534
46.666592	533	533
46.717873	533	533
46.769154	533	533
46.820435	532	532
46.871716	532	532
46.922997	531	531
46.974277	531	531
47.025558	530	530
47.076839	530	530
47.128120	529	529
47.179401	529	529
47.230682	528	528
47.281963	527	527
47.333244	527	527
47.384525	526	526
47.435806	526	526
47.487087	525	525
47.538368	524	524
47.589649	524	524
47.640930	523	523
47.692211	522	522
47.743492	522	522
47.794773	521	521
47.846054	521	521
47.897335	520	520
47.948616	519	519
47.999897	519	519
48.051178	518	518
48.102459	518	518
48.153740	517	517
48.205021	517	517
48.256302	517	517
48.307583	516	516
48.358864	516	516
48.410145	516	516
48.461426	515	515
48.512707	515	515
48.563988	515	515
48.615269	515	515
48.666550	515	515
48.717831	515	515
48.769112	515	515
48.820393	515	515
48.871674	515	515
48.922955	515	515
48.974236	515	515
49.025517	515	515
49.076797	515	515
49.128078	515	515
49.179359	516	516
49.230640	516	516
49.281921	516	516
49.333202	517	517
49.384483	517	517
49.435764	518	518
49.487045	518	518
49.538326	519	519
49.589607	519	519
49.640888	520	520
49.692169	520	520
49.743450	521	521
49.794731	522	522
49.846012	522	522
49.897293	523	523
49.948574	524	524
49.999855	524	524
50.051136	525	525
50.102417	525	525
50.153698	526	526
50.204979	527	527
50.256260	527	527
50.307541	528	528
50.358822	529	529
50.410103	529	529
50.461384	530	530
50.512665	530	530
50.563946	531	531
50.615227	531	531
50.666508	532	532
50.717789	532	532
50.769070	533	533
50.820351	533	533
50.871632	533	533
50.922913	534	534
50.974194	534	534
51.025475	534	534
51.076756	534	534
51.128036	534	534
51.179317	534	534
51.230598	534	534
51.281879	534	534
51.333160	534	534
51.384441	534	534
51.435722	534	534
51.487003	534	534
51.538284	534	534
51.589565	534	534
51.640846	533	533
51.692127	533	533
51.743408	533	533
51.794689	532	532
51.845970	532	532
51.897251	532	532
51.948532	531	531
51.999813	531	531
52.051094	530	530
52.102375	530	530
52.153656	529	529
52.204937	528	528
52.256218	528	528
52.307499	527	527
52.358780	527	527
52.410061	526	526
52.461342	525	525
52.512623	525	525
52.563904	524	524
52.615185	523	523
52.666466	523	523
52.717747	522	522
52.769028	522	522
52.820309	521	521
52.871590	520	520
52.922871	520	520
52.974152	519	519
53.025433	519	519
53.076714	518	518
53.127995	518	518
53.179276	517	517
53.230556	517	517
53.281837	516	516
53.333118	516	516
53.384399	516	516
53.435680	515	515
53.486961	515	515
53.538242	515	515
53.589523	515	515
53.640804	515	515
53.692085	515	515
53.743366	515	515
53.794647	515	515
53.845928	515	515
53.897209	515	515
53.948490	515	515
53.999771	515	515
54.051052	515	515
54.102333	515	515
54.153614	516	516
54.204895	516	516
54.256176	516	516
54.307457	517	517
54.358738	517	517
54.410019	517	517
54.461300	518	518
54.512581	518	518
54.563862	519	519
54.615143	520	520
54.666424	520	520
54.717705	521	521
54.768986	521	521
54.820267	522	522
54.871548	523	523
54.922829	523	523
54.974110	524	524
55.025391	524	524
55.076672	525	525
55.127953	526	526
55.179234	526	526
55.230515	527	527
55.281796	528	528
55.333076	528	528
55.384357	529	529
55.435638	529	529
55.486919	530	530
55.538200	530	530
55.589481	531	531
55.640762	531	531
55.692043	532	532
55.743324	532	532
55.794605	533	533
55.845886	533	533
55.897167	533	533
55.948448	534	534
55.999729	534	534
56.051010	534	534
56.102291	534	534
56.153572	534	534
56.204853	534	534
56.256134	534	534
56.307415	534	534
56.358696	534	534
56.409977	534	534
56.461258	534	534
56.512539	534	534
56.563820	534	534
56.615101	534	534
56.666382	533	533
56.717663	533	533
56.768944	533	533
56.820225	532	532
56.871506	532	532
56.922787	531	531
56.974068	531	531
57.025349	530	530
57.076630	530	530
57.127911	529	529
57.179192	529	529
57.230473	528	528
57.281754	528	528
57.333035	527	527
57.384315	526	526
57.435596	526	526
57.486877	525	525
57.538158	524	524
57.589439	524	524
57.640720	523	523
57.692001	522	522
57.743282	522	522
57.794563	521	521
57.845844	521	521
57.897125	520	520
57.948406	519	519
57.999687	519	519
58.050968	518	518
58.102249	518	518
58.153530	517	517
58.204811	517	517
58.256092	517	517
58.307373	516	516
58.358654	516	516
58.409935	516	516
58.461216	515	515
58.512497	515	515
58.563778	515	515
58.615059	515	515
58.666340	515	515
58.717621	515	515
58.768902	515	515
58.820183	515	515
58.871464	515	515
58.922745	515	515
58.974026	515	515
59.025307	515	515
59.076588	515	515
59.127869	515	515
59.179150	516	516
59.230431	516	516
59.281712	516	516
59.332993	517	517
59.384274	517	517
59.435555	518	518
59.486835	518	518
59.538116	519	519
59.589397	519	519
59.640678	520	520
59.691959	520	520
59.743240	521	521
59.794521	522	522
59.845802	522	522
59.897083	523	523
59.948364	523	523
59.999645	524	524
60.050926	525	525
60.102207	525	525
60.153488	526	526
60.204769	527	527
60.256050	527	527
60.307331	528	528
60.358612	529	529
60.409893	529	529
60.461174	530	530
60.512455	530	530
60.563736	531	531
60.615017	531	531
60.666298	532	532
60.717579	532	532
60.768860	533	533
60.820141	533	533
60.871422	533	533
60.922703	534	534
60.973984	534	534
61.025265	534	534
61.076546	534	534
61.127827	534	534
61.179108	534	534
61.230389	534	534
61.281670	534	534
61.332951	534	534
61.384232	534	534
61.435513	534	534
61.486794	534	534
61.538074	534	534
61.589355	534	534
61.640636	533	533
61.691917	533	533
61.743198	533	533
61.794479	532	532
61.845760	532	532
61.897041	532	532
61.948322	531	531
61.999603	531	531
62.050884	530	530
62.102165	530	530
62.153446	529	529
62.204727	528	528
62.256008	528	528
62.307289	527	527
62.358570	527	527
62.409851	526	526
62.461132	525	525
62.512413	525	525
62.563694	524	524
62.614975	523	523
62.666256	523	523
62.717537	522	522
62.768818	522	522
62.820099	521	521
62.871380	520	520
62.922661	520	520
62.973942	519	519
63.025223	519	519
63.076504	518	518
63.127785	518	518
63.179066	517	517
63.230347	517	517
63.281628	516	516
63.332909	516	516
63.384190	516	516
63.435471	515	515
63.486752	515	515
63.538033	515	515
63.589314	515	515
63.640594	515	515
63.691875	515	515
63.743156	515	515
63.794437	515	515
63.845718	515	515
63.896999	515	515
63.948280	515	515
63.999561	515	515
64.050842	515	515
64.102127	515	515
64.153412	516	516
64.204697	516	516
64.255981	516	516
64.307266	517	517
64.358551	517	517
64.409836	517	517
64.461121	518	518
64.512405	518	518
64.563690	519	519
64.614975	519	519
64.666260	520	520
64.717545	521	521
64.768829	521	521
64.820114	522	522
64.871399	522	522
64.922684	523	523
64.973969	524	524
65.025253	524	524
65.076538	525	525
65.127823	526	526
65.179108	526	526
65.230392	527	527
65.281677	528	528
65.332962	528	528
65.384247	529	529
65.435532	529	529
65.486816	530	530
65.538101	530	530
65.589386	531	531
65.640671	531	531
65.691956	532	532
65.743240	532	532
65.794525	533	533
65.845810	533	533
65.897095	533	533
65.948380	534	534
65.999664	534	534
66.050949	534	534
66.102234	534	534
66.153519	534	534
66.204803	534	534
66.256088	534	534
66.307373	534	534
66.358658	534	534
66.409943	534	534
66.461227	534	534
66.512512	534	534
66.563797	534	534
66.615082	534	534
66.666367	533	533
66.717651	533	533
66.768936	533	533
66.820221	532	532
66.871506	532	532
66.922791	531	531
66.974075	531	531
67.025360	530	530
67.076645	530	530
67.127930	529	529
67.179214	529	529
67.230499	528	528
67.281784	528	528
67.333069	527	527
67.384354	526	526
67.435638	526	526
67.486923	525	525
67.538208	524	524
67.589493	524	524
67.640778	523	523
67.692062	523	523
67.743347	522	522
67.794632	521	521
67.845917	521	521
67.897202	520	520
67.948486	520	520
67.999771	519	519
68.051056	518	518
68.102341	518	518
68.153625	517	517
68.204910	517	517
68.256195	517	517
68.307480	516	516
68.358765	516	516
68.410049	516	516
68.461334	515	515
68.512619	515	515
68.563904	515	515
68.615189	515	515
68.666473	515	515
68.717758	515	515
68.769043	515	515
68.820328	515	515
68.871613	515	515
68.922897	515	515
68.974182	515	515
69.025467	515	515
69.076752	515	515
69.128036	515	515
69.179321	516	516
69.230606	516	516
69.281891	516	516
69.333176	517	517
69.384460	517	517
69.435745	518	518
69.487030	518	518
69.538315	519	519
69.589600	519	519
69.640884	520	520
69.692169	520	520
69.743454	521	521
69.794739	522	522
69.846024	522	522
69.897308	523	523
69.948593	523	523
69.999878	524	524
70.051163	525	525
70.102448	525	525
70.153732	526	526
70.205017	527	527
70.256302	527	527
70.307587	528	528
70.358871	528	528
70.410156	529	529
70.461441	530	530
70.512726	530	530
70.564011	531	531
70.615295	531	531
70.666580	532	532
70.717865	532	532
70.769150	532	532
70.820435	533	533
70.871719	533	533
70.923004	533	533
70.974289	534	534
71.025574	534	534
71.076859	534	534
71.128143	534	534
71.179428	534	534
71.230713	534	534
71.281998	534	534
71.333282	534	534
71.384567	534	534
71.435852	534	534
71.487137	534	534
71.538422	534	534
71.589706	534	534
71.640991	534	534
71.692276	533	533
71.743561	533	533
71.794846	533	533
71.846130	532	532
71.897415	532	532
71.948700	531	531
71.999985	531	531
72.051270	530	530
72.102554	530	530
72.153839	529	529
72.205124	529	529
72.256409	528	528
72.307693	527	527
72.358978	527	527
72.410263	526	526
72.461548	525	525
72.512833	525	525
72.564117	524	524
72.615402	524	524
72.666687	523	523
72.717972	522	522
72.769257	522	522
72.820541	521	521
72.871826	520	520
72.923111	520	520
72.974396	519	519
73.025681	519	519
73.076965	518	518
73.128250	518	518
73.179535	517	517
73.230820	517	517
73.282104	516	516
73.333389	516	516
73.384674	516	516
73.435959	515	515
73.487244	515	515
73.538528	515	515
73.589813	515	515
73.641098	515	515
73.692383	515	515
73.743668	515	515
73.794952	515	515
73.846237	515	515
73.897522	515	515
73.948807	515	515
74.000092	515	515
74.051376	515	515
74.102661	515	515
74.153946	516	516
74.205231	516	516
74.256516	516	516
74.307800	517	517
74.359085	517	517
74.410370	517	517
74.461655	518	518
74.512939	518	518
74.564224	519	519
74.615509	519	519
74.666794	520	520
74.718079	521	521
74.769363	521	521
74.820648	522	522
74.871933	522	522
74.923218	523	523
74.974503	524	524
75.025787	524	524
75.077072	525	525
75.128357	526	526
75.179642	526	526
75.230927	527	527
75.282211	528	528
75.333496	528	528
75.384781	529	529
75.436066	529	529
75.487350	530	530
75.538635	530	530
75.589920	531	531
75.641205	531	531
75.692490	532	532
75.743774	532	532
75.795059	533	533
75.846344	533	533
75.897629	533	533
75.948914	534	534
76.000198	534	534
76.051483	534	534
76.102768	534	534
76.154053	534	534
76.205338	534	534
76.256622	534	534
76.307907	534	534
76.359192	534	534
76.410477	534	534
76.461761	534	534
76.513046	534	534
76.564331	534	534
76.615616	534	534
76.666901	533	533
76.718185	533	533
76.769470	533	533
76.820755	532	532
76.872040	532	532
76.923325	531	531
76.974609	531	531
77.025894	531	531
77.077179	530	530
77.128464	529	529
77.179749	529	529
77.231033	528	528
77.282318	528	528
77.333603	527	527
77.384888	526	526
77.436172	526	526
77.487457	525	525
77.538742	525	525
77.590027	524	524
77.641312	523	523
77.692596	523	523
77.743881	522	522
77.795166	521	521
77.846451	521	521
77.897736	520	520
77.949020	520	520
78.000305	519	519
78.051590	519	519
78.102875	518	518
78.154160	518	518
78.205444	517	517
78.256729	517	517
78.308014	516	516
78.359299	516	516
78.410583	516	516
78.461868	515	515
78.513153	515	515
78.564438	515	515
78.615723	515	515
78.667007	515	515
78.718292	515	515
78.769577	515	515
78.820862	515	515
78.872147	515	515
78.923431	515	515
78.974716	515	515
79.026001	515	515
79.077286	515	515
79.128571	515	515
79.179855	516	516
79.231140	516	516
79.282425	516	516
79.333710	517	517
79.384995	517	517
79.436279	518	518
79.487564	518	518
79.538849	519	519
79.590134	519	519
79.641418	520	520
79.692703	520	520
79.743988	521	521
79.795273	521	521
79.846558	522	522
79.897842	523	523
79.949127	523	523
80.000412	524	524
80.051697	525	525
80.102982	525	525
80.154266	526	526
80.205551	527	527
80.256836	527	527
80.308121	528	528
80.359406	528	528
80.410690	529	529
80.461975	530	530
80.513260	530	530
80.564545	531	531
80.615829	531	531
80.667114	532	532
80.718399	532	532
80.769684	532	532
80.820969	533	533
80.872253	533	533
80.923538	533	533
80.974823	534	534
81.026108	534	534
81.077393	534	534
81.128677	534	534
81.179962	534	534
81.231247	534	534
81.282532	534	534
81.333817	534	534
81.385101	534	534
81.436386	534	534
81.487671	534	534
81.538956	534	534
81.590240	534	534
81.641525	534	534
81.692810	533	533
81.744095	533	533
81.795380	533	533
81.846664	532	532
81.897949	532	532
81.949234	531	531
82.000519	531	531
82.051804	530	530
82.103088	530	530
82.154373	529	529
82.205658	529	529
82.256943	528	528
82.308228	527	527
82.359512	527	527
82.410797	526	526
82.462082	526	526
82.513367	525	525
82.564651	524	524
82.615936	524	524
82.667221	523	523
82.718506	522	522
82.769791	522	522
82.821075	521	521
82.872360	520	520
82.923645	520	520
82.974930	519	519
83.026215	519	519
83.077499	518	518
83.128784	518	518
83.180069	517	517
83.231354	517	517
83.282639	516	516
83.333923	516	516
83.385208	516	516
83.436493	515	515
83.487778	515	515
83.539062	515	515
83.590347	515	515
83.641632	515	515
83.692917	515	515
83.744202	515	515
83.795486	515	515
83.846771	515	515
83.898056	515	515
83.949341	515	515
84.000626	515	515
84.051910	515	515
84.103195	515	515
84.154480	516	516
84.205765	516	516
84.257050	516	516
84.308334	517	517
84.359619	517	517
84.410904	517	517
84.462189	518	518
84.513474	518	518
84.564758	519	519
84.616043	519	519
84.667328	520	520
84.718613	521	521
84.769897	521	521
84.821182	522	522
84.872467	522	522
84.923752	523	523
84.975037	524	524
85.026321	524	524
85.077606	525	525
85.128891	526	526
85.180176	526	526
85.231461	527	527
85.282745	527	527
85.334030	528	528
85.385315	529	529
85.436600	529	529
85.487885	530	530
85.539169	530	530
85.590454	531	531
85.641739	531	531
85.693024	532	532
85.744308	532	532
85.795593	533	533
85.846878	533	533
85.898163	533	533
85.949448	534	534
86.000732	534	534
86.052017	534	534
86.103302	534	534
86.154587	534	534
86.205872	534	534
86.257156	534	534
86.308441	534	534
86.359726	534	534
86.411011	534	534
86.462296	534	534
86.513580	534	534
86.564865	534	534
86.616150	534	534
86.667435	533	533
86.718719	533	533
86.770004	533	533
86.821289	532	532
86.872574	532	532
86.923859	532	532
86.975143	531	531
87.026428	531	531
87.077713	530	530
87.128998	529	529
87.180283	529	529
87.231567	528	528
87.282852	528	528
87.334137	527	527
87.385422	526	526
87.436707	526	526
87.487991	525	525
87.539276	525	525
87.590561	524	524
87.641846	523	523
87.693130	523	523
87.744415	522	522
87.795700	521	521
87.846985	521	521
87.898270	520	520
87.949554	520	520
88.000839	519	519
88.052124	519	519
88.103409	518	518
88.154694	518	518
88.205978	517	517
88.257263	517	517
88.308548	516	516
88.359833	516	516
88.411118	516	516
88.462402	515	515
88.513687	515	515
88.564972	515	515
88.616257	515	515
88.667542	515	515
88.718826	515	515
88.770111	515	515
88.821396	515	515
88.872681	515	515
88.923965	515	515
88.975250	515	515
89.026535	515	515
89.077820	515	515
89.129105	515	515
89.180389	516	516
89.231674	516	516
89.282959	516	516
89.334244	517	517
89.385529	517	517
89.436813	518	518
89.488098	518	518
89.539383	519	519
89.590668	519	519
89.641953	520	520
89.693237	520	520
89.744522	521	521
89.795807	521	521
89.847092	522	522
89.898376	523	523
89.949661	523	523
90.000946	524	524
90.052231	525	525
90.103516	525	525
90.154800	526	526
90.206085	527	527
90.257370	527	527
90.308655	528	528
90.359940	528	528
90.411224	529	529
90.462509	529	529
90.513794	530	530
90.565079	531	531
90.616364	531	531
90.667648	532	532
90.718933	532	532
90.770218	532	532
90.821503	533	533
90.872787	533	533
90.924072	533	533
90.975357	534	534
91.026642	534	534
91.077927	534	534
91.129211	534	534
91.180496	534	534
91.231781	534	534
91.283066	534	534
91.334351	534	534
91.385635	534	534
91.436920	534	534
91.488205	534	534
91.539490	534	534
91.590775	534	534
91.642059	534	534
91.693344	533	533
91.744629	533	533
91.795914	533	533
91.847198	532	532
91.898483	532	532
91.949768	531	531
92.001053	531	531
92.052338	530	530
92.103622	530	530
92.154907	529	529
92.206192	529	529
92.257477	528	528
92.308762	527	527
92.360046	527	527
92.411331	526	526
92.462616	526	526
92.513901	525	525
92.565186	524	524
92.616470	524	524
92.667755	523	523
92.719040	522	522
92.770325	522	522
92.821609	521	521
92.872894	521	521
92.924179	520	520
92.975464	519	519
93.026749	519	519
93.078033	518	518
93.129318	518	518
93.180603	517	517
93.231888	517	517
93.283173	517	517
93.334457	516	516
93.385742	516	516
93.437027	516	516
93.488312	515	515
93.539597	515	515
93.590881	515	515
93.642166	515	515
93.693451	515	515
93.744736	515	515
93.796021	515	515
93.847305	515	515
93.898590	515	515
93.949875	515	515
94.001160	515	515
94.052444	515	515
94.103729	515	515
94.155014	515	515
94.206299	516	516
94.257584	516	516
94.308868	516	516
94.360153	517	517
94.411438	517	517
94.462723	518	518
94.514008	518	518
94.565292	519	519
94.616577	519	519
94.667862	520	520
94.719147	520	520
94.770432	521	521
94.821716	522	522
94.873001	522	522
94.924286	523	523
94.975571	524	524
95.026855	524	524
95.078140	525	525
95.129425	526	526
95.180710	526	526
95.231995	527	527
95.283279	527	527
95.334564	528	528
95.385849	529	529
95.437134	529	529
95.488419	530	530
95.539703	530	530
95.590988	531	531
95.642273	531	531
95.693558	532	532
95.744843	532	532
95.796127	533	533
95.847412	533	533
95.898697	533	533
95.949982	534	534
96.001266	534	534
96.052551	534	534
96.103836	534	534
96.155121	534	534
96.206406	534	534
96.257690	534	534
96.308975	534	534
96.360260	534	534
96.411545	534	534
96.462830	534	534
96.514114	534	534
96.565399	534	534
96.616684	534	534
96.667969	533	533
96.719254	533	533
96.770538	533	533
96.821823	532	532
96.873108	532	532
96.924393	532	532
96.975677	531	531
97.026962	531	531
97.078247	530	530
97.129532	530	530
97.180817	529	529
97.232101	528	528
97.283386	528	528
97.334671	527	527
97.385956	527	527
97.437241	526	526
97.488525	525	525
97.539810	525	525
97.591095	524	524
97.642380	523	523
97.693665	523	523
97.744949	522	522
97.796234	521	521
97.847519	521	521
97.898804	520	520
97.950089	520	520
98.001373	519	519
98.052658	519	519
98.103943	518	518
98.155228	518	518
98.206512	517	517
98.257797	517	517
98.309082	516	516
98.360367	516	516
98.411652	516	516
98.462936	515	515
98.514221	515	515
98.565506	515	515
98.616791	515	515
98.668076	515	515
98.719360	515	515
98.770645	515	515
98.821930	515	515
98.873215	515	515
98.924500	515	515
98.975784	515	515
99.027069	515	515
99.078354	515	515
99.129639	515	515
99.180923	516	516
99.232208	516	516
99.283493	516	516
99.334778	517	517
99.386063	517	517
99.437347	518	518
99.488632	518	518
99.539917	519	519
99.591202	519	519
99.642487	520	520
99.693771	520	520
99.745056	521	521
99.796341	521	521
99.847626	522	522
99.898911	523	523
99.950195	523	523
