0.000000	525	525
0.051282	529	529
0.102564	533	533
0.153846	536	536
0.205128	540	540
0.256410	544	544
0.307692	548	548
0.358974	551	551
0.410256	555	555
0.461538	558	558
0.512821	561	561
0.564103	563	563
0.615385	566	566
0.666667	568	568
0.717949	570	570
0.769231	571	571
0.820513	573	573
0.871795	573	573
0.923077	574	574
0.974359	574	574
1.025641	574	574
1.076923	574	574
1.128205	573	573
1.179487	573	573
1.230769	571	571
1.282051	570	570
1.333333	568	568
1.384615	566	566
1.435897	563	563
1.487180	561	561
1.538462	558	558
1.589744	555	555
1.641026	551	551
1.692308	548	548
1.743590	544	544
1.794872	540	540
1.846154	537	537
1.897436	533	533
1.948718	529	529
2.000000	525	525
2.051282	521	521
2.102564	517	517
2.153847	513	513
2.205129	509	509
2.256411	505	505
2.307693	501	501
2.358975	498	498
2.410257	495	495
2.461540	491	491
2.512822	489	489
2.564104	486	486
2.615386	483	483
2.666668	481	481
2.717950	479	479
2.769233	478	478
2.820515	477	477
2.871797	476	476
2.923079	475	475
2.974361	475	475
3.025643	475	475
3.076926	475	475
3.128208	475	475
3.179490	476	476
3.230772	478	478
3.282054	479	479
3.333336	481	481
3.384619	483	483
3.435901	486	486
3.487183	488	488
3.538465	491	491
3.589747	494	494
3.641029	498	498
3.692312	501	501
3.743594	505	505
3.794876	509	509
3.846158	512	512
3.897440	516	516
3.948722	520	520
4.000004	524	524
4.051286	528	528
4.102568	532	532
4.153850	536	536
4.205132	540	540
4.256414	544	544
4.307696	548	548
4.358978	551	551
4.410260	554	554
4.461542	558	558
4.512824	560	560
4.564106	563	563
4.615387	566	566
4.666669	568	568
4.717951	570	570
4.769233	571	571
4.820515	572	572
4.871797	573	573
4.923079	574	574
4.974361	574	574
5.025643	574	574
5.076925	574	574
5.128207	574	574
5.179489	573	573
5.230771	571	571
5.282053	570	570
5.333334	568	568
5.384616	566	566
5.435898	563	563
5.487180	561	561
5.538462	558	558
5.589744	555	555
5.641026	551	551
5.692308	548	548
5.743590	544	544
5.794872	541	541
5.846154	537	537
5.897436	533	533
5.948718	529	529
6.000000	525	525
6.051281	521	521
6.102563	517	517
6.153845	513	513
6.205127	509	509
6.256409	505	505
6.307691	501	501
6.358973	498	498
6.410255	495	495
6.461537	492	492
6.512819	489	489
6.564101	486	486
6.615383	484	484
6.666665	481	481
6.717947	479	479
6.769228	478	478
6.820510	477	477
6.871792	476	476
6.923074	475	475
6.974356	475	475
7.025638	475	475
7.076920	475	475
7.128202	475	475
7.179484	476	476
7.230766	478	478
7.282048	479	479
7.333330	481	481
7.384612	483	483
7.435894	486	486
7.487175	488	488
7.538457	491	491
7.589739	494	494
7.641021	498	498
7.692303	501	501
7.743585	505	505
7.794867	508	508
7.846149	512	512
7.897431	516	516
7.948713	520	520
7.999995	524	524
8.051277	528	528
8.102559	532	532
8.153841	536	536
8.205123	540	540
8.256405	544	544
8.307687	547	547
8.358969	551	551
8.410251	554	554
8.461533	557	557
8.512815	560	560
8.564096	563	563
8.615378	565	565
8.666660	568	568
8.717942	570	570
8.769224	571	571
8.820506	572	572
8.871788	573	573
8.923070	574	574
8.974352	574	574
9.025634	574	574
9.076916	574	574
9.128198	574	574
9.179480	573	573
9.230762	571	571
9.282043	570	570
9.333325	568	568
9.384607	566	566
9.435889	563	563
9.487171	561	561
9.538453	558	558
9.589735	555	555
9.641017	552	552
9.692299	548	548
9.743581	544	544
9.794863	541	541
9.846145	537	537
9.897427	533	533
9.948709	529	529
9.999990	525	525
10.051272	521	521
10.102554	517	517
10.153836	513	513
10.205118	509	509
10.256400	505	505
10.307682	502	502
10.358964	498	498
10.410246	495	495
10.461528	492	492
10.512810	489	489
10.564092	486	486
10.615374	484	484
10.666656	481	481
10.717937	480	480
10.769219	478	478
10.820501	477	477
10.871783	476	476
10.923065	475	475
10.974347	475	475
11.025629	475	475
11.076911	475	475
11.128193	475	475
11.179475	476	476
11.230757	478	478
11.282039	479	479
11.333321	481	481
11.384603	483	483
11.435884	485	485
11.487166	488	488
11.538448	491	491
11.589730	494	494
11.641012	497	497
11.692294	501	501
11.743576	504	504
11.794858	508	508
11.846140	512	512
11.897422	516	516
11.948704	520	520
11.999986	524	524
12.051268	528	528
12.102550	532	532
12.153831	536	536
12.205113	540	540
12.256395	544	544
12.307677	547	547
12.358959	551	551
12.410241	554	554
12.461523	557	557
12.512805	560	560
12.564087	563	563
12.615369	565	565
12.666651	568	568
12.717933	569	569
12.769215	571	571
12.820497	572	572
12.871778	573	573
12.923060	574	574
12.974342	574	574
13.025624	574	574
13.076906	574	574
13.128188	574	574
13.179470	573	573
13.230752	571	571
13.282034	570	570
13.333316	568	568
13.384598	566	566
13.435880	564	564
13.487162	561	561
13.538444	558	558
13.589725	555	555
13.641007	552	552
13.692289	548	548
13.743571	545	545
13.794853	541	541
13.846135	537	537
13.897417	533	533
13.948699	529	529
13.999981	525	525
14.051263	521	521
14.102545	517	517
14.153827	513	513
14.205109	509	509
14.256391	505	505
14.307673	502	502
14.358954	498	498
14.410236	495	495
14.461518	492	492
14.512800	489	489
14.564082	486	486
14.615364	484	484
14.666646	481	481
14.717928	480	480
14.769210	478	478
14.820492	477	477
14.871774	476	476
14.923056	475	475
14.974338	475	475
15.025620	475	475
15.076901	475	475
15.128183	475	475
15.179465	476	476
15.230747	478	478
15.282029	479	479
15.333311	481	481
15.384593	483	483
15.435875	485	485
15.487157	488	488
15.538439	491	491
15.589721	494	494
15.641003	497	497
15.692285	501	501
15.743567	504	504
15.794848	508	508
15.846130	512	512
15.897412	516	516
15.948694	520	520
15.999976	524	524
16.051258	528	528
16.102541	532	532
16.153824	536	536
16.205107	540	540
16.256390	543	543
16.307673	547	547
16.358955	551	551
16.410238	554	554
16.461521	557	557
16.512804	560	560
16.564087	563	563
16.615370	565	565
16.666653	567	567
16.717936	569	569
16.769218	571	571
16.820501	572	572
16.871784	573	573
16.923067	574	574
16.974350	574	574
17.025633	574	574
17.076916	574	574
17.128199	574	574
17.179482	573	573
17.230764	571	571
17.282047	570	570
17.333330	568	568
17.384613	566	566
17.435896	564	564
17.487179	561	561
17.538462	558	558
17.589745	555	555
17.641027	552	552
17.692310	548	548
17.743593	545	545
17.794876	541	541
17.846159	537	537
17.897442	533	533
17.948725	529	529
18.000008	525	525
18.051291	521	521
18.102573	517	517
18.153856	513	513
18.205139	509	509
18.256422	506	506
18.307705	502	502
18.358988	498	498
18.410271	495	495
18.461554	492	492
18.512836	489	489
18.564119	486	486
18.615402	484	484
18.666685	482	482
18.717968	480	480
18.769251	478	478
18.820534	477	477
18.871817	476	476
18.923100	475	475
18.974382	475	475
19.025665	475	475
19.076948	475	475
19.128231	475	475
19.179514	476	476
19.230797	477	477
19.282080	479	479
19.333363	481	481
19.384645	483	483
19.435928	485	485
19.487211	488	488
19.538494	491	491
19.589777	494	494
19.641060	497	497
19.692343	501	501
19.743626	504	504
19.794909	508	508
19.846191	512	512
19.897474	516	516
19.948757	520	520
20.000040	524	524
20.051323	528	528
20.102606	532	532
20.153889	536	536
20.205172	540	540
20.256454	543	543
20.307737	547	547
20.359020	551	551
20.410303	554	554
20.461586	557	557
20.512869	560	560
20.564152	563	563
20.615435	565	565
20.666718	567	567
20.718000	569	569
20.769283	571	571
20.820566	572	572
20.871849	573	573
20.923132	574	574
20.974415	574	574
21.025698	574	574
21.076981	574	574
21.128263	574	574
21.179546	573	573
21.230829	572	572
21.282112	570	570
21.333395	568	568
21.384678	566	566
21.435961	564	564
21.487244	561	561
21.538527	558	558
21.589809	555	555
21.641092	552	552
21.692375	548	548
21.743658	545	545
21.794941	541	541
21.846224	537	537
21.897507	533	533
21.948790	529	529
22.000072	525	525
22.051355	521	521
22.102638	517	517
22.153921	513	513
22.205204	510	510
22.256487	506	506
22.307770	502	502
22.359053	499	499
22.410336	495	495
22.461618	492	492
22.512901	489	489
22.564184	486	486
22.615467	484	484
22.666750	482	482
22.718033	480	480
22.769316	478	478
22.820599	477	477
22.871881	476	476
22.923164	475	475
22.974447	475	475
23.025730	475	475
23.077013	475	475
23.128296	475	475
23.179579	476	476
23.230862	477	477
23.282145	479	479
23.333427	481	481
23.384710	483	483
23.435993	485	485
23.487276	488	488
23.538559	491	491
23.589842	494	494
23.641125	497	497
23.692408	500	500
23.743690	504	504
23.794973	508	508
23.846256	512	512
23.897539	516	516
23.948822	520	520
24.000105	524	524
24.051388	528	528
24.102671	532	532
24.153954	536	536
24.205236	539	539
24.256519	543	543
24.307802	547	547
24.359085	550	550
24.410368	554	554
24.461651	557	557
24.512934	560	560
24.564217	563	563
24.615499	565	565
24.666782	567	567
24.718065	569	569
24.769348	571	571
24.820631	572	572
24.871914	573	573
24.923197	574	574
24.974480	574	574
25.025763	574	574
25.077045	574	574
25.128328	574	574
25.179611	573	573
25.230894	572	572
25.282177	570	570
25.333460	568	568
25.384743	566	566
25.436026	564	564
25.487309	561	561
25.538591	558	558
25.589874	555	555
25.641157	552	552
25.692440	549	549
25.743723	545	545
25.795006	541	541
25.846289	537	537
25.897572	534	534
25.948854	530	530
26.000137	526	526
26.051420	522	522
26.102703	517	517
26.153986	514	514
26.205269	510	510
26.256552	506	506
26.307835	502	502
26.359118	499	499
26.410400	495	495
26.461683	492	492
26.512966	489	489
26.564249	486	486
26.615532	484	484
26.666815	482	482
26.718098	480	480
26.769381	478	478
26.820663	477	477
26.871946	476	476
26.923229	475	475
26.974512	475	475
27.025795	475	475
27.077078	475	475
27.128361	475	475
27.179644	476	476
27.230927	477	477
27.282209	479	479
27.333492	481	481
27.384775	483	483
27.436058	485	485
27.487341	488	488
27.538624	491	491
27.589907	494	494
27.641190	497	497
27.692472	500	500
27.743755	504	504
27.795038	508	508
27.846321	511	511
27.897604	515	515
27.948887	519	519
28.000170	523	523
28.051453	527	527
28.102736	531	531
28.154018	535	535
28.205301	539	539
28.256584	543	543
28.307867	547	547
28.359150	550	550
28.410433	554	554
28.461716	557	557
28.512999	560	560
28.564281	563	563
28.615564	565	565
28.666847	567	567
28.718130	569	569
28.769413	571	571
28.820696	572	572
28.871979	573	573
28.923262	574	574
28.974545	574	574
29.025827	574	574
29.077110	574	574
29.128393	574	574
29.179676	573	573
29.230959	572	572
29.282242	570	570
29.333525	568	568
29.384808	566	566
29.436090	564	564
29.487373	561	561
29.538656	559	559
29.589939	555	555
29.641222	552	552
29.692505	549	549
29.743788	545	545
29.795071	541	541
29.846354	538	538
29.897636	534	534
29.948919	530	530
30.000202	526	526
30.051485	522	522
30.102768	518	518
30.154051	514	514
30.205334	510	510
30.256617	506	506
30.307899	502	502
30.359182	499	499
30.410465	495	495
30.461748	492	492
30.513031	489	489
30.564314	487	487
30.615597	484	484
30.666880	482	482
30.718163	480	480
30.769445	478	478
30.820728	477	477
30.872011	476	476
30.923294	475	475
30.974577	475	475
31.025860	475	475
31.077143	475	475
31.128426	475	475
31.179708	476	476
31.230991	477	477
31.282274	479	479
31.333557	481	481
31.384840	483	483
31.436123	485	485
31.487406	488	488
31.538689	490	490
31.589972	493	493
31.641254	497	497
31.692537	500	500
31.743820	504	504
31.795103	507	507
31.846386	511	511
31.897669	515	515
31.948952	519	519
32.000233	523	523
32.051514	527	527
32.102795	531	531
32.154076	535	535
32.205357	539	539
32.256638	543	543
32.307919	547	547
32.359200	550	550
32.410480	554	554
32.461761	557	557
32.513042	560	560
32.564323	562	562
32.615604	565	565
32.666885	567	567
32.718166	569	569
32.769447	571	571
32.820728	572	572
32.872009	573	573
32.923290	574	574
32.974571	574	574
33.025852	574	574
33.077133	574	574
33.128414	574	574
33.179695	573	573
33.230976	572	572
33.282257	570	570
33.333538	568	568
33.384819	566	566
33.436100	564	564
33.487381	561	561
33.538662	559	559
33.589943	556	556
33.641224	552	552
33.692505	549	549
33.743786	545	545
33.795067	542	542
33.846348	538	538
33.897629	534	534
33.948910	530	530
34.000191	526	526
34.051472	522	522
34.102753	518	518
34.154034	514	514
34.205315	510	510
34.256596	506	506
34.307877	502	502
34.359158	499	499
34.410439	496	496
34.461720	492	492
34.513000	489	489
34.564281	487	487
34.615562	484	484
34.666843	482	482
34.718124	480	480
34.769405	478	478
34.820686	477	477
34.871967	476	476
34.923248	475	475
34.974529	475	475
35.025810	475	475
35.077091	475	475
35.128372	475	475
35.179653	476	476
35.230934	477	477
35.282215	479	479
35.333496	481	481
35.384777	483	483
35.436058	485	485
35.487339	487	487
35.538620	490	490
35.589901	493	493
35.641182	497	497
35.692463	500	500
35.743744	504	504
35.795025	507	507
35.846306	511	511
35.897587	515	515
35.948868	519	519
36.000149	523	523
36.051430	527	527
36.102711	531	531
36.153992	535	535
36.205273	539	539
36.256554	543	543
36.307835	546	546
36.359116	550	550
36.410397	553	553
36.461678	557	557
36.512959	560	560
36.564240	562	562
36.615520	565	565
36.666801	567	567
36.718082	569	569
36.769363	571	571
36.820644	572	572
36.871925	573	573
36.923206	574	574
36.974487	574	574
37.025768	574	574
37.077049	574	574
37.128330	574	574
37.179611	573	573
37.230892	572	572
37.282173	570	570
37.333454	569	569
37.384735	566	566
37.436016	564	564
37.487297	562	562
37.538578	559	559
37.589859	556	556
37.641140	552	552
37.692421	549	549
37.743702	545	545
37.794983	542	542
37.846264	538	538
37.897545	534	534
37.948826	530	530
38.000107	526	526
38.051388	522	522
38.102669	518	518
38.153950	514	514
38.205231	510	510
38.256512	506	506
38.307793	503	503
38.359074	499	499
38.410355	496	496
38.461636	492	492
38.512917	490	490
38.564198	487	487
38.615479	484	484
38.666759	482	482
38.718040	480	480
38.769321	478	478
38.820602	477	477
38.871883	476	476
38.923164	475	475
38.974445	475	475
39.025726	475	475
39.077007	475	475
39.128288	475	475
39.179569	476	476
39.230850	477	477
39.282131	479	479
39.333412	480	480
39.384693	482	482
39.435974	485	485
39.487255	487	487
39.538536	490	490
39.589817	493	493
39.641098	496	496
39.692379	500	500
39.743660	503	503
39.794941	507	507
39.846222	511	511
39.897503	515	515
39.948784	519	519
40.000065	523	523
40.051346	527	527
40.102627	531	531
40.153908	535	535
40.205189	539	539
40.256470	543	543
40.307751	546	546
40.359032	550	550
40.410313	553	553
40.461594	556	556
40.512875	559	559
40.564156	562	562
40.615437	565	565
40.666718	567	567
40.717999	569	569
40.769279	571	571
40.820560	572	572
40.871841	573	573
40.923122	574	574
40.974403	574	574
41.025684	574	574
41.076965	574	574
41.128246	574	574
41.179527	573	573
41.230808	572	572
41.282089	570	570
41.333370	569	569
41.384651	567	567
41.435932	564	564
41.487213	562	562
41.538494	559	559
41.589775	556	556
41.641056	553	553
41.692337	549	549
41.743618	546	546
41.794899	542	542
41.846180	538	538
41.897461	534	534
41.948742	530	530
42.000023	526	526
42.051304	522	522
42.102585	518	518
42.153866	514	514
42.205147	510	510
42.256428	506	506
42.307709	503	503
42.358990	499	499
42.410271	496	496
42.461552	493	493
42.512833	490	490
42.564114	487	487
42.615395	484	484
42.666676	482	482
42.717957	480	480
42.769238	478	478
42.820518	477	477
42.871799	476	476
42.923080	475	475
42.974361	475	475
43.025642	475	475
43.076923	475	475
43.128204	475	475
43.179485	476	476
43.230766	477	477
43.282047	479	479
43.333328	480	480
43.384609	482	482
43.435890	485	485
43.487171	487	487
43.538452	490	490
43.589733	493	493
43.641014	496	496
43.692295	500	500
43.743576	503	503
43.794857	507	507
43.846138	511	511
43.897419	515	515
43.948700	519	519
43.999981	523	523
44.051262	527	527
44.102543	531	531
44.153824	535	535
44.205105	539	539
44.256386	542	542
44.307667	546	546
44.358948	550	550
44.410229	553	553
44.461510	556	556
44.512791	559	559
44.564072	562	562
44.615353	565	565
44.666634	567	567
44.717915	569	569
44.769196	571	571
44.820477	572	572
44.871758	573	573
44.923038	574	574
44.974319	574	574
45.025600	574	574
45.076881	574	574
45.128162	574	574
45.179443	573	573
45.230724	572	572
45.282005	570	570
45.333286	569	569
45.384567	567	567
45.435848	564	564
45.487129	562	562
45.538410	559	559
45.589691	556	556
45.640972	553	553
45.692253	549	549
45.743534	546	546
45.794815	542	542
45.846096	538	538
45.897377	534	534
45.948658	530	530
45.999939	526	526
46.051220	522	522
46.102501	518	518
46.153782	514	514
46.205063	510	510
46.256344	507	507
46.307625	503	503
46.358906	499	499
46.410187	496	496
46.461468	493	493
46.512749	490	490
46.564030	487	487
46.615311	484	484
46.666592	482	482
46.717873	480	480
46.769154	478	478
46.820435	477	477
46.871716	476	476
46.922997	475	475
46.974277	475	475
47.025558	475	475
47.076839	475	475
47.128120	475	475
47.179401	476	476
47.230682	477	477
47.281963	479	479
47.333244	480	480
47.384525	482	482
47.435806	485	485
47.487087	487	487
47.538368	490	490
47.589649	493	493
47.640930	496	496
47.692211	500	500
47.743492	503	503
47.794773	507	507
47.846054	511	511
47.897335	515	515
47.948616	519	519
47.999897	523	523
48.051178	527	527
48.102459	531	531
48.153740	535	535
48.205021	538	538
48.256302	542	542
48.307583	546	546
48.358864	550	550
48.410145	553	553
48.461426	556	556
48.512707	559	559
48.563988	562	562
48.615269	565	565
48.666550	567	567
48.717831	569	569
48.769112	571	571
48.820393	572	572
48.871674	573	573
48.922955	574	574
48.974236	574	574
49.025517	574	574
49.076797	574	574
49.128078	574	574
49.179359	573	573
49.230640	572	572
49.281921	570	570
49.333202	569	569
49.384483	567	567
49.435764	564	564
49.487045	562	562
49.538326	559	559
49.589607	556	556
49.640888	553	553
49.692169	549	549
49.743450	546	546
49.794731	542	542
49.846012	538	538
49.897293	534	534
49.948574	531	531
49.999855	527	527
50.051136	522	522
50.102417	518	518
50.153698	514	514
50.204979	511	511
50.256260	507	507
50.307541	503	503
50.358822	500	500
50.410103	496	496
50.461384	493	493
50.512665	490	490
50.563946	487	487
50.615227	485	485
50.666508	482	482
50.717789	480	480
50.769070	479	479
50.820351	477	477
50.871632	476	476
50.922913	475	475
50.974194	475	475
51.025475	475	475
51.076756	475	475
51.128036	475	475
51.179317	476	476
51.230598	477	477
51.281879	478	478
51.333160	480	480
51.384441	482	482
51.435722	484	484
51.487003	487	487
51.538284	490	490
51.589565	493	493
51.640846	496	496
51.692127	499	499
51.743408	503	503
51.794689	507	507
51.845970	511	511
51.897251	514	514
51.948532	518	518
51.999813	522	522
52.051094	526	526
52.102375	530	530
52.153656	534	534
52.204937	538	538
52.256218	542	542
52.307499	546	546
52.358780	549	549
52.410061	553	553
52.461342	556	556
52.512623	559	559
52.563904	562	562
52.615185	564	564
52.666466	567	567
52.717747	569	569
52.769028	570	570
52.820309	572	572
52.871590	573	573
52.922871	574	574
52.974152	574	574
53.025433	574	574
53.076714	574	574
53.127995	574	574
53.179276	573	573
53.230556	572	572
53.281837	571	571
53.333118	569	569
53.384399	567	567
53.435680	565	565
53.486961	562	562
53.538242	559	559
53.589523	556	556
53.640804	553	553
53.692085	550	550
53.743366	546	546
53.794647	542	542
53.845928	539	539
53.897209	535	535
53.948490	531	531
53.999771	527	527
54.051052	523	523
54.102333	519	519
54.153614	515	515
54.204895	511	511
54.256176	507	507
54.307457	503	503
54.358738	500	500
54.410019	496	496
54.461300	493	493
54.512581	490	490
54.563862	487	487
54.615143	485	485
54.666424	482	482
54.717705	480	480
54.768986	479	479
54.820267	477	477
54.871548	476	476
54.922829	475	475
54.974110	475	475
55.025391	475	475
55.076672	475	475
55.127953	475	475
55.179234	476	476
55.230515	477	477
55.281796	478	478
55.333076	480	480
55.384357	482	482
55.435638	484	484
55.486919	487	487
55.538200	490	490
55.589481	493	493
55.640762	496	496
55.692043	499	499
55.743324	503	503
55.794605	507	507
55.845886	510	510
55.897167	514	514
55.948448	518	518
55.999729	522	522
56.051010	526	526
56.102291	530	530
56.153572	534	534
56.204853	538	538
56.256134	542	542
56.307415	546	546
56.358696	549	549
56.409977	553	553
56.461258	556	556
56.512539	559	559
56.563820	562	562
56.615101	564	564
56.666382	567	567
56.717663	569	569
56.768944	570	570
56.820225	572	572
56.871506	573	573
56.922787	574	574
56.974068	574	574
57.025349	574	574
57.076630	574	574
57.127911	574	574
57.179192	573	573
57.230473	572	572
57.281754	571	571
57.333035	569	569
57.384315	567	567
57.435596	565	565
57.486877	562	562
57.538158	559	559
57.589439	556	556
57.640720	553	553
57.692001	550	550
57.743282	546	546
57.794563	543	543
57.845844	539	539
57.897125	535	535
57.948406	531	531
57.999687	527	527
58.050968	523	523
58.102249	519	519
58.153530	515	515
58.204811	511	511
58.256092	507	507
58.307373	503	503
58.358654	500	500
58.409935	496	496
58.461216	493	493
58.512497	490	490
58.563778	487	487
58.615059	485	485
58.666340	482	482
58.717621	480	480
58.768902	479	479
58.820183	477	477
58.871464	476	476
58.922745	475	475
58.974026	475	475
59.025307	475	475
59.076588	475	475
59.127869	475	475
59.179150	476	476
59.230431	477	477
59.281712	478	478
59.332993	480	480
59.384274	482	482
59.435555	484	484
59.486835	487	487
59.538116	490	490
59.589397	493	493
59.640678	496	496
59.691959	499	499
59.743240	503	503
59.794521	506	506
59.845802	510	510
59.897083	514	514
59.948364	518	518
59.999645	522	522
60.050926	526	526
60.102207	530	530
60.153488	534	534
60.204769	538	538
60.256050	542	542
60.307331	546	546
60.358612	549	549
60.409893	553	553
60.461174	556	556
60.512455	559	559
60.563736	562	562
60.615017	564	564
60.666298	567	567
60.717579	569	569
60.768860	570	570
60.820141	572	572
60.871422	573	573
60.922703	574	574
60.973984	574	574
61.025265	574	574
61.076546	574	574
61.127827	574	574
61.179108	573	573
61.230389	572	572
61.281670	571	571
61.332951	569	569
61.384232	567	567
61.435513	565	565
61.486794	562	562
61.538074	559	559
61.589355	556	556
61.640636	553	553
61.691917	550	550
61.743198	546	546
61.794479	543	543
61.845760	539	539
61.897041	535	535
61.948322	531	531
61.999603	527	527
62.050884	523	523
62.102165	519	519
62.153446	515	515
62.204727	511	511
62.256008	507	507
62.307289	504	504
62.358570	500	500
62.409851	497	497
62.461132	493	493
62.512413	490	490
62.563694	487	487
62.614975	485	485
62.666256	483	483
62.717537	480	480
62.768818	479	479
62.820099	477	477
62.871380	476	476
62.922661	475	475
62.973942	475	475
63.025223	475	475
63.076504	475	475
63.127785	475	475
63.179066	476	476
63.230347	477	477
63.281628	478	478
63.332909	480	480
63.384190	482	482
63.435471	484	484
63.486752	487	487
63.538033	489	489
63.589314	492	492
63.640594	496	496
63.691875	499	499
63.743156	503	503
63.794437	506	506
63.845718	510	510
63.896999	514	514
63.948280	518	518
63.999561	522	522
64.050842	526	526
64.102127	530	530
64.153412	534	534
64.204697	538	538
64.255981	542	542
64.307266	545	545
64.358551	549	549
64.409836	552	552
64.461121	556	556
64.512405	559	559
64.563690	562	562
64.614975	564	564
64.666260	566	566
64.717545	568	568
64.768829	570	570
64.820114	572	572
64.871399	573	573
64.922684	574	574
64.973969	574	574
65.025253	574	574
65.076538	574	574
65.127823	574	574
65.179108	573	573
65.230392	572	572
65.281677	571	571
65.332962	569	569
65.384247	567	567
65.435532	565	565
65.486816	562	562
65.538101	560	560
65.589386	557	557
65.640671	553	553
65.691956	550	550
65.743240	547	547
65.794525	543	543
65.845810	539	539
65.897095	535	535
65.948380	531	531
65.999664	527	527
66.050949	523	523
66.102234	519	519
66.153519	515	515
66.204803	511	511
66.256088	507	507
66.307373	504	504
66.358658	500	500
66.409943	497	497
66.461227	493	493
66.512512	490	490
66.563797	488	488
66.615082	485	485
66.666367	483	483
66.717651	481	481
66.768936	479	479
66.820221	477	477
66.871506	476	476
66.922791	475	475
66.974075	475	475
67.025360	475	475
67.076645	475	475
67.127930	475	475
67.179214	476	476
67.230499	477	477
67.281784	478	478
67.333069	480	480
67.384354	482	482
67.435638	484	484
67.486923	487	487
67.538208	489	489
67.589493	492	492
67.640778	496	496
67.692062	499	499
67.743347	502	502
67.794632	506	506
67.845917	510	510
67.897202	514	514
67.948486	518	518
67.999771	522	522
68.051056	526	526
68.102341	530	530
68.153625	534	534
68.204910	538	538
68.256195	542	542
68.307480	545	545
68.358765	549	549
68.410049	552	552
68.461334	556	556
68.512619	559	559
68.563904	561	561
68.615189	564	564
68.666473	566	566
68.717758	568	568
68.769043	570	570
68.820328	572	572
68.871613	573	573
68.922897	574	574
68.974182	574	574
69.025467	574	574
69.076752	574	574
69.128036	574	574
69.179321	573	573
69.230606	572	572
69.281891	571	571
69.333176	569	569
69.384460	567	567
69.435745	565	565
69.487030	562	562
69.538315	560	560
69.589600	557	557
69.640884	554	554
69.692169	550	550
69.743454	547	547
69.794739	543	543
69.846024	539	539
69.897308	535	535
69.948593	531	531
69.999878	527	527
70.051163	523	523
70.102448	519	519
70.153732	515	515
70.205017	511	511
70.256302	508	508
70.307587	504	504
70.358871	500	500
70.410156	497	497
70.461441	494	494
70.512726	490	490
70.564011	488	488
70.615295	485	485
70.666580	483	483
70.717865	481	481
70.769150	479	479
70.820435	477	477
70.871719	476	476
70.923004	475	475
70.974289	475	475
71.025574	475	475
71.076859	475	475
71.128143	475	475
71.179428	476	476
71.230713	477	477
71.281998	478	478
71.333282	480	480
71.384567	482	482
71.435852	484	484
71.487137	487	487
71.538422	489	489
71.589706	492	492
71.640991	495	495
71.692276	499	499
71.743561	502	502
71.794846	506	506
71.846130	510	510
71.897415	514	514
71.948700	518	518
71.999985	522	522
72.051270	526	526
72.102554	530	530
72.153839	534	534
72.205124	538	538
72.256409	541	541
72.307693	545	545
72.358978	549	549
72.410263	552	552
72.461548	555	555
72.512833	559	559
72.564117	561	561
72.615402	564	564
72.666687	566	566
72.717972	568	568
72.769257	570	570
72.820541	572	572
72.871826	573	573
72.923111	574	574
72.974396	574	574
73.025681	574	574
73.076965	574	574
73.128250	574	574
73.179535	573	573
73.230820	572	572
73.282104	571	571
73.333389	569	569
73.384674	567	567
73.435959	565	565
73.487244	563	563
73.538528	560	560
73.589813	557	557
73.641098	554	554
73.692383	550	550
73.743668	547	547
73.794952	543	543
73.846237	539	539
73.897522	535	535
73.948807	531	531
74.000092	527	527
74.051376	523	523
74.102661	519	519
74.153946	515	515
74.205231	511	511
74.256516	508	508
74.307800	504	504
74.359085	500	500
74.410370	497	497
74.461655	494	494
74.512939	491	491
74.564224	488	488
74.615509	485	485
74.666794	483	483
74.718079	481	481
74.769363	479	479
74.820648	477	477
74.871933	476	476
74.923218	475	475
74.974503	475	475
75.025787	475	475
75.077072	475	475
75.128357	475	475
75.179642	476	476
75.230927	477	477
75.282211	478	478
75.333496	480	480
75.384781	482	482
75.436066	484	484
75.487350	486	486
75.538635	489	489
75.589920	492	492
75.641205	495	495
75.692490	499	499
75.743774	502	502
75.795059	506	506
75.846344	510	510
75.897629	514	514
75.948914	517	517
76.000198	521	521
76.051483	526	526
76.102768	530	530
76.154053	534	534
76.205338	537	537
76.256622	541	541
76.307907	545	545
76.359192	549	549
76.410477	552	552
76.461761	555	555
76.513046	558	558
76.564331	561	561
76.615616	564	564
76.666901	566	566
76.718185	568	568
76.769470	570	570
76.820755	572	572
76.872040	573	573
76.923325	574	574
76.974609	574	574
77.025894	574	574
77.077179	574	574
77.128464	574	574
77.179749	573	573
77.231033	572	572
77.282318	571	571
77.333603	569	569
77.384888	567	567
77.436172	565	565
77.487457	563	563
77.538742	560	560
77.590027	557	557
77.641312	554	554
77.692596	550	550
77.743881	547	547
77.795166	543	543
77.846451	539	539
77.897736	536	536
77.949020	532	532
78.000305	528	528
78.051590	524	524
78.102875	520	520
78.154160	516	516
78.205444	512	512
78.256729	508	508
78.308014	504	504
78.359299	500	500
78.410583	497	497
78.461868	494	494
78.513153	491	491
78.564438	488	488
78.615723	485	485
78.667007	483	483
78.718292	481	481
78.769577	479	479
78.820862	477	477
78.872147	476	476
78.923431	475	475
78.974716	475	475
79.026001	475	475
79.077286	475	475
79.128571	475	475
79.179855	476	476
79.231140	477	477
79.282425	478	478
79.333710	480	480
79.384995	482	482
79.436279	484	484
79.487564	486	486
79.538849	489	489
79.590134	492	492
79.641418	495	495
79.692703	499	499
79.743988	502	502
79.795273	506	506
79.846558	510	510
79.897842	513	513
79.949127	517	517
80.000412	521	521
80.051697	525	525
80.102982	529	529
80.154266	533	533
80.205551	537	537
80.256836	541	541
80.308121	545	545
80.359406	548	548
80.410690	552	552
80.461975	555	555
80.513260	558	558
80.564545	561	561
80.615829	564	564
80.667114	566	566
80.718399	568	568
80.769684	570	570
80.820969	572	572
80.872253	573	573
80.923538	574	574
80.974823	574	574
81.026108	574	574
81.077393	574	574
81.128677	574	574
81.179962	573	573
81.231247	572	572
81.282532	571	571
81.333817	569	569
81.385101	567	567
81.436386	565	565
81.487671	563	563
81.538956	560	560
81.590240	557	557
81.641525	554	554
81.692810	551	551
81.744095	547	547
81.795380	543	543
81.846664	540	540
81.897949	536	536
81.949234	532	532
82.000519	528	528
82.051804	524	524
82.103088	520	520
82.154373	516	516
82.205658	512	512
82.256943	508	508
82.308228	504	504
82.359512	501	501
82.410797	497	497
82.462082	494	494
82.513367	491	491
82.564651	488	488
82.615936	485	485
82.667221	483	483
82.718506	481	481
82.769791	479	479
82.821075	477	477
82.872360	476	476
82.923645	475	475
82.974930	475	475
83.026215	475	475
83.077499	475	475
83.128784	475	475
83.180069	476	476
83.231354	477	477
83.282639	478	478
83.333923	480	480
83.385208	482	482
83.436493	484	484
83.487778	486	486
83.539062	489	489
83.590347	492	492
83.641632	495	495
83.692917	498	498
83.744202	502	502
83.795486	506	506
83.846771	509	509
83.898056	513	513
83.949341	517	517
84.000626	521	521
84.051910	525	525
84.103195	529	529
84.154480	533	533
84.205765	537	537
84.257050	541	541
84.308334	545	545
84.359619	548	548
84.410904	552	552
84.462189	555	555
84.513474	558	558
84.564758	561	561
84.616043	564	564
84.667328	566	566
84.718613	568	568
84.769897	570	570
84.821182	571	571
84.872467	573	573
84.923752	574	574
84.975037	574	574
85.026321	574	574
85.077606	574	574
85.128891	574	574
85.180176	573	573
85.231461	572	572
85.282745	571	571
85.334030	569	569
85.385315	567	567
85.436600	565	565
85.487885	563	563
85.539169	560	560
85.590454	557	557
85.641739	554	554
85.693024	551	551
85.744308	547	547
85.795593	543	543
85.846878	540	540
85.898163	536	536
85.949448	532	532
86.000732	528	528
86.052017	524	524
86.103302	520	520
86.154587	516	516
86.205872	512	512
86.257156	508	508
86.308441	504	504
86.359726	501	501
86.411011	497	497
86.462296	494	494
86.513580	491	491
86.564865	488	488
86.616150	485	485
86.667435	483	483
86.718719	481	481
86.770004	479	479
86.821289	478	478
86.872574	476	476
86.923859	475	475
86.975143	475	475
87.026428	475	475
87.077713	475	475
87.128998	475	475
87.180283	476	476
87.231567	477	477
87.282852	478	478
87.334137	480	480
87.385422	482	482
87.436707	484	484
87.487991	486	486
87.539276	489	489
87.590561	492	492
87.641846	495	495
87.693130	498	498
87.744415	502	502
87.795700	505	505
87.846985	509	509
87.898270	513	513
87.949554	517	517
88.000839	521	521
88.052124	525	525
88.103409	529	529
88.154694	533	533
88.205978	537	537
88.257263	541	541
88.308548	545	545
88.359833	548	548
88.411118	552	552
88.462402	555	555
88.513687	558	558
88.564972	561	561
88.616257	564	564
88.667542	566	566
88.718826	568	568
88.770111	570	570
88.821396	571	571
88.872681	573	573
88.923965	574	574
88.975250	574	574
89.026535	574	574
89.077820	574	574
89.129105	574	574
89.180389	573	573
89.231674	572	572
89.282959	571	571
89.334244	569	569
89.385529	568	568
89.436813	565	565
89.488098	563	563
89.539383	560	560
89.590668	557	557
89.641953	554	554
89.693237	551	551
89.744522	547	547
89.795807	544	544
89.847092	540	540
89.898376	536	536
89.949661	532	532
90.000946	528	528
90.052231	524	524
90.103516	520	520
90.154800	516	516
90.206085	512	512
90.257370	508	508
90.308655	504	504
90.359940	501	501
90.411224	497	497
90.462509	494	494
90.513794	491	491
90.565079	488	488
90.616364	485	485
90.667648	483	483
90.718933	481	481
90.770218	479	479
90.821503	478	478
90.872787	476	476
90.924072	475	475
90.975357	475	475
91.026642	475	475
91.077927	475	475
91.129211	475	475
91.180496	476	476
91.231781	477	477
91.283066	478	478
91.334351	480	480
91.385635	481	481
91.436920	484	484
91.488205	486	486
91.539490	489	489
91.590775	492	492
91.642059	495	495
91.693344	498	498
91.744629	502	502
91.795914	505	505
91.847198	509	509
91.898483	513	513
91.949768	517	517
92.001053	521	521
92.052338	525	525
92.103622	529	529
92.154907	533	533
92.206192	537	537
92.257477	541	541
92.308762	544	544
92.360046	548	548
92.411331	552	552
92.462616	555	555
92.513901	558	558
92.565186	561	561
92.616470	563	563
92.667755	566	566
92.719040	568	568
92.770325	570	570
92.821609	571	571
92.872894	573	573
92.924179	574	574
92.975464	574	574
93.026749	574	574
93.078033	574	574
93.129318	574	574
93.180603	573	573
93.231888	572	572
93.283173	571	571
93.334457	569	569
93.385742	568	568
93.437027	565	565
93.488312	563	563
93.539597	560	560
93.590881	557	557
93.642166	554	554
93.693451	551	551
93.744736	547	547
93.796021	544	544
93.847305	540	540
93.898590	536	536
93.949875	532	532
94.001160	528	528
94.052444	524	524
94.103729	520	520
94.155014	516	516
94.206299	512	512
94.257584	508	508
94.308868	505	505
94.360153	501	501
94.411438	497	497
94.462723	494	494
94.514008	491	491
94.565292	488	488
94.616577	486	486
94.667862	483	483
94.719147	481	481
94.770432	479	479
94.821716	478	478
94.873001	476	476
94.924286	475	475
94.975571	475	475
95.026855	475	475
95.078140	475	475
95.129425	475	475
95.180710	476	476
95.231995	477	477
95.283279	478	478
95.334564	479	479
95.385849	481	481
95.437134	484	484
95.488419	486	486
95.539703	489	489
95.590988	492	492
95.642273	495	495
95.693558	498	498
95.744843	502	502
95.796127	505	505
95.847412	509	509
95.898697	513	513
95.949982	517	517
96.001266	521	521
96.052551	525	525
96.103836	529	529
96.155121	533	533
96.206406	537	537
96.257690	541	541
96.308975	544	544
96.360260	548	548
96.411545	551	551
96.462830	555	555
96.514114	558	558
96.565399	561	561
96.616684	563	563
96.667969	566	566
96.719254	568	568
96.770538	570	570
96.821823	571	571
96.873108	573	573
96.924393	574	574
96.975677	574	574
97.026962	574	574
97.078247	574	574
97.129532	574	574
97.180817	573	573
97.232101	572	572
97.283386	571	571
97.334671	570	570
97.385956	568	568
97.437241	566	566
97.488525	563	563
97.539810	560	560
97.591095	557	557
97.642380	554	554
97.693665	551	551
97.744949	548	548
97.796234	544	544
97.847519	540	540
97.898804	536	536
97.950089	532	532
98.001373	528	528
98.052658	524	524
98.103943	520	520
98.155228	516	516
98.206512	512	512
98.257797	508	508
98.309082	505	505
98.360367	501	501
98.411652	498	498
98.462936	494	494
98.514221	491	491
98.565506	488	488
98.616791	486	486
98.668076	483	483
98.719360	481	481
98.770645	479	479
98.821930	478	478
98.873215	476	476
98.924500	475	475
98.975784	475	475
99.027069	475	475
99.078354	475	475
99.129639	475	475
99.180923	476	476
99.232208	477	477
99.283493	478	478
99.334778	479	479
99.386063	481	481
99.437347	483	483
99.488632	486	486
99.539917	489	489
99.591202	491	491
99.642487	495	495
99.693771	498	498
99.745056	501	501
99.796341	505	505
99.847626	509	509
99.898911	513	513
99.950195	517	517
